<?xml version="1.0" encoding="UTF-8"?>
<coverage generated="1698794043315" clover="3.2.0">
  <project timestamp="1698794043315" name="All files">
    <metrics statements="1150" coveredstatements="870" conditionals="549" coveredconditionals="304" methods="530" coveredmethods="250" elements="2229" coveredelements="1424" complexity="0" loc="1150" ncloc="1150" packages="11" files="51" classes="51"/>
    <package name="src">
      <metrics statements="37" coveredstatements="8" conditionals="21" coveredconditionals="2" methods="17" coveredmethods="4"/>
      <file name="Symbols.js" path="C:\Users\m.kikuzawa\Documents\git\quel\src\Symbols.js">
        <metrics statements="1" coveredstatements="1" conditionals="0" coveredconditionals="0" methods="0" coveredmethods="0"/>
        <line num="7" count="1" type="stmt"/>
      </file>
      <file name="main.js" path="C:\Users\m.kikuzawa\Documents\git\quel\src\main.js">
        <metrics statements="25" coveredstatements="2" conditionals="7" coveredconditionals="0" methods="10" coveredmethods="1"/>
        <line num="15" count="1" type="stmt"/>
        <line num="25" count="0" type="stmt"/>
        <line num="26" count="0" type="stmt"/>
        <line num="27" count="0" type="stmt"/>
        <line num="29" count="0" type="stmt"/>
        <line num="37" count="0" type="stmt"/>
        <line num="38" count="0" type="stmt"/>
        <line num="39" count="0" type="cond" truecount="0" falsecount="2"/>
        <line num="40" count="0" type="stmt"/>
        <line num="41" count="0" type="cond" truecount="0" falsecount="2"/>
        <line num="42" count="0" type="stmt"/>
        <line num="44" count="0" type="stmt"/>
        <line num="46" count="0" type="cond" truecount="0" falsecount="2"/>
        <line num="47" count="0" type="stmt"/>
        <line num="56" count="0" type="stmt"/>
        <line num="57" count="0" type="stmt"/>
        <line num="59" count="0" type="stmt"/>
        <line num="67" count="0" type="stmt"/>
        <line num="68" count="0" type="stmt"/>
        <line num="69" count="0" type="stmt"/>
        <line num="71" count="0" type="stmt"/>
        <line num="79" count="0" type="stmt"/>
        <line num="91" count="0" type="stmt"/>
        <line num="92" count="0" type="stmt"/>
        <line num="99" count="54" type="stmt"/>
      </file>
      <file name="myname.js" path="C:\Users\m.kikuzawa\Documents\git\quel\src\myname.js">
        <metrics statements="1" coveredstatements="1" conditionals="0" coveredconditionals="0" methods="0" coveredmethods="0"/>
        <line num="1" count="1" type="stmt"/>
      </file>
      <file name="types.js" path="C:\Users\m.kikuzawa\Documents\git\quel\src\types.js">
        <metrics statements="0" coveredstatements="0" conditionals="0" coveredconditionals="0" methods="0" coveredmethods="0"/>
      </file>
      <file name="utils.js" path="C:\Users\m.kikuzawa\Documents\git\quel\src\utils.js">
        <metrics statements="10" coveredstatements="4" conditionals="14" coveredconditionals="2" methods="7" coveredmethods="3"/>
        <line num="7" count="1" type="stmt"/>
        <line num="15" count="1" type="stmt"/>
        <line num="16" count="0" type="stmt"/>
        <line num="17" count="0" type="stmt"/>
        <line num="18" count="0" type="cond" truecount="0" falsecount="2"/>
        <line num="27" count="0" type="cond" truecount="0" falsecount="4"/>
        <line num="36" count="3" type="cond" truecount="1" falsecount="3"/>
        <line num="42" count="9" type="cond" truecount="1" falsecount="1"/>
        <line num="44" count="0" type="cond" truecount="0" falsecount="2"/>
        <line num="45" count="0" type="stmt"/>
      </file>
    </package>
    <package name="src.binder">
      <metrics statements="111" coveredstatements="91" conditionals="65" coveredconditionals="34" methods="35" coveredmethods="27"/>
      <file name="BindToDom.js" path="C:\Users\m.kikuzawa\Documents\git\quel\src\binder\BindToDom.js">
        <metrics statements="3" coveredstatements="3" conditionals="0" coveredconditionals="0" methods="2" coveredmethods="2"/>
        <line num="16" count="1" type="stmt"/>
        <line num="17" count="39" type="stmt"/>
        <line num="18" count="39" type="stmt"/>
      </file>
      <file name="BindToHTMLElement.js" path="C:\Users\m.kikuzawa\Documents\git\quel\src\binder\BindToHTMLElement.js">
        <metrics statements="32" coveredstatements="27" conditionals="32" coveredconditionals="13" methods="6" coveredmethods="4"/>
        <line num="7" count="1" type="stmt"/>
        <line num="8" count="1" type="stmt"/>
        <line num="9" count="1" type="stmt"/>
        <line num="10" count="1" type="stmt"/>
        <line num="17" count="26" type="cond" truecount="1" falsecount="1"/>
        <line num="24" count="1" type="stmt"/>
        <line num="25" count="26" type="cond" truecount="4" falsecount="1"/>
        <line num="36" count="1" type="cond" truecount="0" falsecount="4"/>
        <line num="50" count="26" type="stmt"/>
        <line num="52" count="26" type="stmt"/>
        <line num="54" count="26" type="stmt"/>
        <line num="56" count="26" type="stmt"/>
        <line num="60" count="26" type="stmt"/>
        <line num="64" count="26" type="stmt"/>
        <line num="67" count="26" type="stmt"/>
        <line num="70" count="26" type="stmt"/>
        <line num="73" count="26" type="stmt"/>
        <line num="75" count="26" type="stmt"/>
        <line num="76" count="26" type="stmt"/>
        <line num="77" count="26" type="cond" truecount="1" falsecount="1"/>
        <line num="78" count="26" type="cond" truecount="1" falsecount="1"/>
        <line num="79" count="26" type="cond" truecount="1" falsecount="1"/>
        <line num="83" count="26" type="stmt"/>
        <line num="84" count="0" type="stmt"/>
        <line num="85" count="0" type="stmt"/>
        <line num="87" count="26" type="cond" truecount="1" falsecount="1"/>
        <line num="88" count="0" type="stmt"/>
        <line num="89" count="26" type="cond" truecount="1" falsecount="1"/>
        <line num="90" count="0" type="stmt"/>
        <line num="91" count="26" type="cond" truecount="2" falsecount="3"/>
        <line num="96" count="0" type="stmt"/>
        <line num="98" count="26" type="stmt"/>
      </file>
      <file name="BindToSVGElement.js" path="C:\Users\m.kikuzawa\Documents\git\quel\src\binder\BindToSVGElement.js">
        <metrics statements="8" coveredstatements="2" conditionals="2" coveredconditionals="0" methods="2" coveredmethods="0"/>
        <line num="5" count="1" type="stmt"/>
        <line num="12" count="1" type="cond" truecount="0" falsecount="2"/>
        <line num="24" count="0" type="stmt"/>
        <line num="26" count="0" type="stmt"/>
        <line num="28" count="0" type="stmt"/>
        <line num="30" count="0" type="stmt"/>
        <line num="34" count="0" type="stmt"/>
        <line num="36" count="0" type="stmt"/>
      </file>
      <file name="BindToTemplate.js" path="C:\Users\m.kikuzawa\Documents\git\quel\src\binder\BindToTemplate.js">
        <metrics statements="9" coveredstatements="9" conditionals="2" coveredconditionals="1" methods="2" coveredmethods="2"/>
        <line num="6" count="1" type="stmt"/>
        <line num="12" count="13" type="cond" truecount="1" falsecount="1"/>
        <line num="24" count="13" type="stmt"/>
        <line num="26" count="13" type="stmt"/>
        <line num="28" count="13" type="stmt"/>
        <line num="30" count="13" type="stmt"/>
        <line num="32" count="13" type="stmt"/>
        <line num="36" count="13" type="stmt"/>
        <line num="38" count="13" type="stmt"/>
      </file>
      <file name="BindToText.js" path="C:\Users\m.kikuzawa\Documents\git\quel\src\binder\BindToText.js">
        <metrics statements="9" coveredstatements="2" conditionals="2" coveredconditionals="0" methods="2" coveredmethods="0"/>
        <line num="5" count="1" type="stmt"/>
        <line num="12" count="1" type="cond" truecount="0" falsecount="2"/>
        <line num="25" count="0" type="stmt"/>
        <line num="27" count="0" type="stmt"/>
        <line num="29" count="0" type="stmt"/>
        <line num="31" count="0" type="stmt"/>
        <line num="32" count="0" type="stmt"/>
        <line num="36" count="0" type="stmt"/>
        <line num="38" count="0" type="stmt"/>
      </file>
      <file name="Binder.js" path="C:\Users\m.kikuzawa\Documents\git\quel\src\binder\Binder.js">
        <metrics statements="2" coveredstatements="2" conditionals="12" coveredconditionals="8" methods="2" coveredmethods="2"/>
        <line num="17" count="38" type="stmt"/>
        <line num="18" count="39" type="cond" truecount="3" falsecount="1"/>
      </file>
      <file name="Parser.js" path="C:\Users\m.kikuzawa\Documents\git\quel\src\binder\Parser.js">
        <metrics statements="28" coveredstatements="26" conditionals="8" coveredconditionals="5" methods="10" coveredmethods="8"/>
        <line num="4" count="1" type="stmt"/>
        <line num="5" count="1" type="stmt"/>
        <line num="21" count="36" type="stmt"/>
        <line num="28" count="9" type="stmt"/>
        <line num="36" count="1" type="stmt"/>
        <line num="37" count="0" type="stmt"/>
        <line num="38" count="0" type="stmt"/>
        <line num="47" count="1" type="stmt"/>
        <line num="48" count="9" type="stmt"/>
        <line num="49" count="9" type="stmt"/>
        <line num="59" count="1" type="stmt"/>
        <line num="60" count="9" type="stmt"/>
        <line num="61" count="9" type="stmt"/>
        <line num="62" count="9" type="stmt"/>
        <line num="71" count="1" type="stmt"/>
        <line num="72" count="9" type="stmt"/>
        <line num="73" count="9" type="stmt"/>
        <line num="74" count="9" type="cond" truecount="1" falsecount="1"/>
        <line num="75" count="9" type="cond" truecount="1" falsecount="1"/>
        <line num="76" count="9" type="cond" truecount="1" falsecount="1"/>
        <line num="77" count="9" type="stmt"/>
        <line num="86" count="1" type="stmt"/>
        <line num="96" count="39" type="stmt"/>
        <line num="98" count="39" type="stmt"/>
        <line num="100" count="39" type="cond" truecount="2" falsecount="0"/>
        <line num="101" count="9" type="stmt"/>
        <line num="102" count="9" type="stmt"/>
        <line num="104" count="39" type="stmt"/>
      </file>
      <file name="Selector.js" path="C:\Users\m.kikuzawa\Documents\git\quel\src\binder\Selector.js">
        <metrics statements="20" coveredstatements="20" conditionals="7" coveredconditionals="7" methods="9" coveredmethods="9"/>
        <line num="1" count="1" type="stmt"/>
        <line num="11" count="1" type="stmt"/>
        <line num="13" count="19" type="stmt"/>
        <line num="14" count="19" type="stmt"/>
        <line num="15" count="19" type="stmt"/>
        <line num="16" count="19" type="stmt"/>
        <line num="18" count="19" type="stmt"/>
        <line num="27" count="1" type="stmt"/>
        <line num="28" count="20" type="stmt"/>
        <line num="29" count="20" type="stmt"/>
        <line num="31" count="20" type="stmt"/>
        <line num="39" count="62" type="cond" truecount="3" falsecount="0"/>
        <line num="46" count="80" type="cond" truecount="2" falsecount="0"/>
        <line num="50" count="1" type="stmt"/>
        <line num="63" count="38" type="cond" truecount="2" falsecount="0"/>
        <line num="67" count="20" type="stmt"/>
        <line num="68" count="20" type="stmt"/>
        <line num="71" count="18" type="stmt"/>
        <line num="74" count="19" type="stmt"/>
        <line num="76" count="38" type="stmt"/>
      </file>
    </package>
    <package name="src.binding">
      <metrics statements="161" coveredstatements="127" conditionals="70" coveredconditionals="44" methods="60" coveredmethods="40"/>
      <file name="Binding.js" path="C:\Users\m.kikuzawa\Documents\git\quel\src\binding\Binding.js">
        <metrics statements="97" coveredstatements="78" conditionals="38" coveredconditionals="26" methods="39" coveredmethods="23"/>
        <line num="12" count="1" type="stmt"/>
        <line num="17" count="0" type="stmt"/>
        <line num="23" count="333" type="stmt"/>
        <line num="29" count="161" type="stmt"/>
        <line num="35" count="82" type="stmt"/>
        <line num="41" count="84" type="stmt"/>
        <line num="47" count="47" type="stmt"/>
        <line num="51" count="39" type="stmt"/>
        <line num="55" count="83" type="stmt"/>
        <line num="75" count="39" type="stmt"/>
        <line num="76" count="39" type="stmt"/>
        <line num="77" count="39" type="stmt"/>
        <line num="78" count="39" type="stmt"/>
        <line num="79" count="39" type="cond" truecount="2" falsecount="0"/>
        <line num="80" count="2" type="stmt"/>
        <line num="82" count="39" type="stmt"/>
        <line num="83" count="39" type="stmt"/>
        <line num="90" count="39" type="stmt"/>
        <line num="91" count="39" type="cond" truecount="2" falsecount="0"/>
        <line num="92" count="13" type="stmt"/>
        <line num="93" count="13" type="cond" truecount="2" falsecount="2"/>
        <line num="94" count="13" type="stmt"/>
        <line num="95" count="13" type="cond" truecount="1" falsecount="1"/>
        <line num="104" count="0" type="stmt"/>
        <line num="105" count="0" type="cond" truecount="0" falsecount="2"/>
        <line num="106" count="0" type="stmt"/>
        <line num="107" count="0" type="stmt"/>
        <line num="115" count="16" type="stmt"/>
        <line num="116" count="16" type="stmt"/>
        <line num="117" count="16" type="stmt"/>
        <line num="122" count="16" type="stmt"/>
        <line num="127" count="26" type="stmt"/>
        <line num="135" count="0" type="stmt"/>
        <line num="136" count="0" type="stmt"/>
        <line num="137" count="0" type="stmt"/>
        <line num="138" count="0" type="stmt"/>
        <line num="143" count="0" type="stmt"/>
        <line num="150" count="39" type="stmt"/>
        <line num="151" count="39" type="stmt"/>
        <line num="152" count="39" type="stmt"/>
        <line num="159" count="27" type="cond" truecount="1" falsecount="1"/>
        <line num="160" count="27" type="stmt"/>
        <line num="161" count="27" type="stmt"/>
        <line num="162" count="27" type="stmt"/>
        <line num="163" count="27" type="cond" truecount="2" falsecount="0"/>
        <line num="164" count="27" type="cond" truecount="1" falsecount="1"/>
        <line num="172" count="28" type="stmt"/>
        <line num="173" count="28" type="cond" truecount="1" falsecount="1"/>
        <line num="174" count="0" type="stmt"/>
        <line num="181" count="38" type="stmt"/>
        <line num="184" count="38" type="stmt"/>
        <line num="187" count="14" type="stmt"/>
        <line num="193" count="38" type="stmt"/>
        <line num="199" count="0" type="stmt"/>
        <line num="205" count="0" type="stmt"/>
        <line num="215" count="38" type="stmt"/>
        <line num="216" count="38" type="stmt"/>
        <line num="217" count="38" type="stmt"/>
        <line num="218" count="38" type="stmt"/>
        <line num="219" count="38" type="stmt"/>
        <line num="220" count="38" type="stmt"/>
        <line num="227" count="0" type="stmt"/>
        <line num="234" count="0" type="stmt"/>
        <line num="241" count="0" type="stmt"/>
        <line num="242" count="0" type="stmt"/>
        <line num="252" count="4" type="stmt"/>
        <line num="253" count="4" type="stmt"/>
        <line num="254" count="4" type="stmt"/>
        <line num="255" count="4" type="stmt"/>
        <line num="256" count="92" type="stmt"/>
        <line num="257" count="92" type="stmt"/>
        <line num="258" count="92" type="cond" truecount="2" falsecount="0"/>
        <line num="259" count="56" type="cond" truecount="2" falsecount="0"/>
        <line num="260" count="28" type="stmt"/>
        <line num="261" count="28" type="cond" truecount="2" falsecount="0"/>
        <line num="262" count="12" type="cond" truecount="1" falsecount="1"/>
        <line num="263" count="0" type="stmt"/>
        <line num="265" count="12" type="cond" truecount="1" falsecount="1"/>
        <line num="266" count="12" type="stmt"/>
        <line num="271" count="28" type="stmt"/>
        <line num="274" count="36" type="cond" truecount="2" falsecount="0"/>
        <line num="275" count="24" type="stmt"/>
        <line num="276" count="24" type="cond" truecount="1" falsecount="1"/>
        <line num="277" count="24" type="stmt"/>
        <line num="280" count="12" type="stmt"/>
        <line num="284" count="4" type="stmt"/>
        <line num="296" count="4" type="stmt"/>
        <line num="297" count="4" type="stmt"/>
        <line num="298" count="0" type="stmt"/>
        <line num="305" count="4" type="stmt"/>
        <line num="306" count="28" type="stmt"/>
        <line num="307" count="28" type="cond" truecount="1" falsecount="1"/>
        <line num="308" count="28" type="stmt"/>
        <line num="309" count="28" type="cond" truecount="2" falsecount="0"/>
        <line num="310" count="12" type="stmt"/>
        <line num="311" count="24" type="stmt"/>
        <line num="315" count="4" type="stmt"/>
      </file>
      <file name="Factory.js" path="C:\Users\m.kikuzawa\Documents\git\quel\src\binding\Factory.js">
        <metrics statements="24" coveredstatements="22" conditionals="14" coveredconditionals="10" methods="3" coveredmethods="3"/>
        <line num="23" count="39" type="cond" truecount="2" falsecount="0"/>
        <line num="24" count="1" type="stmt"/>
        <line num="36" count="39" type="stmt"/>
        <line num="40" count="26" type="cond" truecount="2" falsecount="0"/>
        <line num="41" count="1" type="stmt"/>
        <line num="48" count="26" type="stmt"/>
        <line num="65" count="39" type="stmt"/>
        <line num="66" count="39" type="stmt"/>
        <line num="68" count="39" type="stmt"/>
        <line num="69" count="39" type="stmt"/>
        <line num="70" count="39" type="stmt"/>
        <line num="71" count="39" type="cond" truecount="2" falsecount="0"/>
        <line num="72" count="26" type="cond" truecount="1" falsecount="1"/>
        <line num="73" count="26" type="stmt"/>
        <line num="74" count="26" type="stmt"/>
        <line num="75" count="26" type="cond" truecount="1" falsecount="1"/>
        <line num="76" count="26" type="cond" truecount="1" falsecount="1"/>
        <line num="77" count="26" type="cond" truecount="1" falsecount="1"/>
        <line num="78" count="26" type="stmt"/>
        <line num="80" count="0" type="stmt"/>
        <line num="83" count="0" type="stmt"/>
        <line num="87" count="39" type="stmt"/>
        <line num="92" count="39" type="stmt"/>
        <line num="94" count="39" type="stmt"/>
      </file>
      <file name="ViewModelProperty.js" path="C:\Users\m.kikuzawa\Documents\git\quel\src\binding\ViewModelProperty.js">
        <metrics statements="40" coveredstatements="27" conditionals="18" coveredconditionals="8" methods="18" coveredmethods="14"/>
        <line num="13" count="45" type="stmt"/>
        <line num="19" count="76" type="stmt"/>
        <line num="24" count="27" type="stmt"/>
        <line num="29" count="20" type="cond" truecount="2" falsecount="0"/>
        <line num="35" count="7" type="cond" truecount="1" falsecount="1"/>
        <line num="36" count="7" type="stmt"/>
        <line num="38" count="7" type="stmt"/>
        <line num="44" count="40" type="cond" truecount="2" falsecount="0"/>
        <line num="45" count="7" type="stmt"/>
        <line num="47" count="40" type="stmt"/>
        <line num="52" count="13" type="stmt"/>
        <line num="55" count="0" type="stmt"/>
        <line num="56" count="0" type="stmt"/>
        <line num="58" count="0" type="cond" truecount="0" falsecount="2"/>
        <line num="59" count="0" type="stmt"/>
        <line num="60" count="0" type="cond" truecount="0" falsecount="2"/>
        <line num="61" count="0" type="stmt"/>
        <line num="62" count="0" type="cond" truecount="0" falsecount="2"/>
        <line num="63" count="0" type="stmt"/>
        <line num="65" count="0" type="cond" truecount="0" falsecount="2"/>
        <line num="66" count="0" type="stmt"/>
        <line num="70" count="0" type="stmt"/>
        <line num="77" count="13" type="stmt"/>
        <line num="83" count="0" type="stmt"/>
        <line num="88" count="13" type="cond" truecount="1" falsecount="1"/>
        <line num="93" count="0" type="stmt"/>
        <line num="99" count="101" type="stmt"/>
        <line num="111" count="39" type="stmt"/>
        <line num="112" count="39" type="stmt"/>
        <line num="113" count="39" type="stmt"/>
        <line num="114" count="39" type="stmt"/>
        <line num="115" count="39" type="stmt"/>
        <line num="124" count="27" type="stmt"/>
        <line num="125" count="27" type="stmt"/>
        <line num="126" count="27" type="cond" truecount="2" falsecount="0"/>
        <line num="128" count="27" type="stmt"/>
        <line num="129" count="27" type="stmt"/>
        <line num="130" count="27" type="stmt"/>
        <line num="132" count="27" type="stmt"/>
        <line num="148" count="28" type="stmt"/>
      </file>
    </package>
    <package name="src.binding.nodePoperty">
      <metrics statements="119" coveredstatements="39" conditionals="60" coveredconditionals="8" methods="75" coveredmethods="22"/>
      <file name="Branch.js" path="C:\Users\m.kikuzawa\Documents\git\quel\src\binding\nodePoperty\Branch.js">
        <metrics statements="11" coveredstatements="0" conditionals="8" coveredconditionals="0" methods="5" coveredmethods="0"/>
        <line num="10" count="0" type="stmt"/>
        <line num="13" count="0" type="cond" truecount="0" falsecount="2"/>
        <line num="14" count="0" type="cond" truecount="0" falsecount="2"/>
        <line num="15" count="0" type="cond" truecount="0" falsecount="2"/>
        <line num="16" count="0" type="stmt"/>
        <line num="17" count="0" type="stmt"/>
        <line num="19" count="0" type="stmt"/>
        <line num="20" count="0" type="stmt"/>
        <line num="23" count="0" type="stmt"/>
        <line num="36" count="0" type="cond" truecount="0" falsecount="2"/>
        <line num="37" count="0" type="stmt"/>
      </file>
      <file name="Checkbox.js" path="C:\Users\m.kikuzawa\Documents\git\quel\src\binding\nodePoperty\Checkbox.js">
        <metrics statements="10" coveredstatements="0" conditionals="8" coveredconditionals="0" methods="6" coveredmethods="0"/>
        <line num="9" count="0" type="stmt"/>
        <line num="14" count="0" type="stmt"/>
        <line num="18" count="0" type="stmt"/>
        <line num="20" count="0" type="stmt"/>
        <line num="21" count="0" type="cond" truecount="0" falsecount="2"/>
        <line num="27" count="0" type="stmt"/>
        <line num="28" count="0" type="stmt"/>
        <line num="43" count="0" type="cond" truecount="0" falsecount="2"/>
        <line num="44" count="0" type="cond" truecount="0" falsecount="2"/>
        <line num="45" count="0" type="stmt"/>
      </file>
      <file name="ComponentProperty.js" path="C:\Users\m.kikuzawa\Documents\git\quel\src\binding\nodePoperty\ComponentProperty.js">
        <metrics statements="20" coveredstatements="0" conditionals="10" coveredconditionals="0" methods="11" coveredmethods="0"/>
        <line num="9" count="0" type="stmt"/>
        <line num="14" count="0" type="stmt"/>
        <line num="19" count="0" type="stmt"/>
        <line num="31" count="0" type="cond" truecount="0" falsecount="2"/>
        <line num="32" count="0" type="stmt"/>
        <line num="40" count="0" type="stmt"/>
        <line num="41" count="0" type="stmt"/>
        <line num="42" count="0" type="stmt"/>
        <line num="43" count="0" type="stmt"/>
        <line num="53" count="0" type="stmt"/>
        <line num="54" count="0" type="stmt"/>
        <line num="55" count="0" type="stmt"/>
        <line num="56" count="0" type="stmt"/>
        <line num="57" count="0" type="cond" truecount="0" falsecount="4"/>
        <line num="58" count="0" type="stmt"/>
        <line num="59" count="0" type="cond" truecount="0" falsecount="4"/>
        <line num="60" count="0" type="stmt"/>
        <line num="61" count="0" type="stmt"/>
        <line num="62" count="0" type="stmt"/>
        <line num="63" count="0" type="stmt"/>
      </file>
      <file name="ElementAttribute.js" path="C:\Users\m.kikuzawa\Documents\git\quel\src\binding\nodePoperty\ElementAttribute.js">
        <metrics statements="3" coveredstatements="0" conditionals="0" coveredconditionals="0" methods="3" coveredmethods="0"/>
        <line num="6" count="0" type="stmt"/>
        <line num="11" count="0" type="stmt"/>
        <line num="14" count="0" type="stmt"/>
      </file>
      <file name="ElementClass.js" path="C:\Users\m.kikuzawa\Documents\git\quel\src\binding\nodePoperty\ElementClass.js">
        <metrics statements="3" coveredstatements="0" conditionals="2" coveredconditionals="0" methods="3" coveredmethods="0"/>
        <line num="6" count="0" type="stmt"/>
        <line num="11" count="0" type="stmt"/>
        <line num="14" count="0" type="cond" truecount="0" falsecount="2"/>
      </file>
      <file name="ElementClassName.js" path="C:\Users\m.kikuzawa\Documents\git\quel\src\binding\nodePoperty\ElementClassName.js">
        <metrics statements="2" coveredstatements="0" conditionals="2" coveredconditionals="0" methods="2" coveredmethods="0"/>
        <line num="6" count="0" type="cond" truecount="0" falsecount="2"/>
        <line num="9" count="0" type="stmt"/>
      </file>
      <file name="ElementEvent.js" path="C:\Users\m.kikuzawa\Documents\git\quel\src\binding\nodePoperty\ElementEvent.js">
        <metrics statements="5" coveredstatements="5" conditionals="2" coveredconditionals="1" methods="4" coveredmethods="4"/>
        <line num="7" count="26" type="stmt"/>
        <line num="12" count="26" type="stmt"/>
        <line num="24" count="26" type="cond" truecount="1" falsecount="1"/>
        <line num="25" count="26" type="stmt"/>
        <line num="33" count="26" type="stmt"/>
      </file>
      <file name="ElementProperty.js" path="C:\Users\m.kikuzawa\Documents\git\quel\src\binding\nodePoperty\ElementProperty.js">
        <metrics statements="3" coveredstatements="3" conditionals="2" coveredconditionals="1" methods="2" coveredmethods="2"/>
        <line num="7" count="26" type="stmt"/>
        <line num="19" count="26" type="cond" truecount="1" falsecount="1"/>
        <line num="20" count="26" type="stmt"/>
      </file>
      <file name="ElementStyle.js" path="C:\Users\m.kikuzawa\Documents\git\quel\src\binding\nodePoperty\ElementStyle.js">
        <metrics statements="6" coveredstatements="0" conditionals="2" coveredconditionals="0" methods="5" coveredmethods="0"/>
        <line num="7" count="0" type="stmt"/>
        <line num="12" count="0" type="stmt"/>
        <line num="17" count="0" type="stmt"/>
        <line num="20" count="0" type="stmt"/>
        <line num="32" count="0" type="cond" truecount="0" falsecount="2"/>
        <line num="33" count="0" type="stmt"/>
      </file>
      <file name="MultiValue.js" path="C:\Users\m.kikuzawa\Documents\git\quel\src\binding\nodePoperty\MultiValue.js">
        <metrics statements="4" coveredstatements="0" conditionals="0" coveredconditionals="0" methods="3" coveredmethods="0"/>
        <line num="5" count="0" type="stmt"/>
        <line num="11" count="0" type="stmt"/>
        <line num="20" count="0" type="stmt"/>
        <line num="21" count="0" type="stmt"/>
      </file>
      <file name="NodeProperty.js" path="C:\Users\m.kikuzawa\Documents\git\quel\src\binding\nodePoperty\NodeProperty.js">
        <metrics statements="19" coveredstatements="13" conditionals="4" coveredconditionals="1" methods="14" coveredmethods="8"/>
        <line num="9" count="106" type="stmt"/>
        <line num="15" count="91" type="stmt"/>
        <line num="19" count="39" type="stmt"/>
        <line num="21" count="0" type="stmt"/>
        <line num="26" count="0" type="stmt"/>
        <line num="29" count="0" type="stmt"/>
        <line num="35" count="0" type="stmt"/>
        <line num="41" count="0" type="stmt"/>
        <line num="46" count="0" type="cond" truecount="0" falsecount="2"/>
        <line num="51" count="13" type="stmt"/>
        <line num="57" count="159" type="stmt"/>
        <line num="62" count="32" type="stmt"/>
        <line num="74" count="39" type="cond" truecount="1" falsecount="1"/>
        <line num="75" count="39" type="stmt"/>
        <line num="76" count="39" type="stmt"/>
        <line num="77" count="39" type="stmt"/>
        <line num="78" count="39" type="stmt"/>
        <line num="79" count="39" type="stmt"/>
        <line num="80" count="39" type="stmt"/>
      </file>
      <file name="Radio.js" path="C:\Users\m.kikuzawa\Documents\git\quel\src\binding\nodePoperty\Radio.js">
        <metrics statements="10" coveredstatements="0" conditionals="8" coveredconditionals="0" methods="5" coveredmethods="0"/>
        <line num="9" count="0" type="stmt"/>
        <line num="14" count="0" type="stmt"/>
        <line num="18" count="0" type="stmt"/>
        <line num="20" count="0" type="stmt"/>
        <line num="21" count="0" type="cond" truecount="0" falsecount="2"/>
        <line num="27" count="0" type="stmt"/>
        <line num="28" count="0" type="stmt"/>
        <line num="43" count="0" type="cond" truecount="0" falsecount="2"/>
        <line num="44" count="0" type="cond" truecount="0" falsecount="2"/>
        <line num="45" count="0" type="stmt"/>
      </file>
      <file name="Repeat.js" path="C:\Users\m.kikuzawa\Documents\git\quel\src\binding\nodePoperty\Repeat.js">
        <metrics statements="15" coveredstatements="10" conditionals="8" coveredconditionals="3" methods="7" coveredmethods="3"/>
        <line num="8" count="39" type="stmt"/>
        <line num="11" count="13" type="cond" truecount="1" falsecount="1"/>
        <line num="12" count="13" type="cond" truecount="1" falsecount="1"/>
        <line num="13" count="13" type="stmt"/>
        <line num="14" count="13" type="stmt"/>
        <line num="15" count="27" type="stmt"/>
        <line num="16" count="27" type="stmt"/>
        <line num="17" count="27" type="stmt"/>
        <line num="19" count="0" type="cond" truecount="0" falsecount="2"/>
        <line num="20" count="0" type="stmt"/>
        <line num="21" count="0" type="stmt"/>
        <line num="22" count="0" type="stmt"/>
        <line num="24" count="0" type="stmt"/>
        <line num="37" count="13" type="cond" truecount="1" falsecount="1"/>
        <line num="38" count="13" type="stmt"/>
      </file>
      <file name="TemplateProperty.js" path="C:\Users\m.kikuzawa\Documents\git\quel\src\binding\nodePoperty\TemplateProperty.js">
        <metrics statements="8" coveredstatements="8" conditionals="4" coveredconditionals="2" methods="5" coveredmethods="5"/>
        <line num="8" count="27" type="stmt"/>
        <line num="13" count="27" type="stmt"/>
        <line num="22" count="40" type="stmt"/>
        <line num="27" count="51" type="stmt"/>
        <line num="39" count="13" type="cond" truecount="1" falsecount="1"/>
        <line num="40" count="13" type="stmt"/>
        <line num="41" count="13" type="cond" truecount="1" falsecount="1"/>
        <line num="42" count="13" type="stmt"/>
      </file>
    </package>
    <package name="src.component">
      <metrics statements="215" coveredstatements="180" conditionals="92" coveredconditionals="63" methods="65" coveredmethods="63"/>
      <file name="AttachShadow.js" path="C:\Users\m.kikuzawa\Documents\git\quel\src\component\AttachShadow.js">
        <metrics statements="3" coveredstatements="3" conditionals="2" coveredconditionals="1" methods="2" coveredmethods="2"/>
        <line num="4" count="1" type="stmt"/>
        <line num="32" count="11" type="stmt"/>
        <line num="41" count="11" type="cond" truecount="1" falsecount="1"/>
      </file>
      <file name="Component.js" path="C:\Users\m.kikuzawa\Documents\git\quel\src\component\Component.js">
        <metrics statements="113" coveredstatements="99" conditionals="44" coveredconditionals="31" methods="42" coveredmethods="40"/>
        <line num="22" count="1" type="stmt"/>
        <line num="23" count="12" type="stmt"/>
        <line num="24" count="47" type="stmt"/>
        <line num="25" count="47" type="cond" truecount="2" falsecount="0"/>
        <line num="26" count="36" type="cond" truecount="2" falsecount="0"/>
        <line num="27" count="35" type="cond" truecount="1" falsecount="1"/>
        <line num="28" count="0" type="cond" truecount="0" falsecount="2"/>
        <line num="29" count="0" type="stmt"/>
        <line num="35" count="1" type="stmt"/>
        <line num="38" count="241" type="stmt"/>
        <line num="41" count="10" type="stmt"/>
        <line num="46" count="16" type="stmt"/>
        <line num="49" count="11" type="stmt"/>
        <line num="54" count="27" type="stmt"/>
        <line num="57" count="11" type="stmt"/>
        <line num="62" count="82" type="cond" truecount="2" falsecount="0"/>
        <line num="63" count="27" type="stmt"/>
        <line num="64" count="27" type="stmt"/>
        <line num="66" count="162" type="cond" truecount="2" falsecount="0"/>
        <line num="67" count="27" type="stmt"/>
        <line num="68" count="135" type="cond" truecount="2" falsecount="0"/>
        <line num="69" count="27" type="stmt"/>
        <line num="70" count="108" type="cond" truecount="2" falsecount="0"/>
        <line num="71" count="27" type="stmt"/>
        <line num="74" count="27" type="stmt"/>
        <line num="76" count="82" type="stmt"/>
        <line num="80" count="2" type="stmt"/>
        <line num="85" count="19" type="stmt"/>
        <line num="90" count="24" type="stmt"/>
        <line num="95" count="22" type="stmt"/>
        <line num="98" count="13" type="stmt"/>
        <line num="103" count="0" type="stmt"/>
        <line num="106" count="13" type="stmt"/>
        <line num="111" count="11" type="stmt"/>
        <line num="114" count="13" type="stmt"/>
        <line num="119" count="6" type="stmt"/>
        <line num="122" count="11" type="stmt"/>
        <line num="127" count="0" type="stmt"/>
        <line num="130" count="11" type="stmt"/>
        <line num="135" count="3" type="stmt"/>
        <line num="138" count="11" type="stmt"/>
        <line num="143" count="43" type="cond" truecount="2" falsecount="0"/>
        <line num="144" count="12" type="stmt"/>
        <line num="146" count="43" type="stmt"/>
        <line num="151" count="11" type="stmt"/>
        <line num="156" count="11" type="cond" truecount="2" falsecount="0"/>
        <line num="163" count="78" type="stmt"/>
        <line num="171" count="13" type="stmt"/>
        <line num="172" count="13" type="stmt"/>
        <line num="173" count="13" type="stmt"/>
        <line num="174" count="13" type="stmt"/>
        <line num="175" count="13" type="stmt"/>
        <line num="176" count="13" type="stmt"/>
        <line num="177" count="13" type="stmt"/>
        <line num="178" count="13" type="stmt"/>
        <line num="179" count="13" type="stmt"/>
        <line num="181" count="13" type="stmt"/>
        <line num="182" count="13" type="stmt"/>
        <line num="183" count="13" type="stmt"/>
        <line num="185" count="13" type="stmt"/>
        <line num="186" count="13" type="stmt"/>
        <line num="191" count="13" type="stmt"/>
        <line num="192" count="13" type="stmt"/>
        <line num="193" count="13" type="stmt"/>
        <line num="207" count="11" type="stmt"/>
        <line num="208" count="11" type="cond" truecount="1" falsecount="1"/>
        <line num="209" count="0" type="stmt"/>
        <line num="210" count="0" type="cond" truecount="0" falsecount="2"/>
        <line num="211" count="0" type="stmt"/>
        <line num="214" count="11" type="cond" truecount="1" falsecount="1"/>
        <line num="215" count="0" type="stmt"/>
        <line num="216" count="0" type="cond" truecount="0" falsecount="2"/>
        <line num="217" count="0" type="stmt"/>
        <line num="220" count="11" type="cond" truecount="4" falsecount="0"/>
        <line num="221" count="1" type="stmt"/>
        <line num="223" count="11" type="stmt"/>
        <line num="226" count="11" type="stmt"/>
        <line num="228" count="11" type="stmt"/>
        <line num="229" count="11" type="stmt"/>
        <line num="230" count="11" type="stmt"/>
        <line num="231" count="11" type="stmt"/>
        <line num="233" count="11" type="stmt"/>
        <line num="234" count="11" type="stmt"/>
        <line num="235" count="11" type="stmt"/>
        <line num="243" count="11" type="stmt"/>
        <line num="244" count="11" type="cond" truecount="1" falsecount="1"/>
        <line num="245" count="0" type="stmt"/>
        <line num="248" count="11" type="stmt"/>
        <line num="249" count="11" type="stmt"/>
        <line num="250" count="11" type="stmt"/>
        <line num="252" count="11" type="stmt"/>
        <line num="254" count="11" type="cond" truecount="2" falsecount="0"/>
        <line num="263" count="3" type="cond" truecount="2" falsecount="0"/>
        <line num="271" count="4" type="stmt"/>
        <line num="283" count="10" type="stmt"/>
        <line num="284" count="10" type="stmt"/>
        <line num="287" count="10" type="stmt"/>
        <line num="290" count="10" type="stmt"/>
        <line num="293" count="10" type="stmt"/>
        <line num="296" count="10" type="stmt"/>
        <line num="300" count="1" type="stmt"/>
        <line num="306" count="13" type="stmt"/>
        <line num="307" count="13" type="stmt"/>
        <line num="313" count="10" type="stmt"/>
        <line num="315" count="10" type="stmt"/>
        <line num="316" count="10" type="cond" truecount="3" falsecount="1"/>
        <line num="323" count="0" type="cond" truecount="0" falsecount="2"/>
        <line num="324" count="0" type="stmt"/>
        <line num="325" count="0" type="stmt"/>
        <line num="329" count="10" type="stmt"/>
        <line num="330" count="210" type="stmt"/>
        <line num="332" count="10" type="stmt"/>
        <line num="341" count="10" type="stmt"/>
      </file>
      <file name="Globals.js" path="C:\Users\m.kikuzawa\Documents\git\quel\src\component\Globals.js">
        <metrics statements="23" coveredstatements="19" conditionals="10" coveredconditionals="6" methods="7" coveredmethods="7"/>
        <line num="17" count="13" type="stmt"/>
        <line num="23" count="13" type="stmt"/>
        <line num="31" count="2" type="stmt"/>
        <line num="32" count="2" type="stmt"/>
        <line num="41" count="13" type="stmt"/>
        <line num="42" count="22" type="cond" truecount="2" falsecount="0"/>
        <line num="43" count="2" type="stmt"/>
        <line num="45" count="22" type="stmt"/>
        <line num="55" count="13" type="stmt"/>
        <line num="56" count="2" type="cond" truecount="1" falsecount="1"/>
        <line num="57" count="0" type="stmt"/>
        <line num="59" count="2" type="stmt"/>
        <line num="70" count="22" type="cond" truecount="1" falsecount="1"/>
        <line num="71" count="0" type="stmt"/>
        <line num="72" count="22" type="cond" truecount="1" falsecount="1"/>
        <line num="73" count="0" type="stmt"/>
        <line num="74" count="22" type="cond" truecount="1" falsecount="1"/>
        <line num="75" count="0" type="stmt"/>
        <line num="77" count="22" type="stmt"/>
        <line num="78" count="22" type="stmt"/>
        <line num="90" count="2" type="stmt"/>
        <line num="91" count="2" type="stmt"/>
        <line num="101" count="13" type="stmt"/>
      </file>
      <file name="Module.js" path="C:\Users\m.kikuzawa\Documents\git\quel\src\component\Module.js">
        <metrics statements="39" coveredstatements="31" conditionals="16" coveredconditionals="11" methods="5" coveredmethods="5"/>
        <line num="5" count="1" type="stmt"/>
        <line num="6" count="1" type="stmt"/>
        <line num="37" count="10" type="cond" truecount="1" falsecount="1"/>
        <line num="38" count="10" type="stmt"/>
        <line num="40" count="10" type="stmt"/>
        <line num="52" count="9" type="stmt"/>
        <line num="53" count="9" type="stmt"/>
        <line num="54" count="18" type="stmt"/>
        <line num="55" count="18" type="cond" truecount="4" falsecount="0"/>
        <line num="56" count="9" type="stmt"/>
        <line num="57" count="9" type="stmt"/>
        <line num="58" count="9" type="cond" truecount="1" falsecount="1"/>
        <line num="59" count="0" type="stmt"/>
        <line num="60" count="0" type="stmt"/>
        <line num="61" count="9" type="cond" truecount="1" falsecount="1"/>
        <line num="62" count="9" type="stmt"/>
        <line num="63" count="9" type="stmt"/>
        <line num="65" count="0" type="stmt"/>
        <line num="69" count="9" type="stmt"/>
        <line num="70" count="9" type="stmt"/>
        <line num="71" count="9" type="stmt"/>
        <line num="76" count="18" type="stmt"/>
        <line num="77" count="9" type="stmt"/>
        <line num="78" count="9" type="stmt"/>
        <line num="79" count="9" type="stmt"/>
        <line num="80" count="9" type="cond" truecount="1" falsecount="1"/>
        <line num="82" count="0" type="stmt"/>
        <line num="83" count="0" type="stmt"/>
        <line num="84" count="0" type="stmt"/>
        <line num="86" count="0" type="stmt"/>
        <line num="87" count="0" type="stmt"/>
        <line num="89" count="9" type="stmt"/>
        <line num="90" count="9" type="stmt"/>
        <line num="91" count="9" type="stmt"/>
        <line num="94" count="9" type="stmt"/>
        <line num="96" count="9" type="stmt"/>
        <line num="106" count="10" type="stmt"/>
        <line num="107" count="10" type="cond" truecount="3" falsecount="1"/>
        <line num="108" count="10" type="stmt"/>
      </file>
      <file name="Props.js" path="C:\Users\m.kikuzawa\Documents\git\quel\src\component\Props.js">
        <metrics statements="37" coveredstatements="28" conditionals="20" coveredconditionals="14" methods="9" coveredmethods="9"/>
        <line num="17" count="13" type="stmt"/>
        <line num="20" count="13" type="stmt"/>
        <line num="24" count="24" type="stmt"/>
        <line num="29" count="9" type="cond" truecount="2" falsecount="0"/>
        <line num="31" count="9" type="stmt"/>
        <line num="35" count="6" type="stmt"/>
        <line num="36" count="6" type="cond" truecount="1" falsecount="1"/>
        <line num="37" count="0" type="stmt"/>
        <line num="38" count="0" type="stmt"/>
        <line num="39" count="0" type="stmt"/>
        <line num="40" count="0" type="stmt"/>
        <line num="43" count="6" type="stmt"/>
        <line num="44" count="4" type="stmt"/>
        <line num="47" count="6" type="stmt"/>
        <line num="54" count="13" type="stmt"/>
        <line num="65" count="14" type="cond" truecount="2" falsecount="0"/>
        <line num="66" count="4" type="stmt"/>
        <line num="67" count="4" type="stmt"/>
        <line num="68" count="10" type="cond" truecount="2" falsecount="0"/>
        <line num="69" count="6" type="stmt"/>
        <line num="71" count="4" type="stmt"/>
        <line num="72" count="4" type="cond" truecount="1" falsecount="1"/>
        <line num="73" count="4" type="cond" truecount="1" falsecount="1"/>
        <line num="74" count="4" type="cond" truecount="1" falsecount="1"/>
        <line num="75" count="4" type="stmt"/>
        <line num="77" count="0" type="stmt"/>
        <line num="78" count="0" type="stmt"/>
        <line num="81" count="0" type="stmt"/>
        <line num="94" count="5" type="stmt"/>
        <line num="95" count="5" type="cond" truecount="2" falsecount="0"/>
        <line num="96" count="2" type="cond" truecount="1" falsecount="1"/>
        <line num="97" count="2" type="cond" truecount="1" falsecount="1"/>
        <line num="98" count="2" type="stmt"/>
        <line num="100" count="0" type="stmt"/>
        <line num="101" count="0" type="stmt"/>
        <line num="104" count="3" type="stmt"/>
        <line num="115" count="13" type="stmt"/>
      </file>
    </package>
    <package name="src.context">
      <metrics statements="10" coveredstatements="10" conditionals="0" coveredconditionals="0" methods="2" coveredmethods="2"/>
      <file name="Context.js" path="C:\Users\m.kikuzawa\Documents\git\quel\src\context\Context.js">
        <metrics statements="10" coveredstatements="10" conditionals="0" coveredconditionals="0" methods="2" coveredmethods="2"/>
        <line num="10" count="38" type="stmt"/>
        <line num="25" count="27" type="stmt"/>
        <line num="26" count="27" type="stmt"/>
        <line num="27" count="27" type="stmt"/>
        <line num="31" count="16" type="stmt"/>
        <line num="32" count="16" type="stmt"/>
        <line num="33" count="16" type="stmt"/>
        <line num="34" count="16" type="stmt"/>
        <line num="35" count="16" type="stmt"/>
        <line num="37" count="27" type="stmt"/>
      </file>
    </package>
    <package name="src.filter">
      <metrics statements="126" coveredstatements="73" conditionals="58" coveredconditionals="0" methods="174" coveredmethods="0"/>
      <file name="Builtin.js" path="C:\Users\m.kikuzawa\Documents\git\quel\src\filter\Builtin.js">
        <metrics statements="120" coveredstatements="73" conditionals="46" coveredconditionals="0" methods="169" coveredmethods="0"/>
        <line num="10" count="1" type="stmt"/>
        <line num="11" count="0" type="cond" truecount="0" falsecount="2"/>
        <line num="12" count="0" type="stmt"/>
        <line num="13" count="0" type="cond" truecount="0" falsecount="2"/>
        <line num="23" count="1" type="stmt"/>
        <line num="24" count="0" type="cond" truecount="0" falsecount="2"/>
        <line num="34" count="1" type="stmt"/>
        <line num="35" count="0" type="cond" truecount="0" falsecount="2"/>
        <line num="39" count="1" type="cond" truecount="0" falsecount="4"/>
        <line num="40" count="1" type="cond" truecount="0" falsecount="2"/>
        <line num="41" count="1" type="cond" truecount="0" falsecount="2"/>
        <line num="42" count="1" type="stmt"/>
        <line num="43" count="1" type="stmt"/>
        <line num="44" count="1" type="stmt"/>
        <line num="45" count="1" type="stmt"/>
        <line num="46" count="1" type="stmt"/>
        <line num="47" count="1" type="stmt"/>
        <line num="48" count="1" type="stmt"/>
        <line num="49" count="1" type="cond" truecount="0" falsecount="4"/>
        <line num="50" count="1" type="cond" truecount="0" falsecount="6"/>
        <line num="51" count="1" type="cond" truecount="0" falsecount="2"/>
        <line num="52" count="1" type="stmt"/>
        <line num="53" count="1" type="stmt"/>
        <line num="54" count="1" type="stmt"/>
        <line num="55" count="1" type="stmt"/>
        <line num="56" count="1" type="stmt"/>
        <line num="57" count="1" type="stmt"/>
        <line num="59" count="1" type="stmt"/>
        <line num="60" count="1" type="stmt"/>
        <line num="61" count="1" type="stmt"/>
        <line num="62" count="1" type="stmt"/>
        <line num="63" count="1" type="stmt"/>
        <line num="64" count="1" type="stmt"/>
        <line num="65" count="1" type="stmt"/>
        <line num="66" count="1" type="stmt"/>
        <line num="68" count="1" type="stmt"/>
        <line num="69" count="1" type="stmt"/>
        <line num="70" count="1" type="stmt"/>
        <line num="72" count="1" type="stmt"/>
        <line num="73" count="1" type="stmt"/>
        <line num="74" count="1" type="stmt"/>
        <line num="75" count="1" type="stmt"/>
        <line num="76" count="1" type="stmt"/>
        <line num="77" count="1" type="stmt"/>
        <line num="78" count="1" type="stmt"/>
        <line num="79" count="1" type="stmt"/>
        <line num="80" count="1" type="stmt"/>
        <line num="81" count="1" type="stmt"/>
        <line num="82" count="1" type="stmt"/>
        <line num="83" count="1" type="stmt"/>
        <line num="84" count="1" type="stmt"/>
        <line num="85" count="1" type="stmt"/>
        <line num="86" count="1" type="stmt"/>
        <line num="88" count="1" type="stmt"/>
        <line num="89" count="1" type="stmt"/>
        <line num="90" count="1" type="stmt"/>
        <line num="92" count="1" type="stmt"/>
        <line num="93" count="1" type="stmt"/>
        <line num="94" count="1" type="stmt"/>
        <line num="95" count="1" type="stmt"/>
        <line num="97" count="1" type="stmt"/>
        <line num="98" count="1" type="stmt"/>
        <line num="99" count="1" type="stmt"/>
        <line num="100" count="1" type="stmt"/>
        <line num="101" count="1" type="stmt"/>
        <line num="102" count="1" type="stmt"/>
        <line num="103" count="1" type="stmt"/>
        <line num="104" count="1" type="stmt"/>
        <line num="105" count="1" type="stmt"/>
        <line num="106" count="1" type="stmt"/>
        <line num="107" count="1" type="stmt"/>
        <line num="108" count="1" type="stmt"/>
        <line num="109" count="1" type="stmt"/>
        <line num="110" count="1" type="stmt"/>
        <line num="111" count="1" type="stmt"/>
        <line num="112" count="1" type="stmt"/>
        <line num="115" count="0" type="cond" truecount="0" falsecount="2"/>
        <line num="118" count="0" type="stmt"/>
        <line num="121" count="0" type="stmt"/>
        <line num="124" count="0" type="stmt"/>
        <line num="127" count="0" type="cond" truecount="0" falsecount="2"/>
        <line num="130" count="0" type="stmt"/>
        <line num="133" count="0" type="stmt"/>
        <line num="136" count="0" type="stmt"/>
        <line num="139" count="0" type="cond" truecount="0" falsecount="2"/>
        <line num="142" count="0" type="cond" truecount="0" falsecount="2"/>
        <line num="145" count="0" type="stmt"/>
        <line num="148" count="0" type="stmt"/>
        <line num="151" count="0" type="cond" truecount="0" falsecount="2"/>
        <line num="154" count="0" type="stmt"/>
        <line num="157" count="0" type="stmt"/>
        <line num="163" count="0" type="stmt"/>
        <line num="166" count="0" type="stmt"/>
        <line num="169" count="0" type="stmt"/>
        <line num="172" count="0" type="stmt"/>
        <line num="175" count="0" type="stmt"/>
        <line num="178" count="0" type="stmt"/>
        <line num="181" count="0" type="stmt"/>
        <line num="184" count="0" type="cond" truecount="0" falsecount="2"/>
        <line num="187" count="0" type="stmt"/>
        <line num="190" count="0" type="stmt"/>
        <line num="193" count="0" type="stmt"/>
        <line num="196" count="0" type="stmt"/>
        <line num="199" count="0" type="stmt"/>
        <line num="202" count="0" type="cond" truecount="0" falsecount="2"/>
        <line num="205" count="0" type="stmt"/>
        <line num="208" count="0" type="stmt"/>
        <line num="211" count="0" type="stmt"/>
        <line num="214" count="0" type="stmt"/>
        <line num="217" count="0" type="stmt"/>
        <line num="220" count="0" type="stmt"/>
        <line num="223" count="0" type="stmt"/>
        <line num="226" count="0" type="stmt"/>
        <line num="232" count="0" type="stmt"/>
        <line num="235" count="0" type="stmt"/>
        <line num="238" count="0" type="stmt"/>
        <line num="241" count="0" type="stmt"/>
        <line num="244" count="0" type="stmt"/>
        <line num="250" count="1" type="cond" truecount="0" falsecount="2"/>
        <line num="251" count="1" type="cond" truecount="0" falsecount="2"/>
      </file>
      <file name="Filter.js" path="C:\Users\m.kikuzawa\Documents\git\quel\src\filter\Filter.js">
        <metrics statements="6" coveredstatements="0" conditionals="12" coveredconditionals="0" methods="5" coveredmethods="0"/>
        <line num="23" count="0" type="cond" truecount="0" falsecount="2"/>
        <line num="34" count="0" type="cond" truecount="0" falsecount="2"/>
        <line num="44" count="0" type="cond" truecount="0" falsecount="2"/>
        <line num="45" count="0" type="cond" truecount="0" falsecount="2"/>
        <line num="46" count="0" type="cond" truecount="0" falsecount="2"/>
        <line num="47" count="0" type="cond" truecount="0" falsecount="2"/>
      </file>
    </package>
    <package name="src.global">
      <metrics statements="17" coveredstatements="14" conditionals="6" coveredconditionals="4" methods="4" coveredmethods="4"/>
      <file name="Data.js" path="C:\Users\m.kikuzawa\Documents\git\quel\src\global\Data.js">
        <metrics statements="17" coveredstatements="14" conditionals="6" coveredconditionals="4" methods="4" coveredmethods="4"/>
        <line num="7" count="1" type="stmt"/>
        <line num="17" count="34" type="cond" truecount="2" falsecount="0"/>
        <line num="18" count="2" type="stmt"/>
        <line num="19" count="2" type="stmt"/>
        <line num="20" count="2" type="cond" truecount="1" falsecount="1"/>
        <line num="21" count="2" type="stmt"/>
        <line num="23" count="0" type="stmt"/>
        <line num="27" count="32" type="stmt"/>
        <line num="39" count="2" type="stmt"/>
        <line num="40" count="2" type="stmt"/>
        <line num="41" count="2" type="stmt"/>
        <line num="42" count="2" type="cond" truecount="1" falsecount="1"/>
        <line num="43" count="0" type="stmt"/>
        <line num="44" count="0" type="stmt"/>
        <line num="47" count="2" type="stmt"/>
        <line num="58" count="1" type="stmt"/>
        <line num="63" count="1" type="stmt"/>
      </file>
    </package>
    <package name="src.thread">
      <metrics statements="112" coveredstatements="94" conditionals="49" coveredconditionals="29" methods="36" coveredmethods="29"/>
      <file name="NodeUpdator.js" path="C:\Users\m.kikuzawa\Documents\git\quel\src\thread\NodeUpdator.js">
        <metrics statements="25" coveredstatements="25" conditionals="26" coveredconditionals="14" methods="6" coveredmethods="6"/>
        <line num="28" count="13" type="stmt"/>
        <line num="29" count="13" type="stmt"/>
        <line num="30" count="13" type="stmt"/>
        <line num="31" count="13" type="stmt"/>
        <line num="32" count="13" type="stmt"/>
        <line num="38" count="27" type="stmt"/>
        <line num="47" count="27" type="stmt"/>
        <line num="59" count="9" type="stmt"/>
        <line num="60" count="4" type="cond" truecount="2" falsecount="2"/>
        <line num="61" count="4" type="cond" truecount="1" falsecount="1"/>
        <line num="62" count="4" type="cond" truecount="1" falsecount="1"/>
        <line num="63" count="4" type="cond" truecount="2" falsecount="4"/>
        <line num="64" count="4" type="cond" truecount="2" falsecount="2"/>
        <line num="65" count="4" type="cond" truecount="2" falsecount="2"/>
        <line num="66" count="4" type="stmt"/>
        <line num="68" count="9" type="stmt"/>
        <line num="75" count="27" type="cond" truecount="2" falsecount="0"/>
        <line num="76" count="27" type="stmt"/>
        <line num="77" count="27" type="stmt"/>
        <line num="78" count="9" type="stmt"/>
        <line num="79" count="9" type="stmt"/>
        <line num="80" count="9" type="stmt"/>
        <line num="81" count="13" type="stmt"/>
        <line num="85" count="27" type="cond" truecount="2" falsecount="0"/>
        <line num="91" count="27" type="stmt"/>
      </file>
      <file name="NotifyReceiver.js" path="C:\Users\m.kikuzawa\Documents\git\quel\src\thread\NotifyReceiver.js">
        <metrics statements="15" coveredstatements="15" conditionals="4" coveredconditionals="4" methods="4" coveredmethods="4"/>
        <line num="7" count="27" type="stmt"/>
        <line num="20" count="27" type="stmt"/>
        <line num="21" count="27" type="stmt"/>
        <line num="28" count="27" type="cond" truecount="2" falsecount="0"/>
        <line num="29" count="27" type="stmt"/>
        <line num="30" count="27" type="stmt"/>
        <line num="31" count="4" type="stmt"/>
        <line num="32" count="4" type="stmt"/>
        <line num="33" count="4" type="stmt"/>
        <line num="34" count="20" type="stmt"/>
        <line num="36" count="4" type="stmt"/>
        <line num="37" count="20" type="stmt"/>
        <line num="39" count="4" type="stmt"/>
        <line num="42" count="27" type="cond" truecount="2" falsecount="0"/>
        <line num="48" count="27" type="stmt"/>
      </file>
      <file name="Thread.js" path="C:\Users\m.kikuzawa\Documents\git\quel\src\thread\Thread.js">
        <metrics statements="28" coveredstatements="15" conditionals="8" coveredconditionals="2" methods="6" coveredmethods="4"/>
        <line num="16" count="11" type="stmt"/>
        <line num="19" count="0" type="stmt"/>
        <line num="26" count="11" type="stmt"/>
        <line num="34" count="38" type="stmt"/>
        <line num="35" count="38" type="stmt"/>
        <line num="36" count="38" type="stmt"/>
        <line num="44" count="0" type="stmt"/>
        <line num="52" count="27" type="stmt"/>
        <line num="59" count="11" type="stmt"/>
        <line num="60" count="38" type="stmt"/>
        <line num="61" count="38" type="stmt"/>
        <line num="62" count="27" type="stmt"/>
        <line num="63" count="27" type="cond" truecount="1" falsecount="1"/>
        <line num="64" count="27" type="stmt"/>
        <line num="65" count="27" type="stmt"/>
        <line num="66" count="27" type="cond" truecount="1" falsecount="1"/>
        <line num="67" count="0" type="stmt"/>
        <line num="68" count="0" type="stmt"/>
        <line num="69" count="0" type="stmt"/>
        <line num="70" count="0" type="stmt"/>
        <line num="71" count="0" type="stmt"/>
        <line num="74" count="27" type="stmt"/>
        <line num="77" count="0" type="cond" truecount="0" falsecount="2"/>
        <line num="78" count="0" type="stmt"/>
        <line num="80" count="0" type="stmt"/>
        <line num="81" count="0" type="cond" truecount="0" falsecount="2"/>
        <line num="82" count="0" type="stmt"/>
        <line num="88" count="0" type="stmt"/>
      </file>
      <file name="UpdateSLotStatus.js" path="C:\Users\m.kikuzawa\Documents\git\quel\src\thread\UpdateSLotStatus.js">
        <metrics statements="1" coveredstatements="1" conditionals="0" coveredconditionals="0" methods="0" coveredmethods="0"/>
        <line num="2" count="1" type="stmt"/>
      </file>
      <file name="UpdateSlot.js" path="C:\Users\m.kikuzawa\Documents\git\quel\src\thread\UpdateSlot.js">
        <metrics statements="30" coveredstatements="25" conditionals="7" coveredconditionals="5" methods="16" coveredmethods="11"/>
        <line num="14" count="0" type="stmt"/>
        <line num="21" count="0" type="stmt"/>
        <line num="28" count="0" type="stmt"/>
        <line num="59" count="27" type="stmt"/>
        <line num="60" count="27" type="stmt"/>
        <line num="61" count="27" type="stmt"/>
        <line num="62" count="27" type="stmt"/>
        <line num="63" count="27" type="stmt"/>
        <line num="64" count="27" type="stmt"/>
        <line num="65" count="27" type="stmt"/>
        <line num="67" count="27" type="stmt"/>
        <line num="68" count="27" type="stmt"/>
        <line num="69" count="27" type="stmt"/>
        <line num="78" count="27" type="stmt"/>
        <line num="82" count="0" type="stmt"/>
        <line num="85" count="0" type="stmt"/>
        <line num="93" count="11" type="stmt"/>
        <line num="97" count="27" type="stmt"/>
        <line num="98" count="27" type="stmt"/>
        <line num="99" count="27" type="stmt"/>
        <line num="100" count="27" type="stmt"/>
        <line num="102" count="27" type="stmt"/>
        <line num="110" count="27" type="stmt"/>
        <line num="111" count="27" type="stmt"/>
        <line num="119" count="20" type="stmt"/>
        <line num="120" count="20" type="stmt"/>
        <line num="128" count="13" type="stmt"/>
        <line num="129" count="13" type="stmt"/>
        <line num="136" count="27" type="cond" truecount="2" falsecount="0"/>
        <line num="147" count="27" type="stmt"/>
      </file>
      <file name="ViewModelUpdator.js" path="C:\Users\m.kikuzawa\Documents\git\quel\src\thread\ViewModelUpdator.js">
        <metrics statements="13" coveredstatements="13" conditionals="4" coveredconditionals="4" methods="4" coveredmethods="4"/>
        <line num="21" count="30" type="stmt"/>
        <line num="22" count="30" type="stmt"/>
        <line num="23" count="30" type="stmt"/>
        <line num="29" count="27" type="stmt"/>
        <line num="38" count="27" type="stmt"/>
        <line num="45" count="27" type="cond" truecount="2" falsecount="0"/>
        <line num="46" count="27" type="stmt"/>
        <line num="47" count="27" type="stmt"/>
        <line num="48" count="27" type="stmt"/>
        <line num="49" count="27" type="stmt"/>
        <line num="50" count="27" type="stmt"/>
        <line num="54" count="27" type="cond" truecount="2" falsecount="0"/>
        <line num="60" count="27" type="stmt"/>
      </file>
    </package>
    <package name="src.view">
      <metrics statements="8" coveredstatements="5" conditionals="0" coveredconditionals="0" methods="2" coveredmethods="1"/>
      <file name="Templates.js" path="C:\Users\m.kikuzawa\Documents\git\quel\src\view\Templates.js">
        <metrics statements="1" coveredstatements="1" conditionals="0" coveredconditionals="0" methods="0" coveredmethods="0"/>
        <line num="4" count="1" type="stmt"/>
      </file>
      <file name="View.js" path="C:\Users\m.kikuzawa\Documents\git\quel\src\view\View.js">
        <metrics statements="7" coveredstatements="4" conditionals="0" coveredconditionals="0" methods="2" coveredmethods="1"/>
        <line num="15" count="38" type="stmt"/>
        <line num="16" count="38" type="stmt"/>
        <line num="17" count="38" type="stmt"/>
        <line num="18" count="38" type="stmt"/>
        <line num="31" count="0" type="stmt"/>
        <line num="32" count="0" type="stmt"/>
        <line num="33" count="0" type="stmt"/>
      </file>
    </package>
    <package name="src.viewModel">
      <metrics statements="234" coveredstatements="229" conditionals="128" coveredconditionals="120" methods="60" coveredmethods="58"/>
      <file name="Cache.js" path="C:\Users\m.kikuzawa\Documents\git\quel\src\viewModel\Cache.js">
        <metrics statements="10" coveredstatements="10" conditionals="4" coveredconditionals="3" methods="3" coveredmethods="3"/>
        <line num="5" count="26" type="stmt"/>
        <line num="14" count="6" type="stmt"/>
        <line num="15" count="6" type="cond" truecount="2" falsecount="0"/>
        <line num="26" count="3" type="stmt"/>
        <line num="27" count="3" type="cond" truecount="1" falsecount="1"/>
        <line num="28" count="3" type="stmt"/>
        <line num="29" count="3" type="stmt"/>
        <line num="31" count="3" type="stmt"/>
        <line num="32" count="3" type="stmt"/>
        <line num="39" count="29" type="stmt"/>
      </file>
      <file name="DependentProps.js" path="C:\Users\m.kikuzawa\Documents\git\quel\src\viewModel\DependentProps.js">
        <metrics statements="14" coveredstatements="14" conditionals="6" coveredconditionals="6" methods="4" coveredmethods="4"/>
        <line num="9" count="26" type="stmt"/>
        <line num="12" count="26" type="stmt"/>
        <line num="15" count="34" type="stmt"/>
        <line num="23" count="186" type="stmt"/>
        <line num="32" count="25" type="stmt"/>
        <line num="33" count="25" type="stmt"/>
        <line num="34" count="32" type="stmt"/>
        <line num="35" count="32" type="cond" truecount="2" falsecount="0"/>
        <line num="36" count="27" type="cond" truecount="2" falsecount="0"/>
        <line num="37" count="27" type="stmt"/>
        <line num="39" count="32" type="stmt"/>
        <line num="49" count="26" type="stmt"/>
        <line num="50" count="5" type="stmt"/>
        <line num="51" count="6" type="cond" truecount="2" falsecount="0"/>
      </file>
      <file name="Proxy.js" path="C:\Users\m.kikuzawa\Documents\git\quel\src\viewModel\Proxy.js">
        <metrics statements="177" coveredstatements="173" conditionals="100" coveredconditionals="96" methods="44" coveredmethods="43"/>
        <line num="10" count="1" type="stmt"/>
        <line num="11" count="1" type="stmt"/>
        <line num="12" count="1" type="stmt"/>
        <line num="13" count="1" type="stmt"/>
        <line num="18" count="1" type="stmt"/>
        <line num="27" count="1" type="stmt"/>
        <line num="37" count="1" type="stmt"/>
        <line num="47" count="1" type="stmt"/>
        <line num="48" count="1" type="stmt"/>
        <line num="49" count="1" type="stmt"/>
        <line num="50" count="1" type="stmt"/>
        <line num="51" count="1" type="stmt"/>
        <line num="52" count="1" type="stmt"/>
        <line num="57" count="1" type="stmt"/>
        <line num="90" count="31" type="stmt"/>
        <line num="94" count="26" type="stmt"/>
        <line num="97" count="1" type="stmt"/>
        <line num="104" count="1" type="stmt"/>
        <line num="111" count="2" type="stmt"/>
        <line num="118" count="1" type="stmt"/>
        <line num="122" count="26" type="stmt"/>
        <line num="125" count="30" type="stmt"/>
        <line num="129" count="26" type="stmt"/>
        <line num="132" count="87" type="stmt"/>
        <line num="135" count="84" type="stmt"/>
        <line num="142" count="235" type="stmt"/>
        <line num="145" count="38" type="stmt"/>
        <line num="156" count="26" type="stmt"/>
        <line num="157" count="26" type="stmt"/>
        <line num="158" count="26" type="stmt"/>
        <line num="159" count="26" type="stmt"/>
        <line num="160" count="26" type="stmt"/>
        <line num="161" count="26" type="cond" truecount="2" falsecount="0"/>
        <line num="171" count="365" type="cond" truecount="2" falsecount="0"/>
        <line num="172" count="152" type="cond" truecount="2" falsecount="0"/>
        <line num="175" count="365" type="cond" truecount="2" falsecount="0"/>
        <line num="176" count="37" type="cond" truecount="2" falsecount="0"/>
        <line num="177" count="6" type="stmt"/>
        <line num="178" count="31" type="cond" truecount="2" falsecount="0"/>
        <line num="179" count="24" type="stmt"/>
        <line num="180" count="7" type="cond" truecount="2" falsecount="0"/>
        <line num="181" count="1" type="stmt"/>
        <line num="182" count="6" type="cond" truecount="2" falsecount="0"/>
        <line num="183" count="3" type="cond" truecount="2" falsecount="0"/>
        <line num="184" count="3" type="cond" truecount="1" falsecount="1"/>
        <line num="185" count="0" type="stmt"/>
        <line num="187" count="3" type="cond" truecount="1" falsecount="0"/>
        <line num="190" count="328" type="cond" truecount="4" falsecount="0"/>
        <line num="192" count="6" type="cond" truecount="2" falsecount="0"/>
        <line num="193" count="6" type="stmt"/>
        <line num="194" count="6" type="cond" truecount="2" falsecount="0"/>
        <line num="195" count="3" type="stmt"/>
        <line num="196" count="3" type="stmt"/>
        <line num="199" count="322" type="stmt"/>
        <line num="202" count="328" type="stmt"/>
        <line num="212" count="42" type="cond" truecount="2" falsecount="0"/>
        <line num="213" count="34" type="cond" truecount="2" falsecount="0"/>
        <line num="215" count="42" type="stmt"/>
        <line num="216" count="42" type="stmt"/>
        <line num="217" count="42" type="stmt"/>
        <line num="218" count="42" type="stmt"/>
        <line num="219" count="42" type="stmt"/>
        <line num="221" count="42" type="stmt"/>
        <line num="231" count="3" type="stmt"/>
        <line num="241" count="42" type="stmt"/>
        <line num="251" count="3" type="stmt"/>
        <line num="252" count="3" type="stmt"/>
        <line num="253" count="3" type="stmt"/>
        <line num="254" count="1" type="stmt"/>
        <line num="256" count="3" type="stmt"/>
        <line num="257" count="2" type="stmt"/>
        <line num="258" count="2" type="stmt"/>
        <line num="260" count="3" type="stmt"/>
        <line num="261" count="3" type="stmt"/>
        <line num="271" count="3" type="stmt"/>
        <line num="272" count="3" type="stmt"/>
        <line num="273" count="1" type="stmt"/>
        <line num="275" count="3" type="stmt"/>
        <line num="286" count="55" type="stmt"/>
        <line num="296" count="29" type="stmt"/>
        <line num="297" count="29" type="stmt"/>
        <line num="298" count="29" type="stmt"/>
        <line num="308" count="55" type="stmt"/>
        <line num="309" count="55" type="stmt"/>
        <line num="319" count="20" type="stmt"/>
        <line num="320" count="20" type="cond" truecount="2" falsecount="0"/>
        <line num="321" count="19" type="stmt"/>
        <line num="322" count="19" type="stmt"/>
        <line num="323" count="19" type="stmt"/>
        <line num="324" count="19" type="stmt"/>
        <line num="326" count="19" type="stmt"/>
        <line num="327" count="19" type="stmt"/>
        <line num="339" count="400" type="cond" truecount="2" falsecount="0"/>
        <line num="340" count="80" type="stmt"/>
        <line num="341" count="80" type="stmt"/>
        <line num="342" count="80" type="cond" truecount="2" falsecount="0"/>
        <line num="343" count="15" type="cond" truecount="2" falsecount="0"/>
        <line num="345" count="65" type="cond" truecount="2" falsecount="0"/>
        <line num="347" count="320" type="cond" truecount="2" falsecount="0"/>
        <line num="348" count="137" type="cond" truecount="2" falsecount="0"/>
        <line num="349" count="20" type="stmt"/>
        <line num="350" count="20" type="stmt"/>
        <line num="351" count="117" type="cond" truecount="1" falsecount="1"/>
        <line num="352" count="0" type="stmt"/>
        <line num="353" count="0" type="stmt"/>
        <line num="354" count="0" type="stmt"/>
        <line num="356" count="117" type="cond" truecount="2" falsecount="0"/>
        <line num="357" count="30" type="stmt"/>
        <line num="358" count="87" type="cond" truecount="2" falsecount="0"/>
        <line num="359" count="3" type="stmt"/>
        <line num="360" count="84" type="cond" truecount="2" falsecount="0"/>
        <line num="361" count="29" type="stmt"/>
        <line num="364" count="55" type="stmt"/>
        <line num="368" count="183" type="stmt"/>
        <line num="369" count="183" type="cond" truecount="5" falsecount="0"/>
        <line num="370" count="144" type="stmt"/>
        <line num="371" count="144" type="cond" truecount="5" falsecount="0"/>
        <line num="372" count="35" type="stmt"/>
        <line num="373" count="23" type="cond" truecount="1" falsecount="1"/>
        <line num="374" count="23" type="stmt"/>
        <line num="375" count="23" type="stmt"/>
        <line num="378" count="160" type="stmt"/>
        <line num="380" count="183" type="stmt"/>
        <line num="394" count="42" type="stmt"/>
        <line num="395" count="42" type="cond" truecount="5" falsecount="0"/>
        <line num="396" count="40" type="stmt"/>
        <line num="397" count="40" type="cond" truecount="5" falsecount="0"/>
        <line num="398" count="12" type="stmt"/>
        <line num="399" count="8" type="cond" truecount="1" falsecount="1"/>
        <line num="400" count="8" type="stmt"/>
        <line num="401" count="8" type="stmt"/>
        <line num="404" count="34" type="stmt"/>
        <line num="406" count="42" type="stmt"/>
        <line num="418" count="31" type="stmt"/>
        <line num="419" count="31" type="stmt"/>
        <line num="420" count="31" type="cond" truecount="2" falsecount="0"/>
        <line num="421" count="29" type="stmt"/>
        <line num="422" count="29" type="stmt"/>
        <line num="423" count="29" type="stmt"/>
        <line num="424" count="29" type="stmt"/>
        <line num="425" count="29" type="cond" truecount="2" falsecount="0"/>
        <line num="426" count="7" type="stmt"/>
        <line num="427" count="7" type="stmt"/>
        <line num="428" count="7" type="cond" truecount="2" falsecount="0"/>
        <line num="429" count="2" type="stmt"/>
        <line num="430" count="15" type="stmt"/>
        <line num="432" count="5" type="stmt"/>
        <line num="433" count="5" type="stmt"/>
        <line num="435" count="7" type="stmt"/>
        <line num="437" count="7" type="stmt"/>
        <line num="448" count="8" type="stmt"/>
        <line num="449" count="8" type="cond" truecount="2" falsecount="0"/>
        <line num="450" count="2" type="stmt"/>
        <line num="451" count="6" type="cond" truecount="2" falsecount="0"/>
        <line num="452" count="1" type="stmt"/>
        <line num="461" count="5" type="stmt"/>
        <line num="462" count="18" type="cond" truecount="2" falsecount="0"/>
        <line num="463" count="18" type="stmt"/>
        <line num="464" count="18" type="stmt"/>
        <line num="465" count="18" type="stmt"/>
        <line num="467" count="18" type="cond" truecount="2" falsecount="0"/>
        <line num="468" count="9" type="cond" truecount="2" falsecount="0"/>
        <line num="469" count="8" type="stmt"/>
        <line num="470" count="31" type="stmt"/>
        <line num="473" count="1" type="stmt"/>
        <line num="476" count="9" type="cond" truecount="2" falsecount="0"/>
        <line num="477" count="4" type="cond" truecount="2" falsecount="0"/>
        <line num="478" count="1" type="stmt"/>
        <line num="480" count="3" type="stmt"/>
        <line num="481" count="7" type="stmt"/>
        <line num="485" count="5" type="stmt"/>
        <line num="489" count="18" type="stmt"/>
        <line num="491" count="5" type="stmt"/>
        <line num="492" count="5" type="stmt"/>
        <line num="504" count="17" type="stmt"/>
        <line num="505" count="17" type="stmt"/>
        <line num="506" count="17" type="stmt"/>
      </file>
      <file name="ViewModelize.js" path="C:\Users\m.kikuzawa\Documents\git\quel\src\viewModel\ViewModelize.js">
        <metrics statements="33" coveredstatements="32" conditionals="18" coveredconditionals="15" methods="9" coveredmethods="8"/>
        <line num="23" count="14" type="stmt"/>
        <line num="24" count="14" type="stmt"/>
        <line num="25" count="14" type="stmt"/>
        <line num="26" count="28" type="stmt"/>
        <line num="27" count="28" type="stmt"/>
        <line num="28" count="54" type="cond" truecount="1" falsecount="1"/>
        <line num="29" count="54" type="stmt"/>
        <line num="31" count="28" type="stmt"/>
        <line num="33" count="14" type="stmt"/>
        <line num="43" count="54" type="cond" truecount="2" falsecount="0"/>
        <line num="52" count="54" type="cond" truecount="2" falsecount="0"/>
        <line num="62" count="17" type="stmt"/>
        <line num="63" count="17" type="stmt"/>
        <line num="64" count="17" type="cond" truecount="2" falsecount="0"/>
        <line num="65" count="14" type="stmt"/>
        <line num="66" count="14" type="stmt"/>
        <line num="67" count="14" type="stmt"/>
        <line num="68" count="14" type="stmt"/>
        <line num="69" count="14" type="stmt"/>
        <line num="70" count="14" type="stmt"/>
        <line num="71" count="14" type="stmt"/>
        <line num="72" count="27" type="stmt"/>
        <line num="73" count="27" type="stmt"/>
        <line num="74" count="27" type="cond" truecount="2" falsecount="0"/>
        <line num="75" count="1" type="cond" truecount="2" falsecount="2"/>
        <line num="76" count="0" type="stmt"/>
        <line num="79" count="27" type="cond" truecount="4" falsecount="0"/>
        <line num="80" count="6" type="stmt"/>
        <line num="83" count="14" type="stmt"/>
        <line num="84" count="14" type="stmt"/>
        <line num="86" count="17" type="stmt"/>
        <line num="87" count="17" type="stmt"/>
        <line num="96" count="1" type="stmt"/>
      </file>
    </package>
  </project>
</coverage>
