{"C:\\Users\\m.kikuzawa\\git\\quel\\src\\Const.js": {"path":"C:\\Users\\m.kikuzawa\\git\\quel\\src\\Const.js","statementMap":{"0":{"start":{"line":1,"column":31},"end":{"line":1,"column":35}},"1":{"start":{"line":2,"column":31},"end":{"line":2,"column":37}},"2":{"start":{"line":3,"column":31},"end":{"line":3,"column":38}}},"fnMap":{},"branchMap":{},"s":{"0":19,"1":19,"2":19},"f":{},"b":{},"inputSourceMap":null,"_coverageSchema":"1a1c01bbd47fc00a2c39e90264f33305004495a9","hash":"f825b00e624e0e14ad9ba4801ccc3b3f7f8d95cf"}
,"C:\\Users\\m.kikuzawa\\git\\quel\\src\\Symbols.js": {"path":"C:\\Users\\m.kikuzawa\\git\\quel\\src\\Symbols.js","statementMap":{"0":{"start":{"line":7,"column":23},"end":{"line":31,"column":22}}},"fnMap":{},"branchMap":{},"s":{"0":29},"f":{},"b":{},"inputSourceMap":null,"_coverageSchema":"1a1c01bbd47fc00a2c39e90264f33305004495a9","hash":"92808e023c2624daefc166576a5a109fda59e28d"}
,"C:\\Users\\m.kikuzawa\\git\\quel\\src\\main.js": {"path":"C:\\Users\\m.kikuzawa\\git\\quel\\src\\main.js","statementMap":{"0":{"start":{"line":13,"column":19},"end":{"line":15,"column":3}},"1":{"start":{"line":25,"column":4},"end":{"line":28,"column":7}},"2":{"start":{"line":26,"column":28},"end":{"line":26,"column":51}},"3":{"start":{"line":27,"column":6},"end":{"line":27,"column":59}},"4":{"start":{"line":29,"column":4},"end":{"line":29,"column":16}},"5":{"start":{"line":37,"column":4},"end":{"line":41,"column":7}},"6":{"start":{"line":38,"column":28},"end":{"line":38,"column":51}},"7":{"start":{"line":39,"column":29},"end":{"line":39,"column":64}},"8":{"start":{"line":40,"column":6},"end":{"line":40,"column":59}},"9":{"start":{"line":42,"column":4},"end":{"line":42,"column":16}},"10":{"start":{"line":50,"column":4},"end":{"line":53,"column":7}},"11":{"start":{"line":51,"column":32},"end":{"line":51,"column":42}},"12":{"start":{"line":52,"column":6},"end":{"line":52,"column":41}},"13":{"start":{"line":54,"column":4},"end":{"line":54,"column":16}},"14":{"start":{"line":62,"column":4},"end":{"line":62,"column":41}},"15":{"start":{"line":74,"column":4},"end":{"line":74,"column":58}},"16":{"start":{"line":75,"column":4},"end":{"line":75,"column":16}},"17":{"start":{"line":82,"column":4},"end":{"line":82,"column":30}}},"fnMap":{"0":{"name":"(anonymous_0)","decl":{"start":{"line":24,"column":2},"end":{"line":24,"column":3}},"loc":{"start":{"line":24,"column":32},"end":{"line":30,"column":3}},"line":24},"1":{"name":"(anonymous_1)","decl":{"start":{"line":25,"column":39},"end":{"line":25,"column":40}},"loc":{"start":{"line":25,"column":67},"end":{"line":28,"column":5}},"line":25},"2":{"name":"(anonymous_2)","decl":{"start":{"line":36,"column":2},"end":{"line":36,"column":3}},"loc":{"start":{"line":36,"column":38},"end":{"line":43,"column":3}},"line":36},"3":{"name":"(anonymous_3)","decl":{"start":{"line":37,"column":39},"end":{"line":37,"column":40}},"loc":{"start":{"line":37,"column":68},"end":{"line":41,"column":5}},"line":37},"4":{"name":"(anonymous_4)","decl":{"start":{"line":49,"column":2},"end":{"line":49,"column":3}},"loc":{"start":{"line":49,"column":26},"end":{"line":55,"column":3}},"line":49},"5":{"name":"(anonymous_5)","decl":{"start":{"line":50,"column":36},"end":{"line":50,"column":37}},"loc":{"start":{"line":50,"column":60},"end":{"line":53,"column":5}},"line":50},"6":{"name":"(anonymous_6)","decl":{"start":{"line":61,"column":2},"end":{"line":61,"column":3}},"loc":{"start":{"line":61,"column":23},"end":{"line":63,"column":3}},"line":61},"7":{"name":"(anonymous_7)","decl":{"start":{"line":71,"column":2},"end":{"line":71,"column":3}},"loc":{"start":{"line":73,"column":5},"end":{"line":76,"column":3}},"line":73},"8":{"name":"(anonymous_8)","decl":{"start":{"line":81,"column":2},"end":{"line":81,"column":3}},"loc":{"start":{"line":81,"column":21},"end":{"line":83,"column":3}},"line":81}},"branchMap":{"0":{"loc":{"start":{"line":72,"column":4},"end":{"line":72,"column":17}},"type":"default-arg","locations":[{"start":{"line":72,"column":12},"end":{"line":72,"column":17}}],"line":72}},"s":{"0":16,"1":2,"2":2,"3":2,"4":1,"5":1,"6":1,"7":1,"8":1,"9":1,"10":1,"11":1,"12":1,"13":1,"14":1,"15":5,"16":5,"17":79},"f":{"0":2,"1":2,"2":1,"3":1,"4":1,"5":1,"6":1,"7":5,"8":79},"b":{"0":[1]},"inputSourceMap":null,"_coverageSchema":"1a1c01bbd47fc00a2c39e90264f33305004495a9","hash":"91b4bca67f7fdece37b7aa800a4ec9eb93cd1ea2"}
,"C:\\Users\\m.kikuzawa\\git\\quel\\src\\myname.js": {"path":"C:\\Users\\m.kikuzawa\\git\\quel\\src\\myname.js","statementMap":{"0":{"start":{"line":1,"column":13},"end":{"line":1,"column":19}}},"fnMap":{},"branchMap":{},"s":{"0":29},"f":{},"b":{},"inputSourceMap":null,"_coverageSchema":"1a1c01bbd47fc00a2c39e90264f33305004495a9","hash":"aad99c575cb04f53955c85bbb00794477ce310d1"}
,"C:\\Users\\m.kikuzawa\\git\\quel\\src\\types.js": {"path":"C:\\Users\\m.kikuzawa\\git\\quel\\src\\types.js","statementMap":{},"fnMap":{},"branchMap":{},"s":{},"f":{},"b":{},"inputSourceMap":null,"_coverageSchema":"1a1c01bbd47fc00a2c39e90264f33305004495a9","hash":"0919bf1b9ae3fb37b67a67b064bde72f5729542f"}
,"C:\\Users\\m.kikuzawa\\git\\quel\\src\\utils.js": {"path":"C:\\Users\\m.kikuzawa\\git\\quel\\src\\utils.js","statementMap":{"0":{"start":{"line":7,"column":4},"end":{"line":7,"column":29}},"1":{"start":{"line":15,"column":22},"end":{"line":19,"column":3}},"2":{"start":{"line":16,"column":21},"end":{"line":16,"column":46}},"3":{"start":{"line":17,"column":17},"end":{"line":17,"column":62}},"4":{"start":{"line":18,"column":4},"end":{"line":18,"column":61}},"5":{"start":{"line":27,"column":4},"end":{"line":28,"column":73}},"6":{"start":{"line":36,"column":23},"end":{"line":36,"column":183}},"7":{"start":{"line":36,"column":31},"end":{"line":36,"column":183}},"8":{"start":{"line":36,"column":132},"end":{"line":36,"column":175}}},"fnMap":{"0":{"name":"(anonymous_0)","decl":{"start":{"line":6,"column":2},"end":{"line":6,"column":3}},"loc":{"start":{"line":6,"column":24},"end":{"line":8,"column":3}},"line":6},"1":{"name":"(anonymous_1)","decl":{"start":{"line":15,"column":22},"end":{"line":15,"column":23}},"loc":{"start":{"line":15,"column":31},"end":{"line":19,"column":3}},"line":15},"2":{"name":"(anonymous_2)","decl":{"start":{"line":26,"column":2},"end":{"line":26,"column":3}},"loc":{"start":{"line":26,"column":37},"end":{"line":29,"column":3}},"line":26},"3":{"name":"(anonymous_3)","decl":{"start":{"line":36,"column":23},"end":{"line":36,"column":24}},"loc":{"start":{"line":36,"column":31},"end":{"line":36,"column":183}},"line":36},"4":{"name":"(anonymous_4)","decl":{"start":{"line":36,"column":110},"end":{"line":36,"column":111}},"loc":{"start":{"line":36,"column":132},"end":{"line":36,"column":175}},"line":36}},"branchMap":{"0":{"loc":{"start":{"line":18,"column":12},"end":{"line":18,"column":59}},"type":"binary-expr","locations":[{"start":{"line":18,"column":12},"end":{"line":18,"column":31}},{"start":{"line":18,"column":35},"end":{"line":18,"column":59}}],"line":18},"1":{"loc":{"start":{"line":27,"column":11},"end":{"line":28,"column":72}},"type":"binary-expr","locations":[{"start":{"line":27,"column":11},"end":{"line":27,"column":47}},{"start":{"line":27,"column":51},"end":{"line":27,"column":89}},{"start":{"line":28,"column":7},"end":{"line":28,"column":42}},{"start":{"line":28,"column":46},"end":{"line":28,"column":71}}],"line":27},"2":{"loc":{"start":{"line":36,"column":31},"end":{"line":36,"column":183}},"type":"cond-expr","locations":[{"start":{"line":36,"column":60},"end":{"line":36,"column":176}},{"start":{"line":36,"column":179},"end":{"line":36,"column":183}}],"line":36},"3":{"loc":{"start":{"line":36,"column":133},"end":{"line":36,"column":153}},"type":"cond-expr","locations":[{"start":{"line":36,"column":145},"end":{"line":36,"column":148}},{"start":{"line":36,"column":151},"end":{"line":36,"column":153}}],"line":36}},"s":{"0":31,"1":30,"2":8,"3":8,"4":8,"5":5,"6":30,"7":12,"8":5},"f":{"0":31,"1":8,"2":5,"3":12,"4":5},"b":{"0":[8,3],"1":[5,4,3,2],"2":[11,1],"3":[2,3]},"inputSourceMap":null,"_coverageSchema":"1a1c01bbd47fc00a2c39e90264f33305004495a9","hash":"219f6e5a446ebe4861d552be215b64d84fb4c49f"}
,"C:\\Users\\m.kikuzawa\\git\\quel\\src\\bindInfo\\BindInfo.js": {"path":"C:\\Users\\m.kikuzawa\\git\\quel\\src\\bindInfo\\BindInfo.js","statementMap":{"0":{"start":{"line":12,"column":4},"end":{"line":12,"column":22}},"1":{"start":{"line":15,"column":4},"end":{"line":15,"column":22}},"2":{"start":{"line":21,"column":4},"end":{"line":21,"column":91}},"3":{"start":{"line":28,"column":4},"end":{"line":28,"column":30}},"4":{"start":{"line":31,"column":4},"end":{"line":31,"column":31}},"5":{"start":{"line":39,"column":4},"end":{"line":39,"column":38}},"6":{"start":{"line":42,"column":4},"end":{"line":42,"column":39}},"7":{"start":{"line":58,"column":4},"end":{"line":58,"column":35}},"8":{"start":{"line":61,"column":4},"end":{"line":61,"column":36}},"9":{"start":{"line":63,"column":4},"end":{"line":63,"column":44}},"10":{"start":{"line":64,"column":4},"end":{"line":64,"column":37}},"11":{"start":{"line":65,"column":4},"end":{"line":65,"column":35}},"12":{"start":{"line":66,"column":4},"end":{"line":66,"column":35}},"13":{"start":{"line":67,"column":4},"end":{"line":67,"column":30}},"14":{"start":{"line":68,"column":4},"end":{"line":68,"column":36}},"15":{"start":{"line":69,"column":4},"end":{"line":69,"column":43}},"16":{"start":{"line":76,"column":4},"end":{"line":78,"column":5}},"17":{"start":{"line":77,"column":6},"end":{"line":77,"column":81}},"18":{"start":{"line":79,"column":4},"end":{"line":79,"column":39}},"19":{"start":{"line":86,"column":4},"end":{"line":90,"column":5}},"20":{"start":{"line":87,"column":6},"end":{"line":89,"column":7}},"21":{"start":{"line":88,"column":8},"end":{"line":88,"column":73}},"22":{"start":{"line":91,"column":4},"end":{"line":91,"column":30}},"23":{"start":{"line":98,"column":4},"end":{"line":100,"column":5}},"24":{"start":{"line":99,"column":6},"end":{"line":99,"column":92}},"25":{"start":{"line":101,"column":4},"end":{"line":101,"column":32}},"26":{"start":{"line":110,"column":4},"end":{"line":115,"column":5}},"27":{"start":{"line":111,"column":23},"end":{"line":111,"column":49}},"28":{"start":{"line":112,"column":6},"end":{"line":114,"column":7}},"29":{"start":{"line":113,"column":8},"end":{"line":113,"column":122}},"30":{"start":{"line":113,"column":62},"end":{"line":113,"column":120}},"31":{"start":{"line":116,"column":4},"end":{"line":116,"column":30}},"32":{"start":{"line":124,"column":4},"end":{"line":126,"column":5}},"33":{"start":{"line":125,"column":6},"end":{"line":125,"column":55}},"34":{"start":{"line":127,"column":4},"end":{"line":127,"column":25}},"35":{"start":{"line":139,"column":4},"end":{"line":141,"column":5}},"36":{"start":{"line":140,"column":6},"end":{"line":140,"column":52}},"37":{"start":{"line":142,"column":4},"end":{"line":142,"column":31}},"38":{"start":{"line":149,"column":4},"end":{"line":151,"column":5}},"39":{"start":{"line":150,"column":6},"end":{"line":150,"column":86}},"40":{"start":{"line":152,"column":4},"end":{"line":152,"column":38}},"41":{"start":{"line":158,"column":4},"end":{"line":158,"column":32}},"42":{"start":{"line":180,"column":4},"end":{"line":182,"column":80}},"43":{"start":{"line":190,"column":4},"end":{"line":192,"column":5}},"44":{"start":{"line":191,"column":6},"end":{"line":191,"column":87}}},"fnMap":{"0":{"name":"(anonymous_0)","decl":{"start":{"line":11,"column":2},"end":{"line":11,"column":3}},"loc":{"start":{"line":11,"column":13},"end":{"line":13,"column":3}},"line":11},"1":{"name":"(anonymous_1)","decl":{"start":{"line":14,"column":2},"end":{"line":14,"column":3}},"loc":{"start":{"line":14,"column":17},"end":{"line":16,"column":3}},"line":14},"2":{"name":"(anonymous_2)","decl":{"start":{"line":20,"column":2},"end":{"line":20,"column":3}},"loc":{"start":{"line":20,"column":16},"end":{"line":22,"column":3}},"line":20},"3":{"name":"(anonymous_3)","decl":{"start":{"line":27,"column":2},"end":{"line":27,"column":3}},"loc":{"start":{"line":27,"column":21},"end":{"line":29,"column":3}},"line":27},"4":{"name":"(anonymous_4)","decl":{"start":{"line":30,"column":2},"end":{"line":30,"column":3}},"loc":{"start":{"line":30,"column":26},"end":{"line":32,"column":3}},"line":30},"5":{"name":"(anonymous_5)","decl":{"start":{"line":38,"column":2},"end":{"line":38,"column":3}},"loc":{"start":{"line":38,"column":29},"end":{"line":40,"column":3}},"line":38},"6":{"name":"(anonymous_6)","decl":{"start":{"line":41,"column":2},"end":{"line":41,"column":3}},"loc":{"start":{"line":41,"column":34},"end":{"line":43,"column":3}},"line":41},"7":{"name":"(anonymous_7)","decl":{"start":{"line":57,"column":2},"end":{"line":57,"column":3}},"loc":{"start":{"line":57,"column":26},"end":{"line":59,"column":3}},"line":57},"8":{"name":"(anonymous_8)","decl":{"start":{"line":60,"column":2},"end":{"line":60,"column":3}},"loc":{"start":{"line":60,"column":31},"end":{"line":70,"column":3}},"line":60},"9":{"name":"(anonymous_9)","decl":{"start":{"line":75,"column":2},"end":{"line":75,"column":3}},"loc":{"start":{"line":75,"column":30},"end":{"line":80,"column":3}},"line":75},"10":{"name":"(anonymous_10)","decl":{"start":{"line":85,"column":2},"end":{"line":85,"column":3}},"loc":{"start":{"line":85,"column":21},"end":{"line":92,"column":3}},"line":85},"11":{"name":"(anonymous_11)","decl":{"start":{"line":97,"column":2},"end":{"line":97,"column":3}},"loc":{"start":{"line":97,"column":23},"end":{"line":102,"column":3}},"line":97},"12":{"name":"(anonymous_12)","decl":{"start":{"line":109,"column":2},"end":{"line":109,"column":3}},"loc":{"start":{"line":109,"column":21},"end":{"line":117,"column":3}},"line":109},"13":{"name":"(anonymous_13)","decl":{"start":{"line":113,"column":53},"end":{"line":113,"column":54}},"loc":{"start":{"line":113,"column":62},"end":{"line":113,"column":120}},"line":113},"14":{"name":"(anonymous_14)","decl":{"start":{"line":123,"column":2},"end":{"line":123,"column":3}},"loc":{"start":{"line":123,"column":16},"end":{"line":128,"column":3}},"line":123},"15":{"name":"(anonymous_15)","decl":{"start":{"line":129,"column":2},"end":{"line":129,"column":3}},"loc":{"start":{"line":129,"column":21},"end":{"line":133,"column":3}},"line":129},"16":{"name":"(anonymous_16)","decl":{"start":{"line":138,"column":2},"end":{"line":138,"column":3}},"loc":{"start":{"line":138,"column":22},"end":{"line":143,"column":3}},"line":138},"17":{"name":"(anonymous_17)","decl":{"start":{"line":148,"column":2},"end":{"line":148,"column":3}},"loc":{"start":{"line":148,"column":29},"end":{"line":153,"column":3}},"line":148},"18":{"name":"(anonymous_18)","decl":{"start":{"line":157,"column":2},"end":{"line":157,"column":3}},"loc":{"start":{"line":157,"column":23},"end":{"line":159,"column":3}},"line":157},"19":{"name":"(anonymous_19)","decl":{"start":{"line":179,"column":2},"end":{"line":179,"column":3}},"loc":{"start":{"line":179,"column":22},"end":{"line":183,"column":3}},"line":179},"20":{"name":"(anonymous_20)","decl":{"start":{"line":189,"column":2},"end":{"line":189,"column":3}},"loc":{"start":{"line":189,"column":27},"end":{"line":193,"column":3}},"line":189},"21":{"name":"(anonymous_21)","decl":{"start":{"line":198,"column":2},"end":{"line":198,"column":3}},"loc":{"start":{"line":198,"column":15},"end":{"line":198,"column":17}},"line":198},"22":{"name":"(anonymous_22)","decl":{"start":{"line":203,"column":2},"end":{"line":203,"column":3}},"loc":{"start":{"line":203,"column":20},"end":{"line":203,"column":22}},"line":203},"23":{"name":"(anonymous_23)","decl":{"start":{"line":210,"column":2},"end":{"line":210,"column":3}},"loc":{"start":{"line":210,"column":32},"end":{"line":211,"column":3}},"line":210},"24":{"name":"(anonymous_24)","decl":{"start":{"line":216,"column":2},"end":{"line":216,"column":3}},"loc":{"start":{"line":216,"column":21},"end":{"line":216,"column":24}},"line":216}},"branchMap":{"0":{"loc":{"start":{"line":21,"column":11},"end":{"line":21,"column":90}},"type":"cond-expr","locations":[{"start":{"line":21,"column":48},"end":{"line":21,"column":57}},{"start":{"line":21,"column":60},"end":{"line":21,"column":90}}],"line":21},"1":{"loc":{"start":{"line":76,"column":4},"end":{"line":78,"column":5}},"type":"if","locations":[{"start":{"line":76,"column":4},"end":{"line":78,"column":5}},{"start":{},"end":{}}],"line":76},"2":{"loc":{"start":{"line":86,"column":4},"end":{"line":90,"column":5}},"type":"if","locations":[{"start":{"line":86,"column":4},"end":{"line":90,"column":5}},{"start":{},"end":{}}],"line":86},"3":{"loc":{"start":{"line":87,"column":6},"end":{"line":89,"column":7}},"type":"if","locations":[{"start":{"line":87,"column":6},"end":{"line":89,"column":7}},{"start":{},"end":{}}],"line":87},"4":{"loc":{"start":{"line":98,"column":4},"end":{"line":100,"column":5}},"type":"if","locations":[{"start":{"line":98,"column":4},"end":{"line":100,"column":5}},{"start":{},"end":{}}],"line":98},"5":{"loc":{"start":{"line":99,"column":29},"end":{"line":99,"column":91}},"type":"cond-expr","locations":[{"start":{"line":99,"column":79},"end":{"line":99,"column":83}},{"start":{"line":99,"column":86},"end":{"line":99,"column":91}}],"line":99},"6":{"loc":{"start":{"line":110,"column":4},"end":{"line":115,"column":5}},"type":"if","locations":[{"start":{"line":110,"column":4},"end":{"line":115,"column":5}},{"start":{},"end":{}}],"line":110},"7":{"loc":{"start":{"line":112,"column":6},"end":{"line":114,"column":7}},"type":"if","locations":[{"start":{"line":112,"column":6},"end":{"line":114,"column":7}},{"start":{},"end":{}}],"line":112},"8":{"loc":{"start":{"line":124,"column":4},"end":{"line":126,"column":5}},"type":"if","locations":[{"start":{"line":124,"column":4},"end":{"line":126,"column":5}},{"start":{},"end":{}}],"line":124},"9":{"loc":{"start":{"line":125,"column":22},"end":{"line":125,"column":54}},"type":"binary-expr","locations":[{"start":{"line":125,"column":22},"end":{"line":125,"column":48}},{"start":{"line":125,"column":52},"end":{"line":125,"column":54}}],"line":125},"10":{"loc":{"start":{"line":139,"column":4},"end":{"line":141,"column":5}},"type":"if","locations":[{"start":{"line":139,"column":4},"end":{"line":141,"column":5}},{"start":{},"end":{}}],"line":139},"11":{"loc":{"start":{"line":149,"column":4},"end":{"line":151,"column":5}},"type":"if","locations":[{"start":{"line":149,"column":4},"end":{"line":151,"column":5}},{"start":{},"end":{}}],"line":149},"12":{"loc":{"start":{"line":180,"column":11},"end":{"line":182,"column":79}},"type":"cond-expr","locations":[{"start":{"line":181,"column":6},"end":{"line":181,"column":44}},{"start":{"line":182,"column":6},"end":{"line":182,"column":79}}],"line":180},"13":{"loc":{"start":{"line":190,"column":4},"end":{"line":192,"column":5}},"type":"if","locations":[{"start":{"line":190,"column":4},"end":{"line":192,"column":5}},{"start":{},"end":{}}],"line":190}},"s":{"0":555,"1":200,"2":71,"3":527,"4":195,"5":121,"6":174,"7":901,"8":213,"9":213,"10":213,"11":213,"12":213,"13":213,"14":213,"15":213,"16":579,"17":204,"18":579,"19":72,"20":71,"21":6,"22":72,"23":440,"24":171,"25":440,"26":312,"27":276,"28":276,"29":72,"30":137,"31":312,"32":555,"33":184,"34":555,"35":157,"36":90,"37":157,"38":127,"39":90,"40":127,"41":108,"42":280,"43":22,"44":21},"f":{"0":555,"1":200,"2":71,"3":527,"4":195,"5":121,"6":174,"7":901,"8":213,"9":579,"10":72,"11":440,"12":312,"13":137,"14":555,"15":1,"16":157,"17":127,"18":108,"19":280,"20":22,"21":64,"22":1,"23":55,"24":9},"b":{"0":[61,10],"1":[204,375],"2":[71,1],"3":[6,65],"4":[171,269],"5":[7,164],"6":[276,36],"7":[72,204],"8":[184,371],"9":[184,117],"10":[90,67],"11":[90,37],"12":[4,276],"13":[21,1]},"inputSourceMap":null,"_coverageSchema":"1a1c01bbd47fc00a2c39e90264f33305004495a9","hash":"855b43a542c58d960fbe05117598f3dcd8ac0e37"}
,"C:\\Users\\m.kikuzawa\\git\\quel\\src\\bindInfo\\Binds.js": {"path":"C:\\Users\\m.kikuzawa\\git\\quel\\src\\bindInfo\\Binds.js","statementMap":{"0":{"start":{"line":3,"column":19},"end":{"line":3,"column":72}},"1":{"start":{"line":3,"column":27},"end":{"line":3,"column":72}},"2":{"start":{"line":13,"column":26},"end":{"line":13,"column":28}},"3":{"start":{"line":14,"column":18},"end":{"line":14,"column":56}},"4":{"start":{"line":15,"column":4},"end":{"line":43,"column":5}},"5":{"start":{"line":16,"column":19},"end":{"line":16,"column":42}},"6":{"start":{"line":17,"column":6},"end":{"line":17,"column":19}},"7":{"start":{"line":18,"column":6},"end":{"line":42,"column":7}},"8":{"start":{"line":19,"column":8},"end":{"line":32,"column":9}},"9":{"start":{"line":20,"column":27},"end":{"line":20,"column":61}},"10":{"start":{"line":21,"column":10},"end":{"line":29,"column":11}},"11":{"start":{"line":22,"column":12},"end":{"line":28,"column":13}},"12":{"start":{"line":23,"column":14},"end":{"line":23,"column":43}},"13":{"start":{"line":25,"column":14},"end":{"line":27,"column":15}},"14":{"start":{"line":26,"column":16},"end":{"line":26,"column":89}},"15":{"start":{"line":31,"column":10},"end":{"line":31,"column":22}},"16":{"start":{"line":34,"column":8},"end":{"line":41,"column":9}},"17":{"start":{"line":35,"column":24},"end":{"line":35,"column":49}},"18":{"start":{"line":36,"column":10},"end":{"line":38,"column":11}},"19":{"start":{"line":37,"column":12},"end":{"line":37,"column":71}},"20":{"start":{"line":40,"column":10},"end":{"line":40,"column":22}},"21":{"start":{"line":45,"column":4},"end":{"line":45,"column":25}},"22":{"start":{"line":58,"column":26},"end":{"line":58,"column":98}},"23":{"start":{"line":59,"column":4},"end":{"line":63,"column":5}},"24":{"start":{"line":60,"column":6},"end":{"line":62,"column":7}},"25":{"start":{"line":61,"column":8},"end":{"line":61,"column":34}},"26":{"start":{"line":69,"column":23},"end":{"line":76,"column":5}},"27":{"start":{"line":70,"column":6},"end":{"line":75,"column":9}},"28":{"start":{"line":71,"column":8},"end":{"line":73,"column":9}},"29":{"start":{"line":72,"column":10},"end":{"line":72,"column":28}},"30":{"start":{"line":74,"column":8},"end":{"line":74,"column":100}},"31":{"start":{"line":74,"column":68},"end":{"line":74,"column":99}},"32":{"start":{"line":77,"column":4},"end":{"line":77,"column":22}}},"fnMap":{"0":{"name":"(anonymous_0)","decl":{"start":{"line":3,"column":19},"end":{"line":3,"column":20}},"loc":{"start":{"line":3,"column":27},"end":{"line":3,"column":72}},"line":3},"1":{"name":"(anonymous_1)","decl":{"start":{"line":12,"column":2},"end":{"line":12,"column":3}},"loc":{"start":{"line":12,"column":43},"end":{"line":46,"column":3}},"line":12},"2":{"name":"(anonymous_2)","decl":{"start":{"line":53,"column":2},"end":{"line":53,"column":3}},"loc":{"start":{"line":53,"column":63},"end":{"line":78,"column":3}},"line":53},"3":{"name":"(anonymous_3)","decl":{"start":{"line":69,"column":23},"end":{"line":69,"column":24}},"loc":{"start":{"line":69,"column":34},"end":{"line":76,"column":5}},"line":69},"4":{"name":"(anonymous_4)","decl":{"start":{"line":70,"column":20},"end":{"line":70,"column":21}},"loc":{"start":{"line":70,"column":28},"end":{"line":75,"column":7}},"line":70},"5":{"name":"(anonymous_5)","decl":{"start":{"line":74,"column":51},"end":{"line":74,"column":52}},"loc":{"start":{"line":74,"column":68},"end":{"line":74,"column":99}},"line":74}},"branchMap":{"0":{"loc":{"start":{"line":3,"column":27},"end":{"line":3,"column":72}},"type":"cond-expr","locations":[{"start":{"line":3,"column":56},"end":{"line":3,"column":60}},{"start":{"line":3,"column":63},"end":{"line":3,"column":72}}],"line":3},"1":{"loc":{"start":{"line":18,"column":6},"end":{"line":42,"column":7}},"type":"if","locations":[{"start":{"line":18,"column":6},"end":{"line":42,"column":7}},{"start":{"line":33,"column":13},"end":{"line":42,"column":7}}],"line":18},"2":{"loc":{"start":{"line":19,"column":8},"end":{"line":32,"column":9}},"type":"if","locations":[{"start":{"line":19,"column":8},"end":{"line":32,"column":9}},{"start":{"line":30,"column":15},"end":{"line":32,"column":9}}],"line":19},"3":{"loc":{"start":{"line":21,"column":10},"end":{"line":29,"column":11}},"type":"if","locations":[{"start":{"line":21,"column":10},"end":{"line":29,"column":11}},{"start":{},"end":{}}],"line":21},"4":{"loc":{"start":{"line":22,"column":12},"end":{"line":28,"column":13}},"type":"if","locations":[{"start":{"line":22,"column":12},"end":{"line":28,"column":13}},{"start":{"line":24,"column":19},"end":{"line":28,"column":13}}],"line":22},"5":{"loc":{"start":{"line":25,"column":14},"end":{"line":27,"column":15}},"type":"if","locations":[{"start":{"line":25,"column":14},"end":{"line":27,"column":15}},{"start":{},"end":{}}],"line":25},"6":{"loc":{"start":{"line":34,"column":8},"end":{"line":41,"column":9}},"type":"if","locations":[{"start":{"line":34,"column":8},"end":{"line":41,"column":9}},{"start":{"line":39,"column":15},"end":{"line":41,"column":9}}],"line":34},"7":{"loc":{"start":{"line":36,"column":10},"end":{"line":38,"column":11}},"type":"if","locations":[{"start":{"line":36,"column":10},"end":{"line":38,"column":11}},{"start":{},"end":{}}],"line":36},"8":{"loc":{"start":{"line":59,"column":4},"end":{"line":63,"column":5}},"type":"if","locations":[{"start":{"line":59,"column":4},"end":{"line":63,"column":5}},{"start":{},"end":{}}],"line":59},"9":{"loc":{"start":{"line":71,"column":8},"end":{"line":73,"column":9}},"type":"if","locations":[{"start":{"line":71,"column":8},"end":{"line":73,"column":9}},{"start":{},"end":{}}],"line":71},"10":{"loc":{"start":{"line":71,"column":12},"end":{"line":71,"column":104}},"type":"binary-expr","locations":[{"start":{"line":71,"column":12},"end":{"line":71,"column":36}},{"start":{"line":71,"column":40},"end":{"line":71,"column":104}}],"line":71}},"s":{"0":17,"1":85,"2":12,"3":12,"4":12,"5":139,"6":139,"7":139,"8":88,"9":45,"10":45,"11":21,"12":3,"13":18,"14":17,"15":43,"16":51,"17":34,"18":34,"19":31,"20":17,"21":12,"22":8,"23":8,"24":1,"25":1,"26":8,"27":40,"28":40,"29":2,"30":40,"31":32,"32":8},"f":{"0":85,"1":12,"2":8,"3":40,"4":40,"5":32},"b":{"0":[37,48],"1":[88,51],"2":[45,43],"3":[21,24],"4":[3,18],"5":[17,1],"6":[34,17],"7":[31,3],"8":[1,7],"9":[2,38],"10":[40,39]},"inputSourceMap":null,"_coverageSchema":"1a1c01bbd47fc00a2c39e90264f33305004495a9","hash":"47ba0f1f737c75d37a92700af6ae5ae9ab7ce372"}
,"C:\\Users\\m.kikuzawa\\git\\quel\\src\\bindInfo\\Checkbox.js": {"path":"C:\\Users\\m.kikuzawa\\git\\quel\\src\\bindInfo\\Checkbox.js","statementMap":{"0":{"start":{"line":6,"column":27},"end":{"line":6,"column":92}},"1":{"start":{"line":6,"column":35},"end":{"line":6,"column":92}},"2":{"start":{"line":13,"column":72},"end":{"line":13,"column":76}},"3":{"start":{"line":14,"column":21},"end":{"line":14,"column":45}},"4":{"start":{"line":15,"column":18},"end":{"line":15,"column":74}},"5":{"start":{"line":16,"column":4},"end":{"line":21,"column":5}},"6":{"start":{"line":17,"column":6},"end":{"line":19,"column":10}},"7":{"start":{"line":18,"column":8},"end":{"line":18,"column":73}},"8":{"start":{"line":18,"column":47},"end":{"line":18,"column":71}},"9":{"start":{"line":20,"column":6},"end":{"line":20,"column":38}},"10":{"start":{"line":28,"column":28},"end":{"line":28,"column":32}},"11":{"start":{"line":29,"column":21},"end":{"line":29,"column":45}},"12":{"start":{"line":30,"column":26},"end":{"line":30,"column":71}},"13":{"start":{"line":31,"column":23},"end":{"line":31,"column":56}},"14":{"start":{"line":32,"column":4},"end":{"line":32,"column":90}},"15":{"start":{"line":33,"column":18},"end":{"line":33,"column":40}},"16":{"start":{"line":34,"column":4},"end":{"line":34,"column":34}},"17":{"start":{"line":35,"column":4},"end":{"line":35,"column":36}}},"fnMap":{"0":{"name":"(anonymous_0)","decl":{"start":{"line":6,"column":27},"end":{"line":6,"column":28}},"loc":{"start":{"line":6,"column":35},"end":{"line":6,"column":92}},"line":6},"1":{"name":"(anonymous_1)","decl":{"start":{"line":12,"column":2},"end":{"line":12,"column":3}},"loc":{"start":{"line":12,"column":15},"end":{"line":22,"column":3}},"line":12},"2":{"name":"(anonymous_2)","decl":{"start":{"line":17,"column":106},"end":{"line":17,"column":107}},"loc":{"start":{"line":17,"column":112},"end":{"line":19,"column":7}},"line":17},"3":{"name":"(anonymous_3)","decl":{"start":{"line":18,"column":38},"end":{"line":18,"column":39}},"loc":{"start":{"line":18,"column":47},"end":{"line":18,"column":71}},"line":18},"4":{"name":"(anonymous_4)","decl":{"start":{"line":27,"column":2},"end":{"line":27,"column":3}},"loc":{"start":{"line":27,"column":20},"end":{"line":36,"column":3}},"line":27}},"branchMap":{"0":{"loc":{"start":{"line":6,"column":35},"end":{"line":6,"column":92}},"type":"cond-expr","locations":[{"start":{"line":6,"column":72},"end":{"line":6,"column":76}},{"start":{"line":6,"column":79},"end":{"line":6,"column":92}}],"line":6},"1":{"loc":{"start":{"line":16,"column":4},"end":{"line":21,"column":5}},"type":"if","locations":[{"start":{"line":16,"column":4},"end":{"line":21,"column":5}},{"start":{},"end":{}}],"line":16},"2":{"loc":{"start":{"line":32,"column":4},"end":{"line":32,"column":89}},"type":"cond-expr","locations":[{"start":{"line":32,"column":25},"end":{"line":32,"column":54}},{"start":{"line":32,"column":57},"end":{"line":32,"column":89}}],"line":32}},"s":{"0":20,"1":7,"2":4,"3":4,"4":3,"5":3,"6":2,"7":2,"8":1,"9":2,"10":3,"11":3,"12":2,"13":2,"14":2,"15":2,"16":2,"17":2},"f":{"0":7,"1":4,"2":2,"3":1,"4":3},"b":{"0":[5,2],"1":[2,1],"2":[1,1]},"inputSourceMap":null,"_coverageSchema":"1a1c01bbd47fc00a2c39e90264f33305004495a9","hash":"48f5fb06782313fca14b84e914ae32df022ac86e"}
,"C:\\Users\\m.kikuzawa\\git\\quel\\src\\bindInfo\\ClassName.js": {"path":"C:\\Users\\m.kikuzawa\\git\\quel\\src\\bindInfo\\ClassName.js","statementMap":{"0":{"start":{"line":12,"column":22},"end":{"line":12,"column":99}},"1":{"start":{"line":12,"column":30},"end":{"line":12,"column":99}},"2":{"start":{"line":19,"column":4},"end":{"line":19,"column":40}},"3":{"start":{"line":26,"column":83},"end":{"line":26,"column":87}},"4":{"start":{"line":27,"column":20},"end":{"line":27,"column":39}},"5":{"start":{"line":28,"column":18},"end":{"line":28,"column":74}},"6":{"start":{"line":29,"column":4},"end":{"line":34,"column":5}},"7":{"start":{"line":30,"column":6},"end":{"line":32,"column":10}},"8":{"start":{"line":31,"column":8},"end":{"line":31,"column":87}},"9":{"start":{"line":33,"column":6},"end":{"line":33,"column":38}},"10":{"start":{"line":41,"column":39},"end":{"line":41,"column":43}},"11":{"start":{"line":42,"column":20},"end":{"line":42,"column":39}},"12":{"start":{"line":43,"column":18},"end":{"line":43,"column":86}},"13":{"start":{"line":44,"column":4},"end":{"line":44,"column":34}},"14":{"start":{"line":45,"column":4},"end":{"line":45,"column":36}}},"fnMap":{"0":{"name":"(anonymous_0)","decl":{"start":{"line":12,"column":22},"end":{"line":12,"column":23}},"loc":{"start":{"line":12,"column":30},"end":{"line":12,"column":99}},"line":12},"1":{"name":"(anonymous_1)","decl":{"start":{"line":18,"column":2},"end":{"line":18,"column":3}},"loc":{"start":{"line":18,"column":18},"end":{"line":20,"column":3}},"line":18},"2":{"name":"(anonymous_2)","decl":{"start":{"line":25,"column":2},"end":{"line":25,"column":3}},"loc":{"start":{"line":25,"column":15},"end":{"line":35,"column":3}},"line":25},"3":{"name":"(anonymous_3)","decl":{"start":{"line":30,"column":106},"end":{"line":30,"column":107}},"loc":{"start":{"line":30,"column":112},"end":{"line":32,"column":7}},"line":30},"4":{"name":"(anonymous_4)","decl":{"start":{"line":40,"column":2},"end":{"line":40,"column":3}},"loc":{"start":{"line":40,"column":20},"end":{"line":46,"column":3}},"line":40}},"branchMap":{"0":{"loc":{"start":{"line":12,"column":30},"end":{"line":12,"column":99}},"type":"cond-expr","locations":[{"start":{"line":12,"column":62},"end":{"line":12,"column":66}},{"start":{"line":12,"column":69},"end":{"line":12,"column":99}}],"line":12},"1":{"loc":{"start":{"line":29,"column":4},"end":{"line":34,"column":5}},"type":"if","locations":[{"start":{"line":29,"column":4},"end":{"line":34,"column":5}},{"start":{},"end":{}}],"line":29},"2":{"loc":{"start":{"line":31,"column":8},"end":{"line":31,"column":86}},"type":"cond-expr","locations":[{"start":{"line":31,"column":16},"end":{"line":31,"column":48}},{"start":{"line":31,"column":51},"end":{"line":31,"column":86}}],"line":31}},"s":{"0":20,"1":10,"2":11,"3":6,"4":6,"5":5,"6":5,"7":3,"8":3,"9":3,"10":4,"11":4,"12":3,"13":3,"14":3},"f":{"0":10,"1":11,"2":6,"3":3,"4":4},"b":{"0":[8,2],"1":[3,2],"2":[1,2]},"inputSourceMap":null,"_coverageSchema":"1a1c01bbd47fc00a2c39e90264f33305004495a9","hash":"703ad2730b0a18b997484bf6fe5393e5134e208a"}
,"C:\\Users\\m.kikuzawa\\git\\quel\\src\\bindInfo\\Component.js": {"path":"C:\\Users\\m.kikuzawa\\git\\quel\\src\\bindInfo\\Component.js","statementMap":{"0":{"start":{"line":11,"column":20},"end":{"line":11,"column":93}},"1":{"start":{"line":11,"column":28},"end":{"line":11,"column":93}},"2":{"start":{"line":18,"column":4},"end":{"line":18,"column":22}},"3":{"start":{"line":21,"column":4},"end":{"line":21,"column":43}},"4":{"start":{"line":22,"column":4},"end":{"line":22,"column":22}},"5":{"start":{"line":25,"column":4},"end":{"line":25,"column":111}},"6":{"start":{"line":31,"column":4},"end":{"line":31,"column":35}},"7":{"start":{"line":34,"column":4},"end":{"line":34,"column":36}},"8":{"start":{"line":35,"column":4},"end":{"line":37,"column":5}},"9":{"start":{"line":36,"column":6},"end":{"line":36,"column":26}},"10":{"start":{"line":43,"column":4},"end":{"line":43,"column":38}},"11":{"start":{"line":46,"column":4},"end":{"line":46,"column":39}},"12":{"start":{"line":47,"column":4},"end":{"line":49,"column":5}},"13":{"start":{"line":48,"column":6},"end":{"line":48,"column":26}},"14":{"start":{"line":55,"column":4},"end":{"line":55,"column":40}},"15":{"start":{"line":61,"column":4},"end":{"line":61,"column":40}},"16":{"start":{"line":66,"column":4},"end":{"line":66,"column":31}},"17":{"start":{"line":69,"column":4},"end":{"line":69,"column":32}},"18":{"start":{"line":76,"column":4},"end":{"line":76,"column":107}},"19":{"start":{"line":83,"column":35},"end":{"line":83,"column":39}},"20":{"start":{"line":84,"column":4},"end":{"line":84,"column":98}}},"fnMap":{"0":{"name":"(anonymous_0)","decl":{"start":{"line":11,"column":20},"end":{"line":11,"column":21}},"loc":{"start":{"line":11,"column":28},"end":{"line":11,"column":93}},"line":11},"1":{"name":"(anonymous_1)","decl":{"start":{"line":17,"column":2},"end":{"line":17,"column":3}},"loc":{"start":{"line":17,"column":13},"end":{"line":19,"column":3}},"line":17},"2":{"name":"(anonymous_2)","decl":{"start":{"line":20,"column":2},"end":{"line":20,"column":3}},"loc":{"start":{"line":20,"column":17},"end":{"line":23,"column":3}},"line":20},"3":{"name":"(anonymous_3)","decl":{"start":{"line":30,"column":2},"end":{"line":30,"column":3}},"loc":{"start":{"line":30,"column":26},"end":{"line":32,"column":3}},"line":30},"4":{"name":"(anonymous_4)","decl":{"start":{"line":33,"column":2},"end":{"line":33,"column":3}},"loc":{"start":{"line":33,"column":31},"end":{"line":38,"column":3}},"line":33},"5":{"name":"(anonymous_5)","decl":{"start":{"line":42,"column":2},"end":{"line":42,"column":3}},"loc":{"start":{"line":42,"column":29},"end":{"line":44,"column":3}},"line":42},"6":{"name":"(anonymous_6)","decl":{"start":{"line":45,"column":2},"end":{"line":45,"column":3}},"loc":{"start":{"line":45,"column":34},"end":{"line":50,"column":3}},"line":45},"7":{"name":"(anonymous_7)","decl":{"start":{"line":54,"column":2},"end":{"line":54,"column":3}},"loc":{"start":{"line":54,"column":25},"end":{"line":56,"column":3}},"line":54},"8":{"name":"(anonymous_8)","decl":{"start":{"line":60,"column":2},"end":{"line":60,"column":3}},"loc":{"start":{"line":60,"column":21},"end":{"line":62,"column":3}},"line":60},"9":{"name":"(anonymous_9)","decl":{"start":{"line":65,"column":2},"end":{"line":65,"column":3}},"loc":{"start":{"line":65,"column":22},"end":{"line":67,"column":3}},"line":65},"10":{"name":"(anonymous_10)","decl":{"start":{"line":68,"column":2},"end":{"line":68,"column":3}},"loc":{"start":{"line":68,"column":27},"end":{"line":70,"column":3}},"line":68},"11":{"name":"(anonymous_11)","decl":{"start":{"line":75,"column":2},"end":{"line":75,"column":3}},"loc":{"start":{"line":75,"column":17},"end":{"line":77,"column":3}},"line":75},"12":{"name":"(anonymous_12)","decl":{"start":{"line":82,"column":2},"end":{"line":82,"column":3}},"loc":{"start":{"line":82,"column":15},"end":{"line":85,"column":3}},"line":82},"13":{"name":"(anonymous_13)","decl":{"start":{"line":87,"column":2},"end":{"line":87,"column":3}},"loc":{"start":{"line":87,"column":20},"end":{"line":88,"column":3}},"line":87}},"branchMap":{"0":{"loc":{"start":{"line":11,"column":28},"end":{"line":11,"column":93}},"type":"cond-expr","locations":[{"start":{"line":11,"column":58},"end":{"line":11,"column":62}},{"start":{"line":11,"column":65},"end":{"line":11,"column":93}}],"line":11},"1":{"loc":{"start":{"line":25,"column":12},"end":{"line":25,"column":109}},"type":"binary-expr","locations":[{"start":{"line":25,"column":12},"end":{"line":25,"column":57}},{"start":{"line":25,"column":61},"end":{"line":25,"column":109}}],"line":25},"2":{"loc":{"start":{"line":35,"column":4},"end":{"line":37,"column":5}},"type":"if","locations":[{"start":{"line":35,"column":4},"end":{"line":37,"column":5}},{"start":{},"end":{}}],"line":35},"3":{"loc":{"start":{"line":47,"column":4},"end":{"line":49,"column":5}},"type":"if","locations":[{"start":{"line":47,"column":4},"end":{"line":49,"column":5}},{"start":{},"end":{}}],"line":47}},"s":{"0":19,"1":4,"2":5,"3":4,"4":3,"5":6,"6":15,"7":3,"8":3,"9":1,"10":13,"11":3,"12":3,"13":2,"14":1,"15":5,"16":4,"17":3,"18":3,"19":1,"20":1},"f":{"0":4,"1":5,"2":4,"3":15,"4":3,"5":13,"6":3,"7":1,"8":5,"9":4,"10":3,"11":3,"12":1,"13":1},"b":{"0":[3,1],"1":[6,5],"2":[1,2],"3":[2,1]},"inputSourceMap":null,"_coverageSchema":"1a1c01bbd47fc00a2c39e90264f33305004495a9","hash":"fbce517772d11c2693c40118c6e8d01395db85b4"}
,"C:\\Users\\m.kikuzawa\\git\\quel\\src\\bindInfo\\Event.js": {"path":"C:\\Users\\m.kikuzawa\\git\\quel\\src\\bindInfo\\Event.js","statementMap":{"0":{"start":{"line":12,"column":4},"end":{"line":12,"column":27}},"1":{"start":{"line":15,"column":4},"end":{"line":15,"column":28}},"2":{"start":{"line":21,"column":74},"end":{"line":21,"column":78}},"3":{"start":{"line":22,"column":4},"end":{"line":29,"column":7}},"4":{"start":{"line":23,"column":6},"end":{"line":23,"column":30}},"5":{"start":{"line":24,"column":22},"end":{"line":24,"column":34}},"6":{"start":{"line":25,"column":22},"end":{"line":27,"column":7}},"7":{"start":{"line":28,"column":6},"end":{"line":28,"column":47}}},"fnMap":{"0":{"name":"(anonymous_0)","decl":{"start":{"line":11,"column":2},"end":{"line":11,"column":3}},"loc":{"start":{"line":11,"column":18},"end":{"line":13,"column":3}},"line":11},"1":{"name":"(anonymous_1)","decl":{"start":{"line":14,"column":2},"end":{"line":14,"column":3}},"loc":{"start":{"line":14,"column":23},"end":{"line":16,"column":3}},"line":14},"2":{"name":"(anonymous_2)","decl":{"start":{"line":20,"column":2},"end":{"line":20,"column":3}},"loc":{"start":{"line":20,"column":21},"end":{"line":30,"column":3}},"line":20},"3":{"name":"(anonymous_3)","decl":{"start":{"line":22,"column":40},"end":{"line":22,"column":41}},"loc":{"start":{"line":22,"column":51},"end":{"line":29,"column":5}},"line":22}},"branchMap":{},"s":{"0":30,"1":31,"2":29,"3":29,"4":20,"5":20,"6":20,"7":20},"f":{"0":30,"1":31,"2":29,"3":20},"b":{},"inputSourceMap":null,"_coverageSchema":"1a1c01bbd47fc00a2c39e90264f33305004495a9","hash":"fd97cc0ed18ef3c40fdd6020b69761f6967c8fb2"}
,"C:\\Users\\m.kikuzawa\\git\\quel\\src\\bindInfo\\Factory.js": {"path":"C:\\Users\\m.kikuzawa\\git\\quel\\src\\bindInfo\\Factory.js","statementMap":{"0":{"start":{"line":16,"column":23},"end":{"line":16,"column":86}},"1":{"start":{"line":16,"column":43},"end":{"line":16,"column":86}},"2":{"start":{"line":17,"column":23},"end":{"line":17,"column":86}},"3":{"start":{"line":17,"column":43},"end":{"line":17,"column":86}},"4":{"start":{"line":18,"column":23},"end":{"line":18,"column":86}},"5":{"start":{"line":18,"column":43},"end":{"line":18,"column":86}},"6":{"start":{"line":19,"column":24},"end":{"line":19,"column":88}},"7":{"start":{"line":19,"column":44},"end":{"line":19,"column":88}},"8":{"start":{"line":20,"column":20},"end":{"line":20,"column":80}},"9":{"start":{"line":20,"column":40},"end":{"line":20,"column":80}},"10":{"start":{"line":21,"column":23},"end":{"line":21,"column":86}},"11":{"start":{"line":21,"column":43},"end":{"line":21,"column":86}},"12":{"start":{"line":22,"column":23},"end":{"line":22,"column":86}},"13":{"start":{"line":22,"column":43},"end":{"line":22,"column":86}},"14":{"start":{"line":23,"column":20},"end":{"line":23,"column":80}},"15":{"start":{"line":23,"column":40},"end":{"line":23,"column":80}},"16":{"start":{"line":24,"column":24},"end":{"line":24,"column":92}},"17":{"start":{"line":24,"column":44},"end":{"line":24,"column":92}},"18":{"start":{"line":26,"column":22},"end":{"line":26,"column":31}},"19":{"start":{"line":27,"column":0},"end":{"line":27,"column":61}},"20":{"start":{"line":28,"column":0},"end":{"line":28,"column":61}},"21":{"start":{"line":29,"column":0},"end":{"line":29,"column":61}},"22":{"start":{"line":30,"column":0},"end":{"line":30,"column":63}},"23":{"start":{"line":31,"column":0},"end":{"line":31,"column":55}},"24":{"start":{"line":32,"column":0},"end":{"line":32,"column":61}},"25":{"start":{"line":33,"column":0},"end":{"line":33,"column":61}},"26":{"start":{"line":34,"column":0},"end":{"line":34,"column":55}},"27":{"start":{"line":35,"column":0},"end":{"line":35,"column":63}},"28":{"start":{"line":52,"column":21},"end":{"line":54,"column":5}},"29":{"start":{"line":55,"column":21},"end":{"line":55,"column":61}},"30":{"start":{"line":59,"column":21},"end":{"line":59,"column":73}},"31":{"start":{"line":60,"column":4},"end":{"line":62,"column":5}},"32":{"start":{"line":61,"column":6},"end":{"line":61,"column":76}},"33":{"start":{"line":63,"column":4},"end":{"line":63,"column":20}}},"fnMap":{"0":{"name":"(anonymous_0)","decl":{"start":{"line":16,"column":23},"end":{"line":16,"column":24}},"loc":{"start":{"line":16,"column":43},"end":{"line":16,"column":86}},"line":16},"1":{"name":"(anonymous_1)","decl":{"start":{"line":17,"column":23},"end":{"line":17,"column":24}},"loc":{"start":{"line":17,"column":43},"end":{"line":17,"column":86}},"line":17},"2":{"name":"(anonymous_2)","decl":{"start":{"line":18,"column":23},"end":{"line":18,"column":24}},"loc":{"start":{"line":18,"column":43},"end":{"line":18,"column":86}},"line":18},"3":{"name":"(anonymous_3)","decl":{"start":{"line":19,"column":24},"end":{"line":19,"column":25}},"loc":{"start":{"line":19,"column":44},"end":{"line":19,"column":88}},"line":19},"4":{"name":"(anonymous_4)","decl":{"start":{"line":20,"column":20},"end":{"line":20,"column":21}},"loc":{"start":{"line":20,"column":40},"end":{"line":20,"column":80}},"line":20},"5":{"name":"(anonymous_5)","decl":{"start":{"line":21,"column":23},"end":{"line":21,"column":24}},"loc":{"start":{"line":21,"column":43},"end":{"line":21,"column":86}},"line":21},"6":{"name":"(anonymous_6)","decl":{"start":{"line":22,"column":23},"end":{"line":22,"column":24}},"loc":{"start":{"line":22,"column":43},"end":{"line":22,"column":86}},"line":22},"7":{"name":"(anonymous_7)","decl":{"start":{"line":23,"column":20},"end":{"line":23,"column":21}},"loc":{"start":{"line":23,"column":40},"end":{"line":23,"column":80}},"line":23},"8":{"name":"(anonymous_8)","decl":{"start":{"line":24,"column":24},"end":{"line":24,"column":25}},"loc":{"start":{"line":24,"column":44},"end":{"line":24,"column":92}},"line":24},"9":{"name":"(anonymous_9)","decl":{"start":{"line":51,"column":2},"end":{"line":51,"column":3}},"loc":{"start":{"line":51,"column":97},"end":{"line":64,"column":3}},"line":51}},"branchMap":{"0":{"loc":{"start":{"line":60,"column":4},"end":{"line":62,"column":5}},"type":"if","locations":[{"start":{"line":60,"column":4},"end":{"line":62,"column":5}},{"start":{},"end":{}}],"line":60},"1":{"loc":{"start":{"line":60,"column":8},"end":{"line":60,"column":80}},"type":"binary-expr","locations":[{"start":{"line":60,"column":8},"end":{"line":60,"column":48}},{"start":{"line":60,"column":52},"end":{"line":60,"column":80}}],"line":60}},"s":{"0":19,"1":86,"2":19,"3":2,"4":19,"5":2,"6":19,"7":2,"8":19,"9":2,"10":19,"11":2,"12":19,"13":41,"14":19,"15":30,"16":19,"17":2,"18":19,"19":19,"20":19,"21":19,"22":19,"23":19,"24":19,"25":19,"26":19,"27":19,"28":169,"29":169,"30":169,"31":169,"32":1,"33":168},"f":{"0":86,"1":2,"2":2,"3":2,"4":2,"5":2,"6":41,"7":30,"8":2,"9":169},"b":{"0":[1,168],"1":[169,60]},"inputSourceMap":null,"_coverageSchema":"1a1c01bbd47fc00a2c39e90264f33305004495a9","hash":"4a6dcf0ca73cbbbe8da8d711a94232d1598da73f"}
,"C:\\Users\\m.kikuzawa\\git\\quel\\src\\bindInfo\\Level2nd.js": {"path":"C:\\Users\\m.kikuzawa\\git\\quel\\src\\bindInfo\\Level2nd.js","statementMap":{"0":{"start":{"line":8,"column":4},"end":{"line":8,"column":40}},"1":{"start":{"line":11,"column":4},"end":{"line":11,"column":40}},"2":{"start":{"line":18,"column":72},"end":{"line":18,"column":76}},"3":{"start":{"line":19,"column":43},"end":{"line":19,"column":47}},"4":{"start":{"line":20,"column":18},"end":{"line":20,"column":74}},"5":{"start":{"line":21,"column":4},"end":{"line":26,"column":5}},"6":{"start":{"line":22,"column":6},"end":{"line":24,"column":10}},"7":{"start":{"line":23,"column":8},"end":{"line":23,"column":57}},"8":{"start":{"line":25,"column":6},"end":{"line":25,"column":38}},"9":{"start":{"line":33,"column":28},"end":{"line":33,"column":32}},"10":{"start":{"line":34,"column":43},"end":{"line":34,"column":47}},"11":{"start":{"line":35,"column":18},"end":{"line":35,"column":83}},"12":{"start":{"line":36,"column":4},"end":{"line":36,"column":34}},"13":{"start":{"line":37,"column":4},"end":{"line":37,"column":36}}},"fnMap":{"0":{"name":"(anonymous_0)","decl":{"start":{"line":7,"column":2},"end":{"line":7,"column":3}},"loc":{"start":{"line":7,"column":22},"end":{"line":9,"column":3}},"line":7},"1":{"name":"(anonymous_1)","decl":{"start":{"line":10,"column":2},"end":{"line":10,"column":3}},"loc":{"start":{"line":10,"column":22},"end":{"line":12,"column":3}},"line":10},"2":{"name":"(anonymous_2)","decl":{"start":{"line":17,"column":2},"end":{"line":17,"column":3}},"loc":{"start":{"line":17,"column":15},"end":{"line":27,"column":3}},"line":17},"3":{"name":"(anonymous_3)","decl":{"start":{"line":22,"column":106},"end":{"line":22,"column":107}},"loc":{"start":{"line":22,"column":112},"end":{"line":24,"column":7}},"line":22},"4":{"name":"(anonymous_4)","decl":{"start":{"line":32,"column":2},"end":{"line":32,"column":3}},"loc":{"start":{"line":32,"column":20},"end":{"line":38,"column":3}},"line":32}},"branchMap":{"0":{"loc":{"start":{"line":21,"column":4},"end":{"line":26,"column":5}},"type":"if","locations":[{"start":{"line":21,"column":4},"end":{"line":26,"column":5}},{"start":{},"end":{}}],"line":21},"1":{"loc":{"start":{"line":23,"column":45},"end":{"line":23,"column":56}},"type":"binary-expr","locations":[{"start":{"line":23,"column":45},"end":{"line":23,"column":50}},{"start":{"line":23,"column":54},"end":{"line":23,"column":56}}],"line":23}},"s":{"0":8,"1":8,"2":5,"3":5,"4":5,"5":5,"6":4,"7":4,"8":4,"9":2,"10":2,"11":2,"12":2,"13":2},"f":{"0":8,"1":8,"2":5,"3":4,"4":2},"b":{"0":[4,1],"1":[4,2]},"inputSourceMap":null,"_coverageSchema":"1a1c01bbd47fc00a2c39e90264f33305004495a9","hash":"2662efafaea662e3927ca113b3c0445ba245dc36"}
,"C:\\Users\\m.kikuzawa\\git\\quel\\src\\bindInfo\\Level3rd.js": {"path":"C:\\Users\\m.kikuzawa\\git\\quel\\src\\bindInfo\\Level3rd.js","statementMap":{"0":{"start":{"line":8,"column":4},"end":{"line":8,"column":40}},"1":{"start":{"line":11,"column":4},"end":{"line":11,"column":40}},"2":{"start":{"line":14,"column":4},"end":{"line":14,"column":40}},"3":{"start":{"line":20,"column":72},"end":{"line":20,"column":76}},"4":{"start":{"line":21,"column":60},"end":{"line":21,"column":64}},"5":{"start":{"line":22,"column":18},"end":{"line":22,"column":74}},"6":{"start":{"line":23,"column":4},"end":{"line":28,"column":5}},"7":{"start":{"line":24,"column":6},"end":{"line":26,"column":10}},"8":{"start":{"line":25,"column":8},"end":{"line":25,"column":72}},"9":{"start":{"line":27,"column":6},"end":{"line":27,"column":38}},"10":{"start":{"line":35,"column":28},"end":{"line":35,"column":32}},"11":{"start":{"line":36,"column":60},"end":{"line":36,"column":64}},"12":{"start":{"line":37,"column":18},"end":{"line":37,"column":98}},"13":{"start":{"line":38,"column":4},"end":{"line":38,"column":34}},"14":{"start":{"line":39,"column":4},"end":{"line":39,"column":36}}},"fnMap":{"0":{"name":"(anonymous_0)","decl":{"start":{"line":7,"column":2},"end":{"line":7,"column":3}},"loc":{"start":{"line":7,"column":22},"end":{"line":9,"column":3}},"line":7},"1":{"name":"(anonymous_1)","decl":{"start":{"line":10,"column":2},"end":{"line":10,"column":3}},"loc":{"start":{"line":10,"column":22},"end":{"line":12,"column":3}},"line":10},"2":{"name":"(anonymous_2)","decl":{"start":{"line":13,"column":2},"end":{"line":13,"column":3}},"loc":{"start":{"line":13,"column":22},"end":{"line":15,"column":3}},"line":13},"3":{"name":"(anonymous_3)","decl":{"start":{"line":19,"column":2},"end":{"line":19,"column":3}},"loc":{"start":{"line":19,"column":15},"end":{"line":29,"column":3}},"line":19},"4":{"name":"(anonymous_4)","decl":{"start":{"line":24,"column":106},"end":{"line":24,"column":107}},"loc":{"start":{"line":24,"column":112},"end":{"line":26,"column":7}},"line":24},"5":{"name":"(anonymous_5)","decl":{"start":{"line":34,"column":2},"end":{"line":34,"column":3}},"loc":{"start":{"line":34,"column":20},"end":{"line":40,"column":3}},"line":34}},"branchMap":{"0":{"loc":{"start":{"line":23,"column":4},"end":{"line":28,"column":5}},"type":"if","locations":[{"start":{"line":23,"column":4},"end":{"line":28,"column":5}},{"start":{},"end":{}}],"line":23},"1":{"loc":{"start":{"line":25,"column":60},"end":{"line":25,"column":71}},"type":"binary-expr","locations":[{"start":{"line":25,"column":60},"end":{"line":25,"column":65}},{"start":{"line":25,"column":69},"end":{"line":25,"column":71}}],"line":25}},"s":{"0":8,"1":8,"2":8,"3":5,"4":5,"5":5,"6":5,"7":4,"8":4,"9":4,"10":2,"11":2,"12":2,"13":2,"14":2},"f":{"0":8,"1":8,"2":8,"3":5,"4":4,"5":2},"b":{"0":[4,1],"1":[4,2]},"inputSourceMap":null,"_coverageSchema":"1a1c01bbd47fc00a2c39e90264f33305004495a9","hash":"2a350e0355a8952c95d6ef0d650474f93e655f77"}
,"C:\\Users\\m.kikuzawa\\git\\quel\\src\\bindInfo\\LevelTop.js": {"path":"C:\\Users\\m.kikuzawa\\git\\quel\\src\\bindInfo\\LevelTop.js","statementMap":{"0":{"start":{"line":11,"column":72},"end":{"line":11,"column":76}},"1":{"start":{"line":12,"column":18},"end":{"line":12,"column":74}},"2":{"start":{"line":13,"column":4},"end":{"line":18,"column":5}},"3":{"start":{"line":14,"column":6},"end":{"line":16,"column":10}},"4":{"start":{"line":15,"column":8},"end":{"line":15,"column":41}},"5":{"start":{"line":17,"column":6},"end":{"line":17,"column":38}},"6":{"start":{"line":25,"column":42},"end":{"line":25,"column":46}},"7":{"start":{"line":26,"column":18},"end":{"line":26,"column":67}},"8":{"start":{"line":27,"column":4},"end":{"line":27,"column":34}},"9":{"start":{"line":28,"column":4},"end":{"line":28,"column":36}}},"fnMap":{"0":{"name":"(anonymous_0)","decl":{"start":{"line":10,"column":2},"end":{"line":10,"column":3}},"loc":{"start":{"line":10,"column":15},"end":{"line":19,"column":3}},"line":10},"1":{"name":"(anonymous_1)","decl":{"start":{"line":14,"column":106},"end":{"line":14,"column":107}},"loc":{"start":{"line":14,"column":112},"end":{"line":16,"column":7}},"line":14},"2":{"name":"(anonymous_2)","decl":{"start":{"line":24,"column":2},"end":{"line":24,"column":3}},"loc":{"start":{"line":24,"column":20},"end":{"line":29,"column":3}},"line":24}},"branchMap":{"0":{"loc":{"start":{"line":13,"column":4},"end":{"line":18,"column":5}},"type":"if","locations":[{"start":{"line":13,"column":4},"end":{"line":18,"column":5}},{"start":{},"end":{}}],"line":13},"1":{"loc":{"start":{"line":15,"column":29},"end":{"line":15,"column":40}},"type":"binary-expr","locations":[{"start":{"line":15,"column":29},"end":{"line":15,"column":34}},{"start":{"line":15,"column":38},"end":{"line":15,"column":40}}],"line":15}},"s":{"0":169,"1":169,"2":169,"3":71,"4":66,"5":71,"6":9,"7":9,"8":9,"9":9},"f":{"0":169,"1":66,"2":9},"b":{"0":[71,98],"1":[66,2]},"inputSourceMap":null,"_coverageSchema":"1a1c01bbd47fc00a2c39e90264f33305004495a9","hash":"14a0d8c54d7582560282ce24f2a792fc3dc1cc43"}
,"C:\\Users\\m.kikuzawa\\git\\quel\\src\\bindInfo\\Radio.js": {"path":"C:\\Users\\m.kikuzawa\\git\\quel\\src\\bindInfo\\Radio.js","statementMap":{"0":{"start":{"line":7,"column":27},"end":{"line":7,"column":92}},"1":{"start":{"line":7,"column":35},"end":{"line":7,"column":92}},"2":{"start":{"line":14,"column":72},"end":{"line":14,"column":76}},"3":{"start":{"line":15,"column":18},"end":{"line":15,"column":42}},"4":{"start":{"line":16,"column":18},"end":{"line":16,"column":74}},"5":{"start":{"line":17,"column":4},"end":{"line":22,"column":5}},"6":{"start":{"line":18,"column":6},"end":{"line":20,"column":10}},"7":{"start":{"line":19,"column":8},"end":{"line":19,"column":46}},"8":{"start":{"line":21,"column":6},"end":{"line":21,"column":38}},"9":{"start":{"line":29,"column":28},"end":{"line":29,"column":32}},"10":{"start":{"line":30,"column":18},"end":{"line":30,"column":42}},"11":{"start":{"line":31,"column":23},"end":{"line":31,"column":65}},"12":{"start":{"line":32,"column":4},"end":{"line":35,"column":5}},"13":{"start":{"line":33,"column":6},"end":{"line":33,"column":41}},"14":{"start":{"line":34,"column":6},"end":{"line":34,"column":43}}},"fnMap":{"0":{"name":"(anonymous_0)","decl":{"start":{"line":7,"column":27},"end":{"line":7,"column":28}},"loc":{"start":{"line":7,"column":35},"end":{"line":7,"column":92}},"line":7},"1":{"name":"(anonymous_1)","decl":{"start":{"line":13,"column":2},"end":{"line":13,"column":3}},"loc":{"start":{"line":13,"column":15},"end":{"line":23,"column":3}},"line":13},"2":{"name":"(anonymous_2)","decl":{"start":{"line":18,"column":106},"end":{"line":18,"column":107}},"loc":{"start":{"line":18,"column":112},"end":{"line":20,"column":7}},"line":18},"3":{"name":"(anonymous_3)","decl":{"start":{"line":28,"column":2},"end":{"line":28,"column":3}},"loc":{"start":{"line":28,"column":20},"end":{"line":36,"column":3}},"line":28}},"branchMap":{"0":{"loc":{"start":{"line":7,"column":35},"end":{"line":7,"column":92}},"type":"cond-expr","locations":[{"start":{"line":7,"column":72},"end":{"line":7,"column":76}},{"start":{"line":7,"column":79},"end":{"line":7,"column":92}}],"line":7},"1":{"loc":{"start":{"line":17,"column":4},"end":{"line":22,"column":5}},"type":"if","locations":[{"start":{"line":17,"column":4},"end":{"line":22,"column":5}},{"start":{},"end":{}}],"line":17},"2":{"loc":{"start":{"line":32,"column":4},"end":{"line":35,"column":5}},"type":"if","locations":[{"start":{"line":32,"column":4},"end":{"line":35,"column":5}},{"start":{},"end":{}}],"line":32}},"s":{"0":20,"1":12,"2":7,"3":7,"4":6,"5":6,"6":4,"7":4,"8":4,"9":5,"10":5,"11":4,"12":4,"13":2,"14":2},"f":{"0":12,"1":7,"2":4,"3":5},"b":{"0":[10,2],"1":[4,2],"2":[2,2]},"inputSourceMap":null,"_coverageSchema":"1a1c01bbd47fc00a2c39e90264f33305004495a9","hash":"39ccdfcb2ca4dd39a30afe4ae6f79a74477837dc"}
,"C:\\Users\\m.kikuzawa\\git\\quel\\src\\bindInfo\\Template.js": {"path":"C:\\Users\\m.kikuzawa\\git\\quel\\src\\bindInfo\\Template.js","statementMap":{"0":{"start":{"line":16,"column":30},"end":{"line":16,"column":123}},"1":{"start":{"line":16,"column":38},"end":{"line":16,"column":123}},"2":{"start":{"line":40,"column":4},"end":{"line":40,"column":55}},"3":{"start":{"line":46,"column":4},"end":{"line":46,"column":83}},"4":{"start":{"line":53,"column":4},"end":{"line":53,"column":72}},"5":{"start":{"line":53,"column":36},"end":{"line":53,"column":70}},"6":{"start":{"line":54,"column":4},"end":{"line":54,"column":56}},"7":{"start":{"line":54,"column":31},"end":{"line":54,"column":54}},"8":{"start":{"line":61,"column":4},"end":{"line":63,"column":6}},"9":{"start":{"line":62,"column":6},"end":{"line":62,"column":24}},"10":{"start":{"line":72,"column":25},"end":{"line":72,"column":96}},"11":{"start":{"line":72,"column":58},"end":{"line":72,"column":95}},"12":{"start":{"line":73,"column":4},"end":{"line":80,"column":5}},"13":{"start":{"line":74,"column":6},"end":{"line":74,"column":53}},"14":{"start":{"line":75,"column":23},"end":{"line":75,"column":54}},"15":{"start":{"line":76,"column":6},"end":{"line":76,"column":45}},"16":{"start":{"line":77,"column":6},"end":{"line":79,"column":9}},"17":{"start":{"line":77,"column":41},"end":{"line":77,"column":91}},"18":{"start":{"line":78,"column":8},"end":{"line":78,"column":40}},"19":{"start":{"line":81,"column":4},"end":{"line":81,"column":67}},"20":{"start":{"line":81,"column":31},"end":{"line":81,"column":65}},"21":{"start":{"line":91,"column":34},"end":{"line":91,"column":46}},"22":{"start":{"line":92,"column":24},"end":{"line":92,"column":67}},"23":{"start":{"line":93,"column":18},"end":{"line":93,"column":64}},"24":{"start":{"line":94,"column":18},"end":{"line":94,"column":56}},"25":{"start":{"line":95,"column":23},"end":{"line":95,"column":57}},"26":{"start":{"line":96,"column":4},"end":{"line":96,"column":98}},"27":{"start":{"line":102,"column":4},"end":{"line":102,"column":22}},"28":{"start":{"line":105,"column":21},"end":{"line":105,"column":48}},"29":{"start":{"line":106,"column":20},"end":{"line":106,"column":82}},"30":{"start":{"line":107,"column":4},"end":{"line":107,"column":56}},"31":{"start":{"line":108,"column":4},"end":{"line":108,"column":25}},"32":{"start":{"line":109,"column":4},"end":{"line":109,"column":29}},"33":{"start":{"line":112,"column":4},"end":{"line":112,"column":30}},"34":{"start":{"line":115,"column":4},"end":{"line":115,"column":31}},"35":{"start":{"line":121,"column":21},"end":{"line":121,"column":23}},"36":{"start":{"line":127,"column":4},"end":{"line":127,"column":26}},"37":{"start":{"line":130,"column":4},"end":{"line":130,"column":27}},"38":{"start":{"line":134,"column":21},"end":{"line":135,"column":118}},"39":{"start":{"line":136,"column":4},"end":{"line":136,"column":88}},"40":{"start":{"line":143,"column":4},"end":{"line":143,"column":69}},"41":{"start":{"line":143,"column":43},"end":{"line":143,"column":67}},"42":{"start":{"line":150,"column":21},"end":{"line":150,"column":54}},"43":{"start":{"line":151,"column":4},"end":{"line":152,"column":71}},"44":{"start":{"line":152,"column":24},"end":{"line":152,"column":69}},"45":{"start":{"line":153,"column":4},"end":{"line":153,"column":30}},"46":{"start":{"line":161,"column":33},"end":{"line":161,"column":37}},"47":{"start":{"line":162,"column":22},"end":{"line":162,"column":45}},"48":{"start":{"line":163,"column":21},"end":{"line":163,"column":77}},"49":{"start":{"line":164,"column":4},"end":{"line":172,"column":5}},"50":{"start":{"line":165,"column":6},"end":{"line":165,"column":30}},"51":{"start":{"line":166,"column":6},"end":{"line":171,"column":7}},"52":{"start":{"line":167,"column":8},"end":{"line":167,"column":70}},"53":{"start":{"line":168,"column":8},"end":{"line":168,"column":30}},"54":{"start":{"line":170,"column":8},"end":{"line":170,"column":35}},"55":{"start":{"line":175,"column":4},"end":{"line":175,"column":79}},"56":{"start":{"line":175,"column":51},"end":{"line":175,"column":77}},"57":{"start":{"line":177,"column":4},"end":{"line":177,"column":20}},"58":{"start":{"line":184,"column":51},"end":{"line":184,"column":55}},"59":{"start":{"line":188,"column":22},"end":{"line":188,"column":51}},"60":{"start":{"line":192,"column":21},"end":{"line":192,"column":83}},"61":{"start":{"line":197,"column":31},"end":{"line":200,"column":15}},"62":{"start":{"line":198,"column":6},"end":{"line":198,"column":63}},"63":{"start":{"line":199,"column":6},"end":{"line":199,"column":17}},"64":{"start":{"line":204,"column":32},"end":{"line":204,"column":39}},"65":{"start":{"line":205,"column":32},"end":{"line":205,"column":34}},"66":{"start":{"line":208,"column":16},"end":{"line":208,"column":38}},"67":{"start":{"line":209,"column":21},"end":{"line":209,"column":47}},"68":{"start":{"line":210,"column":26},"end":{"line":210,"column":58}},"69":{"start":{"line":216,"column":32},"end":{"line":239,"column":6}},"70":{"start":{"line":217,"column":26},"end":{"line":217,"column":55}},"71":{"start":{"line":218,"column":6},"end":{"line":238,"column":7}},"72":{"start":{"line":220,"column":8},"end":{"line":220,"column":53}},"73":{"start":{"line":221,"column":8},"end":{"line":221,"column":43}},"74":{"start":{"line":222,"column":27},"end":{"line":222,"column":49}},"75":{"start":{"line":223,"column":8},"end":{"line":223,"column":42}},"76":{"start":{"line":224,"column":8},"end":{"line":224,"column":86}},"77":{"start":{"line":225,"column":8},"end":{"line":225,"column":54}},"78":{"start":{"line":229,"column":26},"end":{"line":229,"column":45}},"79":{"start":{"line":230,"column":8},"end":{"line":230,"column":53}},"80":{"start":{"line":231,"column":30},"end":{"line":231,"column":57}},"81":{"start":{"line":232,"column":8},"end":{"line":232,"column":114}},"82":{"start":{"line":233,"column":30},"end":{"line":233,"column":67}},"83":{"start":{"line":234,"column":8},"end":{"line":236,"column":9}},"84":{"start":{"line":235,"column":10},"end":{"line":235,"column":45}},"85":{"start":{"line":237,"column":8},"end":{"line":237,"column":29}},"86":{"start":{"line":241,"column":4},"end":{"line":245,"column":5}},"87":{"start":{"line":242,"column":6},"end":{"line":244,"column":7}},"88":{"start":{"line":243,"column":8},"end":{"line":243,"column":51}},"89":{"start":{"line":247,"column":4},"end":{"line":251,"column":7}},"90":{"start":{"line":248,"column":28},"end":{"line":248,"column":66}},"91":{"start":{"line":249,"column":25},"end":{"line":249,"column":90}},"92":{"start":{"line":250,"column":6},"end":{"line":250,"column":56}},"93":{"start":{"line":254,"column":4},"end":{"line":254,"column":77}},"94":{"start":{"line":254,"column":49},"end":{"line":254,"column":75}},"95":{"start":{"line":256,"column":4},"end":{"line":256,"column":48}},"96":{"start":{"line":258,"column":4},"end":{"line":258,"column":20}},"97":{"start":{"line":267,"column":4},"end":{"line":267,"column":40}},"98":{"start":{"line":268,"column":4},"end":{"line":268,"column":96}},"99":{"start":{"line":268,"column":51},"end":{"line":268,"column":94}}},"fnMap":{"0":{"name":"(anonymous_0)","decl":{"start":{"line":16,"column":30},"end":{"line":16,"column":31}},"loc":{"start":{"line":16,"column":38},"end":{"line":16,"column":123}},"line":16},"1":{"name":"(anonymous_1)","decl":{"start":{"line":39,"column":2},"end":{"line":39,"column":3}},"loc":{"start":{"line":39,"column":17},"end":{"line":41,"column":3}},"line":39},"2":{"name":"(anonymous_2)","decl":{"start":{"line":45,"column":2},"end":{"line":45,"column":3}},"loc":{"start":{"line":45,"column":23},"end":{"line":47,"column":3}},"line":45},"3":{"name":"(anonymous_3)","decl":{"start":{"line":52,"column":2},"end":{"line":52,"column":3}},"loc":{"start":{"line":52,"column":21},"end":{"line":55,"column":3}},"line":52},"4":{"name":"(anonymous_4)","decl":{"start":{"line":53,"column":28},"end":{"line":53,"column":29}},"loc":{"start":{"line":53,"column":36},"end":{"line":53,"column":70}},"line":53},"5":{"name":"(anonymous_5)","decl":{"start":{"line":54,"column":23},"end":{"line":54,"column":24}},"loc":{"start":{"line":54,"column":31},"end":{"line":54,"column":54}},"line":54},"6":{"name":"(anonymous_6)","decl":{"start":{"line":60,"column":2},"end":{"line":60,"column":3}},"loc":{"start":{"line":60,"column":15},"end":{"line":64,"column":3}},"line":60},"7":{"name":"(anonymous_7)","decl":{"start":{"line":61,"column":23},"end":{"line":61,"column":24}},"loc":{"start":{"line":61,"column":31},"end":{"line":63,"column":5}},"line":61},"8":{"name":"(anonymous_8)","decl":{"start":{"line":71,"column":2},"end":{"line":71,"column":3}},"loc":{"start":{"line":71,"column":32},"end":{"line":82,"column":3}},"line":71},"9":{"name":"(anonymous_9)","decl":{"start":{"line":72,"column":49},"end":{"line":72,"column":50}},"loc":{"start":{"line":72,"column":58},"end":{"line":72,"column":95}},"line":72},"10":{"name":"(anonymous_10)","decl":{"start":{"line":77,"column":32},"end":{"line":77,"column":33}},"loc":{"start":{"line":77,"column":41},"end":{"line":77,"column":91}},"line":77},"11":{"name":"(anonymous_11)","decl":{"start":{"line":77,"column":101},"end":{"line":77,"column":102}},"loc":{"start":{"line":77,"column":110},"end":{"line":79,"column":7}},"line":77},"12":{"name":"(anonymous_12)","decl":{"start":{"line":81,"column":23},"end":{"line":81,"column":24}},"loc":{"start":{"line":81,"column":31},"end":{"line":81,"column":65}},"line":81},"13":{"name":"(anonymous_13)","decl":{"start":{"line":90,"column":2},"end":{"line":90,"column":3}},"loc":{"start":{"line":90,"column":39},"end":{"line":97,"column":3}},"line":90},"14":{"name":"(anonymous_14)","decl":{"start":{"line":101,"column":2},"end":{"line":101,"column":3}},"loc":{"start":{"line":101,"column":13},"end":{"line":103,"column":3}},"line":101},"15":{"name":"(anonymous_15)","decl":{"start":{"line":104,"column":2},"end":{"line":104,"column":3}},"loc":{"start":{"line":104,"column":17},"end":{"line":110,"column":3}},"line":104},"16":{"name":"(anonymous_16)","decl":{"start":{"line":111,"column":2},"end":{"line":111,"column":3}},"loc":{"start":{"line":111,"column":21},"end":{"line":113,"column":3}},"line":111},"17":{"name":"(anonymous_17)","decl":{"start":{"line":114,"column":2},"end":{"line":114,"column":3}},"loc":{"start":{"line":114,"column":26},"end":{"line":116,"column":3}},"line":114},"18":{"name":"(anonymous_18)","decl":{"start":{"line":126,"column":2},"end":{"line":126,"column":3}},"loc":{"start":{"line":126,"column":17},"end":{"line":128,"column":3}},"line":126},"19":{"name":"(anonymous_19)","decl":{"start":{"line":129,"column":2},"end":{"line":129,"column":3}},"loc":{"start":{"line":129,"column":22},"end":{"line":131,"column":3}},"line":129},"20":{"name":"(anonymous_20)","decl":{"start":{"line":133,"column":2},"end":{"line":133,"column":3}},"loc":{"start":{"line":133,"column":15},"end":{"line":137,"column":3}},"line":133},"21":{"name":"(anonymous_21)","decl":{"start":{"line":142,"column":2},"end":{"line":142,"column":3}},"loc":{"start":{"line":142,"column":21},"end":{"line":144,"column":3}},"line":142},"22":{"name":"(anonymous_22)","decl":{"start":{"line":143,"column":34},"end":{"line":143,"column":35}},"loc":{"start":{"line":143,"column":43},"end":{"line":143,"column":67}},"line":143},"23":{"name":"(anonymous_23)","decl":{"start":{"line":149,"column":2},"end":{"line":149,"column":3}},"loc":{"start":{"line":149,"column":19},"end":{"line":154,"column":3}},"line":149},"24":{"name":"(anonymous_24)","decl":{"start":{"line":152,"column":15},"end":{"line":152,"column":16}},"loc":{"start":{"line":152,"column":24},"end":{"line":152,"column":69}},"line":152},"25":{"name":"(anonymous_25)","decl":{"start":{"line":160,"column":2},"end":{"line":160,"column":3}},"loc":{"start":{"line":160,"column":13},"end":{"line":178,"column":3}},"line":160},"26":{"name":"(anonymous_26)","decl":{"start":{"line":175,"column":34},"end":{"line":175,"column":35}},"loc":{"start":{"line":175,"column":51},"end":{"line":175,"column":77}},"line":175},"27":{"name":"(anonymous_27)","decl":{"start":{"line":183,"column":2},"end":{"line":183,"column":3}},"loc":{"start":{"line":183,"column":15},"end":{"line":259,"column":3}},"line":183},"28":{"name":"(anonymous_28)","decl":{"start":{"line":197,"column":48},"end":{"line":197,"column":49}},"loc":{"start":{"line":197,"column":71},"end":{"line":200,"column":5}},"line":197},"29":{"name":"(anonymous_29)","decl":{"start":{"line":216,"column":45},"end":{"line":216,"column":46}},"loc":{"start":{"line":216,"column":66},"end":{"line":239,"column":5}},"line":216},"30":{"name":"(anonymous_30)","decl":{"start":{"line":247,"column":32},"end":{"line":247,"column":33}},"loc":{"start":{"line":247,"column":53},"end":{"line":251,"column":5}},"line":247},"31":{"name":"(anonymous_31)","decl":{"start":{"line":254,"column":32},"end":{"line":254,"column":33}},"loc":{"start":{"line":254,"column":49},"end":{"line":254,"column":75}},"line":254},"32":{"name":"(anonymous_32)","decl":{"start":{"line":266,"column":2},"end":{"line":266,"column":3}},"loc":{"start":{"line":266,"column":32},"end":{"line":269,"column":3}},"line":266},"33":{"name":"(anonymous_33)","decl":{"start":{"line":268,"column":34},"end":{"line":268,"column":35}},"loc":{"start":{"line":268,"column":51},"end":{"line":268,"column":94}},"line":268}},"branchMap":{"0":{"loc":{"start":{"line":16,"column":38},"end":{"line":16,"column":123}},"type":"cond-expr","locations":[{"start":{"line":16,"column":78},"end":{"line":16,"column":82}},{"start":{"line":16,"column":85},"end":{"line":16,"column":123}}],"line":16},"1":{"loc":{"start":{"line":46,"column":11},"end":{"line":46,"column":82}},"type":"cond-expr","locations":[{"start":{"line":46,"column":49},"end":{"line":46,"column":64}},{"start":{"line":46,"column":67},"end":{"line":46,"column":82}}],"line":46},"2":{"loc":{"start":{"line":73,"column":4},"end":{"line":80,"column":5}},"type":"if","locations":[{"start":{"line":73,"column":4},"end":{"line":80,"column":5}},{"start":{},"end":{}}],"line":73},"3":{"loc":{"start":{"line":134,"column":21},"end":{"line":135,"column":118}},"type":"cond-expr","locations":[{"start":{"line":134,"column":63},"end":{"line":134,"column":80}},{"start":{"line":135,"column":6},"end":{"line":135,"column":118}}],"line":134},"4":{"loc":{"start":{"line":135,"column":6},"end":{"line":135,"column":118}},"type":"cond-expr","locations":[{"start":{"line":135,"column":48},"end":{"line":135,"column":63}},{"start":{"line":135,"column":66},"end":{"line":135,"column":118}}],"line":135},"5":{"loc":{"start":{"line":136,"column":30},"end":{"line":136,"column":87}},"type":"cond-expr","locations":[{"start":{"line":136,"column":60},"end":{"line":136,"column":76}},{"start":{"line":136,"column":79},"end":{"line":136,"column":87}}],"line":136},"6":{"loc":{"start":{"line":164,"column":4},"end":{"line":172,"column":5}},"type":"if","locations":[{"start":{"line":164,"column":4},"end":{"line":172,"column":5}},{"start":{},"end":{}}],"line":164},"7":{"loc":{"start":{"line":166,"column":6},"end":{"line":171,"column":7}},"type":"if","locations":[{"start":{"line":166,"column":6},"end":{"line":171,"column":7}},{"start":{"line":169,"column":13},"end":{"line":171,"column":7}}],"line":166},"8":{"loc":{"start":{"line":188,"column":22},"end":{"line":188,"column":51}},"type":"binary-expr","locations":[{"start":{"line":188,"column":22},"end":{"line":188,"column":45}},{"start":{"line":188,"column":49},"end":{"line":188,"column":51}}],"line":188},"9":{"loc":{"start":{"line":192,"column":21},"end":{"line":192,"column":83}},"type":"binary-expr","locations":[{"start":{"line":192,"column":21},"end":{"line":192,"column":77}},{"start":{"line":192,"column":81},"end":{"line":192,"column":83}}],"line":192},"10":{"loc":{"start":{"line":198,"column":6},"end":{"line":198,"column":62}},"type":"binary-expr","locations":[{"start":{"line":198,"column":6},"end":{"line":198,"column":33}},{"start":{"line":198,"column":37},"end":{"line":198,"column":62}}],"line":198},"11":{"loc":{"start":{"line":210,"column":26},"end":{"line":210,"column":58}},"type":"binary-expr","locations":[{"start":{"line":210,"column":26},"end":{"line":210,"column":52}},{"start":{"line":210,"column":56},"end":{"line":210,"column":58}}],"line":210},"12":{"loc":{"start":{"line":218,"column":6},"end":{"line":238,"column":7}},"type":"if","locations":[{"start":{"line":218,"column":6},"end":{"line":238,"column":7}},{"start":{"line":226,"column":13},"end":{"line":238,"column":7}}],"line":218},"13":{"loc":{"start":{"line":218,"column":10},"end":{"line":218,"column":72}},"type":"binary-expr","locations":[{"start":{"line":218,"column":10},"end":{"line":218,"column":44}},{"start":{"line":218,"column":48},"end":{"line":218,"column":72}}],"line":218},"14":{"loc":{"start":{"line":232,"column":8},"end":{"line":232,"column":113}},"type":"binary-expr","locations":[{"start":{"line":232,"column":9},"end":{"line":232,"column":31}},{"start":{"line":232,"column":36},"end":{"line":232,"column":113}}],"line":232},"15":{"loc":{"start":{"line":234,"column":8},"end":{"line":236,"column":9}},"type":"if","locations":[{"start":{"line":234,"column":8},"end":{"line":236,"column":9}},{"start":{},"end":{}}],"line":234},"16":{"loc":{"start":{"line":234,"column":12},"end":{"line":234,"column":77}},"type":"binary-expr","locations":[{"start":{"line":234,"column":12},"end":{"line":234,"column":48}},{"start":{"line":234,"column":52},"end":{"line":234,"column":77}}],"line":234},"17":{"loc":{"start":{"line":249,"column":25},"end":{"line":249,"column":90}},"type":"binary-expr","locations":[{"start":{"line":249,"column":25},"end":{"line":249,"column":77}},{"start":{"line":249,"column":81},"end":{"line":249,"column":90}}],"line":249}},"s":{"0":19,"1":56,"2":54,"3":130,"4":13,"5":37,"6":13,"7":10,"8":162,"9":153,"10":50,"11":68,"12":50,"13":47,"14":47,"15":47,"16":47,"17":111,"18":12,"19":50,"20":50,"21":94,"22":94,"23":94,"24":94,"25":94,"26":94,"27":108,"28":56,"29":55,"30":55,"31":55,"32":55,"33":103,"34":55,"35":56,"36":96,"37":55,"38":81,"39":80,"40":4,"41":5,"42":1,"43":1,"44":1,"45":1,"46":3,"47":3,"48":3,"49":3,"50":2,"51":2,"52":1,"53":1,"54":1,"55":3,"56":1,"57":3,"58":77,"59":77,"60":77,"61":77,"62":76,"63":76,"64":77,"65":77,"66":77,"67":77,"68":77,"69":77,"70":161,"71":161,"72":93,"73":93,"74":93,"75":93,"76":93,"77":93,"78":68,"79":68,"80":68,"81":68,"82":68,"83":68,"84":36,"85":68,"86":77,"87":76,"88":8,"89":77,"90":129,"91":129,"92":129,"93":77,"94":161,"95":77,"96":77,"97":22,"98":22,"99":46},"f":{"0":56,"1":54,"2":130,"3":13,"4":37,"5":10,"6":162,"7":153,"8":50,"9":68,"10":111,"11":12,"12":50,"13":94,"14":108,"15":56,"16":103,"17":55,"18":96,"19":55,"20":81,"21":4,"22":5,"23":1,"24":1,"25":3,"26":1,"27":77,"28":76,"29":161,"30":129,"31":161,"32":22,"33":46},"b":{"0":[55,1],"1":[91,39],"2":[47,3],"3":[77,4],"4":[3,1],"5":[77,3],"6":[2,1],"7":[1,1],"8":[77,41],"9":[77,1],"10":[76,76],"11":[77,49],"12":[93,68],"13":[161,69],"14":[68,4],"15":[36,32],"16":[68,34],"17":[129,77]},"inputSourceMap":null,"_coverageSchema":"1a1c01bbd47fc00a2c39e90264f33305004495a9","hash":"2c0e71f10e265bec3b4813e4ed85d4f39f76918f"}
,"C:\\Users\\m.kikuzawa\\git\\quel\\src\\binder\\BindToDom.js": {"path":"C:\\Users\\m.kikuzawa\\git\\quel\\src\\binder\\BindToDom.js","statementMap":{"0":{"start":{"line":22,"column":25},"end":{"line":25,"column":96}},"1":{"start":{"line":23,"column":4},"end":{"line":25,"column":96}},"2":{"start":{"line":24,"column":6},"end":{"line":25,"column":96}},"3":{"start":{"line":25,"column":21},"end":{"line":25,"column":95}},"4":{"start":{"line":32,"column":27},"end":{"line":32,"column":52}},"5":{"start":{"line":32,"column":35},"end":{"line":32,"column":52}}},"fnMap":{"0":{"name":"(anonymous_0)","decl":{"start":{"line":12,"column":2},"end":{"line":12,"column":3}},"loc":{"start":{"line":12,"column":40},"end":{"line":12,"column":43}},"line":12},"1":{"name":"(anonymous_1)","decl":{"start":{"line":22,"column":25},"end":{"line":22,"column":26}},"loc":{"start":{"line":23,"column":4},"end":{"line":25,"column":96}},"line":23},"2":{"name":"(anonymous_2)","decl":{"start":{"line":23,"column":4},"end":{"line":23,"column":5}},"loc":{"start":{"line":24,"column":6},"end":{"line":25,"column":96}},"line":24},"3":{"name":"(anonymous_3)","decl":{"start":{"line":25,"column":13},"end":{"line":25,"column":14}},"loc":{"start":{"line":25,"column":21},"end":{"line":25,"column":95}},"line":25},"4":{"name":"(anonymous_4)","decl":{"start":{"line":32,"column":27},"end":{"line":32,"column":28}},"loc":{"start":{"line":32,"column":35},"end":{"line":32,"column":52}},"line":32}},"branchMap":{},"s":{"0":19,"1":147,"2":147,"3":150,"4":19,"5":137},"f":{"0":1,"1":147,"2":147,"3":150,"4":137},"b":{},"inputSourceMap":null,"_coverageSchema":"1a1c01bbd47fc00a2c39e90264f33305004495a9","hash":"d86605f69179f3ae94da18085e20eada29f69d96"}
,"C:\\Users\\m.kikuzawa\\git\\quel\\src\\binder\\BindToElement.js": {"path":"C:\\Users\\m.kikuzawa\\git\\quel\\src\\binder\\BindToElement.js","statementMap":{"0":{"start":{"line":9,"column":30},"end":{"line":9,"column":36}},"1":{"start":{"line":10,"column":22},"end":{"line":10,"column":31}},"2":{"start":{"line":11,"column":27},"end":{"line":11,"column":49}},"3":{"start":{"line":12,"column":25},"end":{"line":12,"column":38}},"4":{"start":{"line":19,"column":22},"end":{"line":19,"column":99}},"5":{"start":{"line":19,"column":30},"end":{"line":19,"column":99}},"6":{"start":{"line":26,"column":27},"end":{"line":30,"column":1}},"7":{"start":{"line":27,"column":2},"end":{"line":29,"column":19}},"8":{"start":{"line":37,"column":16},"end":{"line":37,"column":66}},"9":{"start":{"line":37,"column":24},"end":{"line":37,"column":66}},"10":{"start":{"line":45,"column":27},"end":{"line":46,"column":112}},"11":{"start":{"line":45,"column":35},"end":{"line":46,"column":112}},"12":{"start":{"line":58,"column":22},"end":{"line":58,"column":41}},"13":{"start":{"line":59,"column":20},"end":{"line":59,"column":39}},"14":{"start":{"line":60,"column":21},"end":{"line":60,"column":59}},"15":{"start":{"line":61,"column":24},"end":{"line":61,"column":51}},"16":{"start":{"line":64,"column":26},"end":{"line":64,"column":81}},"17":{"start":{"line":65,"column":18},"end":{"line":65,"column":54}},"18":{"start":{"line":66,"column":4},"end":{"line":66,"column":40}},"19":{"start":{"line":69,"column":26},"end":{"line":69,"column":31}},"20":{"start":{"line":73,"column":22},"end":{"line":73,"column":26}},"21":{"start":{"line":74,"column":20},"end":{"line":74,"column":24}},"22":{"start":{"line":75,"column":23},"end":{"line":75,"column":27}},"23":{"start":{"line":76,"column":4},"end":{"line":82,"column":7}},"24":{"start":{"line":77,"column":6},"end":{"line":77,"column":62}},"25":{"start":{"line":78,"column":6},"end":{"line":78,"column":61}},"26":{"start":{"line":79,"column":6},"end":{"line":79,"column":70}},"27":{"start":{"line":80,"column":6},"end":{"line":80,"column":77}},"28":{"start":{"line":81,"column":6},"end":{"line":81,"column":40}},"29":{"start":{"line":84,"column":35},"end":{"line":90,"column":5}},"30":{"start":{"line":85,"column":6},"end":{"line":89,"column":9}},"31":{"start":{"line":86,"column":8},"end":{"line":86,"column":32}},"32":{"start":{"line":87,"column":24},"end":{"line":87,"column":71}},"33":{"start":{"line":88,"column":8},"end":{"line":88,"column":49}},"34":{"start":{"line":91,"column":4},"end":{"line":101,"column":5}},"35":{"start":{"line":92,"column":6},"end":{"line":92,"column":40}},"36":{"start":{"line":93,"column":11},"end":{"line":101,"column":5}},"37":{"start":{"line":94,"column":6},"end":{"line":94,"column":43}},"38":{"start":{"line":95,"column":11},"end":{"line":101,"column":5}},"39":{"start":{"line":100,"column":6},"end":{"line":100,"column":42}},"40":{"start":{"line":103,"column":4},"end":{"line":103,"column":17}}},"fnMap":{"0":{"name":"(anonymous_0)","decl":{"start":{"line":19,"column":22},"end":{"line":19,"column":23}},"loc":{"start":{"line":19,"column":30},"end":{"line":19,"column":99}},"line":19},"1":{"name":"(anonymous_1)","decl":{"start":{"line":26,"column":27},"end":{"line":26,"column":28}},"loc":{"start":{"line":26,"column":38},"end":{"line":30,"column":1}},"line":26},"2":{"name":"(anonymous_2)","decl":{"start":{"line":37,"column":16},"end":{"line":37,"column":17}},"loc":{"start":{"line":37,"column":24},"end":{"lin
[...]
":{"loc":{"start":{"line":192,"column":6},"end":{"line":202,"column":7}},"type":"if","locations":[{"start":{"line":192,"column":6},"end":{"line":202,"column":7}},{"start":{"line":200,"column":13},"end":{"line":202,"column":7}}],"line":192},"12":{"loc":{"start":{"line":192,"column":10},"end":{"line":192,"column":77}},"type":"binary-expr","locations":[{"start":{"line":192,"column":10},"end":{"line":192,"column":58}},{"start":{"line":192,"column":62},"end":{"line":192,"column":77}}],"line":192},"13":{"loc":{"start":{"line":194,"column":24},"end":{"line":194,"column":91}},"type":"cond-expr","locations":[{"start":{"line":194,"column":45},"end":{"line":194,"column":86}},{"start":{"line":194,"column":89},"end":{"line":194,"column":91}}],"line":194},"14":{"loc":{"start":{"line":196,"column":8},"end":{"line":199,"column":9}},"type":"if","locations":[{"start":{"line":196,"column":8},"end":{"line":199,"column":9}},{"start":{},"end":{}}],"line":196},"15":{"loc":{"start":{"line":214,"column":4},"end":{"line":216,"column":5}},"type":"if","locations":[{"start":{"line":214,"column":4},"end":{"line":216,"column":5}},{"start":{},"end":{}}],"line":214},"16":{"loc":{"start":{"line":215,"column":6},"end":{"line":215,"column":111}},"type":"binary-expr","locations":[{"start":{"line":215,"column":6},"end":{"line":215,"column":57}},{"start":{"line":215,"column":61},"end":{"line":215,"column":111}}],"line":215},"17":{"loc":{"start":{"line":277,"column":4},"end":{"line":282,"column":5}},"type":"if","locations":[{"start":{"line":277,"column":4},"end":{"line":282,"column":5}},{"start":{},"end":{}}],"line":277},"18":{"loc":{"start":{"line":315,"column":4},"end":{"line":315,"column":86}},"type":"if","locations":[{"start":{"line":315,"column":4},"end":{"line":315,"column":86}},{"start":{},"end":{}}],"line":315},"19":{"loc":{"start":{"line":327,"column":4},"end":{"line":338,"column":5}},"type":"if","locations":[{"start":{"line":327,"column":4},"end":{"line":338,"column":5}},{"start":{},"end":{}}],"line":327},"20":{"loc":{"start":{"line":331,"column":8},"end":{"line":335,"column":9}},"type":"if","locations":[{"start":{"line":331,"column":8},"end":{"line":335,"column":9}},{"start":{},"end":{}}],"line":331},"21":{"loc":{"start":{"line":332,"column":10},"end":{"line":334,"column":11}},"type":"if","locations":[{"start":{"line":332,"column":10},"end":{"line":334,"column":11}},{"start":{},"end":{}}],"line":332},"22":{"loc":{"start":{"line":350,"column":4},"end":{"line":392,"column":5}},"type":"if","locations":[{"start":{"line":350,"column":4},"end":{"line":392,"column":5}},{"start":{"line":358,"column":11},"end":{"line":392,"column":5}}],"line":350},"23":{"loc":{"start":{"line":353,"column":6},"end":{"line":357,"column":7}},"type":"if","locations":[{"start":{"line":353,"column":6},"end":{"line":357,"column":7}},{"start":{"line":355,"column":13},"end":{"line":357,"column":7}}],"line":353},"24":{"loc":{"start":{"line":354,"column":15},"end":{"line":354,"column":90}},"type":"cond-expr","locations":[{"start":{"line":354,"column":42},"end":{"line":354,"column":79}},{"start":{"line":354,"column":82},"end":{"line":354,"column":90}}],"line":354},"25":{"loc":{"start":{"line":356,"column":15},"end":{"line":356,"column":120}},"type":"cond-expr","locations":[{"start":{"line":356,"column":42},"end":{"line":356,"column":109}},{"start":{"line":356,"column":112},"end":{"line":356,"column":120}}],"line":356},"26":{"loc":{"start":{"line":358,"column":11},"end":{"line":392,"column":5}},"type":"if","locations":[{"start":{"line":358,"column":11},"end":{"line":392,"column":5}},{"start":{"line":377,"column":11},"end":{"line":392,"column":5}}],"line":358},"27":{"loc":{"start":{"line":359,"column":6},"end":{"line":376,"column":7}},"type":"if","locations":[{"start":{"line":359,"column":6},"end":{"line":376,"column":7}},{"start":{"line":362,"column":13},"end":{"line":376,"column":7}}],"line":359},"28":{"loc":{"start":{"line":362,"column":13},"end":{"line":376,"column":7}},"type":"if","locations":[{"start":{"line":362,"column":13},"end":{"line":376,"column":7}},{"start":{"line":367,"column":13},"end":{"line":376,"column":7}}],"line":362},"29":{"loc":{"start":{"line":367,"column":13},"end":{"line":376,"column":7}},"type":"if","locations":[{"start":{"line":367,"column":13},"end":{"line":376,"column":7}},{"start":{"line":369,"column":13},"end":{"line":376,"column":7}}],"line":367},"30":{"loc":{"start":{"line":369,"column":13},"end":{"line":376,"column":7}},"type":"if","locations":[{"start":{"line":369,"column":13},"end":{"line":376,"column":7}},{"start":{"line":371,"column":13},"end":{"line":376,"column":7}}],"line":369},"31":{"loc":{"start":{"line":371,"column":13},"end":{"line":376,"column":7}},"type":"if","locations":[{"start":{"line":371,"column":13},"end":{"line":376,"column":7}},{"start":{"line":374,"column":13},"end":{"line":376,"column":7}}],"line":371},"32":{"loc":{"start":{"line":380,"column":8},"end":{"line":388,"column":9}},"type":"if","locations":[{"start":{"line":380,"column":8},"end":{"line":388,"column":9}},{"start":{},"end":{}}],"line":380},"33":{"loc":{"start":{"line":380,"column":12},"end":{"line":380,"column":90}},"type":"binary-expr","locations":[{"start":{"line":380,"column":12},"end":{"line":380,"column":36}},{"start":{"line":380,"column":40},"end":{"line":380,"column":64}},{"start":{"line":380,"column":68},"end":{"line":380,"column":90}}],"line":380},"34":{"loc":{"start":{"line":382,"column":10},"end":{"line":387,"column":11}},"type":"if","locations":[{"start":{"line":382,"column":10},"end":{"line":387,"column":11}},{"start":{},"end":{}}],"line":382},"35":{"loc":{"start":{"line":382,"column":14},"end":{"line":382,"column":71}},"type":"binary-expr","locations":[{"start":{"line":382,"column":14},"end":{"line":382,"column":49}},{"start":{"line":382,"column":53},"end":{"line":382,"column":71}}],"line":382},"36":{"loc":{"start":{"line":384,"column":12},"end":{"line":384,"column":85}},"type":"if","locations":[{"start":{"line":384,"column":12},"end":{"line":384,"column":85}},{"start":{},"end":{}}],"line":384},"37":{"loc":{"start":{"line":404,"column":12},"end":{"line":404,"column":70}},"type":"cond-expr","locations":[{"start":{"line":404,"column":41},"end":{"line":404,"column":62}},{"start":{"line":404,"column":65},"end":{"line":404,"column":70}}],"line":404},"38":{"loc":{"start":{"line":407,"column":6},"end":{"line":415,"column":7}},"type":"if","locations":[{"start":{"line":407,"column":6},"end":{"line":415,"column":7}},{"start":{},"end":{}}],"line":407},"39":{"loc":{"start":{"line":407,"column":10},"end":{"line":407,"column":88}},"type":"binary-expr","locations":[{"start":{"line":407,"column":10},"end":{"line":407,"column":34}},{"start":{"line":407,"column":38},"end":{"line":407,"column":62}},{"start":{"line":407,"column":66},"end":{"line":407,"column":88}}],"line":407},"40":{"loc":{"start":{"line":409,"column":8},"end":{"line":414,"column":9}},"type":"if","locations":[{"start":{"line":409,"column":8},"end":{"line":414,"column":9}},{"start":{},"end":{}}],"line":409},"41":{"loc":{"start":{"line":409,"column":12},"end":{"line":409,"column":69}},"type":"binary-expr","locations":[{"start":{"line":409,"column":12},"end":{"line":409,"column":47}},{"start":{"line":409,"column":51},"end":{"line":409,"column":69}}],"line":409},"42":{"loc":{"start":{"line":411,"column":10},"end":{"line":411,"column":83}},"type":"if","locations":[{"start":{"line":411,"column":10},"end":{"line":411,"column":83}},{"start":{},"end":{}}],"line":411},"43":{"loc":{"start":{"line":429,"column":64},"end":{"line":429,"column":105}},"type":"default-arg","locations":[{"start":{"line":429,"column":94},"end":{"line":429,"column":105}}],"line":429},"44":{"loc":{"start":{"line":432,"column":4},"end":{"line":432,"column":70}},"type":"if","locations":[{"start":{"line":432,"column":4},"end":{"line":432,"column":70}},{"start":{},"end":{}}],"line":432},"45":{"loc":{"start":{"line":437,"column":4},"end":{"line":437,"column":53}},"type":"if","locations":[{"start":{"line":437,"column":4},"end":{"line":437,"column":53}},{"start":{},"end":{}}],"line":437},"46":{"loc":{"start":{"line":440,"column":6},"end":{"line":446,"column":7}},"type":"if","locations":[{"start":{"line":440,"column":6},"end":{"line":446,"column":7}},{"start":{"line":443,"column":13},"end":{"line":446,"column":7}}],"line":440},"47":{"loc":{"start":{"line":461,"column":4},"end":{"line":505,"column":5}},"type":"if","locations":[{"start":{"line":461,"column":4},"end":{"line":505,"column":5}},{"start":{"line":463,"column":11},"end":{"line":505,"column":5}}],"line":461},"48":{"loc":{"start":{"line":463,"column":11},"end":{"line":505,"column":5}},"type":"if","locations":[{"start":{"line":463,"column":11},"end":{"line":505,"column":5}},{"start":{"line":465,"column":11},"end":{"line":505,"column":5}}],"line":463},"49":{"loc":{"start":{"line":474,"column":30},"end":{"line":474,"column":81}},"type":"cond-expr","locations":[{"start":{"line":474,"column":51},"end":{"line":474,"column":67}},{"start":{"line":474,"column":71},"end":{"line":474,"column":81}}],"line":474},"50":{"loc":{"start":{"line":479,"column":8},"end":{"line":500,"column":9}},"type":"if","locations":[{"start":{"line":479,"column":8},"end":{"line":500,"column":9}},{"start":{"line":487,"column":15},"end":{"line":500,"column":9}}],"line":479},"51":{"loc":{"start":{"line":480,"column":10},"end":{"line":486,"column":11}},"type":"if","locations":[{"start":{"line":480,"column":10},"end":{"line":486,"column":11}},{"start":{"line":484,"column":17},"end":{"line":486,"column":11}}],"line":480},"52":{"loc":{"start":{"line":488,"column":10},"end":{"line":498,"column":11}},"type":"if","locations":[{"start":{"line":488,"column":10},"end":{"line":498,"column":11}},{"start":{"line":496,"column":17},"end":{"line":498,"column":11}}],"line":488},"53":{"loc":{"start":{"line":489,"column":12},"end":{"line":495,"column":13}},"type":"if","locations":[{"start":{"line":489,"column":12},"end":{"line":495,"column":13}},{"start":{"line":491,"column":19},"end":{"line":495,"column":13}}],"line":489}},"s":{"0":16,"1":16,"2":16,"3":16,"4":16,"5":16,"6":16,"7":16,"8":16,"9":16,"10":16,"11":16,"12":16,"13":31,"14":38,"15":1,"16":1,"17":2,"18":1,"19":38,"20":41,"21":38,"22":111,"23":108,"24":231,"25":40,"26":38,"27":38,"28":38,"29":38,"30":38,"31":38,"32":9,"33":396,"34":164,"35":396,"36":37,"37":6,"38":31,"39":24,"40":7,"41":1,"42":6,"43":3,"44":3,"45":3,"46":3,"47":359,"48":6,"49":6,"50":6,"51":3,"52":3,"53":353,"54":359,"55":36,"56":32,"57":36,"58":36,"59":36,"60":36,"61":36,"62":36,"63":3,"64":47,"65":3,"66":3,"67":3,"68":1,"69":3,"70":2,"71":2,"72":3,"73":3,"74":3,"75":3,"76":1,"77":3,"78":81,"79":81,"80":36,"81":36,"82":1,"83":81,"84":37,"85":37,"86":37,"87":71,"88":71,"89":21,"90":1,"91":20,"92":20,"93":20,"94":20,"95":20,"96":20,"97":205,"98":18,"99":18,"100":8,"101":8,"102":2,"103":1,"104":8,"105":205,"106":467,"107":86,"108":86,"109":4,"110":4,"111":86,"112":21,"113":1,"114":65,"115":3,"116":381,"117":175,"118":21,"119":21,"120":154,"121":2,"122":2,"123":2,"124":152,"125":41,"126":41,"127":111,"128":3,"129":3,"130":108,"131":37,"132":37,"133":71,"134":71,"135":206,"136":206,"137":141,"138":141,"139":25,"140":39,"141":25,"142":1,"143":24,"144":24,"145":181,"146":205,"147":36,"148":36,"149":36,"150":34,"151":34,"152":10,"153":16,"154":10,"155":1,"156":9,"157":9,"158":26,"159":35,"160":42,"161":42,"162":42,"163":2,"164":40,"165":40,"166":40,"167":40,"168":40,"169":31,"170":9,"171":9,"172":9,"173":4,"174":4,"175":21,"176":5,"177":5,"178":9,"179":9,"180":10,"181":10,"182":2,"183":8,"184":1,"185":7,"186":22,"187":22,"188":22,"189":22,"190":22,"191":11,"192":10,"193":37,"194":1,"195":11,"196":4,"197":1,"198":3,"199":7,"200":7,"201":22,"202":7,"203":7,"204":27,"205":27,"206":27},"f":{"0":31,"1":1,"2":1,"3":2,"4":1,"5":41,"6":111,"7":108,"8":231,"9":40,"10":38,"11":396,"12":3,"13":3,"14":36,"15":1,"16":2,"17":1,"18":81,"19":1,"20":37,"21":71,"22":205,"23":8,"24":467,"25":4,"26":4,"27":1,"28":18,"29":3,"30":56,"31":21,"32":2,"33":41,"34":3,"35":37,"36":71,"37":39,"38":36,"39":16,"40":42,"41":21,"42":10,"43":22,"44":37,"45":7,"46":27},"b":{"0":[38,34],"1":[164,232],"2":[164,28],"3":[37,359],"4":[6,31],"5":[24,7],"6":[1,6],"7":[3,3],"8":[1],"9":[2],"10":[2],"11":[6,353],"12":[359,10],"13":[2,4],"14":[3,3],"15":[32,4],"16":[32,1],"17":[36,45],"18":[1,20],"19":[18,187],"20":[2,6],"21":[1,1],"22":[86,381],"23":[21,65],"24":[2,19],"25":[6,59],"26":[175,206],"27":[21,154],"28":[2,152],"29":[41,111],"30":[3,108],"31":[37,71],"32":[141,65],"33":[206,144,142],"34":[25,116],"35":[141,25],"36":[1,24],"37":[1,35],"38":[34,2],"39":[36,35,34],"40":[10,24],"41":[34,10],"42":[1,9],"43":[33],"44":[2,40],"45":[31,9],"46":[4,5],"47":[2,8],"48":[1,7],"49":[15,7],"50":[11,11],"51":[10,1],"52":[4,7],"53":[1,3]},"inputSourceMap":null,"_coverageSchema":"1a1c01bbd47fc00a2c39e90264f33305004495a9","hash":"c38e483df551d26d46babc6faa4853c9a06d66ca"}
,"C:\\Users\\m.kikuzawa\\git\\quel\\src\\viewModel\\ViewModelize.js": {"path":"C:\\Users\\m.kikuzawa\\git\\quel\\src\\viewModel\\ViewModelize.js","statementMap":{"0":{"start":{"line":23,"column":23},"end":{"line":23,"column":30}},"1":{"start":{"line":24,"column":17},"end":{"line":24,"column":23}},"2":{"start":{"line":25,"column":4},"end":{"line":32,"column":5}},"3":{"start":{"line":26,"column":20},"end":{"line":26,"column":60}},"4":{"start":{"line":27,"column":6},"end":{"line":30,"column":7}},"5":{"start":{"line":28,"column":8},"end":{"line":28,"column":43}},"6":{"start":{"line":28,"column":34},"end":{"line":28,"column":43}},"7":{"start":{"line":29,"column":8},"end":{"line":29,"column":35}},"8":{"start":{"line":31,"column":6},"end":{"line":31,"column":45}},"9":{"start":{"line":33,"column":4},"end":{"line":33,"column":22}},"10":{"start":{"line":43,"column":4},"end":{"line":43,"column":119}},"11":{"start":{"line":43,"column":56},"end":{"line":43,"column":118}},"12":{"start":{"line":52,"column":4},"end":{"line":52,"column":119}},"13":{"start":{"line":52,"column":56},"end":{"line":52,"column":118}},"14":{"start":{"line":62,"column":33},"end":{"line":62,"column":51}},"15":{"start":{"line":63,"column":24},"end":{"line":63,"column":81}},"16":{"start":{"line":64,"column":4},"end":{"line":85,"column":5}},"17":{"start":{"line":65,"column":25},"end":{"line":65,"column":51}},"18":{"start":{"line":66,"column":32},"end":{"line":66,"column":64}},"19":{"start":{"line":67,"column":26},"end":{"line":67,"column":28}},"20":{"start":{"line":68,"column":27},"end":{"line":68,"column":29}},"21":{"start":{"line":69,"column":28},"end":{"line":69,"column":30}},"22":{"start":{"line":70,"column":22},"end":{"line":70,"column":104}},"23":{"start":{"line":70,"column":99},"end":{"line":70,"column":103}},"24":{"start":{"line":71,"column":6},"end":{"line":82,"column":9}},"25":{"start":{"line":72,"column":8},"end":{"line":72,"column":32}},"26":{"start":{"line":73,"column":25},"end":{"line":73,"column":50}},"27":{"start":{"line":74,"column":8},"end":{"line":78,"column":9}},"28":{"start":{"line":75,"column":10},"end":{"line":77,"column":11}},"29":{"start":{"line":76,"column":12},"end":{"line":76,"column":35}},"30":{"start":{"line":79,"column":8},"end":{"line":81,"column":9}},"31":{"start":{"line":80,"column":10},"end":{"line":80,"column":35}},"32":{"start":{"line":83,"column":6},"end":{"line":83,"column":76}},"33":{"start":{"line":84,"column":6},"end":{"line":84,"column":79}},"34":{"start":{"line":84,"column":79},"end":{"line":84,"column":80}},"35":{"start":{"line":86,"column":4},"end":{"line":86,"column":98}},"36":{"start":{"line":86,"column":53},"end":{"line":86,"column":96}},"37":{"start":{"line":87,"column":4},"end":{"line":92,"column":6}},"38":{"start":{"line":98,"column":38},"end":{"line":98,"column":45}}},"fnMap":{"0":{"name":"(anonymous_0)","decl":{"start":{"line":19,"column":2},"end":{"line":19,"column":3}},"loc":{"start":{"line":19,"column":31},"end":{"line":34,"column":3}},"line":19},"1":{"name":"(anonymous_1)","decl":{"start":{"line":42,"column":2},"end":{"line":42,"column":3}},"loc":{"start":{"line":42,"column":52},"end":{"line":44,"column":3}},"line":42},"2":{"name":"(anonymous_2)","decl":{"start":{"line":43,"column":36},"end":{"line":43,"column":37}},"loc":{"start":{"line":43,"column":56},"end":{"line":43,"column":118}},"line":43},"3":{"name":"(anonymous_3)","decl":{"start":{"line":51,"column":2},"end":{"line":51,"column":3}},"loc":{"start":{"line":51,"column":55},"end":{"line":53,"column":3}},"line":51},"4":{"name":"(anonymous_4)","decl":{"start":{"line":52,"column":36},"end":{"line":52,"column":37}},"loc":{"start":{"line":52,"column":56},"end":{"line":52,"column":118}},"line":52},"5":{"name":"(anonymous_5)","decl":{"start":{"line":61,"column":2},"end":{"line":61,"column":3}},"loc":{"start":{"line":61,"column":30},"end":{"line":93,"column":3}},"line":61},"6":{"name":"(anonymous_6)","decl":{"start":{"line":70,"column":81},"end":{"line":70,"column":82}},"loc":{"start":{"line":70,"column":99},"end":{"line":70,"column":103}},"line":70},"7":{"name":"(anonymous_7)","decl":{"start":{"line":71,"column":72},"end":{"line":71,"column":73}},"loc":{"start":{"line":71,"column":90},"end":{"line":82,"column":7}},"line":71},"8":{"name":"(anonymous_8)","decl":{"start":{"line":86,"column":38},"end":{"line":86,"column":39}},"loc":{"start":{"line":86,"column":53},"end":{"line":86,"column":96}},"line":86}},"branchMap":{"0":{"loc":{"start":{"line":28,"column":8},"end":{"line":28,"column":43}},"type":"if","locations":[{"start":{"line":28,"column":8},"end":{"line":28,"column":43}},{"start":{},"end":{}}],"line":28},"1":{"loc":{"start":{"line":43,"column":56},"end":{"line":43,"column":118}},"type":"binary-expr","locations":[{"start":{"line":43,"column":56},"end":{"line":43,"column":82}},{"start":{"line":43,"column":86},"end":{"line":43,"column":118}}],"line":43},"2":{"loc":{"start":{"line":52,"column":56},"end":{"line":52,"column":118}},"type":"binary-expr","locations":[{"start":{"line":52,"column":56},"end":{"line":52,"column":82}},{"start":{"line":52,"column":86},"end":{"line":52,"column":118}}],"line":52},"3":{"loc":{"start":{"line":64,"column":4},"end":{"line":85,"column":5}},"type":"if","locations":[{"start":{"line":64,"column":4},"end":{"line":85,"column":5}},{"start":{},"end":{}}],"line":64},"4":{"loc":{"start":{"line":74,"column":8},"end":{"line":78,"column":9}},"type":"if","locations":[{"start":{"line":74,"column":8},"end":{"line":78,"column":9}},{"start":{},"end":{}}],"line":74},"5":{"loc":{"start":{"line":75,"column":10},"end":{"line":77,"column":11}},"type":"if","locations":[{"start":{"line":75,"column":10},"end":{"line":77,"column":11}},{"start":{},"end":{}}],"line":75},"6":{"loc":{"start":{"line":75,"column":14},"end":{"line":75,"column":68}},"type":"binary-expr","locations":[{"start":{"line":75,"column":15},"end":{"line":75,"column":30}},{"start":{"line":75,"column":35},"end":{"line":75,"column":68}}],"line":75},"7":{"loc":{"start":{"line":79,"column":8},"end":{"line":81,"column":9}},"type":"if","locations":[{"start":{"line":79,"column":8},"end":{"line":81,"column":9}},{"start":{},"end":{}}],"line":79},"8":{"loc":{"start":{"line":79,"column":12},"end":{"line":79,"column":60}},"type":"binary-expr","locations":[{"start":{"line":79,"column":12},"end":{"line":79,"column":25}},{"start":{"line":79,"column":29},"end":{"line":79,"column":60}}],"line":79}},"s":{"0":27,"1":27,"2":27,"3":55,"4":55,"5":95,"6":1,"7":94,"8":55,"9":27,"10":27,"11":94,"12":27,"13":94,"14":29,"15":29,"16":29,"17":26,"18":26,"19":26,"20":26,"21":26,"22":26,"23":14,"24":26,"25":48,"26":48,"27":48,"28":4,"29":2,"30":48,"31":8,"32":26,"33":26,"34":26,"35":29,"36":4,"37":29,"38":17},"f":{"0":27,"1":27,"2":94,"3":27,"4":94,"5":29,"6":14,"7":48,"8":4},"b":{"0":[1,94],"1":[94,67],"2":[94,67],"3":[26,3],"4":[4,44],"5":[2,2],"6":[4,2],"7":[8,40],"8":[48,8]},"inputSourceMap":null,"_coverageSchema":"1a1c01bbd47fc00a2c39e90264f33305004495a9","hash":"3e93f130fe8a3c8f4844fc2fbe26f6eadbc19d17"}
}
