{"C:\\Users\\m.kikuzawa\\Documents\\git\\quel\\src\\types.js": {"path":"C:\\Users\\m.kikuzawa\\Documents\\git\\quel\\src\\types.js","statementMap":{},"fnMap":{},"branchMap":{},"s":{},"f":{},"b":{},"inputSourceMap":null,"_coverageSchema":"1a1c01bbd47fc00a2c39e90264f33305004495a9","hash":"af122055b8d7b9c5e7b221b943378a60447693a0"}
,"C:\\Users\\m.kikuzawa\\Documents\\git\\quel\\src\\utils.js": {"path":"C:\\Users\\m.kikuzawa\\Documents\\git\\quel\\src\\utils.js","statementMap":{"0":{"start":{"line":7,"column":4},"end":{"line":7,"column":29}},"1":{"start":{"line":15,"column":22},"end":{"line":19,"column":3}},"2":{"start":{"line":16,"column":21},"end":{"line":16,"column":46}},"3":{"start":{"line":17,"column":17},"end":{"line":17,"column":62}},"4":{"start":{"line":18,"column":4},"end":{"line":18,"column":61}},"5":{"start":{"line":27,"column":4},"end":{"line":28,"column":73}},"6":{"start":{"line":36,"column":23},"end":{"line":36,"column":183}},"7":{"start":{"line":36,"column":31},"end":{"line":36,"column":183}},"8":{"start":{"line":36,"column":132},"end":{"line":36,"column":175}},"9":{"start":{"line":42,"column":4},"end":{"line":46,"column":9}},"10":{"start":{"line":44,"column":16},"end":{"line":44,"column":66}},"11":{"start":{"line":44,"column":72},"end":{"line":44,"column":102}},"12":{"start":{"line":45,"column":8},"end":{"line":45,"column":30}}},"fnMap":{"0":{"name":"(anonymous_0)","decl":{"start":{"line":6,"column":2},"end":{"line":6,"column":3}},"loc":{"start":{"line":6,"column":24},"end":{"line":8,"column":3}},"line":6},"1":{"name":"(anonymous_1)","decl":{"start":{"line":15,"column":22},"end":{"line":15,"column":23}},"loc":{"start":{"line":15,"column":31},"end":{"line":19,"column":3}},"line":15},"2":{"name":"(anonymous_2)","decl":{"start":{"line":26,"column":2},"end":{"line":26,"column":3}},"loc":{"start":{"line":26,"column":37},"end":{"line":29,"column":3}},"line":26},"3":{"name":"(anonymous_3)","decl":{"start":{"line":36,"column":23},"end":{"line":36,"column":24}},"loc":{"start":{"line":36,"column":31},"end":{"line":36,"column":183}},"line":36},"4":{"name":"(anonymous_4)","decl":{"start":{"line":36,"column":110},"end":{"line":36,"column":111}},"loc":{"start":{"line":36,"column":132},"end":{"line":36,"column":175}},"line":36},"5":{"name":"(anonymous_5)","decl":{"start":{"line":41,"column":2},"end":{"line":41,"column":3}},"loc":{"start":{"line":41,"column":22},"end":{"line":47,"column":3}},"line":41},"6":{"name":"(anonymous_6)","decl":{"start":{"line":43,"column":63},"end":{"line":43,"column":64}},"loc":{"start":{"line":43,"column":75},"end":{"line":46,"column":7}},"line":43}},"branchMap":{"0":{"loc":{"start":{"line":18,"column":12},"end":{"line":18,"column":59}},"type":"binary-expr","locations":[{"start":{"line":18,"column":12},"end":{"line":18,"column":31}},{"start":{"line":18,"column":35},"end":{"line":18,"column":59}}],"line":18},"1":{"loc":{"start":{"line":27,"column":11},"end":{"line":28,"column":72}},"type":"binary-expr","locations":[{"start":{"line":27,"column":11},"end":{"line":27,"column":47}},{"start":{"line":27,"column":51},"end":{"line":27,"column":89}},{"start":{"line":28,"column":7},"end":{"line":28,"column":42}},{"start":{"line":28,"column":46},"end":{"line":28,"column":71}}],"line":27},"2":{"loc":{"start":{"line":36,"column":31},"end":{"line":36,"column":183}},"type":"cond-expr","locations":[{"start":{"line":36,"column":60},"end":{"line":36,"column":176}},{"start":{"line":36,"column":179},"end":{"line":36,"column":183}}],"line":36},"3":{"loc":{"start":{"line":36,"column":133},"end":{"line":36,"column":153}},"type":"cond-expr","locations":[{"start":{"line":36,"column":145},"end":{"line":36,"column":148}},{"start":{"line":36,"column":151},"end":{"line":36,"column":153}}],"line":36},"4":{"loc":{"start":{"line":42,"column":11},"end":{"line":46,"column":8}},"type":"cond-expr","locations":[{"start":{"line":42,"column":40},"end":{"line":42,"column":66}},{"start":{"line":43,"column":7},"end":{"line":46,"column":8}}],"line":42},"5":{"loc":{"start":{"line":44,"column":72},"end":{"line":44,"column":102}},"type":"cond-expr","locations":[{"start":{"line":44,"column":83},"end":{"line":44,"column":84}},{"start":{"line":44,"column":88},"end":{"line":44,"column":101}}],"line":44}},"s":{"0":3,"1":1,"2":0,"3":0,"4":0,"5":0,"6":1,"7":0,"8":0,"9":0,"10":0,"11":0,"12":0},"f":{"0":3,"1":0,"2":0,"3":0,"4":0,"5":0,"6":0},"b":{"0":[0,0],"1":[0,0,0,0],"2":[0,0],"3":[0,0],"4":[0,0],"5":[0,0]},"inputSourceMap":null,"_coverageSchema":"1a1c01bbd47fc00a2c39e90264f33305004495a9","hash":"6e6ab50115f70f146fe3da2feb668a7dca425cc0"}
,"C:\\Users\\m.kikuzawa\\Documents\\git\\quel\\src\\binding\\nodePoperty\\Checkbox.js": {"path":"C:\\Users\\m.kikuzawa\\Documents\\git\\quel\\src\\binding\\nodePoperty\\Checkbox.js","statementMap":{"0":{"start":{"line":9,"column":4},"end":{"line":9,"column":21}},"1":{"start":{"line":14,"column":4},"end":{"line":14,"column":78}},"2":{"start":{"line":18,"column":18},"end":{"line":18,"column":23}},"3":{"start":{"line":20,"column":23},"end":{"line":20,"column":41}},"4":{"start":{"line":21,"column":4},"end":{"line":21,"column":87}},"5":{"start":{"line":21,"column":48},"end":{"line":21,"column":70}},"6":{"start":{"line":27,"column":23},"end":{"line":27,"column":33}},"7":{"start":{"line":28,"column":4},"end":{"line":28,"column":139}},"8":{"start":{"line":29,"column":4},"end":{"line":29,"column":22}},"9":{"start":{"line":41,"column":4},"end":{"line":41,"column":81}},"10":{"start":{"line":41,"column":45},"end":{"line":41,"column":81}},"11":{"start":{"line":42,"column":4},"end":{"line":42,"column":62}},"12":{"start":{"line":42,"column":34},"end":{"line":42,"column":62}},"13":{"start":{"line":43,"column":4},"end":{"line":43,"column":53}}},"fnMap":{"0":{"name":"(anonymous_0)","decl":{"start":{"line":8,"column":2},"end":{"line":8,"column":3}},"loc":{"start":{"line":8,"column":21},"end":{"line":10,"column":3}},"line":8},"1":{"name":"(anonymous_1)","decl":{"start":{"line":13,"column":2},"end":{"line":13,"column":3}},"loc":{"start":{"line":13,"column":14},"end":{"line":15,"column":3}},"line":13},"2":{"name":"(anonymous_2)","decl":{"start":{"line":16,"column":2},"end":{"line":16,"column":3}},"loc":{"start":{"line":16,"column":19},"end":{"line":22,"column":3}},"line":16},"3":{"name":"(anonymous_3)","decl":{"start":{"line":21,"column":43},"end":{"line":21,"column":44}},"loc":{"start":{"line":21,"column":48},"end":{"line":21,"column":70}},"line":21},"4":{"name":"(anonymous_4)","decl":{"start":{"line":25,"column":2},"end":{"line":25,"column":3}},"loc":{"start":{"line":25,"column":22},"end":{"line":30,"column":3}},"line":25},"5":{"name":"(anonymous_5)","decl":{"start":{"line":40,"column":2},"end":{"line":40,"column":3}},"loc":{"start":{"line":40,"column":57},"end":{"line":44,"column":3}},"line":40}},"branchMap":{"0":{"loc":{"start":{"line":21,"column":32},"end":{"line":21,"column":86}},"type":"cond-expr","locations":[{"start":{"line":21,"column":74},"end":{"line":21,"column":78}},{"start":{"line":21,"column":81},"end":{"line":21,"column":86}}],"line":21},"1":{"loc":{"start":{"line":28,"column":23},"end":{"line":28,"column":138}},"type":"cond-expr","locations":[{"start":{"line":28,"column":49},"end":{"line":28,"column":119}},{"start":{"line":28,"column":122},"end":{"line":28,"column":138}}],"line":28},"2":{"loc":{"start":{"line":41,"column":4},"end":{"line":41,"column":81}},"type":"if","locations":[{"start":{"line":41,"column":4},"end":{"line":41,"column":81}},{"start":{},"end":{}}],"line":41},"3":{"loc":{"start":{"line":42,"column":4},"end":{"line":42,"column":62}},"type":"if","locations":[{"start":{"line":42,"column":4},"end":{"line":42,"column":62}},{"start":{},"end":{}}],"line":42}},"s":{"0":30,"1":11,"2":7,"3":7,"4":7,"5":7,"6":9,"7":9,"8":9,"9":5,"10":2,"11":3,"12":1,"13":2},"f":{"0":30,"1":11,"2":7,"3":7,"4":9,"5":5},"b":{"0":[4,3],"1":[5,4],"2":[2,3],"3":[1,2]},"inputSourceMap":null,"_coverageSchema":"1a1c01bbd47fc00a2c39e90264f33305004495a9","hash":"3b9d837bbee235090edf38b9b108d1c94560944c"}
,"C:\\Users\\m.kikuzawa\\Documents\\git\\quel\\src\\binding\\nodePoperty\\ElementProperty.js": {"path":"C:\\Users\\m.kikuzawa\\Documents\\git\\quel\\src\\binding\\nodePoperty\\ElementProperty.js","statementMap":{"0":{"start":{"line":7,"column":4},"end":{"line":7,"column":21}},"1":{"start":{"line":19,"column":4},"end":{"line":19,"column":63}},"2":{"start":{"line":19,"column":36},"end":{"line":19,"column":63}},"3":{"start":{"line":20,"column":4},"end":{"line":20,"column":58}}},"fnMap":{"0":{"name":"(anonymous_0)","decl":{"start":{"line":6,"column":2},"end":{"line":6,"column":3}},"loc":{"start":{"line":6,"column":16},"end":{"line":8,"column":3}},"line":6},"1":{"name":"(anonymous_1)","decl":{"start":{"line":18,"column":2},"end":{"line":18,"column":3}},"loc":{"start":{"line":18,"column":62},"end":{"line":21,"column":3}},"line":18}},"branchMap":{"0":{"loc":{"start":{"line":19,"column":4},"end":{"line":19,"column":63}},"type":"if","locations":[{"start":{"line":19,"column":4},"end":{"line":19,"column":63}},{"start":{},"end":{}}],"line":19}},"s":{"0":1,"1":2,"2":0,"3":2},"f":{"0":1,"1":2},"b":{"0":[0,2]},"inputSourceMap":null,"_coverageSchema":"1a1c01bbd47fc00a2c39e90264f33305004495a9","hash":"110c0285ffc4441f23a864e976ac474cb0495647"}
,"C:\\Users\\m.kikuzawa\\Documents\\git\\quel\\src\\binding\\nodePoperty\\MultiValue.js": {"path":"C:\\Users\\m.kikuzawa\\Documents\\git\\quel\\src\\binding\\nodePoperty\\MultiValue.js","statementMap":{"0":{"start":{"line":14,"column":4},"end":{"line":14,"column":23}},"1":{"start":{"line":15,"column":4},"end":{"line":15,"column":27}}},"fnMap":{"0":{"name":"(anonymous_0)","decl":{"start":{"line":13,"column":2},"end":{"line":13,"column":3}},"loc":{"start":{"line":13,"column":30},"end":{"line":16,"column":3}},"line":13}},"branchMap":{},"s":{"0":11,"1":11},"f":{"0":11},"b":{},"inputSourceMap":null,"_coverageSchema":"1a1c01bbd47fc00a2c39e90264f33305004495a9","hash":"11967f2a9c86a04b2e56bb51bbd7a9d899bb0fee"}
,"C:\\Users\\m.kikuzawa\\Documents\\git\\quel\\src\\binding\\nodePoperty\\NodeProperty.js": {"path":"C:\\Users\\m.kikuzawa\\Documents\\git\\quel\\src\\binding\\nodePoperty\\NodeProperty.js","statementMap":{"0":{"start":{"line":8,"column":4},"end":{"line":8,"column":22}},"1":{"start":{"line":14,"column":4},"end":{"line":14,"column":22}},"2":{"start":{"line":18,"column":18},"end":{"line":18,"column":20}},"3":{"start":{"line":20,"column":4},"end":{"line":20,"column":30}},"4":{"start":{"line":25,"column":4},"end":{"line":25,"column":32}},"5":{"start":{"line":28,"column":4},"end":{"line":28,"column":33}},"6":{"start":{"line":34,"column":4},"end":{"line":34,"column":25}},"7":{"start":{"line":40,"column":4},"end":{"line":40,"column":29}},"8":{"start":{"line":45,"column":4},"end":{"line":45,"column":115}},"9":{"start":{"line":50,"column":4},"end":{"line":50,"column":16}},"10":{"start":{"line":56,"column":4},"end":{"line":56,"column":25}},"11":{"start":{"line":68,"column":4},"end":{"line":68,"column":28}},"12":{"start":{"line":69,"column":4},"end":{"line":69,"column":22}},"13":{"start":{"line":70,"column":4},"end":{"line":70,"column":22}},"14":{"start":{"line":71,"column":4},"end":{"line":71,"column":41}},"15":{"start":{"line":72,"column":4},"end":{"line":72,"column":28}},"16":{"start":{"line":73,"column":4},"end":{"line":73,"column":36}}},"fnMap":{"0":{"name":"(anonymous_0)","decl":{"start":{"line":7,"column":2},"end":{"line":7,"column":3}},"loc":{"start":{"line":7,"column":13},"end":{"line":9,"column":3}},"line":7},"1":{"name":"(anonymous_1)","decl":{"start":{"line":13,"column":2},"end":{"line":13,"column":3}},"loc":{"start":{"line":13,"column":13},"end":{"line":15,"column":3}},"line":13},"2":{"name":"(anonymous_2)","decl":{"start":{"line":19,"column":2},"end":{"line":19,"column":3}},"loc":{"start":{"line":19,"column":21},"end":{"line":21,"column":3}},"line":19},"3":{"name":"(anonymous_3)","decl":{"start":{"line":24,"column":2},"end":{"line":24,"column":3}},"loc":{"start":{"line":24,"column":14},"end":{"line":26,"column":3}},"line":24},"4":{"name":"(anonymous_4)","decl":{"start":{"line":27,"column":2},"end":{"line":27,"column":3}},"loc":{"start":{"line":27,"column":19},"end":{"line":29,"column":3}},"line":27},"5":{"name":"(anonymous_5)","decl":{"start":{"line":33,"column":2},"end":{"line":33,"column":3}},"loc":{"start":{"line":33,"column":16},"end":{"line":35,"column":3}},"line":33},"6":{"name":"(anonymous_6)","decl":{"start":{"line":39,"column":2},"end":{"line":39,"column":3}},"loc":{"start":{"line":39,"column":20},"end":{"line":41,"column":3}},"line":39},"7":{"name":"(anonymous_7)","decl":{"start":{"line":44,"column":2},"end":{"line":44,"column":3}},"loc":{"start":{"line":44,"column":22},"end":{"line":46,"column":3}},"line":44},"8":{"name":"(anonymous_8)","decl":{"start":{"line":49,"column":2},"end":{"line":49,"column":3}},"loc":{"start":{"line":49,"column":19},"end":{"line":51,"column":3}},"line":49},"9":{"name":"(anonymous_9)","decl":{"start":{"line":55,"column":2},"end":{"line":55,"column":3}},"loc":{"start":{"line":55,"column":16},"end":{"line":57,"column":3}},"line":55},"10":{"name":"(anonymous_10)","decl":{"start":{"line":67,"column":2},"end":{"line":67,"column":3}},"loc":{"start":{"line":67,"column":57},"end":{"line":74,"column":3}},"line":67},"11":{"name":"(anonymous_11)","decl":{"start":{"line":81,"column":2},"end":{"line":81,"column":3}},"loc":{"start":{"line":81,"column":15},"end":{"line":82,"column":3}},"line":81}},"branchMap":{"0":{"loc":{"start":{"line":45,"column":11},"end":{"line":45,"column":114}},"type":"cond-expr","locations":[{"start":{"line":45,"column":37},"end":{"line":45,"column":101}},{"start":{"line":45,"column":104},"end":{"line":45,"column":114}}],"line":45}},"s":{"0":32,"1":1,"2":2,"3":1,"4":0,"5":0,"6":15,"7":6,"8":0,"9":1,"10":1,"11":2,"12":2,"13":2,"14":2,"15":2,"16":2},"f":{"0":32,"1":1,"2":1,"3":0,"4":0,"5":15,"6":6,"7":0,"8":1,"9":1,"10":2,"11":0},"b":{"0":[0,0]},"inputSourceMap":null,"_coverageSchema":"1a1c01bbd47fc00a2c39e90264f33305004495a9","hash":"8df5aab06cb2ff89eb9b505c113e1674edd99c8b"}
,"C:\\Users\\m.kikuzawa\\Documents\\git\\quel\\src\\filter\\Builtin.js": {"path":"C:\\Users\\m.kikuzawa\\Documents\\git\\quel\\src\\filter\\Builtin.js","statementMap":{"0":{"start":{"line":10,"column":12},"end":{"line":14,"column":1}},"1":{"start":{"line":11,"column":2},"end":{"line":11,"column":26}},"2":{"start":{"line":11,"column":17},"end":{"line":11,"column":26}},"3":{"start":{"line":12,"column":12},"end":{"line":12,"column":21}},"4":{"start":{"line":13,"column":2},"end":{"line":13,"column":33}},"5":{"start":{"line":23,"column":12},"end":{"line":25,"column":1}},"6":{"start":{"line":24,"column":2},"end":{"line":24,"column":44}},"7":{"start":{"line":34,"column":12},"end":{"line":36,"column":1}},"8":{"start":{"line":35,"column":2},"end":{"line":35,"column":42}},"9":{"start":{"line":39,"column":24},"end":{"line":39,"column":79}},"10":{"start":{"line":39,"column":44},"end":{"line":39,"column":79}},"11":{"start":{"line":40,"column":24},"end":{"line":40,"column":64}},"12":{"start":{"line":40,"column":44},"end":{"line":40,"column":64}},"13":{"start":{"line":41,"column":24},"end":{"line":41,"column":65}},"14":{"start":{"line":41,"column":44},"end":{"line":41,"column":65}},"15":{"start":{"line":42,"column":24},"end":{"line":42,"column":35}},"16":{"start":{"line":43,"column":24},"end":{"line":43,"column":63}},"17":{"start":{"line":43,"column":44},"end":{"line":43,"column":63}},"18":{"start":{"line":44,"column":24},"end":{"line":44,"column":63}},"19":{"start":{"line":44,"column":44},"end":{"line":44,"column":63}},"20":{"start":{"line":45,"column":24},"end":{"line":45,"column":78}},"21":{"start":{"line":45,"column":44},"end":{"line":45,"column":78}},"22":{"start":{"line":46,"column":24},"end":{"line":46,"column":79}},"23":{"start":{"line":46,"column":44},"end":{"line":46,"column":79}},"24":{"start":{"line":47,"column":24},"end":{"line":47,"column":78}},"25":{"start":{"line":47,"column":44},"end":{"line":47,"column":78}},"26":{"start":{"line":48,"column":24},"end":{"line":48,"column":79}},"27":{"start":{"line":48,"column":44},"end":{"line":48,"column":79}},"28":{"start":{"line":49,"column":24},"end":{"line":49,"column":131}},"29":{"start":{"line":49,"column":44},"end":{"line":49,"column":131}},"30":{"start":{"line":50,"column":24},"end":{"line":50,"column":91}},"31":{"start":{"line":50,"column":44},"end":{"line":50,"column":91}},"32":{"start":{"line":51,"column":24},"end":{"line":51,"column":74}},"33":{"start":{"line":51,"column":44},"end":{"line":51,"column":74}},"34":{"start":{"line":52,"column":24},"end":{"line":52,"column":78}},"35":{"start":{"line":52,"column":44},"end":{"line":52,"column":78}},"36":{"start":{"line":53,"column":24},"end":{"line":53,"column":78}},"37":{"start":{"line":53,"column":44},"end":{"line":53,"column":78}},"38":{"start":{"line":54,"column":24},"end":{"line":54,"column":35}},"39":{"start":{"line":55,"column":24},"end":{"line":55,"column":78}},"40":{"start":{"line":55,"column":44},"end":{"line":55,"column":78}},"41":{"start":{"line":56,"column":24},"end":{"line":56,"column":78}},"42":{"start":{"line":56,"column":44},"end":{"line":56,"column":78}},"43":{"start":{"line":57,"column":24},"end":{"line":57,"column":78}},"44":{"start":{"line":57,"column":44},"end":{"line":57,"column":78}},"45":{"start":{"line":59,"column":25},"end":{"line":59,"column":86}},"46":{"start":{"line":59,"column":45},"end":{"line":59,"column":86}},"47":{"start":{"line":59,"column":75},"end":{"line":59,"column":85}},"48":{"start":{"line":60,"column":25},"end":{"line":60,"column":90}},"49":{"start":{"line":60,"column":45},"end":{"line":60,"column":90}},"50":{"start":{"line":60,"column":75},"end":{"line":60,"column":89}},"51":{"start":{"line":61,"column":31},"end":{"line":61,"column":100}},"52":{"start":{"line":61,"column":51},"end":{"line":61,"column":100}},"53":{"start":{"line":61,"column":81},"end":{"line":61,"column":99}},"54":{"start":{"line":62,"column":31},"end":{"line":62,"column":101}},"55":{"start":{"line":62,"column":51},"end":{"line":62,"column":101}},"56":{"start":{"line":62,"column":81},"end":{"line":62,"column":100}},"57":{"start":{"line":63,"column":25},"end":{"line":63,"column":90}},"58":{"start":{"line":63,"column":45},"end":{"line":63,"column":90}},"59":{"start":{"line":63,"column":75},"end":{"line":63,"column":89}},"60":{"start":{"line":64,"column":31},"end":{"line":64,"column":98}},"61":{"start":{"line":64,"column":51},"end":{"line":64,"column":98}},"62":{"start":{"line":64,"column":81},"end":{"line":64,"column":97}},"63":{"start":{"line":65,"column":26},"end":{"line":65,"column":93}},"64":{"start":{"line":65,"column":46},"end":{"line":65,"column":93}},"65":{"start":{"line":65,"column":76},"end":{"line":65,"column":92}},"66":{"start":{"line":66,"column":26},"end":{"line":66,"column":92}},"67":{"start":{"line":66,"column":46},"end":{"line":66,"column":92}},"68":{"start":{"line":66,"column":76},"end":{"line":66,"column":91}},"69":{"start":{"line":68,"column":29},"end":{"line":68,"column":99}},"70":{"start":{"line":68,"column":49},"end":{"line":68,"column":99}},"71":{"start":{"line":68,"column":79},"end":{"line":68,"column":98}},"72":{"start":{"line":69,"column":31},"end":{"line":69,"column":103}},"73":{"start":{"line":69,"column":51},"end":{"line":69,"column":103}},"74":{"start":{"line":69,"column":81},"end":{"line":69,"column":102}},"75":{"start":{"line":70,"column":31},"end":{"line":70,"column":95}},"76":{"start":{"line":70,"column":51},"end":{"line":70,"column":95}},"77":{"start":{"line":70,"column":81},"end":{"line":70,"column":94}},"78":{"start":{"line":72,"column":31},"end":{"line":72,"column":99}},"79":{"start":{"line":72,"column":51},"end":{"line":72,"column":99}},"80":{"start":{"line":72,"column":81},"end":{"line":72,"column":98}},"81":{"start":{"line":73,"column":31},"end":{"line":73,"column":96}},"82":{"start":{"line":73,"column":51},"end":{"line":73,"column":96}},"83":{"start":{"line":73,"column":81},"end":{"line":73,"column":95}},"84":{"start":{"line":74,"column":31},"end":{"line":74,"column":98}},"85":{"start":{"line":74,"column":51},"end":{"line":74,"column":98}},"86":{"start":{"line":74,"column":81},"end":{"line":74,"column":97}},"87":{"start":{"line":75,"column":31},"end":{"line":75,"column":96}},"88":{"start":{"line":75,"column":51},"end":{"line":75,"column":96}},"89":{"start":{"line":75,"column":81},"end":{"line":75,"column":95}},"90":{"start":{"line":76,"column":31},"end":{"line":76,"column":97}},"91":{"start":{"line":76,"column":51},"end":{"line":76,"column":97}},"92":{"start":{"line":76,"column":81},"end":{"line":76,"column":96}},"93":{"start":{"line":77,"column":31},"end":{"line":77,"column":100}},"94":{"start":{"line":77,"column":51},"end":{"line":77,"column":100}},"95":{"start":{"line":77,"column":81},"end":{"line":77,"column":99}},"96":{"start":{"line":78,"column":31},"end":{"line":78,"column":96}},"97":{"start":{"line":78,"column":51},"end":{"line":78,"column":96}},"98":{"start":{"line":78,"column":81},"end":{"line":78,"column":95}},"99":{"start":{"line":79,"column":25},"end":{"line":79,"column":89}},"100":{"start":{"line":79,"column":45},"end":{"line":79,"column":89}},"101":{"start":{"line":79,"column":75},"end":{"line":79,"column":88}},"102":{"start":{"line":80,"column":31},"end":{"line":80,"column":95}},"103":{"start":{"line":80,"column":51},"end":{"line":80,"column":95}},"104":{"start":{"line":80,"column":81},"end":{"line":80,"column":94}},"105":{"start":{"line":81,"column":31},"end":{"line":81,"column":100}},"106":{"start":{"line":81,"column":51},"end":{"line":81,"column":100}},"107":{"start":{"line":81,"column":81},"end":{"line":81,"column":99}},"108":{"start":{"line":82,"column":31},"end":{"line":82,"column":99}},"109":{"start":{"line":82,"column":51},"end":{"line":82,"column":99}},"110":{"start":{"line":82,"column":81},"end":{"line":82,"column":98}},"111":{"start":{"line":83,"column":35},"end":{"line":83,"column":111}},"112":{"start":{"line":83,"column":55},"end":{"line":83,"column":111}},"113":{"start":{"line":83,"column":85},"end":{"line":83,"column":110}},"114":{"start":{"line":84,"column":35},"end":{"line":84,"column":111}},"115":{"start":{"line":84,"column":55},"end":{"line":84,"column":111}},"116":{"start":{"line":84,"column":85},"end":{"line":84,"column":110}},"117":{"start":{"line":85,"column":31},"end":{"line":85,"column":101}},"118":{"start":{"line":85,"column":51},"end":{"line":85,"column":101}},"119":{"start":{"line":85,"column":81},"end":{"line":85,"column":100}},"120":{"start":{"line":86,"column":31},"end":{"line":86,"column":101}},"121":{"start":{"line":86,"column":51},"end":{"line":86,"column":101}},"122":{"start":{"line":86,"column":81},"end":{"line":86,"column":100}},"123":{"start":{"line":88,"column":31},"end":{"line":88,"column":94}},"124":{"start":{"line":88,"column":51},"end":{"line":88,"column":94}},"125":{"start":{"line":88,"column":81},"end":{"line":88,"column":93}},"126":{"start":{"line":89,"column":31},"end":{"line":89,"column":97}},"127":{"start":{"line":89,"column":51},"end":{"line":89,"column":97}},"128":{"start":{"line":89,"column":81},"end":{"line":89,"column":96}},"129":{"start":{"line":90,"column":31},"end":{"line":90,"column":99}},"130":{"start":{"line":90,"column":51},"end":{"line":90,"column":99}},"131":{"start":{"line":90,"column":81},"end":{"line":90,"column":98}},"132":{"start":{"line":92,"column":31},"end":{"line":92,"column":103}},"133":{"start":{"line":92,"column":51},"end":{"line":92,"column":103}},"134":{"start":{"line":92,"column":81},"end":{"line":92,"column":102}},"135":{"start":{"line":93,"column":31},"end":{"line":93,"column":97}},"136":{"start":{"line":93,"column":51},"end":{"line":93,"column":97}},"137":{"start":{"line":93,"column":81},"end":{"line":93,"column":96}},"138":{"start":{"line":94,"column":32},"end":{"line":94,"column":105}},"139":{"start":{"line":94,"column":52},"end":{"line":94,"column":105}},"140":{"start":{"line":94,"column":82},"end":{"line":94,"column":104}},"141":{"start":{"line":95,"column":31},"end":{"line":95,"column":101}},"142":{"start":{"line":95,"column":51},"end":{"line":95,"column":101}},"143":{"start":{"line":95,"column":81},"end":{"line":95,"column":100}},"144":{"start":{"line":97,"column":26},"end":{"line":97,"column":87}},"145":{"start":{"line":97,"column":46},"end":{"line":97,"column":87}},"146":{"start":{"line":97,"column":76},"end":{"line":97,"column":86}},"147":{"start":{"line":98,"column":26},"end":{"line":98,"column":91}},"148":{"start":{"line":98,"column":46},"end":{"line":98,"column":91}},"149":{"start":{"line":98,"column":76},"end":{"line":98,"column":90}},"150":{"start":{"line":99,"column":26},"end":{"line":99,"column":92}},"151":{"start":{"line":99,"column":46},"end":{"line":99,"column":92}},"152":{"start":{"line":99,"column":76},"end":{"line":99,"column":91}},"153":{"start":{"line":100,"column":26},"end":{"line":100,"column":89}},"154":{"start":{"line":100,"column":46},"end":{"line":100,"column":89}},"155":{"start":{"line":100,"column":76},"end":{"line":100,"column":88}},"156":{"start":{"line":101,"column":26},"end":{"line":101,"column":93}},"157":{"start":{"line":101,"column":46},"end":{"line":101,"column":93}},"158":{"start":{"line":101,"column":76},"end":{"line":101,"column":92}},"159":{"start":{"line":102,"column":26},"end":{"line":102,"column":92}},"160":{"start":{"line":102,"column":46},"end":{"line":102,"column":92}},"161":{"start":{"line":102,"column":76},"end":{"line":102,"column":91}},"162":{"start":{"line":103,"column":26},"end":{"line":103,"column":89}},"163":{"start":{"line":103,"column":46},"end":{"line":103,"column":89}},"164":{"start":{"line":103,"column":76},"end":{"line":103,"column":88}},"165":{"start":{"line":104,"column":26},"end":{"line":104,"column":89}},"166":{"start":{"line":104,"column":46},"end":{"line":104,"column":89}},"167":{"start":{"line":104,"column":76},"end":{"line":104,"column":88}},"168":{"start":{"line":105,"column":32},"end":{"line":105,"column":102}},"169":{"start":{"line":105,"column":52},"end":{"line":105,"column":102}},"170":{"start":{"line":105,"column":82},"end":{"line":105,"column":101}},"171":{"start":{"line":106,"column":26},"end":{"line":106,"column":90}},"172":{"start":{"line":106,"column":46},"end":{"line":106,"column":90}},"173":{"start":{"line":106,"column":76},"end":{"line":106,"column":89}},"174":{"start":{"line":107,"column":32},"end":{"line":107,"column":105}},"175":{"start":{"line":107,"column":52},"end":{"line":107,"column":105}},"176":{"start":{"line":107,"column":82},"end":{"line":107,"column":104}},"177":{"start":{"line":108,"column":32},"end":{"line":108,"column":101}},"178":{"start":{"line":108,"column":52},"end":{"line":108,"column":101}},"179":{"start":{"line":108,"column":82},"end":{"line":108,"column":100}},"180":{"start":{"line":109,"column":32},"end":{"line":109,"column":99}},"181":{"start":{"line":109,"column":52},"end":{"line":109,"column":99}},"182":{"start":{"line":109,"column":82},"end":{"line":109,"column":98}},"183":{"start":{"line":110,"column":32},"end":{"line":110,"column":100}},"184":{"start":{"line":110,"column":52},"end":{"line":110,"column":100}},"185":{"start":{"line":110,"column":82},"end":{"line":110,"column":99}},"186":{"start":{"line":111,"column":26},"end":{"line":111,"column":91}},"187":{"start":{"line":111,"column":46},"end":{"line":111,"column":91}},"188":{"start":{"line":111,"column":76},"end":{"line":111,"column":90}},"189":{"start":{"line":112,"column":26},"end":{"line":112,"column":89}},"190":{"start":{"line":112,"column":46},"end":{"line":112,"column":89}},"191":{"start":{"line":112,"column":76},"end":{"line":112,"column":88}},"192":{"start":{"line":115,"column":4},"end":{"line":115,"column":104}},"193":{"start":{"line":115,"column":31},"end":{"line":115,"column":103}},"194":{"start":{"line":118,"column":4},"end":{"line":118,"column":30}},"195":{"start":{"line":121,"column":4},"end":{"line":121,"column":34}},"196":{"start":{"line":124,"column":4},"end":{"line":124,"column":35}},"197":{"start":{"line":127,"column":4},"end":{"line":127,"column":112}},"198":{"start":{"line":127,"column":31},"end":{"line":127,"column":111}},"199":{"start":{"line":130,"column":4},"end":{"line":130,"column":32}},"200":{"start":{"line":133,"column":4},"end":{"line":133,"column":31}},"201":{"start":{"line":136,"column":4},"end":{"line":136,"column":28}},"202":{"start":{"line":139,"column":4},"end":{"line":139,"column":116}},"203":{"start":{"line":139,"column":31},"end":{"line":139,"column":115}},"204":{"start":{"line":142,"column":4},"end":{"line":142,"column":114}},"205":{"start":{"line":142,"column":31},"end":{"line":142,"column":113}},"206":{"start":{"line":145,"column":4},"end":{"line":145,"column":28}},"207":{"start":{"line":148,"column":4},"end":{"line":148,"column":28}},"208":{"start":{"line":151,"column":4},"end":{"line":151,"column":122}},"209":{"start":{"line":151,"column":31},"end":{"line":151,"column":121}},"210":{"start":{"line":154,"column":4},"end":{"line":154,"column":37}},"211":{"start":{"line":157,"column":4},"end":{"line":157,"column":29}},"212":{"start":{"line":163,"column":4},"end":{"line":163,"column":33}},"213":{"start":{"line":166,"column":4},"end":{"line":166,"column":30}},"214":{"start":{"line":169,"column":4},"end":{"line":169,"column":32}},"215":{"start":{"line":172,"column":4},"end":{"line":172,"column":30}},"216":{"start":{"line":175,"column":4},"end":{"line":175,"column":31}},"217":{"start":{"line":178,"column":4},"end":{"line":178,"column":34}},"218":{"start":{"line":181,"column":4},"end":{"line":181,"column":30}},"219":{"start":{"line":184,"column":4},"end":{"line":184,"column":110}},"220":{"start":{"line":184,"column":31},"end":{"line":184,"column":109}},"221":{"start":{"line":187,"column":4},"end":{"line":187,"column":29}},"222":{"start":{"line":190,"column":4},"end":{"line":190,"column":34}},"223":{"start":{"line":193,"column":4},"end":{"line":193,"column":33}},"224":{"start":{"line":196,"column":4},"end":{"line":196,"column":37}},"225":{"start":{"line":199,"column":4},"end":{"line":199,"column":31}},"226":{"start":{"line":202,"column":4},"end":{"line":202,"column":128}},"227":{"start":{"line":202,"column":31},"end":{"line":202,"column":127}},"228":{"start":{"line":205,"column":4},"end":{"line":205,"column":41}},"229":{"start":{"line":208,"column":4},"end":{"line":208,"column":41}},"230":{"start":{"line":211,"column":4},"end":{"line":211,"column":35}},"231":{"start":{"line":214,"column":4},"end":{"line":214,"column":35}},"232":{"start":{"line":217,"column":4},"end":{"line":217,"column":34}},"233":{"start":{"line":220,"column":4},"end":{"line":220,"column":32}},"234":{"start":{"line":223,"column":4},"end":{"line":223,"column":33}},"235":{"start":{"line":226,"column":4},"end":{"line":226,"column":35}},"236":{"start":{"line":232,"column":4},"end":{"line":232,"column":28}},"237":{"start":{"line":235,"column":4},"end":{"line":235,"column":31}},"238":{"start":{"line":238,"column":4},"end":{"line":238,"column":33}},"239":{"start":{"line":241,"column":4},"end":{"line":241,"column":30}},"240":{"start":{"line":244,"column":4},"end":{"line":244,"column":28}},"241":{"start":{"line":250,"column":24},"end":{"line":250,"column":79}},"242":{"start":{"line":250,"column":44},"end":{"line":250,"column":79}},"243":{"start":{"line":251,"column":24},"end":{"line":251,"column":80}},"244":{"start":{"line":251,"column":44},"end":{"line":251,"column":80}}},"fnMap":{"0":{"name":"(anonymous_0)","decl":{"start":{"line":10,"column":12},"end":{"line":10,"column":13}},"loc":{"start":{"line":10,"column":26},"end":{"line":14,"column":1}},"line":10},"1":{"name":"(anonymous_1)","decl":{"start":{"line":23,"column":12},"end":{"line":23,"column":13}},"loc":{"start":{"line":23,"column":26},"end":{"line":25,"column":1}},"line":23},"2":{"name":"(anonymous_2)","decl":{"start":{"line":34,"column":12},"end":{"line":34,"column":13}},"loc":{"start":{"line":34,"column":26},"end":{"line":36,"column":1}},"line":34},"3":{"name":"(anonymous_3)","decl":{"start":{"line":39,"column":24},"end":{"line":39,"column":25}},"loc":{"start":{"line":39,"column":44},"end":{"line":39,"column":79}},"line":39},"4":{"name":"(anonymous_4)","decl":{"start":{"line":40,"column":24},"end":{"line":40,"column":25}},"loc":{"start":{"line":40,"column":44},"end":{"line":40,"column":64}},"line":40},"5":{"name":"(anonymous_5)","decl":{"start":{"line":41,"column":24},"end":{"line":41,"column":25}},"loc":{"start":{"line":41,"column":44},"end":{"line":41,"column":65}},"line":41},"6":{"name":"(anonymous_6)","decl":{"start":{"line":43,"column":24},"end":{"line":43,"column":25}},"loc":{"start":{"line":43,"column":44},"end":{"line":43,"column":63}},"line":43},"7":{"name":"(anonymous_7)","decl":{"start":{"line":44,"column":24},"end":{"line":44,"column":25}},"loc":{"start":{"line":44,"column":44},"end":{"line":44,"column":63}},"line":44},"8":{"name":"(anonymous_8)","decl":{"start":{"line":45,"column":24},"end":{"line":45,"column":25}},"loc":{"start":{"line":45,"column":44},"end":{"line":45,"column":78}},"line":45},"9":{"name":"(anonymous_9)","decl":{"start":{"line":46,"column":24},"end":{"line":46,"column":25}},"loc":{"start":{"line":46,"column":44},"end":{"line":46,"column":79}},"line":46},"10":{"name":"(anonymous_10)","decl":{"start":{"line":47,"column":24},"end":{"line":47,"column":25}},"loc":{"start":{"line":47,"column":44},"end":{"line":47,"column":78}},"line":47},"11":{"name":"(anonymous_11)","decl":{"start":{"line":48,"column":24},"end":{"line":48,"column":25}},"loc":{"start":{"line":48,"column":44},"end":{"line":48,"column":79}},"line":48},"12":{"name":"(anonymous_12)","decl":{"start":{"line":49,"column":24},"end":{"line":49,"column":25}},"loc":{"start":{"line":49,"column":44},"end":{"line":49,"column":131}},"line":49},"13":{"name":"(anonymous_13)","decl":{"start":{"line":50,"column":24},"end":{"line":50,"column":25}},"loc":{"start":{"line":50,"column":44},"end":{"line":50,"column":91}},"line":50},"14":{"name":"(anonymous_14)","decl":{"start":{"line":51,"column":24},"end":{"line":51,"column":25}},"loc":{"start":{"line":51,"column":44},"end":{"line":51,"column":74}},"line":51},"15":{"name":"(anonymous_15)","decl":{"start":{"line":52,"column":24},"end":{"line":52,"column":25}},"loc":{"start":{"line":52,"column":44},"end":{"line":52,"column":78}},"line":52},"16":{"name":"(anonymous_16)","decl":{"start":{"line":53,"column":24},"end":{"line":53,"column":25}},"loc":{"start":{"line":53,"column":44},"end":{"line":53,"column":78}},"line":53},"17":{"name":"(anonymous_17)","decl":{"start":{"line":55,"column":24},"end":{"line":55,"column":25}},"loc":{"start":{"line":55,"column":44},"end":{"line":55,"column":78}},"line":55},"18":{"name":"(anonymous_18)","decl":{"start":{"line":56,"column":24},"end":{"line":56,"column":25}},"loc":{"start":{"line":56,"column":44},"end":{"line":56,"column":78}},"line":56},"19":{"name":"(anonymous_19)","decl":{"start":{"line":57,"column":24},"end":{"line":57,"column":25}},"loc":{"start":{"line":57,"column":44},"end":{"line":57,"column":78}},"line":57},"20":{"name":"(anonymous_20)","decl":{"start":{"line":59,"column":25},"end":{"line":59,"column":26}},"loc":{"start":{"line":59,"column":45},"end":{"line":59,"column":86}},"line":59},"21":{"name":"(anonymous_21)","decl":{"start":{"line":59,"column":65},"end":{"line":59,"column":66}},"loc":{"start":{"line":59,"column":75},"end":{"line":59,"column":85}},"line":59},"22":{"name":"(anonymous_22)","decl":{"start":{"line":60,"column":25},"end":{"line":60,"column":26}},"loc":{"start":{"line":60,"column":45},"end":{"line":60,"column":90}},"line":60},"23":{"name":"(anonymous_23)","decl":{"start":{"line":60,"column":65},"end":{"line":60,"column":66}},"loc":{"start":{"line":60,"column":75},"end":{"line":60,"column":89}},"line":60},"24":{"name":"(anonymous_24)","decl":{"start":{"line":61,"column":31},"end":{"line":61,"column":32}},"loc":{"start":{"line":61,"column":51},"end":{"line":61,"column":100}},"line":61},"25":{"name":"(anonymous_25)","decl":{"start":{"line":61,"column":71},"end":{"line":61,"column":72}},"loc":{"start":{"line":61,"column":81},"end":{"line":61,"column":99}},"line":61},"26":{"name":"(anonymous_26)","decl":{"start":{"line":62,"column":31},"end":{"line":62,"column":32}},"loc":{"start":{"line":62,"column":51},"end":{"line":62,"column":101}},"line":62},"27":{"name":"(anonymous_27)","decl":{"start":{"line":62,"column":71},"end":{"line":62,"column":72}},"loc":{"start":{"line":62,"column":81},"end":{"line":62,"column":100}},"line":62},"28":{"name":"(anonymous_28)","decl":{"start":{"line":63,"column":25},"end":{"line":63,"column":26}},"loc":{"start":{"line":63,"column":45},"end":{"line":63,"column":90}},"line":63},"29":{"name":"(anonymous_29)","decl":{"start":{"line":63,"column":65},"end":{"line":63,"column":66}},"loc":{"start":{"line":63,"column":75},"end":{"line":63,"column":89}},"line":63},"30":{"name":"(anonymous_30)","decl":{"start":{"line":64,"column":31},"end":{"line":64,"column":32}},"loc":{"start":{"line":64,"column":51},"end":{"line":64,"column":98}},"line":64},"31":{"name":"(anonymous_31)","decl":{"start":{"line":64,"column":71},"end":{"line":64,"column":72}},"loc":{"start":{"line":64,"column":81},"end":{"line":64,"column":97}},"line":64},"32":{"name":"(anonymous_32)","decl":{"start":{"line":65,"column":26},"end":{"line":65,"column":27}},"loc":{"start":{"line":65,"column":46},"end":{"line":65,"column":93}},"line":65},"33":{"name":"(anonymous_33)","decl":{"start":{"line":65,"column":66},"end":{"line":65,"column":67}},"loc":{"start":{"line":65,"column":76},"end":{"line":65,"column":92}},"line":65},"34":{"name":"(anonymous_34)","decl":{"start":{"line":66,"column":26},"end":{"line":66,"column":27}},"loc":{"start":{"line":66,"column":46},"end":{"line":66,"column":92}},"line":66},"35":{"name":"(anonymous_35)","decl":{"start":{"line":66,"column":66},"end":{"line":66,"column":67}},"loc":{"start":{"line":66,"column":76},"end":{"line":66,"column":91}},"line":66},"36":{"name":"(anonymous_36)","decl":{"start":{"line":68,"column":29},"end":{"line":68,"column":30}},"loc":{"start":{"line":68,"column":49},"end":{"line":68,"column":99}},"line":68},"37":{"name":"(anonymous_37)","decl":{"start":{"line":68,"column":69},"end":{"line":68,"column":70}},"loc":{"start":{"line":68,"column":79},"end":{"line":68,"column":98}},"line":68},"38":{"name":"(anonymous_38)","decl":{"start":{"line":69,"column":31},"end":{"line":69,"column":32}},"loc":{"start":{"line":69,"column":51},"end":{"line":69,"column":103}},"line":69},"39":{"name":"(anonymous_39)","decl":{"start":{"line":69,"column":71},"end":{"line":69,"column":72}},"loc":{"start":{"line":69,"column":81},"end":{"line":69,"column":102}},"line":69},"40":{"name":"(anonymous_40)","decl":{"start":{"line":70,"column":31},"end":{"line":70,"column":32}},"loc":{"start":{"line":70,"column":51},"end":{"line":70,"column":95}},"line":70},"41":{"name":"(anonymous_41)","decl":{"start":{"line":70,"column":71},"end":{"line":70,"column":72}},"loc":{"start":{"line":70,"column":81},"end":{"line":70,"column":94}},"line":70},"42":{"name":"(anonymous_42)","decl":{"start":{"line":72,"column":31},"end":{"line":72,"column":32}},"loc":{"start":{"line":72,"column":51},"end":{"line":72,"column":99}},"line":72},"43":{"name":"(anonymous_43)","decl":{"start":{"line":72,"column":71},"end":{"line":72,"column":72}},"loc":{"start":{"line":72,"column":81},"end":{"line":72,"column":98}},"line":72},"44":{"name":"(anonymous_44)","decl":{"start":{"line":73,"column":31},"end":{"line":73,"column":32}},"loc":{"start":{"line":73,"column":51},"end":{"line":73,"column":96}},"line":73},"45":{"name":"(anonymous_45)","decl":{"start":{"line":73,"column":71},"end":{"line":73,"column":72}},"loc":{"start":{"line":73,"column":81},"end":{"line":73,"column":95}},"line":73},"46":{"name":"(anonymous_46)","decl":{"start":{"line":74,"column":31},"end":{"line":74,"column":32}},"loc":{"start":{"line":74,"column":51},"end":{"line":74,"column":98}},"line":74},"47":{"name":"(anonymous_47)","decl":{"start":{"line":74,"column":71},"end":{"line":74,"column":72}},"loc":{"start":{"line":74,"column":81},"end":{"line":74,"column":97}},"line":74},"48":{"name":"(anonymous_48)","decl":{"start":{"line":75,"column":31},"end":{"line":75,"column":32}},"loc":{"start":{"line":75,"column":51},"end":{"line":75,"column":96}},"line":75},"49":{"name":"(anonymous_49)","decl":{"start":{"line":75,"column":71},"end":{"line":75,"column":72}},"loc":{"start":{"line":75,"column":81},"end":{"line":75,"column":95}},"line":75},"50":{"name":"(anonymous_50)","decl":{"start":{"line":76,"column":31},"end":{"line":76,"column":32}},"loc":{"start":{"line":76,"column":51},"end":{"line":76,"column":97}},"line":76},"51":{"name":"(anonymous_51)","decl":{"start":{"line":76,"column":71},"end":{"line":76,"column":72}},"loc":{"start":{"line":76,"column":81},"end":{"line":76,"column":96}},"line":76},"52":{"name":"(anonymous_52)","decl":{"start":{"line":77,"column":31},"end":{"line":77,"column":32}},"loc":{"start":{"line":77,"column":51},"end":{"line":77,"column":100}},"line":77},"53":{"name":"(anonymous_53)","decl":{"start":{"line":77,"column":71},"end":{"line":77,"column":72}},"loc":{"start":{"line":77,"column":81},"end":{"line":77,"column":99}},"line":77},"54":{"name":"(anonymous_54)","decl":{"start":{"line":78,"column":31},"end":{"line":78,"column":32}},"loc":{"start":{"line":78,"column":51},"end":{"line":78,"column":96}},"line":78},"55":{"name":"(anonymous_55)","decl":{"start":{"line":78,"column":71},"end":{"line":78,"column":72}},"loc":{"start":{"line":78,"column":81},"end":{"line":78,"column":95}},"line":78},"56":{"name":"(anonymous_56)","decl":{"start":{"line":79,"column":25},"end":{"line":79,"column":26}},"loc":{"start":{"line":79,"column":45},"end":{"line":79,"column":89}},"line":79},"57":{"name":"(anonymous_57)","decl":{"start":{"line":79,"column":65},"end":{"line":79,"column":66}},"loc":{"start":{"line":79,"column":75},"end":{"line":79,"column":88}},"line":79},"58":{"name":"(anonymous_58)","decl":{"start":{"line":80,"column":31},"end":{"line":80,"column":32}},"loc":{"start":{"line":80,"column":51},"end":{"line":80,"column":95}},"line":80},"59":{"name":"(anonymous_59)","decl":{"start":{"line":80,"column":71},"end":{"line":80,"column":72}},"loc":{"start":{"line":80,"column":81},"end":{"line":80,"column":94}},"line":80},"60":{"name":"(anonymous_60)","decl":{"start":{"line":81,"column":31},"end":{"line":81,"column":32}},"loc":{"start":{"line":81,"column":51},"end":{"line":81,"column":100}},"line":81},"61":{"name":"(anonymous_61)","decl":{"start":{"line":81,"column":71},"end":{"line":81,"column":72}},"loc":{"start":{"line":81,"column":81},"end":{"line":81,"column":99}},"line":81},"62":{"name":"(anonymous_62)","decl":{"start":{"line":82,"column":31},"end":{"line":82,"column":32}},"loc":{"start":{"line":82,"column":51},"end":{"line":82,"column":99}},"line":82},"63":{"name":"(anonymous_63)","decl":{"start":{"line":82,"column":71},"end":{"line":82,"column":72}},"loc":{"start":{"line":82,"column":81},"end":{"line":82,"column":98}},"line":82},"64":{"name":"(anonymous_64)","decl":{"start":{"line":83,"column":35},"end":{"line":83,"column":36}},"loc":{"start":{"line":83,"column":55},"end":{"line":83,"column":111}},"line":83},"65":{"name":"(anonymous_65)","decl":{"start":{"line":83,"column":75},"end":{"line":83,"column":76}},"loc":{"start":{"line":83,"column":85},"end":{"line":83,"column":110}},"line":83},"66":{"name":"(anonymous_66)","decl":{"start":{"line":84,"column":35},"end":{"line":84,"column":36}},"loc":{"start":{"line":84,"column":55},"end":{"line":84,"column":111}},"line":84},"67":{"name":"(anonymous_67)","decl":{"start":{"line":84,"column":75},"end":{"line":84,"column":76}},"loc":{"start":{"line":84,"column":85},"end":{"line":84,"column":110}},"line":84},"68":{"name":"(anonymous_68)","decl":{"start":{"line":85,"column":31},"end":{"line":85,"column":32}},"loc":{"start":{"line":85,"column":51},"end":{"line":85,"column":101}},"line":85},"69":{"name":"(anonymous_69)","decl":{"start":{"line":85,"column":71},"end":{"line":85,"column":72}},"loc":{"start":{"line":85,"column":81},"end":{"line":85,"column":100}},"line":85},"70":{"name":"(anonymous_70)","decl":{"start":{"line":86,"column":31},"end":{"line":86,"column":32}},"loc":{"start":{"line":86,"column":51},"end":{"line":86,"column":101}},"line":86},"71":{"name":"(anonymous_71)","decl":{"start":{"line":86,"column":71},"end":{"line":86,"column":72}},"loc":{"start":{"line":86,"column":81},"end":{"line":86,"column":100}},"line":86},"72":{"name":"(anonymous_72)","decl":{"start":{"line":88,"column":31},"end":{"line":88,"column":32}},"loc":{"start":{"line":88,"column":51},"end":{"line":88,"column":94}},"line":88},"73":{"name":"(anonymous_73)","decl":{"start":{"line":88,"column":71},"end":{"line":88,"column":72}},"loc":{"start":{"line":88,"column":81},"end":{"line":88,"column":93}},"line":88},"74":{"name":"(anonymous_74)","decl":{"start":{"line":89,"column":31},"end":{"line":89,"column":32}},"loc":{"start":{"line":89,"column":51},"end":{"line":89,"column":97}},"line":89},"75":{"name":"(anonymous_75)","decl":{"start":{"line":89,"column":71},"end":{"line":89,"column":72}},"loc":{"start":{"line":89,"column":81},"end":{"line":89,"column":96}},"line":89},"76":{"name":"(anonymous_76)","decl":{"start":{"line":90,"column":31},"end":{"line":90,"column":32}},"loc":{"start":{"line":90,"column":51},"end":{"line":90,"column":99}},"line":90},"77":{"name":"(anonymous_77)","decl":{"start":{"line":90,"column":71},"end":{"line":90,"column":72}},"loc":{"start":{"line":90,"column":81},"end":{"line":90,"column":98}},"line":90},"78":{"name":"(anonymous_78)","decl":{"start":{"line":92,"column":31},"end":{"line":92,"column":32}},"loc":{"start":{"line":92,"column":51},"end":{"line":92,"column":103}},"line":92},"79":{"name":"(anonymous_79)","decl":{"start":{"line":92,"column":71},"end":{"line":92,"column":72}},"loc":{"start":{"line":92,"column":81},"end":{"line":92,"column":102}},"line":92},"80":{"name":"(anonymous_80)","decl":{"start":{"line":93,"column":31},"end":{"line":93,"column":32}},"loc":{"start":{"line":93,"column":51},"end":{"line":93,"column":97}},"line":93},"81":{"name":"(anonymous_81)","decl":{"start":{"line":93,"column":71},"end":{"line":93,"column":72}},"loc":{"start":{"line":93,"column":81},"end":{"line":93,"column":96}},"line":93},"82":{"name":"(anonymous_82)","decl":{"start":{"line":94,"column":32},"end":{"line":94,"column":33}},"loc":{"start":{"line":94,"column":52},"end":{"line":94,"column":105}},"line":94},"83":{"name":"(anonymous_83)","decl":{"start":{"line":94,"column":72},"end":{"line":94,"column":73}},"loc":{"start":{"line":94,"column":82},"end":{"line":94,"column":104}},"line":94},"84":{"name":"(anonymous_84)","decl":{"start":{"line":95,"column":31},"end":{"line":95,"column":32}},"loc":{"start":{"line":95,"column":51},"end":{"line":95,"column":101}},"line":95},"85":{"name":"(anonymous_85)","decl":{"start":{"line":95,"column":71},"end":{"line":95,"column":72}},"loc":{"start":{"line":95,"column":81},"end":{"line":95,"column":100}},"line":95},"86":{"name":"(anonymous_86)","decl":{"start":{"line":97,"column":26},"end":{"line":97,"column":27}},"loc":{"start":{"line":97,"column":46},"end":{"line":97,"column":87}},"line":97},"87":{"name":"(anonymous_87)","decl":{"start":{"line":97,"column":66},"end":{"line":97,"column":67}},"loc":{"start":{"line":97,"column":76},"end":{"line":97,"column":86}},"line":97},"88":{"name":"(anonymous_88)","decl":{"start":{"line":98,"column":26},"end":{"line":98,"column":27}},"loc":{"start":{"line":98,"column":46},"end":{"line":98,"column":91}},"line":98},"89":{"name":"(anonymous_89)","decl":{"start":{"line":98,"column":66},"end":{"line":98,"column":67}},"loc":{"start":{"line":98,"column":76},"end":{"line":98,"column":90}},"line":98},"90":{"name":"(anonymous_90)","decl":{"start":{"line":99,"column":26},"end":{"line":99,"column":27}},"loc":{"start":{"line":99,"column":46},"end":{"line":99,"column":92}},"line":99},"91":{"name":"(anonymous_91)","decl":{"start":{"line":99,"column":66},"end":{"line":99,"column":67}},"loc":{"start":{"line":99,"column":76},"end":{"line":99,"column":91}},"line":99},"92":{"name":"(anonymous_92)","decl":{"start":{"line":100,"column":26},"end":{"line":100,"column":27}},"loc":{"start":{"line":100,"column":46},"end":{"line":100,"column":89}},"line":100},"93":{"name":"(anonymous_93)","decl":{"start":{"line":100,"column":66},"end":{"line":100,"column":67}},"loc":{"start":{"line":100,"column":76},"end":{"line":100,"column":88}},"line":100},"94":{"name":"(anonymous_94)","decl":{"start":{"line":101,"column":26},"end":{"line":101,"column":27}},"loc":{"start":{"line":101,"column":46},"end":{"line":101,"column":93}},"line":101},"95":{"name":"(anonymous_95)","decl":{"start":{"line":101,"column":66},"end":{"line":101,"column":67}},"loc":{"start":{"line":101,"column":76},"end":{"line":101,"column":92}},"line":101},"96":{"name":"(anonymous_96)","decl":{"start":{"line":102,"column":26},"end":{"line":102,"column":27}},"loc":{"start":{"line":102,"column":46},"end":{"line":102,"column":92}},"line":102},"97":{"name":"(anonymous_97)","decl":{"start":{"line":102,"column":66},"end":{"line":102,"column":67}},"loc":{"start":{"line":102,"column":76},"end":{"line":102,"column":91}},"line":102},"98":{"name":"(anonymous_98)","decl":{"start":{"line":103,"column":26},"end":{"line":103,"column":27}},"loc":{"start":{"line":103,"column":46},"end":{"line":103,"column":89}},"line":103},"99":{"name":"(anonymous_99)","decl":{"start":{"line":103,"column":66},"end":{"line":103,"column":67}},"loc":{"start":{"line":103,"column":76},"end":{"line":103,"column":88}},"line":103},"100":{"name":"(anonymous_100)","decl":{"start":{"line":104,"column":26},"end":{"line":104,"column":27}},"loc":{"start":{"line":104,"column":46},"end":{"line":104,"column":89}},"line":104},"101":{"name":"(anonymous_101)","decl":{"start":{"line":104,"column":66},"end":{"line":104,"column":67}},"loc":{"start":{"line":104,"column":76},"end":{"line":104,"column":88}},"line":104},"102":{"name":"(anonymous_102)","decl":{"start":{"line":105,"column":32},"end":{"line":105,"column":33}},"loc":{"start":{"line":105,"column":52},"end":{"line":105,"column":102}},"line":105},"103":{"name":"(anonymous_103)","decl":{"start":{"line":105,"column":72},"end":{"line":105,"column":73}},"loc":{"start":{"line":105,"column":82},"end":{"line":105,"column":101}},"line":105},"104":{"name":"(anonymous_104)","decl":{"start":{"line":106,"column":26},"end":{"line":106,"column":27}},"loc":{"start":{"line":106,"column":46},"end":{"line":106,"column":90}},"line":106},"105":{"name":"(anonymous_105)","decl":{"start":{"line":106,"column":66},"end":{"line":106,"column":67}},"loc":{"start":{"line":106,"column":76},"end":{"line":106,"column":89}},"line":106},"106":{"name":"(anonymous_106)","decl":{"start":{"line":107,"column":32},"end":{"line":107,"column":33}},"loc":{"start":{"line":107,"column":52},"end":{"line":107,"column":105}},"line":107},"107":{"name":"(anonymous_107)","decl":{"start":{"line":107,"column":72},"end":{"line":107,"column":73}},"loc":{"start":{"line":107,"column":82},"end":{"line":107,"column":104}},"line":107},"108":{"name":"(anonymous_108)","decl":{"start":{"line":108,"column":32},"end":{"line":108,"column":33}},"loc":{"start":{"line":108,"column":52},"end":{"line":108,"column":101}},"line":108},"109":{"name":"(anonymous_109)","decl":{"start":{"line":108,"column":72},"end":{"line":108,"column":73}},"loc":{"start":{"line":108,"column":82},"end":{"line":108,"column":100}},"line":108},"110":{"name":"(anonymous_110)","decl":{"start":{"line":109,"column":32},"end":{"line":109,"column":33}},"loc":{"start":{"line":109,"column":52},"end":{"line":109,"column":99}},"line":109},"111":{"name":"(anonymous_111)","decl":{"start":{"line":109,"column":72},"end":{"line":109,"column":73}},"loc":{"start":{"line":109,"column":82},"end":{"line":109,"column":98}},"line":109},"112":{"name":"(anonymous_112)","decl":{"start":{"line":110,"column":32},"end":{"line":110,"column":33}},"loc":{"start":{"line":110,"column":52},"end":{"line":110,"column":100}},"line":110},"113":{"name":"(anonymous_113)","decl":{"start":{"line":110,"column":72},"end":{"line":110,"column":73}},"loc":{"start":{"line":110,"column":82},"end":{"line":110,"column":99}},"line":110},"114":{"name":"(anonymous_114)","decl":{"start":{"line":111,"column":26},"end":{"line":111,"column":27}},"loc":{"start":{"line":111,"column":46},"end":{"line":111,"column":91}},"line":111},"115":{"name":"(anonymous_115)","decl":{"start":{"line":111,"column":66},"end":{"line":111,"column":67}},"loc":{"start":{"line":111,"column":76},"end":{"line":111,"column":90}},"line":111},"116":{"name":"(anonymous_116)","decl":{"start":{"line":112,"column":26},"end":{"line":112,"column":27}},"loc":{"start":{"line":112,"column":46},"end":{"line":112,"column":89}},"line":112},"117":{"name":"(anonymous_117)","decl":{"start":{"line":112,"column":66},"end":{"line":112,"column":67}},"loc":{"start":{"line":112,"column":76},"end":{"line":112,"column":88}},"line":112},"118":{"name":"(anonymous_118)","decl":{"start":{"line":114,"column":2},"end":{"line":114,"column":3}},"loc":{"start":{"line":114,"column":18},"end":{"line":116,"column":3}},"line":114},"119":{"name":"(anonymous_119)","decl":{"start":{"line":115,"column":11},"end":{"line":115,"column":12}},"loc":{"start":{"line":115,"column":31},"end":{"line":115,"column":103}},"line":115},"120":{"name":"(anonymous_120)","decl":{"start":{"line":117,"column":2},"end":{"line":117,"column":3}},"loc":{"start":{"line":117,"column":22},"end":{"line":119,"column":3}},"line":117},"121":{"name":"(anonymous_121)","decl":{"start":{"line":120,"column":2},"end":{"line":120,"column":3}},"loc":{"start":{"line":120,"column":26},"end":{"line":122,"column":3}},"line":120},"122":{"name":"(anonymous_122)","decl":{"start":{"line":123,"column":2},"end":{"line":123,"column":3}},"loc":{"start":{"line":123,"column":27},"end":{"line":125,"column":3}},"line":123},"123":{"name":"(anonymous_123)","decl":{"start":{"line":126,"column":2},"end":{"line":126,"column":3}},"loc":{"start":{"line":126,"column":22},"end":{"line":128,"column":3}},"line":126},"124":{"name":"(anonymous_124)","decl":{"start":{"line":127,"column":11},"end":{"line":127,"column":12}},"loc":{"start":{"line":127,"column":31},"end":{"line":127,"column":111}},"line":127},"125":{"name":"(anonymous_125)","decl":{"start":{"line":129,"column":2},"end":{"line":129,"column":3}},"loc":{"start":{"line":129,"column":24},"end":{"line":131,"column":3}},"line":129},"126":{"name":"(anonymous_126)","decl":{"start":{"line":132,"column":2},"end":{"line":132,"column":3}},"loc":{"start":{"line":132,"column":23},"end":{"line":134,"column":3}},"line":132},"127":{"name":"(anonymous_127)","decl":{"start":{"line":135,"column":2},"end":{"line":135,"column":3}},"loc":{"start":{"line":135,"column":20},"end":{"line":137,"column":3}},"line":135},"128":{"name":"(anonymous_128)","decl":{"start":{"line":138,"column":2},"end":{"line":138,"column":3}},"loc":{"start":{"line":138,"column":24},"end":{"line":140,"column":3}},"line":138},"129":{"name":"(anonymous_129)","decl":{"start":{"line":139,"column":11},"end":{"line":139,"column":12}},"loc":{"start":{"line":139,"column":31},"end":{"line":139,"column":115}},"line":139},"130":{"name":"(anonymous_130)","decl":{"start":{"line":141,"column":2},"end":{"line":141,"column":3}},"loc":{"start":{"line":141,"column":23},"end":{"line":143,"column":3}},"line":141},"131":{"name":"(anonymous_131)","decl":{"start":{"line":142,"column":11},"end":{"line":142,"column":12}},"loc":{"start":{"line":142,"column":31},"end":{"line":142,"column":113}},"line":142},"132":{"name":"(anonymous_132)","decl":{"start":{"line":144,"column":2},"end":{"line":144,"column":3}},"loc":{"start":{"line":144,"column":20},"end":{"line":146,"column":3}},"line":144},"133":{"name":"(anonymous_133)","decl":{"start":{"line":147,"column":2},"end":{"line":147,"column":3}},"loc":{"start":{"line":147,"column":20},"end":{"line":149,"column":3}},"line":147},"134":{"name":"(anonymous_134)","decl":{"start":{"line":150,"column":2},"end":{"line":150,"column":3}},"loc":{"start":{"line":150,"column":27},"end":{"line":152,"column":3}},"line":150},"135":{"name":"(anonymous_135)","decl":{"start":{"line":151,"column":11},"end":{"line":151,"column":12}},"loc":{"start":{"line":151,"column":31},"end":{"line":151,"column":121}},"line":151},"136":{"name":"(anonymous_136)","decl":{"start":{"line":153,"column":2},"end":{"line":153,"column":3}},"loc":{"start":{"line":153,"column":29},"end":{"line":155,"column":3}},"line":153},"137":{"name":"(anonymous_137)","decl":{"start":{"line":156,"column":2},"end":{"line":156,"column":3}},"loc":{"start":{"line":156,"column":21},"end":{"line":158,"column":3}},"line":156},"138":{"name":"(anonymous_138)","decl":{"start":{"line":162,"column":2},"end":{"line":162,"column":3}},"loc":{"start":{"line":162,"column":25},"end":{"line":164,"column":3}},"line":162},"139":{"name":"(anonymous_139)","decl":{"start":{"line":165,"column":2},"end":{"line":165,"column":3}},"loc":{"start":{"line":165,"column":22},"end":{"line":167,"column":3}},"line":165},"140":{"name":"(anonymous_140)","decl":{"start":{"line":168,"column":2},"end":{"line":168,"column":3}},"loc":{"start":{"line":168,"column":24},"end":{"line":170,"column":3}},"line":168},"141":{"name":"(anonymous_141)","decl":{"start":{"line":171,"column":2},"end":{"line":171,"column":3}},"loc":{"start":{"line":171,"column":22},"end":{"line":173,"column":3}},"line":171},"142":{"name":"(anonymous_142)","decl":{"start":{"line":174,"column":2},"end":{"line":174,"column":3}},"loc":{"start":{"line":174,"column":23},"end":{"line":176,"column":3}},"line":174},"143":{"name":"(anonymous_143)","decl":{"start":{"line":177,"column":2},"end":{"line":177,"column":3}},"loc":{"start":{"line":177,"column":26},"end":{"line":179,"column":3}},"line":177},"144":{"name":"(anonymous_144)","decl":{"start":{"line":180,"column":2},"end":{"line":180,"column":3}},"loc":{"start":{"line":180,"column":22},"end":{"line":182,"column":3}},"line":180},"145":{"name":"(anonymous_145)","decl":{"start":{"line":183,"column":2},"end":{"line":183,"column":3}},"loc":{"start":{"line":183,"column":21},"end":{"line":185,"column":3}},"line":183},"146":{"name":"(anonymous_146)","decl":{"start":{"line":184,"column":11},"end":{"line":184,"column":12}},"loc":{"start":{"line":184,"column":31},"end":{"line":184,"column":109}},"line":184},"147":{"name":"(anonymous_147)","decl":{"start":{"line":186,"column":2},"end":{"line":186,"column":3}},"loc":{"start":{"line":186,"column":21},"end":{"line":188,"column":3}},"line":186},"148":{"name":"(anonymous_148)","decl":{"start":{"line":189,"column":2},"end":{"line":189,"column":3}},"loc":{"start":{"line":189,"column":26},"end":{"line":191,"column":3}},"line":189},"149":{"name":"(anonymous_149)","decl":{"start":{"line":192,"column":2},"end":{"line":192,"column":3}},"loc":{"start":{"line":192,"column":25},"end":{"line":194,"column":3}},"line":192},"150":{"name":"(anonymous_150)","decl":{"start":{"line":195,"column":2},"end":{"line":195,"column":3}},"loc":{"start":{"line":195,"column":29},"end":{"line":197,"column":3}},"line":195},"151":{"name":"(anonymous_151)","decl":{"start":{"line":198,"column":2},"end":{"line":198,"column":3}},"loc":{"start":{"line":198,"column":23},"end":{"line":200,"column":3}},"line":198},"152":{"name":"(anonymous_152)","decl":{"start":{"line":201,"column":2},"end":{"line":201,"column":3}},"loc":{"start":{"line":201,"column":30},"end":{"line":203,"column":3}},"line":201},"153":{"name":"(anonymous_153)","decl":{"start":{"line":202,"column":11},"end":{"line":202,"column":12}},"loc":{"start":{"line":202,"column":31},"end":{"line":202,"column":127}},"line":202},"154":{"name":"(anonymous_154)","decl":{"start":{"line":204,"column":2},"end":{"line":204,"column":3}},"loc":{"start":{"line":204,"column":33},"end":{"line":206,"column":3}},"line":204},"155":{"name":"(anonymous_155)","decl":{"start":{"line":207,"column":2},"end":{"line":207,"column":3}},"loc":{"start":{"line":207,"column":33},"end":{"line":209,"column":3}},"line":207},"156":{"name":"(anonymous_156)","decl":{"start":{"line":210,"column":2},"end":{"line":210,"column":3}},"loc":{"start":{"line":210,"column":27},"end":{"line":212,"column":3}},"line":210},"157":{"name":"(anonymous_157)","decl":{"start":{"line":213,"column":2},"end":{"line":213,"column":3}},"loc":{"start":{"line":213,"column":27},"end":{"line":215,"column":3}},"line":213},"158":{"name":"(anonymous_158)","decl":{"start":{"line":216,"column":2},"end":{"line":216,"column":3}},"loc":{"start":{"line":216,"column":26},"end":{"line":218,"column":3}},"line":216},"159":{"name":"(anonymous_159)","decl":{"start":{"line":219,"column":2},"end":{"line":219,"column":3}},"loc":{"start":{"line":219,"column":24},"end":{"line":221,"column":3}},"line":219},"160":{"name":"(anonymous_160)","decl":{"start":{"line":222,"column":2},"end":{"line":222,"column":3}},"loc":{"start":{"line":222,"column":25},"end":{"line":224,"column":3}},"line":222},"161":{"name":"(anonymous_161)","decl":{"start":{"line":225,"column":2},"end":{"line":225,"column":3}},"loc":{"start":{"line":225,"column":27},"end":{"line":227,"column":3}},"line":225},"162":{"name":"(anonymous_162)","decl":{"start":{"line":231,"column":2},"end":{"line":231,"column":3}},"loc":{"start":{"line":231,"column":20},"end":{"line":233,"column":3}},"line":231},"163":{"name":"(anonymous_163)","decl":{"start":{"line":234,"column":2},"end":{"line":234,"column":3}},"loc":{"start":{"line":234,"column":23},"end":{"line":236,"column":3}},"line":234},"164":{"name":"(anonymous_164)","decl":{"start":{"line":237,"column":2},"end":{"line":237,"column":3}},"loc":{"start":{"line":237,"column":25},"end":{"line":239,"column":3}},"line":237},"165":{"name":"(anonymous_165)","decl":{"start":{"line":240,"column":2},"end":{"line":240,"column":3}},"loc":{"start":{"line":240,"column":22},"end":{"line":242,"column":3}},"line":240},"166":{"name":"(anonymous_166)","decl":{"start":{"line":243,"column":2},"end":{"line":243,"column":3}},"loc":{"start":{"line":243,"column":20},"end":{"line":245,"column":3}},"line":243},"167":{"name":"(anonymous_167)","decl":{"start":{"line":250,"column":24},"end":{"line":250,"column":25}},"loc":{"start":{"line":250,"column":44},"end":{"line":250,"column":79}},"line":250},"168":{"name":"(anonymous_168)","decl":{"start":{"line":251,"column":24},"end":{"line":251,"column":25}},"loc":{"start":{"line":251,"column":44},"end":{"line":251,"column":80}},"line":251}},"branchMap":{"0":{"loc":{"start":{"line":11,"column":2},"end":{"line":11,"column":26}},"type":"if","locations":[{"start":{"line":11,"column":2},"end":{"line":11,"column":26}},{"start":{},"end":{}}],"line":11},"1":{"loc":{"start":{"line":13,"column":9},"end":{"line":13,"column":32}},"type":"cond-expr","locations":[{"start":{"line":13,"column":20},"end":{"line":13,"column":21}},{"start":{"line":13,"column":24},"end":{"line":13,"column":32}}],"line":13},"2":{"loc":{"start":{"line":24,"column":9},"end":{"line":24,"column":43}},"type":"cond-expr","locations":[{"start":{"line":24,"column":23},"end":{"line":24,"column":24}},{"start":{"line":24,"column":27},"end":{"line":24,"column":43}}],"line":24},"3":{"loc":{"start":{"line":35,"column":9},"end":{"line":35,"column":41}},"type":"cond-expr","locations":[{"start":{"line":35,"column":29},"end":{"line":35,"column":30}},{"start":{"line":35,"column":33},"end":{"line":35,"column":41}}],"line":35},"4":{"loc":{"start":{"line":39,"column":44},"end":{"line":39,"column":79}},"type":"cond-expr","locations":[{"start":{"line":39,"column":53},"end":{"line":39,"column":69}},{"start":{"line":39,"column":73},"end":{"line":39,"column":79}}],"line":39},"5":{"loc":{"start":{"line":39,"column":53},"end":{"line":39,"column":69}},"type":"binary-expr","locations":[{"start":{"line":39,"column":53},"end":{"line":39,"column":63}},{"start":{"line":39,"column":67},"end":{"line":39,"column":69}}],"line":39},"6":{"loc":{"start":{"line":40,"column":44},"end":{"line":40,"column":64}},"type":"cond-expr","locations":[{"start":{"line":40,"column":52},"end":{"line":40,"column":56}},{"start":{"line":40,"column":59},"end":{"line":40,"column":64}}],"line":40},"7":{"loc":{"start":{"line":41,"column":44},"end":{"line":41,"column":65}},"type":"cond-expr","locations":[{"start":{"line":41,"column":53},"end":{"line":41,"column":57}},{"start":{"line":41,"column":60},"end":{"line":41,"column":65}}],"line":41},"8":{"loc":{"start":{"line":49,"column":44},"end":{"line":49,"column":131}},"type":"cond-expr","locations":[{"start":{"line":49,"column":62},"end":{"line":49,"column":124}},{"start":{"line":49,"column":127},"end":{"line":49,"column":131}}],"line":49},"9":{"loc":{"start":{"line":49,"column":82},"end":{"line":49,"column":98}},"type":"binary-expr","locations":[{"start":{"line":49,"column":82},"end":{"line":49,"column":92}},{"start":{"line":49,"column":96},"end":{"line":49,"column":98}}],"line":49},"10":{"loc":{"start":{"line":50,"column":44},"end":{"line":50,"column":91}},"type":"cond-expr","locations":[{"start":{"line":50,"column":52},"end":{"line":50,"column":70}},{"start":{"line":50,"column":73},"end":{"line":50,"column":91}}],"line":50},"11":{"loc":{"start":{"line":50,"column":52},"end":{"line":50,"column":70}},"type":"binary-expr","locations":[{"start":{"line":50,"column":52},"end":{"line":50,"column":62}},{"start":{"line":50,"column":66},"end":{"line":50,"column":70}}],"line":50},"12":{"loc":{"start":{"line":50,"column":73},"end":{"line":50,"column":91}},"type":"binary-expr","locations":[{"start":{"line":50,"column":73},"end":{"line":50,"column":83}},{"start":{"line":50,"column":87},"end":{"line":50,"column":91}}],"line":50},"13":{"loc":{"start":{"line":51,"column":44},"end":{"line":51,"column":74}},"type":"cond-expr","locations":[{"start":{"line":51,"column":62},"end":{"line":51,"column":66}},{"start":{"line":51,"column":69},"end":{"line":51,"column":74}}],"line":51},"14":{"loc":{"start":{"line":115,"column":32},"end":{"line":115,"column":86}},"type":"cond-expr","locations":[{"start":{"line":115,"column":55},"end":{"line":115,"column":69}},{"start":{"line":115,"column":72},"end":{"line":115,"column":86}}],"line":115},"15":{"loc":{"start":{"line":127,"column":32},"end":{"line":127,"column":94}},"type":"cond-expr","locations":[{"start":{"line":127,"column":55},"end":{"line":127,"column":73}},{"start":{"line":127,"column":76},"end":{"line":127,"column":94}}],"line":127},"16":{"loc":{"start":{"line":139,"column":32},"end":{"line":139,"column":98}},"type":"cond-expr","locations":[{"start":{"line":139,"column":55},"end":{"line":139,"column":75}},{"start":{"line":139,"column":78},"end":{"line":139,"column":98}}],"line":139},"17":{"loc":{"start":{"line":142,"column":32},"end":{"line":142,"column":96}},"type":"cond-expr","locations":[{"start":{"line":142,"column":55},"end":{"line":142,"column":74}},{"start":{"line":142,"column":77},"end":{"line":142,"column":96}}],"line":142},"18":{"loc":{"start":{"line":151,"column":32},"end":{"line":151,"column":104}},"type":"cond-expr","locations":[{"start":{"line":151,"column":55},"end":{"line":151,"column":78}},{"start":{"line":151,"column":81},"end":{"line":151,"column":104}}],"line":151},"19":{"loc":{"start":{"line":184,"column":32},"end":{"line":184,"column":92}},"type":"cond-expr","locations":[{"start":{"line":184,"column":55},"end":{"line":184,"column":72}},{"start":{"line":184,"column":75},"end":{"line":184,"column":92}}],"line":184},"20":{"loc":{"start":{"line":202,"column":32},"end":{"line":202,"column":110}},"type":"cond-expr","locations":[{"start":{"line":202,"column":55},"end":{"line":202,"column":81}},{"start":{"line":202,"column":84},"end":{"line":202,"column":110}}],"line":202},"21":{"loc":{"start":{"line":250,"column":44},"end":{"line":250,"column":79}},"type":"cond-expr","locations":[{"start":{"line":250,"column":59},"end":{"line":250,"column":63}},{"start":{"line":250,"column":66},"end":{"line":250,"column":79}}],"line":250},"22":{"loc":{"start":{"line":251,"column":44},"end":{"line":251,"column":80}},"type":"cond-expr","locations":[{"start":{"line":251,"column":59},"end":{"line":251,"column":63}},{"start":{"line":251,"column":66},"end":{"line":251,"column":80}}],"line":251}},"s":{"0":1,"1":0,"2":0,"3":0,"4":0,"5":1,"6":0,"7":1,"8":0,"9":1,"10":0,"11":1,"12":0,"13":1,"14":0,"15":1,"16":1,"17":0,"18":1,"19":0,"20":1,"21":0,"22":1,"23":0,"24":1,"25":0,"26":1,"27":0,"28":1,"29":0,"30":1,"31":0,"32":1,"33":0,"34":1,"35":0,"36":1,"37":0,"38":1,"39":1,"40":0,"41":1,"42":0,"43":1,"44":0,"45":1,"46":0,"47":0,"48":1,"49":0,"50":0,"51":1,"52":0,"53":0,"54":1,"55":0,"56":0,"57":1,"58":0,"59":0,"60":1,"61":0,"62":0,"63":1,"64":0,"65":0,"66":1,"67":0,"68":0,"69":1,"70":0,"71":0,"72":1,"73":0,"74":0,"75":1,"76":0,"77":0,"78":1,"79":0,"80":0,"81":1,"82":0,"83":0,"84":1,"85":0,"86":0,"87":1,"88":0,"89":0,"90":1,"91":0,"92":0,"93":1,"94":0,"95":0,"96":1,"97":0,"98":0,"99":1,"100":0,"101":0,"102":1,"103":0,"104":0,"105":1,"106":0,"107":0,"108":1,"109":0,"110":0,"111":1,"112":0,"113":0,"114":1,"115":0,"116":0,"117":1,"118":0,"119":0,"120":1,"121":0,"122":0,"123":1,"124":0,"125":0,"126":1,"127":0,"128":0,"129":1,"130":0,"131":0,"132":1,"133":0,"134":0,"135":1,"136":0,"137":0,"138":1,"139":0,"140":0,"141":1,"142":0,"143":0,"144":1,"145":0,"146":0,"147":1,"148":0,"149":0,"150":1,"151":0,"152":0,"153":1,"154":0,"155":0,"156":1,"157":0,"158":0,"159":1,"160":0,"161":0,"162":1,"163":0,"164":0,"165":1,"166":0,"167":0,"168":1,"169":0,"170":0,"171":1,"172":0,"173":0,"174":1,"175":0,"176":0,"177":1,"178":0,"179":0,"180":1,"181":0,"182":0,"183":1,"184":0,"185":0,"186":1,"187":0,"188":0,"189":1,"190":0,"191":0,"192":0,"193":0,"194":0,"195":0,"196":0,"197":0,"198":0,"199":0,"200":0,"201":0,"202":0,"203":0,"204":0,"205":0,"206":0,"207":0,"208":0,"209":0,"210":0,"211":0,"212":0,"213":0,"214":0,"215":0,"216":0,"217":0,"218":0,"219":0,"220":0,"221":0,"222":0,"223":0,"224":0,"225":0,"226":0,"227":0,"228":0,"229":0,"230":0,"231":0,"232":0,"233":0,"234":0,"235":0,"236":0,"237":0,"238":0,"239":0,"240":0,"241":1,"242":5,"243":1,"244":0},"f":{"0":0,"1":0,"2":0,"3":0,"4":0,"5":0,"6":0,"7":0,"8":0,"9":0,"10":0,"11":0,"12":0,"13":0,"14":0,"15":0,"16":0,"17":0,"18":0,"19":0,"20":0,"21":0,"22":0,"23":0,"24":0,"25":0,"26":0,"27":0,"28":0,"29":0,"30":0,"31":0,"32":0,"33":0,"34":0,"35":0,"36":0,"37":0,"38":0,"39":0,"40":0,"41":0,"42":0,"43":0,"44":0,"45":0,"46":0,"47":0,"48":0,"49":0,"50":0,"51":0,"52":0,"53":0,"54":0,"55":0,"56":0,"57":0,"58":0,"59":0,"60":0,"61":0,"62":0,"63":0,"64":0,"65":0,"66":0,"67":0,"68":0,"69":0,"70":0,"71":0,"72":0,"73":0,"74":0,"75":0,"76":0,"77":0,"78":0,"79":0,"80":0,"81":0,"82":0,"83":0,"84":0,"85":0,"86":0,"87":0,"88":0,"89":0,"90":0,"91":0,"92":0,"93":0,"94":0,"95":0,"96":0,"97":0,"98":0,"99":0,"100":0,"101":0,"102":0,"103":0,"104":0,"105":0,"106":0,"107":0,"108":0,"109":0,"110":0,"111":0,"112":0,"113":0,"114":0,"115":0,"116":0,"117":0,"118":0,"119":0,"120":0,"121":0,"122":0,"123":0,"124":0,"125":0,"126":0,"127":0,"128":0,"129":0,"130":0,"131":0,"132":0,"133":0,"134":0,"135":0,"136":0,"137":0,"138":0,"139":0,"140":0,"141":0,"142":0,"143":0,"144":0,"145":0,"146":0,"147":0,"148":0,"149":0,"150":0,"151":0,"152":0,"153":0,"154":0,"155":0,"156":0,"157":0,"158":0,"159":0,"160":0,"161":0,"162":0,"163":0,"164":0,"165":0,"166":0,"167":5,"168":0},"b":{"0":[0,0],"1":[0,0],"2":[0,0],"3":[0,0],"4":[0,0],"5":[0,0],"6":[0,0],"7":[0,0],"8":[0,0],"9":[0,0],"10":[0,0],"11":[0,0],"12":[0,0],"13":[0,0],"14":[0,0],"15":[0,0],"16":[0,0],"17":[0,0],"18":[0,0],"19":[0,0],"20":[0,0],"21":[0,5],"22":[0,0]},"inputSourceMap":null,"_coverageSchema":"1a1c01bbd47fc00a2c39e90264f33305004495a9","hash":"12785dfc740a2565c8c1fc3c0cd5c9057cbb6243"}
,"C:\\Users\\m.kikuzawa\\Documents\\git\\quel\\src\\filter\\Filter.js": {"path":"C:\\Users\\m.kikuzawa\\Documents\\git\\quel\\src\\filter\\Filter.js","statementMap":{"0":{"start":{"line":23,"column":4},"end":{"line":23,"column":123}},"1":{"start":{"line":23,"column":41},"end":{"line":23,"column":114}},"2":{"start":{"line":34,"column":4},"end":{"line":34,"column":120}},"3":{"start":{"line":34,"column":36},"end":{"line":34,"column":111}},"4":{"start":{"line":44,"column":4},"end":{"line":44,"column":91}},"5":{"start":{"line":44,"column":31},"end":{"line":44,"column":91}},"6":{"start":{"line":45,"column":4},"end":{"line":45,"column":90}},"7":{"start":{"line":45,"column":30},"end":{"line":45,"column":90}},"8":{"start":{"line":46,"column":4},"end":{"line":46,"column":57}},"9":{"start":{"line":47,"column":4},"end":{"line":47,"column":54}}},"fnMap":{"0":{"name":"(anonymous_0)","decl":{"start":{"line":22,"column":2},"end":{"line":22,"column":3}},"loc":{"start":{"line":22,"column":57},"end":{"line":24,"column":3}},"line":22},"1":{"name":"(anonymous_1)","decl":{"start":{"line":23,"column":31},"end":{"line":23,"column":32}},"loc":{"start":{"line":23,"column":41},"end":{"line":23,"column":114}},"line":23},"2":{"name":"(anonymous_2)","decl":{"start":{"line":33,"column":2},"end":{"line":33,"column":3}},"loc":{"start":{"line":33,"column":59},"end":{"line":35,"column":3}},"line":33},"3":{"name":"(anonymous_3)","decl":{"start":{"line":34,"column":26},"end":{"line":34,"column":27}},"loc":{"start":{"line":34,"column":36},"end":{"line":34,"column":111}},"line":34},"4":{"name":"(anonymous_4)","decl":{"start":{"line":43,"column":2},"end":{"line":43,"column":3}},"loc":{"start":{"line":43,"column":49},"end":{"line":48,"column":3}},"line":43}},"branchMap":{"0":{"loc":{"start":{"line":23,"column":41},"end":{"line":23,"column":114}},"type":"cond-expr","locations":[{"start":{"line":23,"column":72},"end":{"line":23,"column":110}},{"start":{"line":23,"column":113},"end":{"line":23,"column":114}}],"line":23},"1":{"loc":{"start":{"line":34,"column":36},"end":{"line":34,"column":111}},"type":"cond-expr","locations":[{"start":{"line":34,"column":68},"end":{"line":34,"column":107}},{"start":{"line":34,"column":110},"end":{"line":34,"column":111}}],"line":34},"2":{"loc":{"start":{"line":44,"column":4},"end":{"line":44,"column":91}},"type":"if","locations":[{"start":{"line":44,"column":4},"end":{"line":44,"column":91}},{"start":{},"end":{}}],"line":44},"3":{"loc":{"start":{"line":45,"column":4},"end":{"line":45,"column":90}},"type":"if","locations":[{"start":{"line":45,"column":4},"end":{"line":45,"column":90}},{"start":{},"end":{}}],"line":45},"4":{"loc":{"start":{"line":46,"column":4},"end":{"line":46,"column":56}},"type":"binary-expr","locations":[{"start":{"line":46,"column":4},"end":{"line":46,"column":16}},{"start":{"line":46,"column":21},"end":{"line":46,"column":55}}],"line":46},"5":{"loc":{"start":{"line":47,"column":4},"end":{"line":47,"column":53}},"type":"binary-expr","locations":[{"start":{"line":47,"column":4},"end":{"line":47,"column":15}},{"start":{"line":47,"column":20},"end":{"line":47,"column":52}}],"line":47}},"s":{"0":5,"1":5,"2":0,"3":0,"4":0,"5":0,"6":0,"7":0,"8":0,"9":0},"f":{"0":5,"1":5,"2":0,"3":0,"4":0},"b":{"0":[5,0],"1":[0,0],"2":[0,0],"3":[0,0],"4":[0,0],"5":[0,0]},"inputSourceMap":null,"_coverageSchema":"1a1c01bbd47fc00a2c39e90264f33305004495a9","hash":"4c1609b4f7e5a3cd582a986390b99b402a0251fe"}
}
