TN:
SF:src\Symbols.js
FNF:0
FNH:0
DA:7,1
LF:1
LH:1
BRF:0
BRH:0
end_of_record
TN:
SF:src\myname.js
FNF:0
FNH:0
DA:1,1
LF:1
LH:1
BRF:0
BRH:0
end_of_record
TN:
SF:src\types.js
FNF:0
FNH:0
LF:0
LH:0
BRF:0
BRH:0
end_of_record
TN:
SF:src\utils.js
FN:6,(anonymous_0)
FN:15,(anonymous_1)
FN:26,(anonymous_2)
FN:36,(anonymous_3)
FN:36,(anonymous_4)
FN:41,(anonymous_5)
FN:43,(anonymous_6)
FNF:7
FNH:2
FNDA:1,(anonymous_0)
FNDA:0,(anonymous_1)
FNDA:0,(anonymous_2)
FNDA:0,(anonymous_3)
FNDA:0,(anonymous_4)
FNDA:4,(anonymous_5)
FNDA:0,(anonymous_6)
DA:7,1
DA:15,1
DA:16,0
DA:17,0
DA:18,0
DA:27,0
DA:36,1
DA:42,4
DA:44,0
DA:45,0
LF:10
LH:4
BRDA:18,0,0,0
BRDA:18,0,1,0
BRDA:27,1,0,0
BRDA:27,1,1,0
BRDA:27,1,2,0
BRDA:27,1,3,0
BRDA:36,2,0,0
BRDA:36,2,1,0
BRDA:36,3,0,0
BRDA:36,3,1,0
BRDA:42,4,0,4
BRDA:42,4,1,0
BRDA:44,5,0,0
BRDA:44,5,1,0
BRF:14
BRH:1
end_of_record
TN:
SF:src\bindInfo\Attribute.js
FN:7,(anonymous_0)
FN:12,(anonymous_1)
FN:15,(anonymous_2)
FN:22,(anonymous_3)
FN:25,(anonymous_4)
FN:34,(anonymous_5)
FNF:6
FNH:0
FNDA:0,(anonymous_0)
FNDA:0,(anonymous_1)
FNDA:0,(anonymous_2)
FNDA:0,(anonymous_3)
FNDA:0,(anonymous_4)
FNDA:0,(anonymous_5)
DA:8,0
DA:13,0
DA:16,0
DA:23,0
DA:24,0
DA:25,0
DA:26,0
DA:35,0
LF:8
LH:0
BRDA:24,0,0,0
BRDA:24,0,1,0
BRDA:24,1,0,0
BRDA:24,1,1,0
BRDA:26,2,0,0
BRDA:26,2,1,0
BRF:6
BRH:0
end_of_record
TN:
SF:src\bindInfo\BindInfo.js
FN:11,(anonymous_0)
FN:14,(anonymous_1)
FN:18,(anonymous_2)
FN:22,(anonymous_3)
FN:26,(anonymous_4)
FN:33,(anonymous_5)
FN:36,(anonymous_6)
FN:43,(anonymous_7)
FN:46,(anonymous_8)
FN:60,(anonymous_9)
FN:63,(anonymous_10)
FN:75,(anonymous_11)
FN:85,(anonymous_12)
FN:97,(anonymous_13)
FN:110,(anonymous_14)
FN:114,(anonymous_15)
FN:121,(anonymous_16)
FN:126,(anonymous_17)
FN:131,(anonymous_18)
FN:136,(anonymous_19)
FN:143,(anonymous_20)
FN:146,(anonymous_21)
FN:161,(anonymous_22)
FN:166,(anonymous_23)
FN:173,(anonymous_24)
FN:178,(anonymous_25)
FN:183,(anonymous_26)
FN:186,(anonymous_27)
FN:193,(anonymous_28)
FN:198,(anonymous_29)
FN:203,(anonymous_30)
FNF:31
FNH:0
FNDA:0,(anonymous_0)
FNDA:0,(anonymous_1)
FNDA:0,(anonymous_2)
FNDA:0,(anonymous_3)
FNDA:0,(anonymous_4)
FNDA:0,(anonymous_5)
FNDA:0,(anonymous_6)
FNDA:0,(anonymous_7)
FNDA:0,(anonymous_8)
FNDA:0,(anonymous_9)
FNDA:0,(anonymous_10)
FNDA:0,(anonymous_11)
FNDA:0,(anonymous_12)
FNDA:0,(anonymous_13)
FNDA:0,(anonymous_14)
FNDA:0,(anonymous_15)
FNDA:0,(anonymous_16)
FNDA:0,(anonymous_17)
FNDA:0,(anonymous_18)
FNDA:0,(anonymous_19)
FNDA:0,(anonymous_20)
FNDA:0,(anonymous_21)
FNDA:0,(anonymous_22)
FNDA:0,(anonymous_23)
FNDA:0,(anonymous_24)
FNDA:0,(anonymous_25)
FNDA:0,(anonymous_26)
FNDA:0,(anonymous_27)
FNDA:0,(anonymous_28)
FNDA:0,(anonymous_29)
FNDA:0,(anonymous_30)
DA:12,0
DA:15,0
DA:19,0
DA:23,0
DA:27,0
DA:34,0
DA:37,0
DA:44,0
DA:47,0
DA:61,0
DA:64,0
DA:66,0
DA:67,0
DA:68,0
DA:69,0
DA:76,0
DA:77,0
DA:79,0
DA:86,0
DA:87,0
DA:88,0
DA:91,0
DA:98,0
DA:99,0
DA:101,0
DA:111,0
DA:112,0
DA:113,0
DA:114,0
DA:117,0
DA:122,0
DA:127,0
DA:132,0
DA:137,0
DA:144,0
DA:147,0
DA:148,0
DA:162,0
DA:167,0
DA:168,0
DA:174,0
DA:179,0
LF:42
LH:0
BRDA:19,0,0,0
BRDA:19,0,1,0
BRDA:23,1,0,0
BRDA:23,1,1,0
BRDA:27,2,0,0
BRDA:27,2,1,0
BRDA:76,3,0,0
BRDA:76,3,1,0
BRDA:86,4,0,0
BRDA:86,4,1,0
BRDA:87,5,0,0
BRDA:87,5,1,0
BRDA:98,6,0,0
BRDA:98,6,1,0
BRDA:99,7,0,0
BRDA:99,7,1,0
BRDA:111,8,0,0
BRDA:111,8,1,0
BRDA:113,9,0,0
BRDA:113,9,1,0
BRDA:122,10,0,0
BRDA:122,10,1,0
BRDA:162,11,0,0
BRDA:162,11,1,0
BRDA:167,12,0,0
BRDA:167,12,1,0
BRDA:174,13,0,0
BRDA:174,13,1,0
BRDA:179,14,0,0
BRDA:179,14,1,0
BRF:30
BRH:0
end_of_record
TN:
SF:src\bindInfo\Checkbox.js
FN:6,(anonymous_0)
FN:10,(anonymous_1)
FN:16,(anonymous_2)
FN:19,(anonymous_3)
FN:26,(anonymous_4)
FN:28,(anonymous_5)
FN:30,(anonymous_6)
FN:39,(anonymous_7)
FNF:8
FNH:0
FNDA:0,(anonymous_0)
FNDA:0,(anonymous_1)
FNDA:0,(anonymous_2)
FNDA:0,(anonymous_3)
FNDA:0,(anonymous_4)
FNDA:0,(anonymous_5)
FNDA:0,(anonymous_6)
FNDA:0,(anonymous_7)
DA:6,1
DA:11,0
DA:12,0
DA:17,0
DA:20,0
DA:27,0
DA:28,0
DA:29,0
DA:30,0
DA:31,0
DA:40,0
DA:42,0
DA:44,0
DA:45,0
DA:46,0
DA:47,0
LF:16
LH:1
BRDA:6,0,0,0
BRDA:6,0,1,0
BRDA:12,1,0,0
BRDA:12,1,1,0
BRDA:29,2,0,0
BRDA:29,2,1,0
BRDA:45,3,0,0
BRDA:45,3,1,0
BRF:8
BRH:0
end_of_record
TN:
SF:src\bindInfo\Event.js
FN:10,(anonymous_0)
FN:13,(anonymous_1)
FN:20,(anonymous_2)
FN:22,(anonymous_3)
FNF:4
FNH:0
FNDA:0,(anonymous_0)
FNDA:0,(anonymous_1)
FNDA:0,(anonymous_2)
FNDA:0,(anonymous_3)
DA:11,0
DA:14,0
DA:21,0
DA:22,0
DA:23,0
DA:24,0
DA:25,0
DA:28,0
LF:8
LH:0
BRF:0
BRH:0
end_of_record
TN:
SF:src\bindInfo\Property.js
FN:7,(anonymous_0)
FN:12,(anonymous_1)
FN:15,(anonymous_2)
FN:22,(anonymous_3)
FN:25,(anonymous_4)
FN:34,(anonymous_5)
FNF:6
FNH:0
FNDA:0,(anonymous_0)
FNDA:0,(anonymous_1)
FNDA:0,(anonymous_2)
FNDA:0,(anonymous_3)
FNDA:0,(anonymous_4)
FNDA:0,(anonymous_5)
DA:8,0
DA:13,0
DA:16,0
DA:23,0
DA:24,0
DA:25,0
DA:26,0
DA:35,0
LF:8
LH:0
BRDA:24,0,0,0
BRDA:24,0,1,0
BRDA:24,1,0,0
BRDA:24,1,1,0
BRDA:26,2,0,0
BRDA:26,2,1,0
BRF:6
BRH:0
end_of_record
TN:
SF:src\bindInfo\Radio.js
FN:6,(anonymous_0)
FN:10,(anonymous_1)
FN:18,(anonymous_2)
FN:22,(anonymous_3)
FN:31,(anonymous_4)
FNF:5
FNH:0
FNDA:0,(anonymous_0)
FNDA:0,(anonymous_1)
FNDA:0,(anonymous_2)
FNDA:0,(anonymous_3)
FNDA:0,(anonymous_4)
DA:6,1
DA:11,0
DA:12,0
DA:19,0
DA:20,0
DA:21,0
DA:22,0
DA:23,0
DA:32,0
DA:33,0
LF:10
LH:1
BRDA:6,0,0,0
BRDA:6,0,1,0
BRDA:12,1,0,0
BRDA:12,1,1,0
BRDA:21,2,0,0
BRDA:21,2,1,0
BRDA:32,3,0,0
BRDA:32,3,1,0
BRF:8
BRH:0
end_of_record
TN:
SF:src\bindInfo\Text.js
FN:9,(anonymous_0)
FN:12,(anonymous_1)
FN:19,(anonymous_2)
FN:22,(anonymous_3)
FN:31,(anonymous_4)
FNF:5
FNH:0
FNDA:0,(anonymous_0)
FNDA:0,(anonymous_1)
FNDA:0,(anonymous_2)
FNDA:0,(anonymous_3)
FNDA:0,(anonymous_4)
DA:5,1
DA:10,0
DA:13,0
DA:20,0
DA:21,0
DA:22,0
DA:23,0
DA:32,0
LF:8
LH:1
BRDA:21,0,0,0
BRDA:21,0,1,0
BRDA:21,1,0,0
BRDA:21,1,1,0
BRDA:23,2,0,0
BRDA:23,2,1,0
BRF:6
BRH:0
end_of_record
TN:
SF:src\bindInfo\template\Loop.js
FN:9,(anonymous_0)
FN:12,(anonymous_1)
FN:17,(anonymous_2)
FN:21,(anonymous_3)
FN:31,(anonymous_4)
FN:34,(anonymous_5)
FN:51,(anonymous_6)
FN:56,(anonymous_7)
FNF:8
FNH:0
FNDA:0,(anonymous_0)
FNDA:0,(anonymous_1)
FNDA:0,(anonymous_2)
FNDA:0,(anonymous_3)
FNDA:0,(anonymous_4)
FNDA:0,(anonymous_5)
FNDA:0,(anonymous_6)
FNDA:0,(anonymous_7)
DA:7,0
DA:10,0
DA:13,0
DA:18,0
DA:23,0
DA:25,0
DA:28,0
DA:29,0
DA:31,0
DA:32,0
DA:34,0
DA:36,0
DA:37,0
DA:38,0
DA:39,0
DA:40,0
DA:41,0
DA:42,0
DA:43,0
DA:44,0
DA:45,0
DA:47,0
DA:48,0
DA:51,0
DA:53,0
DA:57,0
DA:58,0
DA:59,0
LF:28
LH:0
BRDA:23,0,0,0
BRDA:23,0,1,0
BRDA:25,1,0,0
BRDA:25,1,1,0
BRDA:32,2,0,0
BRDA:32,2,1,0
BRDA:38,3,0,0
BRDA:38,3,1,0
BRDA:47,4,0,0
BRDA:47,4,1,0
BRF:10
BRH:0
end_of_record
TN:
SF:src\bindInfo\template\Template.js
FN:23,(anonymous_0)
FN:28,(anonymous_1)
FN:35,(anonymous_2)
FN:36,(anonymous_3)
FN:37,(anonymous_4)
FN:43,(anonymous_5)
FN:44,(anonymous_6)
FN:55,(anonymous_7)
FN:64,(anonymous_8)
FN:79,(anonymous_9)
FN:96,(anonymous_10)
FN:106,(anonymous_11)
FN:117,(anonymous_12)
FN:118,(anonymous_13)
FN:129,(anonymous_14)
FN:132,(anonymous_15)
FNF:16
FNH:0
FNDA:0,(anonymous_0)
FNDA:0,(anonymous_1)
FNDA:0,(anonymous_2)
FNDA:0,(anonymous_3)
FNDA:0,(anonymous_4)
FNDA:0,(anonymous_5)
FNDA:0,(anonymous_6)
FNDA:0,(anonymous_7)
FNDA:0,(anonymous_8)
FNDA:0,(anonymous_9)
FNDA:0,(anonymous_10)
FNDA:0,(anonymous_11)
FNDA:0,(anonymous_12)
FNDA:0,(anonymous_13)
FNDA:0,(anonymous_14)
FNDA:0,(anonymous_15)
DA:24,0
DA:29,0
DA:36,0
DA:37,0
DA:44,0
DA:45,0
DA:56,0
DA:57,0
DA:58,0
DA:59,0
DA:60,0
DA:61,0
DA:63,0
DA:64,0
DA:65,0
DA:66,0
DA:68,0
DA:73,1
DA:80,0
DA:81,0
DA:82,0
DA:84,0
DA:91,0
DA:97,0
DA:98,0
DA:100,0
DA:107,0
DA:108,0
DA:110,0
DA:118,0
DA:119,0
DA:120,0
DA:130,0
DA:131,0
DA:133,0
DA:135,0
LF:36
LH:1
BRDA:29,0,0,0
BRDA:29,0,1,0
BRDA:58,1,0,0
BRDA:58,1,1,0
BRDA:58,2,0,0
BRDA:58,2,1,0
BRDA:81,3,0,0
BRDA:81,3,1,0
BRDA:97,4,0,0
BRDA:97,4,1,0
BRDA:107,5,0,0
BRDA:107,5,1,0
BRDA:133,6,0,0
BRDA:133,6,1,0
BRF:14
BRH:0
end_of_record
TN:
SF:src\binder\BindToDom.js
FN:16,(anonymous_0)
FN:17,(anonymous_1)
FNF:2
FNH:2
FNDA:29,(anonymous_0)
FNDA:29,(anonymous_1)
DA:16,1
DA:17,29
DA:18,29
LF:3
LH:3
BRF:0
BRH:0
end_of_record
TN:
SF:src\binder\BindToHTMLElement.js
FN:19,(anonymous_0)
FN:26,(anonymous_1)
FN:38,(anonymous_2)
FN:50,(anonymous_3)
FN:77,(anonymous_4)
FN:85,(anonymous_5)
FNF:6
FNH:5
FNDA:18,(anonymous_0)
FNDA:18,(anonymous_1)
FNDA:18,(anonymous_2)
FNDA:18,(anonymous_3)
FNDA:18,(anonymous_4)
FNDA:0,(anonymous_5)
DA:9,1
DA:10,1
DA:11,1
DA:12,1
DA:19,18
DA:26,1
DA:27,18
DA:38,18
DA:52,18
DA:54,18
DA:56,18
DA:58,18
DA:62,18
DA:66,18
DA:69,18
DA:72,18
DA:75,18
DA:77,18
DA:78,18
DA:79,18
DA:80,18
DA:81,18
DA:85,18
DA:86,0
DA:88,18
DA:89,0
DA:90,18
DA:91,0
DA:92,18
DA:97,0
DA:99,18
LF:31
LH:27
BRDA:19,0,0,18
BRDA:19,0,1,0
BRDA:27,1,0,0
BRDA:27,1,1,18
BRDA:27,2,0,18
BRDA:27,2,1,18
BRDA:27,2,2,18
BRDA:28,3,0,0
BRDA:28,3,1,18
BRDA:28,4,0,0
BRDA:28,4,1,0
BRDA:28,5,0,0
BRDA:28,5,1,0
BRDA:38,6,0,18
BRDA:38,6,1,18
BRDA:38,6,2,18
BRDA:38,6,3,18
BRDA:79,7,0,0
BRDA:79,7,1,18
BRDA:80,8,0,0
BRDA:80,8,1,18
BRDA:81,9,0,18
BRDA:81,9,1,0
BRDA:88,10,0,0
BRDA:88,10,1,18
BRDA:90,11,0,0
BRDA:90,11,1,18
BRDA:92,12,0,0
BRDA:92,12,1,18
BRDA:92,13,0,18
BRDA:92,13,1,18
BRDA:92,13,2,18
BRF:32
BRH:19
end_of_record
TN:
SF:src\binder\BindToSVGElement.js
FN:12,(anonymous_0)
FN:22,(anonymous_1)
FNF:2
FNH:2
FNDA:2,(anonymous_0)
FNDA:2,(anonymous_1)
DA:5,1
DA:12,2
DA:24,2
DA:26,2
DA:28,2
DA:30,2
DA:34,2
DA:36,2
LF:8
LH:8
BRDA:12,0,0,2
BRDA:12,0,1,0
BRF:2
BRH:1
end_of_record
TN:
SF:src\binder\BindToTemplate.js
FN:12,(anonymous_0)
FN:22,(anonymous_1)
FNF:2
FNH:2
FNDA:4,(anonymous_0)
FNDA:4,(anonymous_1)
DA:6,1
DA:12,4
DA:24,4
DA:26,4
DA:28,4
DA:30,4
DA:32,4
DA:36,4
DA:38,4
LF:9
LH:9
BRDA:12,0,0,4
BRDA:12,0,1,0
BRF:2
BRH:1
end_of_record
TN:
SF:src\binder\BindToText.js
FN:12,(anonymous_0)
FN:22,(anonymous_1)
FNF:2
FNH:2
FNDA:5,(anonymous_0)
FNDA:5,(anonymous_1)
DA:5,1
DA:12,5
DA:25,5
DA:27,5
DA:29,5
DA:31,5
DA:32,5
DA:36,5
DA:38,5
LF:9
LH:9
BRDA:12,0,0,5
BRDA:12,0,1,0
BRF:2
BRH:1
end_of_record
TN:
SF:src\binder\Binder.js
FN:16,(anonymous_0)
FN:17,(anonymous_1)
FNF:2
FNH:2
FNDA:15,(anonymous_0)
FNDA:30,(anonymous_1)
DA:17,15
DA:18,30
LF:2
LH:2
BRDA:18,0,0,5
BRDA:18,0,1,25
BRDA:18,1,0,30
BRDA:18,1,1,9
BRDA:19,2,0,18
BRDA:19,2,1,7
BRDA:20,3,0,4
BRDA:20,3,1,3
BRDA:20,4,0,7
BRDA:20,4,1,4
BRDA:21,5,0,2
BRDA:21,5,1,1
BRF:12
BRH:12
end_of_record
TN:
SF:src\binder\Parser.js
FN:21,(anonymous_0)
FN:28,(anonymous_1)
FN:36,(anonymous_2)
FN:47,(anonymous_3)
FN:49,(anonymous_4)
FN:59,(anonymous_5)
FN:71,(anonymous_6)
FN:72,(anonymous_7)
FN:94,(anonymous_8)
FN:101,(anonymous_9)
FNF:10
FNH:8
FNDA:26,(anonymous_0)
FNDA:8,(anonymous_1)
FNDA:0,(anonymous_2)
FNDA:8,(anonymous_3)
FNDA:0,(anonymous_4)
FNDA:8,(anonymous_5)
FNDA:8,(anonymous_6)
FNDA:8,(anonymous_7)
FNDA:29,(anonymous_8)
FNDA:8,(anonymous_9)
DA:4,1
DA:5,1
DA:21,26
DA:28,8
DA:36,1
DA:37,0
DA:38,0
DA:47,1
DA:48,8
DA:49,8
DA:59,1
DA:60,8
DA:61,8
DA:62,8
DA:71,1
DA:72,8
DA:73,8
DA:74,8
DA:75,8
DA:76,8
DA:77,8
DA:86,1
DA:96,29
DA:98,29
DA:100,29
DA:101,8
DA:102,8
DA:104,29
LF:28
LH:26
BRDA:74,0,0,0
BRDA:74,0,1,8
BRDA:75,1,0,6
BRDA:75,1,1,2
BRDA:76,2,0,8
BRDA:76,2,1,0
BRDA:100,3,0,8
BRDA:100,3,1,21
BRF:8
BRH:6
end_of_record
TN:
SF:src\binder\Selector.js
FN:11,(anonymous_0)
FN:27,(anonymous_1)
FN:39,(anonymous_2)
FN:46,(anonymous_3)
FN:46,(anonymous_4)
FN:46,(anonymous_5)
FN:58,(anonymous_6)
FN:68,(anonymous_7)
FN:74,(anonymous_8)
FNF:9
FNH:9
FNDA:5,(anonymous_0)
FNDA:8,(anonymous_1)
FNDA:13,(anonymous_2)
FNDA:17,(anonymous_3)
FNDA:13,(anonymous_4)
FNDA:14,(anonymous_5)
FNDA:11,(anonymous_6)
FNDA:8,(anonymous_7)
FNDA:5,(anonymous_8)
DA:1,1
DA:11,1
DA:13,5
DA:14,5
DA:15,6
DA:16,6
DA:18,5
DA:27,1
DA:28,8
DA:29,9
DA:31,8
DA:39,13
DA:46,17
DA:50,1
DA:63,11
DA:67,7
DA:68,8
DA:71,4
DA:74,5
DA:76,11
LF:20
LH:20
BRDA:39,0,0,13
BRDA:39,0,1,1
BRDA:39,0,2,0
BRDA:46,1,0,1
BRDA:46,1,1,12
BRDA:63,2,0,7
BRDA:63,2,1,4
BRF:7
BRH:6
end_of_record
TN:
SF:src\binding\Binding.js
FN:14,(anonymous_0)
FN:20,(anonymous_1)
FN:26,(anonymous_2)
FN:32,(anonymous_3)
FN:38,(anonymous_4)
FN:46,(anonymous_5)
FN:62,(anonymous_6)
FN:71,(anonymous_7)
FN:80,(anonymous_8)
FN:85,(anonymous_9)
FN:94,(anonymous_10)
FN:105,(anonymous_11)
FN:117,(anonymous_12)
FN:118,(anonymous_13)
FN:118,(anonymous_14)
FN:125,(anonymous_15)
FN:133,(anonymous_16)
FN:134,(anonymous_17)
FN:134,(anonymous_18)
FN:140,(anonymous_19)
FN:149,(anonymous_20)
FN:161,(anonymous_21)
FN:176,(anonymous_22)
FN:182,(anonymous_23)
FN:188,(anonymous_24)
FN:194,(anonymous_25)
FN:204,(anonymous_26)
FN:216,(anonymous_27)
FN:217,(anonymous_28)
FN:223,(anonymous_29)
FN:224,(anonymous_30)
FN:230,(anonymous_31)
FN:231,(anonymous_32)
FN:232,(anonymous_33)
FN:232,(anonymous_34)
FN:240,(anonymous_35)
FN:281,(anonymous_36)
FN:295,(anonymous_37)
FNF:38
FNH:14
FNDA:174,(anonymous_0)
FNDA:124,(anonymous_1)
FNDA:48,(anonymous_2)
FNDA:30,(anonymous_3)
FNDA:56,(anonymous_4)
FNDA:11,(anonymous_5)
FNDA:29,(anonymous_6)
FNDA:19,(anonymous_7)
FNDA:29,(anonymous_8)
FNDA:21,(anonymous_9)
FNDA:0,(anonymous_10)
FNDA:0,(anonymous_11)
FNDA:0,(anonymous_12)
FNDA:0,(anonymous_13)
FNDA:0,(anonymous_14)
FNDA:0,(anonymous_15)
FNDA:0,(anonymous_16)
FNDA:0,(anonymous_17)
FNDA:0,(anonymous_18)
FNDA:29,(anonymous_19)
FNDA:11,(anonymous_20)
FNDA:0,(anonymous_21)
FNDA:0,(anonymous_22)
FNDA:11,(anonymous_23)
FNDA:0,(anonymous_24)
FNDA:0,(anonymous_25)
FNDA:11,(anonymous_26)
FNDA:0,(anonymous_27)
FNDA:0,(anonymous_28)
FNDA:0,(anonymous_29)
FNDA:0,(anonymous_30)
FNDA:0,(anonymous_31)
FNDA:0,(anonymous_32)
FNDA:0,(anonymous_33)
FNDA:0,(anonymous_34)
FNDA:0,(anonymous_35)
FNDA:0,(anonymous_36)
FNDA:0,(anonymous_37)
DA:15,174
DA:21,124
DA:27,48
DA:33,30
DA:39,56
DA:43,29
DA:47,11
DA:67,29
DA:68,29
DA:69,29
DA:70,29
DA:71,19
DA:73,29
DA:74,29
DA:81,29
DA:82,29
DA:83,29
DA:84,29
DA:85,21
DA:86,21
DA:95,0
DA:96,0
DA:97,0
DA:98,0
DA:106,0
DA:107,0
DA:108,0
DA:113,0
DA:118,0
DA:126,0
DA:127,0
DA:128,0
DA:129,0
DA:134,0
DA:141,29
DA:142,29
DA:143,29
DA:150,11
DA:151,11
DA:152,11
DA:153,11
DA:154,11
DA:162,0
DA:163,0
DA:164,0
DA:171,11
DA:174,11
DA:177,0
DA:183,11
DA:189,0
DA:195,0
DA:205,11
DA:206,11
DA:207,11
DA:208,11
DA:209,11
DA:210,11
DA:217,0
DA:224,0
DA:231,0
DA:232,0
DA:242,0
DA:243,0
DA:244,0
DA:245,0
DA:246,0
DA:247,0
DA:248,0
DA:249,0
DA:250,0
DA:251,0
DA:252,0
DA:253,0
DA:255,0
DA:256,0
DA:261,0
DA:264,0
DA:265,0
DA:266,0
DA:267,0
DA:270,0
DA:274,0
DA:286,0
DA:287,0
DA:288,0
DA:295,0
DA:296,0
DA:297,0
DA:298,0
DA:299,0
DA:300,0
DA:301,0
DA:305,0
LF:93
LH:37
BRDA:70,0,0,13
BRDA:70,0,1,16
BRDA:82,1,0,0
BRDA:82,1,1,29
BRDA:84,2,0,21
BRDA:84,2,1,8
BRDA:84,3,0,29
BRDA:84,3,1,10
BRDA:86,4,0,21
BRDA:86,4,1,2
BRDA:96,5,0,0
BRDA:96,5,1,0
BRDA:150,6,0,0
BRDA:150,6,1,11
BRDA:153,7,0,11
BRDA:153,7,1,11
BRDA:163,8,0,0
BRDA:163,8,1,0
BRDA:248,9,0,0
BRDA:248,9,1,0
BRDA:249,10,0,0
BRDA:249,10,1,0
BRDA:251,11,0,0
BRDA:251,11,1,0
BRDA:252,12,0,0
BRDA:252,12,1,0
BRDA:255,13,0,0
BRDA:255,13,1,0
BRDA:264,14,0,0
BRDA:264,14,1,0
BRDA:266,15,0,0
BRDA:266,15,1,0
BRDA:297,16,0,0
BRDA:297,16,1,0
BRDA:299,17,0,0
BRDA:299,17,1,0
BRF:36
BRH:12
end_of_record
TN:
SF:src\binding\Factory.js
FN:22,(anonymous_0)
FN:39,(anonymous_1)
FN:63,(anonymous_2)
FNF:3
FNH:3
FNDA:29,(anonymous_0)
FNDA:25,(anonymous_1)
FNDA:29,(anonymous_2)
DA:23,29
DA:24,1
DA:36,29
DA:40,25
DA:41,1
DA:48,25
DA:65,29
DA:66,29
DA:68,29
DA:69,29
DA:70,29
DA:71,29
DA:72,25
DA:73,25
DA:74,25
DA:75,25
DA:76,23
DA:77,18
DA:78,0
DA:80,18
DA:83,5
DA:87,29
DA:92,29
DA:94,29
LF:24
LH:23
BRDA:23,0,0,1
BRDA:23,0,1,28
BRDA:40,1,0,1
BRDA:40,1,1,24
BRDA:71,2,0,4
BRDA:71,2,1,25
BRDA:72,3,0,0
BRDA:72,3,1,25
BRDA:75,4,0,2
BRDA:75,4,1,23
BRDA:76,5,0,18
BRDA:76,5,1,5
BRDA:77,6,0,0
BRDA:77,6,1,18
BRF:14
BRH:12
end_of_record
TN:
SF:src\binding\ViewModelProperty.js
FN:12,(anonymous_0)
FN:18,(anonymous_1)
FN:23,(anonymous_2)
FN:28,(anonymous_3)
FN:34,(anonymous_4)
FN:43,(anonymous_5)
FN:51,(anonymous_6)
FN:54,(anonymous_7)
FN:55,(anonymous_8)
FN:76,(anonymous_9)
FN:82,(anonymous_10)
FN:87,(anonymous_11)
FN:92,(anonymous_12)
FN:98,(anonymous_13)
FN:110,(anonymous_14)
FN:123,(anonymous_15)
FN:140,(anonymous_16)
FN:147,(anonymous_17)
FNF:18
FNH:12
FNDA:53,(anonymous_0)
FNDA:93,(anonymous_1)
FNDA:19,(anonymous_2)
FNDA:45,(anonymous_3)
FNDA:0,(anonymous_4)
FNDA:0,(anonymous_5)
FNDA:45,(anonymous_6)
FNDA:0,(anonymous_7)
FNDA:0,(anonymous_8)
FNDA:45,(anonymous_9)
FNDA:7,(anonymous_10)
FNDA:37,(anonymous_11)
FNDA:0,(anonymous_12)
FNDA:78,(anonymous_13)
FNDA:29,(anonymous_14)
FNDA:11,(anonymous_15)
FNDA:29,(anonymous_16)
FNDA:0,(anonymous_17)
DA:13,53
DA:19,93
DA:24,19
DA:29,45
DA:35,0
DA:36,0
DA:38,0
DA:44,0
DA:45,0
DA:47,0
DA:52,45
DA:55,0
DA:56,0
DA:58,0
DA:59,0
DA:60,0
DA:61,0
DA:62,0
DA:63,0
DA:65,0
DA:66,0
DA:70,0
DA:77,45
DA:83,7
DA:88,37
DA:93,0
DA:99,78
DA:111,29
DA:112,29
DA:113,29
DA:114,29
DA:115,29
DA:124,11
DA:125,11
DA:126,11
DA:128,11
DA:129,11
DA:130,11
DA:132,11
DA:148,0
LF:40
LH:21
BRDA:29,0,0,45
BRDA:29,0,1,26
BRDA:35,1,0,0
BRDA:35,1,1,0
BRDA:44,2,0,0
BRDA:44,2,1,0
BRDA:58,3,0,0
BRDA:58,3,1,0
BRDA:60,4,0,0
BRDA:60,4,1,0
BRDA:62,5,0,0
BRDA:62,5,1,0
BRDA:65,6,0,0
BRDA:65,6,1,0
BRDA:88,7,0,0
BRDA:88,7,1,37
BRDA:126,8,0,11
BRDA:126,8,1,11
BRF:18
BRH:5
end_of_record
TN:
SF:src\binding\nodePoperty\Branch.js
FN:9,(anonymous_0)
FN:12,(anonymous_1)
FN:20,(anonymous_2)
FN:23,(anonymous_3)
FN:35,(anonymous_4)
FNF:5
FNH:0
FNDA:0,(anonymous_0)
FNDA:0,(anonymous_1)
FNDA:0,(anonymous_2)
FNDA:0,(anonymous_3)
FNDA:0,(anonymous_4)
DA:10,0
DA:13,0
DA:14,0
DA:15,0
DA:16,0
DA:17,0
DA:19,0
DA:20,0
DA:23,0
DA:36,0
DA:37,0
LF:11
LH:0
BRDA:13,0,0,0
BRDA:13,0,1,0
BRDA:14,1,0,0
BRDA:14,1,1,0
BRDA:15,2,0,0
BRDA:15,2,1,0
BRDA:36,3,0,0
BRDA:36,3,1,0
BRF:8
BRH:0
end_of_record
TN:
SF:src\binding\nodePoperty\Checkbox.js
FN:8,(anonymous_0)
FN:13,(anonymous_1)
FN:16,(anonymous_2)
FN:21,(anonymous_3)
FN:25,(anonymous_4)
FN:42,(anonymous_5)
FNF:6
FNH:0
FNDA:0,(anonymous_0)
FNDA:0,(anonymous_1)
FNDA:0,(anonymous_2)
FNDA:0,(anonymous_3)
FNDA:0,(anonymous_4)
FNDA:0,(anonymous_5)
DA:9,0
DA:14,0
DA:18,0
DA:20,0
DA:21,0
DA:27,0
DA:28,0
DA:43,0
DA:44,0
DA:45,0
LF:10
LH:0
BRDA:21,0,0,0
BRDA:21,0,1,0
BRDA:29,1,0,0
BRDA:29,1,1,0
BRDA:43,2,0,0
BRDA:43,2,1,0
BRDA:44,3,0,0
BRDA:44,3,1,0
BRF:8
BRH:0
end_of_record
TN:
SF:src\binding\nodePoperty\ComponentProperty.js
FN:8,(anonymous_0)
FN:13,(anonymous_1)
FN:18,(anonymous_2)
FN:30,(anonymous_3)
FN:39,(anonymous_4)
FN:42,(anonymous_5)
FN:42,(anonymous_6)
FN:43,(anonymous_7)
FN:43,(anonymous_8)
FN:52,(anonymous_9)
FN:59,(anonymous_10)
FNF:11
FNH:0
FNDA:0,(anonymous_0)
FNDA:0,(anonymous_1)
FNDA:0,(anonymous_2)
FNDA:0,(anonymous_3)
FNDA:0,(anonymous_4)
FNDA:0,(anonymous_5)
FNDA:0,(anonymous_6)
FNDA:0,(anonymous_7)
FNDA:0,(anonymous_8)
FNDA:0,(anonymous_9)
FNDA:0,(anonymous_10)
DA:9,0
DA:14,0
DA:19,0
DA:31,0
DA:32,0
DA:40,0
DA:41,0
DA:42,0
DA:43,0
DA:53,0
DA:54,0
DA:55,0
DA:56,0
DA:57,0
DA:58,0
DA:59,0
DA:60,0
DA:61,0
DA:62,0
DA:63,0
LF:20
LH:0
BRDA:31,0,0,0
BRDA:31,0,1,0
BRDA:57,1,0,0
BRDA:57,1,1,0
BRDA:57,2,0,0
BRDA:57,2,1,0
BRDA:59,3,0,0
BRDA:59,3,1,0
BRDA:59,4,0,0
BRDA:59,4,1,0
BRF:10
BRH:0
end_of_record
TN:
SF:src\binding\nodePoperty\ElementAttribute.js
FN:5,(anonymous_0)
FN:10,(anonymous_1)
FN:13,(anonymous_2)
FNF:3
FNH:3
FNDA:4,(anonymous_0)
FNDA:2,(anonymous_1)
FNDA:2,(anonymous_2)
DA:6,4
DA:11,2
DA:14,2
LF:3
LH:3
BRF:0
BRH:0
end_of_record
TN:
SF:src\binding\nodePoperty\ElementClass.js
FN:5,(anonymous_0)
FN:10,(anonymous_1)
FN:13,(anonymous_2)
FNF:3
FNH:0
FNDA:0,(anonymous_0)
FNDA:0,(anonymous_1)
FNDA:0,(anonymous_2)
DA:6,0
DA:11,0
DA:14,0
LF:3
LH:0
BRDA:14,0,0,0
BRDA:14,0,1,0
BRF:2
BRH:0
end_of_record
TN:
SF:src\binding\nodePoperty\ElementClassName.js
FN:5,(anonymous_0)
FN:8,(anonymous_1)
FNF:2
FNH:0
FNDA:0,(anonymous_0)
FNDA:0,(anonymous_1)
DA:6,0
DA:9,0
LF:2
LH:0
BRDA:6,0,0,0
BRDA:6,0,1,0
BRF:2
BRH:0
end_of_record
TN:
SF:src\binding\nodePoperty\ElementEvent.js
FN:6,(anonymous_0)
FN:11,(anonymous_1)
FN:23,(anonymous_2)
FN:32,(anonymous_3)
FNF:4
FNH:0
FNDA:0,(anonymous_0)
FNDA:0,(anonymous_1)
FNDA:0,(anonymous_2)
FNDA:0,(anonymous_3)
DA:7,0
DA:12,0
DA:24,0
DA:25,0
DA:33,0
LF:5
LH:0
BRDA:24,0,0,0
BRDA:24,0,1,0
BRF:2
BRH:0
end_of_record
TN:
SF:src\binding\nodePoperty\ElementProperty.js
FN:6,(anonymous_0)
FN:18,(anonymous_1)
FNF:2
FNH:2
FNDA:7,(anonymous_0)
FNDA:20,(anonymous_1)
DA:7,7
DA:19,20
DA:20,20
LF:3
LH:3
BRDA:19,0,0,0
BRDA:19,0,1,20
BRF:2
BRH:1
end_of_record
TN:
SF:src\binding\nodePoperty\ElementStyle.js
FN:6,(anonymous_0)
FN:11,(anonymous_1)
FN:16,(anonymous_2)
FN:19,(anonymous_3)
FN:31,(anonymous_4)
FNF:5
FNH:0
FNDA:0,(anonymous_0)
FNDA:0,(anonymous_1)
FNDA:0,(anonymous_2)
FNDA:0,(anonymous_3)
FNDA:0,(anonymous_4)
DA:7,0
DA:12,0
DA:17,0
DA:20,0
DA:32,0
DA:33,0
LF:6
LH:0
BRDA:32,0,0,0
BRDA:32,0,1,0
BRF:2
BRH:0
end_of_record
TN:
SF:src\binding\nodePoperty\MultiValue.js
FN:4,(anonymous_0)
FN:10,(anonymous_1)
FN:19,(anonymous_2)
FNF:3
FNH:0
FNDA:0,(anonymous_0)
FNDA:0,(anonymous_1)
FNDA:0,(anonymous_2)
DA:5,0
DA:11,0
DA:20,0
DA:21,0
LF:4
LH:0
BRF:0
BRH:0
end_of_record
TN:
SF:src\binding\nodePoperty\NodeProperty.js
FN:8,(anonymous_0)
FN:14,(anonymous_1)
FN:20,(anonymous_2)
FN:25,(anonymous_3)
FN:28,(anonymous_4)
FN:34,(anonymous_5)
FN:40,(anonymous_6)
FN:45,(anonymous_7)
FN:50,(anonymous_8)
FN:56,(anonymous_9)
FN:61,(anonymous_10)
FN:73,(anonymous_11)
FN:88,(anonymous_12)
FN:95,(anonymous_13)
FNF:14
FNH:12
FNDA:109,(anonymous_0)
FNDA:117,(anonymous_1)
FNDA:12,(anonymous_2)
FNDA:37,(anonymous_3)
FNDA:15,(anonymous_4)
FNDA:16,(anonymous_5)
FNDA:8,(anonymous_6)
FNDA:8,(anonymous_7)
FNDA:29,(anonymous_8)
FNDA:51,(anonymous_9)
FNDA:0,(anonymous_10)
FNDA:29,(anonymous_11)
FNDA:29,(anonymous_12)
FNDA:0,(anonymous_13)
DA:9,109
DA:15,117
DA:19,29
DA:21,12
DA:26,37
DA:29,15
DA:35,16
DA:41,8
DA:46,8
DA:51,29
DA:57,51
DA:62,0
DA:74,29
DA:75,29
DA:76,29
DA:77,29
DA:78,29
DA:79,29
DA:80,29
LF:19
LH:18
BRDA:46,0,0,0
BRDA:46,0,1,8
BRDA:74,1,0,0
BRDA:74,1,1,29
BRF:4
BRH:2
end_of_record
TN:
SF:src\binding\nodePoperty\Radio.js
FN:8,(anonymous_0)
FN:13,(anonymous_1)
FN:16,(anonymous_2)
FN:25,(anonymous_3)
FN:42,(anonymous_4)
FNF:5
FNH:0
FNDA:0,(anonymous_0)
FNDA:0,(anonymous_1)
FNDA:0,(anonymous_2)
FNDA:0,(anonymous_3)
FNDA:0,(anonymous_4)
DA:9,0
DA:14,0
DA:18,0
DA:20,0
DA:21,0
DA:27,0
DA:28,0
DA:43,0
DA:44,0
DA:45,0
LF:10
LH:0
BRDA:21,0,0,0
BRDA:21,0,1,0
BRDA:29,1,0,0
BRDA:29,1,1,0
BRDA:43,2,0,0
BRDA:43,2,1,0
BRDA:44,3,0,0
BRDA:44,3,1,0
BRF:8
BRH:0
end_of_record
TN:
SF:src\binding\nodePoperty\Repeat.js
FN:7,(anonymous_0)
FN:10,(anonymous_1)
FN:13,(anonymous_2)
FN:21,(anonymous_3)
FN:22,(anonymous_4)
FN:24,(anonymous_5)
FN:36,(anonymous_6)
FNF:7
FNH:3
FNDA:14,(anonymous_0)
FNDA:4,(anonymous_1)
FNDA:0,(anonymous_2)
FNDA:0,(anonymous_3)
FNDA:0,(anonymous_4)
FNDA:0,(anonymous_5)
FNDA:4,(anonymous_6)
DA:8,14
DA:11,4
DA:12,4
DA:13,4
DA:14,4
DA:15,11
DA:16,11
DA:17,11
DA:19,0
DA:20,0
DA:21,0
DA:22,0
DA:24,0
DA:37,4
DA:38,4
LF:15
LH:10
BRDA:11,0,0,0
BRDA:11,0,1,4
BRDA:12,1,0,4
BRDA:12,1,1,0
BRDA:19,2,0,0
BRDA:19,2,1,0
BRDA:37,3,0,0
BRDA:37,3,1,4
BRF:8
BRH:3
end_of_record
TN:
SF:src\binding\nodePoperty\TemplateProperty.js
FN:7,(anonymous_0)
FN:12,(anonymous_1)
FN:21,(anonymous_2)
FN:26,(anonymous_3)
FN:38,(anonymous_4)
FNF:5
FNH:5
FNDA:11,(anonymous_0)
FNDA:11,(anonymous_1)
FNDA:15,(anonymous_2)
FNDA:11,(anonymous_3)
FNDA:4,(anonymous_4)
DA:8,11
DA:13,11
DA:22,15
DA:27,11
DA:39,4
DA:40,4
DA:41,4
DA:42,4
LF:8
LH:8
BRDA:39,0,0,0
BRDA:39,0,1,4
BRDA:41,1,0,0
BRDA:41,1,1,4
BRF:4
BRH:2
end_of_record
TN:
SF:src\component\Module.js
FN:36,(anonymous_0)
FN:51,(anonymous_1)
FN:53,(anonymous_2)
FN:71,(anonymous_3)
FN:105,(anonymous_4)
FNF:5
FNH:4
FNDA:0,(anonymous_0)
FNDA:4,(anonymous_1)
FNDA:12,(anonymous_2)
FNDA:8,(anonymous_3)
FNDA:4,(anonymous_4)
DA:5,1
DA:6,1
DA:37,0
DA:38,0
DA:40,0
DA:52,4
DA:53,4
DA:54,12
DA:55,12
DA:56,4
DA:57,4
DA:58,8
DA:59,0
DA:60,0
DA:61,8
DA:62,4
DA:63,4
DA:65,4
DA:69,4
DA:70,4
DA:71,4
DA:76,8
DA:77,4
DA:78,4
DA:79,4
DA:80,4
DA:82,1
DA:83,1
DA:84,3
DA:86,1
DA:87,1
DA:89,4
DA:90,4
DA:91,4
DA:94,4
DA:96,4
DA:106,4
DA:107,4
DA:108,4
LF:39
LH:34
BRDA:37,0,0,0
BRDA:37,0,1,0
BRDA:55,1,0,4
BRDA:55,1,1,8
BRDA:55,2,0,12
BRDA:55,2,1,8
BRDA:58,3,0,0
BRDA:58,3,1,8
BRDA:61,4,0,4
BRDA:61,4,1,4
BRDA:80,5,0,1
BRDA:80,5,1,3
BRDA:107,6,0,0
BRDA:107,6,1,4
BRDA:107,7,0,4
BRDA:107,7,1,0
BRF:16
BRH:11
end_of_record
TN:
SF:src\context\Context.js
FN:9,(anonymous_0)
FN:21,(anonymous_1)
FNF:2
FNH:2
FNDA:11,(anonymous_0)
FNDA:11,(anonymous_1)
DA:10,11
DA:25,11
DA:26,11
DA:27,11
DA:31,6
DA:32,6
DA:33,6
DA:34,6
DA:35,6
DA:37,11
LF:10
LH:10
BRF:0
BRH:0
end_of_record
TN:
SF:src\filter\Builtin.js
FN:10,(anonymous_0)
FN:23,(anonymous_1)
FN:34,(anonymous_2)
FN:39,(anonymous_3)
FN:40,(anonymous_4)
FN:41,(anonymous_5)
FN:43,(anonymous_6)
FN:44,(anonymous_7)
FN:45,(anonymous_8)
FN:46,(anonymous_9)
FN:47,(anonymous_10)
FN:48,(anonymous_11)
FN:49,(anonymous_12)
FN:50,(anonymous_13)
FN:51,(anonymous_14)
FN:52,(anonymous_15)
FN:53,(anonymous_16)
FN:55,(anonymous_17)
FN:56,(anonymous_18)
FN:57,(anonymous_19)
FN:59,(anonymous_20)
FN:59,(anonymous_21)
FN:60,(anonymous_22)
FN:60,(anonymous_23)
FN:61,(anonymous_24)
FN:61,(anonymous_25)
FN:62,(anonymous_26)
FN:62,(anonymous_27)
FN:63,(anonymous_28)
FN:63,(anonymous_29)
FN:64,(anonymous_30)
FN:64,(anonymous_31)
FN:65,(anonymous_32)
FN:65,(anonymous_33)
FN:66,(anonymous_34)
FN:66,(anonymous_35)
FN:68,(anonymous_36)
FN:68,(anonymous_37)
FN:69,(anonymous_38)
FN:69,(anonymous_39)
FN:70,(anonymous_40)
FN:70,(anonymous_41)
FN:72,(anonymous_42)
FN:72,(anonymous_43)
FN:73,(anonymous_44)
FN:73,(anonymous_45)
FN:74,(anonymous_46)
FN:74,(anonymous_47)
FN:75,(anonymous_48)
FN:75,(anonymous_49)
FN:76,(anonymous_50)
FN:76,(anonymous_51)
FN:77,(anonymous_52)
FN:77,(anonymous_53)
FN:78,(anonymous_54)
FN:78,(anonymous_55)
FN:79,(anonymous_56)
FN:79,(anonymous_57)
FN:80,(anonymous_58)
FN:80,(anonymous_59)
FN:81,(anonymous_60)
FN:81,(anonymous_61)
FN:82,(anonymous_62)
FN:82,(anonymous_63)
FN:83,(anonymous_64)
FN:83,(anonymous_65)
FN:84,(anonymous_66)
FN:84,(anonymous_67)
FN:85,(anonymous_68)
FN:85,(anonymous_69)
FN:86,(anonymous_70)
FN:86,(anonymous_71)
FN:88,(anonymous_72)
FN:88,(anonymous_73)
FN:89,(anonymous_74)
FN:89,(anonymous_75)
FN:90,(anonymous_76)
FN:90,(anonymous_77)
FN:92,(anonymous_78)
FN:92,(anonymous_79)
FN:93,(anonymous_80)
FN:93,(anonymous_81)
FN:94,(anonymous_82)
FN:94,(anonymous_83)
FN:95,(anonymous_84)
FN:95,(anonymous_85)
FN:97,(anonymous_86)
FN:97,(anonymous_87)
FN:98,(anonymous_88)
FN:98,(anonymous_89)
FN:99,(anonymous_90)
FN:99,(anonymous_91)
FN:100,(anonymous_92)
FN:100,(anonymous_93)
FN:101,(anonymous_94)
FN:101,(anonymous_95)
FN:102,(anonymous_96)
FN:102,(anonymous_97)
FN:103,(anonymous_98)
FN:103,(anonymous_99)
FN:104,(anonymous_100)
FN:104,(anonymous_101)
FN:105,(anonymous_102)
FN:105,(anonymous_103)
FN:106,(anonymous_104)
FN:106,(anonymous_105)
FN:107,(anonymous_106)
FN:107,(anonymous_107)
FN:108,(anonymous_108)
FN:108,(anonymous_109)
FN:109,(anonymous_110)
FN:109,(anonymous_111)
FN:110,(anonymous_112)
FN:110,(anonymous_113)
FN:111,(anonymous_114)
FN:111,(anonymous_115)
FN:112,(anonymous_116)
FN:112,(anonymous_117)
FN:114,(anonymous_118)
FN:115,(anonymous_119)
FN:117,(anonymous_120)
FN:120,(anonymous_121)
FN:123,(anonymous_122)
FN:126,(anonymous_123)
FN:127,(anonymous_124)
FN:129,(anonymous_125)
FN:132,(anonymous_126)
FN:135,(anonymous_127)
FN:138,(anonymous_128)
FN:139,(anonymous_129)
FN:141,(anonymous_130)
FN:142,(anonymous_131)
FN:144,(anonymous_132)
FN:147,(anonymous_133)
FN:150,(anonymous_134)
FN:151,(anonymous_135)
FN:153,(anonymous_136)
FN:156,(anonymous_137)
FN:162,(anonymous_138)
FN:165,(anonymous_139)
FN:168,(anonymous_140)
FN:171,(anonymous_141)
FN:174,(anonymous_142)
FN:177,(anonymous_143)
FN:180,(anonymous_144)
FN:183,(anonymous_145)
FN:184,(anonymous_146)
FN:186,(anonymous_147)
FN:189,(anonymous_148)
FN:192,(anonymous_149)
FN:195,(anonymous_150)
FN:198,(anonymous_151)
FN:201,(anonymous_152)
FN:202,(anonymous_153)
FN:204,(anonymous_154)
FN:207,(anonymous_155)
FN:210,(anonymous_156)
FN:213,(anonymous_157)
FN:216,(anonymous_158)
FN:219,(anonymous_159)
FN:222,(anonymous_160)
FN:225,(anonymous_161)
FN:231,(anonymous_162)
FN:234,(anonymous_163)
FN:237,(anonymous_164)
FN:240,(anonymous_165)
FN:243,(anonymous_166)
FN:250,(anonymous_167)
FN:251,(anonymous_168)
FNF:169
FNH:0
FNDA:0,(anonymous_0)
FNDA:0,(anonymous_1)
FNDA:0,(anonymous_2)
FNDA:0,(anonymous_3)
FNDA:0,(anonymous_4)
FNDA:0,(anonymous_5)
FNDA:0,(anonymous_6)
FNDA:0,(anonymous_7)
FNDA:0,(anonymous_8)
FNDA:0,(anonymous_9)
FNDA:0,(anonymous_10)
FNDA:0,(anonymous_11)
FNDA:0,(anonymous_12)
FNDA:0,(anonymous_13)
FNDA:0,(anonymous_14)
FNDA:0,(anonymous_15)
FNDA:0,(anonymous_16)
FNDA:0,(anonymous_17)
FNDA:0,(anonymous_18)
FNDA:0,(anonymous_19)
FNDA:0,(anonymous_20)
FNDA:0,(anonymous_21)
FNDA:0,(anonymous_22)
FNDA:0,(anonymous_23)
FNDA:0,(anonymous_24)
FNDA:0,(anonymous_25)
FNDA:0,(anonymous_26)
FNDA:0,(anonymous_27)
FNDA:0,(anonymous_28)
FNDA:0,(anonymous_29)
FNDA:0,(anonymous_30)
FNDA:0,(anonymous_31)
FNDA:0,(anonymous_32)
FNDA:0,(anonymous_33)
FNDA:0,(anonymous_34)
FNDA:0,(anonymous_35)
FNDA:0,(anonymous_36)
FNDA:0,(anonymous_37)
FNDA:0,(anonymous_38)
FNDA:0,(anonymous_39)
FNDA:0,(anonymous_40)
FNDA:0,(anonymous_41)
FNDA:0,(anonymous_42)
FNDA:0,(anonymous_43)
FNDA:0,(anonymous_44)
FNDA:0,(anonymous_45)
FNDA:0,(anonymous_46)
FNDA:0,(anonymous_47)
FNDA:0,(anonymous_48)
FNDA:0,(anonymous_49)
FNDA:0,(anonymous_50)
FNDA:0,(anonymous_51)
FNDA:0,(anonymous_52)
FNDA:0,(anonymous_53)
FNDA:0,(anonymous_54)
FNDA:0,(anonymous_55)
FNDA:0,(anonymous_56)
FNDA:0,(anonymous_57)
FNDA:0,(anonymous_58)
FNDA:0,(anonymous_59)
FNDA:0,(anonymous_60)
FNDA:0,(anonymous_61)
FNDA:0,(anonymous_62)
FNDA:0,(anonymous_63)
FNDA:0,(anonymous_64)
FNDA:0,(anonymous_65)
FNDA:0,(anonymous_66)
FNDA:0,(anonymous_67)
FNDA:0,(anonymous_68)
FNDA:0,(anonymous_69)
FNDA:0,(anonymous_70)
FNDA:0,(anonymous_71)
FNDA:0,(anonymous_72)
FNDA:0,(anonymous_73)
FNDA:0,(anonymous_74)
FNDA:0,(anonymous_75)
FNDA:0,(anonymous_76)
FNDA:0,(anonymous_77)
FNDA:0,(anonymous_78)
FNDA:0,(anonymous_79)
FNDA:0,(anonymous_80)
FNDA:0,(anonymous_81)
FNDA:0,(anonymous_82)
FNDA:0,(anonymous_83)
FNDA:0,(anonymous_84)
FNDA:0,(anonymous_85)
FNDA:0,(anonymous_86)
FNDA:0,(anonymous_87)
FNDA:0,(anonymous_88)
FNDA:0,(anonymous_89)
FNDA:0,(anonymous_90)
FNDA:0,(anonymous_91)
FNDA:0,(anonymous_92)
FNDA:0,(anonymous_93)
FNDA:0,(anonymous_94)
FNDA:0,(anonymous_95)
FNDA:0,(anonymous_96)
FNDA:0,(anonymous_97)
FNDA:0,(anonymous_98)
FNDA:0,(anonymous_99)
FNDA:0,(anonymous_100)
FNDA:0,(anonymous_101)
FNDA:0,(anonymous_102)
FNDA:0,(anonymous_103)
FNDA:0,(anonymous_104)
FNDA:0,(anonymous_105)
FNDA:0,(anonymous_106)
FNDA:0,(anonymous_107)
FNDA:0,(anonymous_108)
FNDA:0,(anonymous_109)
FNDA:0,(anonymous_110)
FNDA:0,(anonymous_111)
FNDA:0,(anonymous_112)
FNDA:0,(anonymous_113)
FNDA:0,(anonymous_114)
FNDA:0,(anonymous_115)
FNDA:0,(anonymous_116)
FNDA:0,(anonymous_117)
FNDA:0,(anonymous_118)
FNDA:0,(anonymous_119)
FNDA:0,(anonymous_120)
FNDA:0,(anonymous_121)
FNDA:0,(anonymous_122)
FNDA:0,(anonymous_123)
FNDA:0,(anonymous_124)
FNDA:0,(anonymous_125)
FNDA:0,(anonymous_126)
FNDA:0,(anonymous_127)
FNDA:0,(anonymous_128)
FNDA:0,(anonymous_129)
FNDA:0,(anonymous_130)
FNDA:0,(anonymous_131)
FNDA:0,(anonymous_132)
FNDA:0,(anonymous_133)
FNDA:0,(anonymous_134)
FNDA:0,(anonymous_135)
FNDA:0,(anonymous_136)
FNDA:0,(anonymous_137)
FNDA:0,(anonymous_138)
FNDA:0,(anonymous_139)
FNDA:0,(anonymous_140)
FNDA:0,(anonymous_141)
FNDA:0,(anonymous_142)
FNDA:0,(anonymous_143)
FNDA:0,(anonymous_144)
FNDA:0,(anonymous_145)
FNDA:0,(anonymous_146)
FNDA:0,(anonymous_147)
FNDA:0,(anonymous_148)
FNDA:0,(anonymous_149)
FNDA:0,(anonymous_150)
FNDA:0,(anonymous_151)
FNDA:0,(anonymous_152)
FNDA:0,(anonymous_153)
FNDA:0,(anonymous_154)
FNDA:0,(anonymous_155)
FNDA:0,(anonymous_156)
FNDA:0,(anonymous_157)
FNDA:0,(anonymous_158)
FNDA:0,(anonymous_159)
FNDA:0,(anonymous_160)
FNDA:0,(anonymous_161)
FNDA:0,(anonymous_162)
FNDA:0,(anonymous_163)
FNDA:0,(anonymous_164)
FNDA:0,(anonymous_165)
FNDA:0,(anonymous_166)
FNDA:0,(anonymous_167)
FNDA:0,(anonymous_168)
DA:10,1
DA:11,0
DA:12,0
DA:13,0
DA:23,1
DA:24,0
DA:34,1
DA:35,0
DA:39,1
DA:40,1
DA:41,1
DA:42,1
DA:43,1
DA:44,1
DA:45,1
DA:46,1
DA:47,1
DA:48,1
DA:49,1
DA:50,1
DA:51,1
DA:52,1
DA:53,1
DA:54,1
DA:55,1
DA:56,1
DA:57,1
DA:59,1
DA:60,1
DA:61,1
DA:62,1
DA:63,1
DA:64,1
DA:65,1
DA:66,1
DA:68,1
DA:69,1
DA:70,1
DA:72,1
DA:73,1
DA:74,1
DA:75,1
DA:76,1
DA:77,1
DA:78,1
DA:79,1
DA:80,1
DA:81,1
DA:82,1
DA:83,1
DA:84,1
DA:85,1
DA:86,1
DA:88,1
DA:89,1
DA:90,1
DA:92,1
DA:93,1
DA:94,1
DA:95,1
DA:97,1
DA:98,1
DA:99,1
DA:100,1
DA:101,1
DA:102,1
DA:103,1
DA:104,1
DA:105,1
DA:106,1
DA:107,1
DA:108,1
DA:109,1
DA:110,1
DA:111,1
DA:112,1
DA:115,0
DA:118,0
DA:121,0
DA:124,0
DA:127,0
DA:130,0
DA:133,0
DA:136,0
DA:139,0
DA:142,0
DA:145,0
DA:148,0
DA:151,0
DA:154,0
DA:157,0
DA:163,0
DA:166,0
DA:169,0
DA:172,0
DA:175,0
DA:178,0
DA:181,0
DA:184,0
DA:187,0
DA:190,0
DA:193,0
DA:196,0
DA:199,0
DA:202,0
DA:205,0
DA:208,0
DA:211,0
DA:214,0
DA:217,0
DA:220,0
DA:223,0
DA:226,0
DA:232,0
DA:235,0
DA:238,0
DA:241,0
DA:244,0
DA:250,1
DA:251,1
LF:120
LH:73
BRDA:11,0,0,0
BRDA:11,0,1,0
BRDA:13,1,0,0
BRDA:13,1,1,0
BRDA:24,2,0,0
BRDA:24,2,1,0
BRDA:35,3,0,0
BRDA:35,3,1,0
BRDA:39,4,0,0
BRDA:39,4,1,0
BRDA:39,5,0,0
BRDA:39,5,1,0
BRDA:40,6,0,0
BRDA:40,6,1,0
BRDA:41,7,0,0
BRDA:41,7,1,0
BRDA:49,8,0,0
BRDA:49,8,1,0
BRDA:49,9,0,0
BRDA:49,9,1,0
BRDA:50,10,0,0
BRDA:50,10,1,0
BRDA:50,11,0,0
BRDA:50,11,1,0
BRDA:50,12,0,0
BRDA:50,12,1,0
BRDA:51,13,0,0
BRDA:51,13,1,0
BRDA:115,14,0,0
BRDA:115,14,1,0
BRDA:127,15,0,0
BRDA:127,15,1,0
BRDA:139,16,0,0
BRDA:139,16,1,0
BRDA:142,17,0,0
BRDA:142,17,1,0
BRDA:151,18,0,0
BRDA:151,18,1,0
BRDA:184,19,0,0
BRDA:184,19,1,0
BRDA:202,20,0,0
BRDA:202,20,1,0
BRDA:250,21,0,0
BRDA:250,21,1,0
BRDA:251,22,0,0
BRDA:251,22,1,0
BRF:46
BRH:0
end_of_record
TN:
SF:src\filter\Filter.js
FN:22,(anonymous_0)
FN:23,(anonymous_1)
FN:33,(anonymous_2)
FN:34,(anonymous_3)
FN:43,(anonymous_4)
FNF:5
FNH:0
FNDA:0,(anonymous_0)
FNDA:0,(anonymous_1)
FNDA:0,(anonymous_2)
FNDA:0,(anonymous_3)
FNDA:0,(anonymous_4)
DA:23,0
DA:34,0
DA:44,0
DA:45,0
DA:46,0
DA:47,0
LF:6
LH:0
BRDA:23,0,0,0
BRDA:23,0,1,0
BRDA:34,1,0,0
BRDA:34,1,1,0
BRDA:44,2,0,0
BRDA:44,2,1,0
BRDA:45,3,0,0
BRDA:45,3,1,0
BRDA:46,4,0,0
BRDA:46,4,1,0
BRDA:47,5,0,0
BRDA:47,5,1,0
BRF:12
BRH:0
end_of_record
TN:
SF:src\thread\NodeUpdator.js
FN:27,(anonymous_0)
FN:46,(anonymous_1)
FN:58,(anonymous_2)
FN:59,(anonymous_3)
FN:74,(anonymous_4)
FN:90,(anonymous_5)
FNF:6
FNH:1
FNDA:21,(anonymous_0)
FNDA:0,(anonymous_1)
FNDA:0,(anonymous_2)
FNDA:0,(anonymous_3)
FNDA:0,(anonymous_4)
FNDA:0,(anonymous_5)
DA:28,21
DA:29,21
DA:30,21
DA:31,21
DA:32,21
DA:38,0
DA:47,0
DA:59,0
DA:60,0
DA:61,0
DA:62,0
DA:63,0
DA:64,0
DA:65,0
DA:66,0
DA:68,0
DA:75,0
DA:76,0
DA:77,0
DA:78,0
DA:79,0
DA:80,0
DA:81,0
DA:85,0
DA:91,0
LF:25
LH:5
BRDA:60,0,0,0
BRDA:60,0,1,0
BRDA:60,1,0,0
BRDA:60,1,1,0
BRDA:61,2,0,0
BRDA:61,2,1,0
BRDA:62,3,0,0
BRDA:62,3,1,0
BRDA:63,4,0,0
BRDA:63,4,1,0
BRDA:63,5,0,0
BRDA:63,5,1,0
BRDA:63,5,2,0
BRDA:63,5,3,0
BRDA:64,6,0,0
BRDA:64,6,1,0
BRDA:64,7,0,0
BRDA:64,7,1,0
BRDA:65,8,0,0
BRDA:65,8,1,0
BRDA:65,9,0,0
BRDA:65,9,1,0
BRDA:75,10,0,0
BRDA:75,10,1,0
BRDA:85,11,0,0
BRDA:85,11,1,0
BRF:26
BRH:0
end_of_record
TN:
SF:src\thread\UpdateSLotStatus.js
FNF:0
FNH:0
DA:2,1
LF:1
LH:1
BRF:0
BRH:0
end_of_record
TN:
SF:src\thread\ViewModelUpdator.js
FN:20,(anonymous_0)
FN:37,(anonymous_1)
FN:44,(anonymous_2)
FN:59,(anonymous_3)
FNF:4
FNH:0
FNDA:0,(anonymous_0)
FNDA:0,(anonymous_1)
FNDA:0,(anonymous_2)
FNDA:0,(anonymous_3)
DA:21,0
DA:22,0
DA:23,0
DA:29,0
DA:38,0
DA:45,0
DA:46,0
DA:47,0
DA:48,0
DA:49,0
DA:50,0
DA:54,0
DA:60,0
LF:13
LH:0
BRDA:45,0,0,0
BRDA:45,0,1,0
BRDA:54,1,0,0
BRDA:54,1,1,0
BRF:4
BRH:0
end_of_record
TN:
SF:src\view\Templates.js
FNF:0
FNH:0
DA:4,1
LF:1
LH:1
BRF:0
BRH:0
end_of_record
TN:
SF:src\view\View.js
FN:14,(anonymous_0)
FN:30,(anonymous_1)
FNF:2
FNH:1
FNDA:11,(anonymous_0)
FNDA:0,(anonymous_1)
DA:15,11
DA:16,11
DA:17,11
DA:18,11
DA:31,0
DA:32,0
DA:33,0
LF:7
LH:4
BRF:0
BRH:0
end_of_record
