TN:
SF:src\Const.js
FNF:0
FNH:0
DA:1,19
DA:2,19
DA:3,19
LF:3
LH:3
BRF:0
BRH:0
end_of_record
TN:
SF:src\main.js
FN:24,(anonymous_0)
FN:25,(anonymous_1)
FN:36,(anonymous_2)
FN:37,(anonymous_3)
FN:49,(anonymous_4)
FN:50,(anonymous_5)
FN:61,(anonymous_6)
FN:71,(anonymous_7)
FN:81,(anonymous_8)
FNF:9
FNH:9
FNDA:2,(anonymous_0)
FNDA:2,(anonymous_1)
FNDA:1,(anonymous_2)
FNDA:1,(anonymous_3)
FNDA:1,(anonymous_4)
FNDA:1,(anonymous_5)
FNDA:1,(anonymous_6)
FNDA:5,(anonymous_7)
FNDA:23,(anonymous_8)
DA:13,19
DA:25,2
DA:26,2
DA:27,2
DA:29,1
DA:37,1
DA:38,1
DA:39,1
DA:40,1
DA:42,1
DA:50,1
DA:51,1
DA:52,1
DA:54,1
DA:62,1
DA:74,5
DA:75,5
DA:82,23
LF:18
LH:18
BRDA:72,0,0,1
BRF:1
BRH:1
end_of_record
TN:
SF:src\myname.js
FNF:0
FNH:0
DA:1,29
LF:1
LH:1
BRF:0
BRH:0
end_of_record
TN:
SF:src\types.js
FNF:0
FNH:0
LF:0
LH:0
BRF:0
BRH:0
end_of_record
TN:
SF:src\utils.js
FN:6,(anonymous_0)
FN:15,(anonymous_1)
FN:26,(anonymous_2)
FN:36,(anonymous_3)
FN:36,(anonymous_4)
FNF:5
FNH:5
FNDA:19,(anonymous_0)
FNDA:8,(anonymous_1)
FNDA:5,(anonymous_2)
FNDA:9,(anonymous_3)
FNDA:5,(anonymous_4)
DA:7,19
DA:15,30
DA:16,8
DA:17,8
DA:18,8
DA:27,5
DA:36,30
LF:7
LH:7
BRDA:18,0,0,8
BRDA:18,0,1,3
BRDA:27,1,0,5
BRDA:27,1,1,4
BRDA:27,1,2,3
BRDA:27,1,3,2
BRDA:36,2,0,8
BRDA:36,2,1,1
BRDA:36,3,0,2
BRDA:36,3,1,3
BRF:10
BRH:10
end_of_record
TN:
SF:src\bindInfo\BindInfo.js
FN:11,(anonymous_0)
FN:14,(anonymous_1)
FN:20,(anonymous_2)
FN:35,(anonymous_3)
FN:38,(anonymous_4)
FN:46,(anonymous_5)
FN:49,(anonymous_6)
FN:65,(anonymous_7)
FN:68,(anonymous_8)
FN:81,(anonymous_9)
FN:88,(anonymous_10)
FN:94,(anonymous_11)
FN:106,(anonymous_12)
FN:109,(anonymous_13)
FN:118,(anonymous_14)
FN:125,(anonymous_15)
FN:150,(anonymous_16)
FN:160,(anonymous_17)
FN:169,(anonymous_18)
FN:174,(anonymous_19)
FN:181,(anonymous_20)
FN:193,(anonymous_21)
FNF:22
FNH:22
FNDA:311,(anonymous_0)
FNDA:139,(anonymous_1)
FNDA:8,(anonymous_2)
FNDA:369,(anonymous_3)
FNDA:134,(anonymous_4)
FNDA:93,(anonymous_5)
FNDA:114,(anonymous_6)
FNDA:558,(anonymous_7)
FNDA:148,(anonymous_8)
FNDA:10,(anonymous_9)
FNDA:22,(anonymous_10)
FNDA:226,(anonymous_11)
FNDA:340,(anonymous_12)
FNDA:158,(anonymous_13)
FNDA:18,(anonymous_14)
FNDA:28,(anonymous_15)
FNDA:186,(anonymous_16)
FNDA:22,(anonymous_17)
FNDA:3,(anonymous_18)
FNDA:1,(anonymous_19)
FNDA:10,(anonymous_20)
FNDA:9,(anonymous_21)
DA:12,311
DA:15,139
DA:21,8
DA:36,369
DA:39,134
DA:47,93
DA:50,114
DA:66,558
DA:69,148
DA:70,148
DA:71,148
DA:72,7
DA:74,141
DA:82,10
DA:89,22
DA:95,226
DA:107,340
DA:110,158
DA:111,158
DA:112,158
DA:119,18
DA:126,28
DA:135,167
DA:151,186
DA:161,22
DA:162,21
DA:182,10
DA:183,10
DA:184,7
DA:186,10
LF:30
LH:30
BRDA:21,0,0,7
BRDA:21,0,1,1
BRDA:71,1,0,7
BRDA:71,1,1,141
BRDA:151,2,0,4
BRDA:151,2,1,182
BRDA:161,3,0,21
BRDA:161,3,1,1
BRDA:183,4,0,7
BRDA:183,4,1,3
BRF:10
BRH:10
end_of_record
TN:
SF:src\bindInfo\Binds.js
FN:3,(anonymous_0)
FN:12,(anonymous_1)
FN:53,(anonymous_2)
FN:69,(anonymous_3)
FN:70,(anonymous_4)
FN:74,(anonymous_5)
FNF:6
FNH:6
FNDA:15,(anonymous_0)
FNDA:7,(anonymous_1)
FNDA:3,(anonymous_2)
FNDA:5,(anonymous_3)
FNDA:5,(anonymous_4)
FNDA:2,(anonymous_5)
DA:3,19
DA:13,7
DA:14,7
DA:15,7
DA:16,24
DA:17,24
DA:18,24
DA:19,18
DA:20,10
DA:21,10
DA:22,6
DA:23,3
DA:25,3
DA:26,2
DA:31,8
DA:34,6
DA:35,4
DA:36,4
DA:37,1
DA:40,2
DA:45,7
DA:58,3
DA:59,3
DA:60,1
DA:61,1
DA:69,3
DA:70,5
DA:71,5
DA:72,2
DA:74,5
DA:77,3
LF:31
LH:31
BRDA:3,0,0,7
BRDA:3,0,1,8
BRDA:18,1,0,18
BRDA:18,1,1,6
BRDA:19,2,0,10
BRDA:19,2,1,8
BRDA:21,3,0,6
BRDA:21,3,1,4
BRDA:22,4,0,3
BRDA:22,4,1,3
BRDA:25,5,0,2
BRDA:25,5,1,1
BRDA:34,6,0,4
BRDA:34,6,1,2
BRDA:36,7,0,1
BRDA:36,7,1,3
BRDA:59,8,0,1
BRDA:59,8,1,2
BRDA:71,9,0,2
BRDA:71,9,1,3
BRDA:71,10,0,5
BRDA:71,10,1,4
BRF:22
BRH:22
end_of_record
TN:
SF:src\bindInfo\Checkbox.js
FN:6,(anonymous_0)
FN:12,(anonymous_1)
FN:17,(anonymous_2)
FN:18,(anonymous_3)
FN:27,(anonymous_4)
FNF:5
FNH:5
FNDA:7,(anonymous_0)
FNDA:4,(anonymous_1)
FNDA:2,(anonymous_2)
FNDA:1,(anonymous_3)
FNDA:3,(anonymous_4)
DA:6,20
DA:13,4
DA:14,4
DA:15,3
DA:16,3
DA:17,2
DA:18,2
DA:20,2
DA:28,3
DA:29,3
DA:30,2
DA:31,2
DA:32,2
DA:33,2
DA:34,2
DA:35,2
LF:16
LH:16
BRDA:6,0,0,5
BRDA:6,0,1,2
BRDA:16,1,0,2
BRDA:16,1,1,1
BRDA:32,2,0,1
BRDA:32,2,1,1
BRF:6
BRH:6
end_of_record
TN:
SF:src\bindInfo\ClassName.js
FN:12,(anonymous_0)
FN:18,(anonymous_1)
FN:25,(anonymous_2)
FN:30,(anonymous_3)
FN:40,(anonymous_4)
FNF:5
FNH:5
FNDA:10,(anonymous_0)
FNDA:11,(anonymous_1)
FNDA:6,(anonymous_2)
FNDA:3,(anonymous_3)
FNDA:4,(anonymous_4)
DA:12,20
DA:19,11
DA:26,6
DA:27,6
DA:28,5
DA:29,5
DA:30,3
DA:31,3
DA:33,3
DA:41,4
DA:42,4
DA:43,3
DA:44,3
DA:45,3
LF:14
LH:14
BRDA:12,0,0,8
BRDA:12,0,1,2
BRDA:29,1,0,3
BRDA:29,1,1,2
BRDA:31,2,0,1
BRDA:31,2,1,2
BRF:6
BRH:6
end_of_record
TN:
SF:src\bindInfo\Component.js
FN:7,(anonymous_0)
FN:13,(anonymous_1)
FN:16,(anonymous_2)
FN:26,(anonymous_3)
FN:29,(anonymous_4)
FN:38,(anonymous_5)
FN:41,(anonymous_6)
FN:50,(anonymous_7)
FN:56,(anonymous_8)
FN:61,(anonymous_9)
FN:64,(anonymous_10)
FN:71,(anonymous_11)
FN:78,(anonymous_12)
FN:83,(anonymous_13)
FNF:14
FNH:14
FNDA:4,(anonymous_0)
FNDA:3,(anonymous_1)
FNDA:4,(anonymous_2)
FNDA:11,(anonymous_3)
FNDA:3,(anonymous_4)
FNDA:13,(anonymous_5)
FNDA:3,(anonymous_6)
FNDA:1,(anonymous_7)
FNDA:5,(anonymous_8)
FNDA:4,(anonymous_9)
FNDA:3,(anonymous_10)
FNDA:3,(anonymous_11)
FNDA:1,(anonymous_12)
FNDA:1,(anonymous_13)
DA:7,19
DA:14,3
DA:17,4
DA:18,3
DA:21,6
DA:27,11
DA:30,3
DA:31,3
DA:32,1
DA:39,13
DA:42,3
DA:43,3
DA:44,2
DA:51,1
DA:57,5
DA:62,4
DA:65,3
DA:72,3
DA:79,1
DA:80,1
LF:20
LH:20
BRDA:7,0,0,3
BRDA:7,0,1,1
BRDA:21,1,0,6
BRDA:21,1,1,5
BRDA:31,2,0,1
BRDA:31,2,1,2
BRDA:43,3,0,2
BRDA:43,3,1,1
BRF:8
BRH:8
end_of_record
TN:
SF:src\bindInfo\Event.js
FN:11,(anonymous_0)
FN:14,(anonymous_1)
FN:20,(anonymous_2)
FN:22,(anonymous_3)
FNF:4
FNH:4
FNDA:4,(anonymous_0)
FNDA:8,(anonymous_1)
FNDA:3,(anonymous_2)
FNDA:3,(anonymous_3)
DA:12,4
DA:15,8
DA:21,3
DA:22,3
DA:23,3
DA:24,3
DA:25,3
DA:28,3
LF:8
LH:8
BRF:0
BRH:0
end_of_record
TN:
SF:src\bindInfo\Factory.js
FN:17,(anonymous_0)
FN:18,(anonymous_1)
FN:19,(anonymous_2)
FN:20,(anonymous_3)
FN:21,(anonymous_4)
FN:22,(anonymous_5)
FN:23,(anonymous_6)
FN:24,(anonymous_7)
FN:25,(anonymous_8)
FN:53,(anonymous_9)
FNF:10
FNH:10
FNDA:73,(anonymous_0)
FNDA:2,(anonymous_1)
FNDA:2,(anonymous_2)
FNDA:2,(anonymous_3)
FNDA:2,(anonymous_4)
FNDA:2,(anonymous_5)
FNDA:20,(anonymous_6)
FNDA:4,(anonymous_7)
FNDA:2,(anonymous_8)
FNDA:110,(anonymous_9)
DA:17,73
DA:18,19
DA:19,19
DA:20,19
DA:21,19
DA:22,19
DA:23,20
DA:24,19
DA:25,19
DA:27,19
DA:28,19
DA:29,19
DA:30,19
DA:31,19
DA:32,19
DA:33,19
DA:34,19
DA:35,19
DA:36,19
DA:54,110
DA:58,110
DA:59,110
DA:60,40
DA:61,40
DA:62,50
DA:63,50
DA:64,39
DA:65,11
DA:67,40
DA:68,39
DA:69,39
DA:70,39
DA:71,39
DA:73,70
DA:75,109
DA:76,109
LF:36
LH:36
BRDA:59,0,0,40
BRDA:59,0,1,70
BRDA:63,1,0,39
BRDA:63,1,1,11
BRDA:63,2,0,50
BRDA:63,2,1,48
BRDA:67,3,0,1
BRDA:67,3,1,39
BRF:8
BRH:8
end_of_record
TN:
SF:src\bindInfo\Level2nd.js
FN:7,(anonymous_0)
FN:10,(anonymous_1)
FN:17,(anonymous_2)
FN:22,(anonymous_3)
FN:32,(anonymous_4)
FNF:5
FNH:5
FNDA:8,(anonymous_0)
FNDA:8,(anonymous_1)
FNDA:5,(anonymous_2)
FNDA:4,(anonymous_3)
FNDA:2,(anonymous_4)
DA:8,8
DA:11,8
DA:18,5
DA:19,5
DA:20,5
DA:21,5
DA:22,4
DA:23,4
DA:25,4
DA:33,2
DA:34,2
DA:35,2
DA:36,2
DA:37,2
LF:14
LH:14
BRDA:21,0,0,4
BRDA:21,0,1,1
BRDA:23,1,0,4
BRDA:23,1,1,2
BRF:4
BRH:4
end_of_record
TN:
SF:src\bindInfo\Level3rd.js
FN:7,(anonymous_0)
FN:10,(anonymous_1)
FN:13,(anonymous_2)
FN:19,(anonymous_3)
FN:24,(anonymous_4)
FN:34,(anonymous_5)
FNF:6
FNH:6
FNDA:8,(anonymous_0)
FNDA:8,(anonymous_1)
FNDA:8,(anonymous_2)
FNDA:5,(anonymous_3)
FNDA:4,(anonymous_4)
FNDA:2,(anonymous_5)
DA:8,8
DA:11,8
DA:14,8
DA:20,5
DA:21,5
DA:22,5
DA:23,5
DA:24,4
DA:25,4
DA:27,4
DA:35,2
DA:36,2
DA:37,2
DA:38,2
DA:39,2
LF:15
LH:15
BRDA:23,0,0,4
BRDA:23,0,1,1
BRDA:25,1,0,4
BRDA:25,1,1,2
BRF:4
BRH:4
end_of_record
TN:
SF:src\bindInfo\LevelTop.js
FN:10,(anonymous_0)
FN:14,(anonymous_1)
FN:24,(anonymous_2)
FNF:3
FNH:3
FNDA:121,(anonymous_0)
FNDA:54,(anonymous_1)
FNDA:9,(anonymous_2)
DA:11,121
DA:12,121
DA:13,121
DA:14,59
DA:15,54
DA:17,59
DA:25,9
DA:26,9
DA:27,9
DA:28,9
LF:10
LH:10
BRDA:13,0,0,59
BRDA:13,0,1,62
BRDA:15,1,0,54
BRDA:15,1,1,2
BRF:4
BRH:4
end_of_record
TN:
SF:src\bindInfo\Radio.js
FN:7,(anonymous_0)
FN:13,(anonymous_1)
FN:18,(anonymous_2)
FN:28,(anonymous_3)
FNF:4
FNH:4
FNDA:12,(anonymous_0)
FNDA:7,(anonymous_1)
FNDA:4,(anonymous_2)
FNDA:5,(anonymous_3)
DA:7,20
DA:14,7
DA:15,7
DA:16,6
DA:17,6
DA:18,4
DA:19,4
DA:21,4
DA:29,5
DA:30,5
DA:31,4
DA:32,4
DA:33,2
DA:34,2
LF:14
LH:14
BRDA:7,0,0,10
BRDA:7,0,1,2
BRDA:17,1,0,4
BRDA:17,1,1,2
BRDA:32,2,0,2
BRDA:32,2,1,2
BRF:6
BRH:6
end_of_record
TN:
SF:src\bindInfo\Template.js
FN:14,(anonymous_0)
FN:32,(anonymous_1)
FN:38,(anonymous_2)
FN:45,(anonymous_3)
FN:46,(anonymous_4)
FN:47,(anonymous_5)
FN:53,(anonymous_6)
FN:54,(anonymous_7)
FN:64,(anonymous_8)
FN:65,(anonymous_9)
FN:74,(anonymous_10)
FN:85,(anonymous_11)
FN:88,(anonymous_12)
FN:95,(anonymous_13)
FN:98,(anonymous_14)
FN:110,(anonymous_15)
FN:113,(anonymous_16)
FN:117,(anonymous_17)
FN:126,(anonymous_18)
FN:127,(anonymous_19)
FN:133,(anonymous_20)
FN:136,(anonymous_21)
FN:144,(anonymous_22)
FN:159,(anonymous_23)
FN:167,(anonymous_24)
FN:181,(anonymous_25)
FN:194,(anonymous_26)
FN:222,(anonymous_27)
FN:229,(anonymous_28)
FN:241,(anonymous_29)
FN:243,(anonymous_30)
FNF:31
FNH:31
FNDA:34,(anonymous_0)
FNDA:29,(anonymous_1)
FNDA:59,(anonymous_2)
FNDA:13,(anonymous_3)
FNDA:37,(anonymous_4)
FNDA:10,(anonymous_5)
FNDA:68,(anonymous_6)
FNDA:59,(anonymous_7)
FNDA:8,(anonymous_8)
FNDA:8,(anonymous_9)
FNDA:46,(anonymous_10)
FNDA:55,(anonymous_11)
FNDA:34,(anonymous_12)
FNDA:56,(anonymous_13)
FNDA:33,(anonymous_14)
FNDA:48,(anonymous_15)
FNDA:33,(anonymous_16)
FNDA:35,(anonymous_17)
FNDA:4,(anonymous_18)
FNDA:5,(anonymous_19)
FNDA:1,(anonymous_20)
FNDA:1,(anonymous_21)
FNDA:3,(anonymous_22)
FNDA:1,(anonymous_23)
FNDA:31,(anonymous_24)
FNDA:30,(anonymous_25)
FNDA:67,(anonymous_26)
FNDA:58,(anonymous_27)
FNDA:67,(anonymous_28)
FNDA:2,(anonymous_29)
FNDA:4,(anonymous_30)
DA:14,34
DA:33,29
DA:39,59
DA:46,37
DA:47,13
DA:54,68
DA:55,59
DA:65,8
DA:75,46
DA:76,46
DA:77,46
DA:78,46
DA:79,46
DA:80,46
DA:86,55
DA:89,34
DA:90,33
DA:91,33
DA:92,33
DA:93,33
DA:96,56
DA:99,33
DA:105,38
DA:111,48
DA:114,33
DA:118,35
DA:120,34
DA:127,5
DA:134,1
DA:135,1
DA:136,1
DA:137,1
DA:145,3
DA:146,3
DA:147,3
DA:148,3
DA:149,2
DA:150,2
DA:151,1
DA:152,1
DA:154,1
DA:159,3
DA:161,3
DA:168,31
DA:172,31
DA:176,31
DA:181,31
DA:182,30
DA:183,30
DA:188,31
DA:189,31
DA:194,31
DA:195,67
DA:196,67
DA:198,45
DA:199,45
DA:200,45
DA:204,22
DA:205,22
DA:206,22
DA:207,22
DA:208,22
DA:209,22
DA:210,13
DA:212,22
DA:216,31
DA:217,30
DA:218,8
DA:222,31
DA:223,58
DA:224,58
DA:225,58
DA:229,67
DA:231,31
DA:233,31
DA:242,2
DA:243,4
LF:77
LH:77
BRDA:14,0,0,33
BRDA:14,0,1,1
BRDA:39,1,0,43
BRDA:39,1,1,16
BRDA:118,2,0,31
BRDA:118,2,1,4
BRDA:119,3,0,3
BRDA:119,3,1,1
BRDA:120,4,0,31
BRDA:120,4,1,3
BRDA:148,5,0,2
BRDA:148,5,1,1
BRDA:150,6,0,1
BRDA:150,6,1,1
BRDA:172,7,0,31
BRDA:172,7,1,18
BRDA:176,8,0,31
BRDA:176,8,1,1
BRDA:182,9,0,30
BRDA:182,9,1,30
BRDA:196,10,0,45
BRDA:196,10,1,22
BRDA:196,11,0,67
BRDA:196,11,1,23
BRDA:207,12,0,22
BRDA:207,12,1,4
BRDA:209,13,0,13
BRDA:209,13,1,9
BRDA:209,14,0,22
BRDA:209,14,1,11
BRDA:224,15,0,58
BRDA:224,15,1,31
BRF:32
BRH:32
end_of_record
TN:
SF:src\binder\BindToDom.js
FN:13,(anonymous_0)
FN:24,(anonymous_1)
FN:25,(anonymous_2)
FN:27,(anonymous_3)
FN:34,(anonymous_4)
FNF:5
FNH:5
FNDA:1,(anonymous_0)
FNDA:87,(anonymous_1)
FNDA:87,(anonymous_2)
FNDA:90,(anonymous_3)
FNDA:77,(anonymous_4)
DA:24,19
DA:25,87
DA:26,87
DA:27,90
DA:34,77
LF:5
LH:5
BRF:0
BRH:0
end_of_record
TN:
SF:src\binder\BindToElement.js
FN:17,(anonymous_0)
FN:24,(anonymous_1)
FN:35,(anonymous_2)
FN:43,(anonymous_3)
FN:56,(anonymous_4)
FN:73,(anonymous_5)
FN:84,(anonymous_6)
FNF:7
FNH:7
FNDA:40,(anonymous_0)
FNDA:39,(anonymous_1)
FNDA:42,(anonymous_2)
FNDA:38,(anonymous_3)
FNDA:40,(anonymous_4)
FNDA:42,(anonymous_5)
FNDA:7,(anonymous_6)
DA:7,19
DA:8,19
DA:9,19
DA:10,19
DA:17,40
DA:24,19
DA:25,39
DA:35,42
DA:43,38
DA:57,40
DA:58,40
DA:59,39
DA:60,39
DA:63,39
DA:64,39
DA:65,39
DA:68,39
DA:72,39
DA:73,39
DA:74,42
DA:75,42
DA:76,42
DA:79,39
DA:84,7
DA:85,7
DA:86,7
DA:87,7
DA:91,39
LF:28
LH:28
BRDA:17,0,0,39
BRDA:17,0,1,1
BRDA:25,1,0,2
BRDA:25,1,1,37
BRDA:25,2,0,39
BRDA:25,2,1,38
BRDA:25,2,2,37
BRDA:26,3,0,6
BRDA:26,3,1,31
BRDA:26,4,0,2
BRDA:26,4,1,4
BRDA:26,5,0,6
BRDA:26,5,1,5
BRDA:35,6,0,2
BRDA:35,6,1,40
BRDA:43,7,0,38
BRDA:43,7,1,38
BRDA:43,7,2,37
BRDA:43,7,3,36
BRDA:75,8,0,39
BRDA:75,8,1,3
BRDA:79,9,0,7
BRDA:79,9,1,32
BRDA:79,10,0,39
BRDA:79,10,1,39
BRDA:79,10,2,38
BRF:26
BRH:26
end_of_record
TN:
SF:src\binder\BindToTemplate.js
FN:12,(anonymous_0)
FN:23,(anonymous_1)
FNF:2
FNH:2
FNDA:13,(anonymous_0)
FNDA:13,(anonymous_1)
DA:5,19
DA:12,19
DA:24,13
DA:25,13
DA:26,12
DA:29,12
DA:30,12
DA:31,12
DA:32,12
DA:34,12
LF:10
LH:10
BRDA:12,0,0,12
BRDA:12,0,1,1
BRDA:31,1,0,11
BRDA:31,1,1,1
BRF:4
BRH:4
end_of_record
TN:
SF:src\binder\BindToText.js
FN:12,(anonymous_0)
FN:23,(anonymous_1)
FNF:2
FNH:2
FNDA:23,(anonymous_0)
FNDA:23,(anonymous_1)
DA:5,19
DA:12,23
DA:25,23
DA:26,23
DA:27,22
DA:28,22
DA:29,22
DA:32,22
DA:33,22
DA:34,22
DA:36,22
LF:11
LH:11
BRDA:12,0,0,22
BRDA:12,0,1,1
BRF:2
BRH:2
end_of_record
TN:
SF:src\binder\Binder.js
FN:16,(anonymous_0)
FN:17,(anonymous_1)
FNF:2
FNH:2
FNDA:59,(anonymous_0)
FNDA:63,(anonymous_1)
DA:17,59
DA:18,63
LF:2
LH:2
BRDA:18,0,0,10
BRDA:18,0,1,53
BRDA:19,1,0,31
BRDA:19,1,1,22
BRDA:20,2,0,21
BRDA:20,2,1,1
BRF:6
BRH:6
end_of_record
TN:
SF:src\binder\Parser.js
FN:26,(anonymous_0)
FN:33,(anonymous_1)
FN:41,(anonymous_2)
FN:52,(anonymous_3)
FN:54,(anonymous_4)
FN:64,(anonymous_5)
FN:76,(anonymous_6)
FN:77,(anonymous_7)
FN:100,(anonymous_8)
FN:104,(anonymous_9)
FNF:10
FNH:10
FNDA:205,(anonymous_0)
FNDA:61,(anonymous_1)
FNDA:7,(anonymous_2)
FNDA:50,(anonymous_3)
FNDA:7,(anonymous_4)
FNDA:50,(anonymous_5)
FNDA:45,(anonymous_6)
FNDA:50,(anonymous_7)
FNDA:95,(anonymous_8)
FNDA:50,(anonymous_9)
DA:3,20
DA:4,20
DA:26,205
DA:33,61
DA:41,20
DA:42,7
DA:43,7
DA:52,20
DA:53,50
DA:54,50
DA:64,20
DA:65,50
DA:66,50
DA:67,50
DA:76,20
DA:77,45
DA:78,50
DA:79,50
DA:80,50
DA:81,50
DA:92,20
DA:101,95
DA:102,95
DA:103,95
DA:104,50
DA:105,45
DA:107,95
LF:27
LH:27
BRDA:79,0,0,1
BRDA:79,0,1,49
BRDA:80,1,0,23
BRDA:80,1,1,27
BRDA:103,2,0,45
BRDA:103,2,1,50
BRF:6
BRH:6
end_of_record
TN:
SF:src\binder\Selector.js
FN:11,(anonymous_0)
FN:26,(anonymous_1)
FN:32,(anonymous_2)
FN:32,(anonymous_3)
FN:32,(anonymous_4)
FN:45,(anonymous_5)
FN:55,(anonymous_6)
FN:55,(anonymous_7)
FN:61,(anonymous_8)
FNF:9
FNH:9
FNDA:26,(anonymous_0)
FNDA:67,(anonymous_1)
FNDA:95,(anonymous_2)
FNDA:67,(anonymous_3)
FNDA:74,(anonymous_4)
FNDA:58,(anonymous_5)
FNDA:27,(anonymous_6)
FNDA:36,(anonymous_7)
FNDA:26,(anonymous_8)
DA:1,20
DA:11,20
DA:12,26
DA:13,26
DA:14,33
DA:15,33
DA:17,26
DA:26,67
DA:32,95
DA:38,20
DA:51,58
DA:54,30
DA:55,36
DA:58,28
DA:61,28
DA:63,58
LF:16
LH:16
BRDA:26,0,0,67
BRDA:26,0,1,9
BRDA:26,0,2,9
BRDA:26,0,3,9
BRDA:32,1,0,9
BRDA:32,1,1,58
BRDA:51,2,0,30
BRDA:51,2,1,28
BRF:8
BRH:8
end_of_record
TN:
SF:src\component\Component.js
FN:19,(anonymous_0)
FN:50,(anonymous_1)
FN:57,(anonymous_2)
FN:60,(anonymous_3)
FN:67,(anonymous_4)
FN:69,(anonymous_5)
FN:71,(anonymous_6)
FN:87,(anonymous_7)
FN:94,(anonymous_8)
FN:101,(anonymous_9)
FN:105,(anonymous_10)
FN:107,(anonymous_11)
FN:124,(anonymous_12)
FN:132,(anonymous_13)
FN:136,(anonymous_14)
FN:144,(anonymous_15)
FN:162,(anonymous_16)
FN:175,(anonymous_17)
FN:184,(anonymous_18)
FN:194,(anonymous_19)
FN:200,(anonymous_20)
FN:213,(anonymous_21)
FN:242,(anonymous_22)
FN:251,(anonymous_23)
FN:268,generateComponentClass
FNF:25
FNH:25
FNDA:9,(anonymous_0)
FNDA:2,(anonymous_1)
FNDA:2,(anonymous_2)
FNDA:4,(anonymous_3)
FNDA:62,(anonymous_4)
FNDA:7,(anonymous_5)
FNDA:42,(anonymous_6)
FNDA:4,(anonymous_7)
FNDA:15,(anonymous_8)
FNDA:24,(anonymous_9)
FNDA:26,(anonymous_10)
FNDA:26,(anonymous_11)
FNDA:6,(anonymous_12)
FNDA:10,(anonymous_13)
FNDA:6,(anonymous_14)
FNDA:6,(anonymous_15)
FNDA:8,(anonymous_16)
FNDA:2,(anonymous_17)
FNDA:35,(anonymous_18)
FNDA:6,(anonymous_19)
FNDA:6,(anonymous_20)
FNDA:2,(anonymous_21)
FNDA:1,(anonymous_22)
FNDA:8,(anonymous_23)
FNDA:7,generateComponentClass
DA:19,19
DA:20,9
DA:21,13
DA:22,13
DA:23,9
DA:24,5
DA:25,2
DA:26,1
DA:51,2
DA:58,2
DA:61,4
DA:68,62
DA:69,11
DA:70,7
DA:72,42
DA:73,7
DA:74,35
DA:75,7
DA:76,28
DA:77,7
DA:80,11
DA:82,62
DA:88,4
DA:93,26
DA:95,15
DA:100,26
DA:102,24
DA:106,26
DA:107,26
DA:108,26
DA:109,26
DA:125,6
DA:133,10
DA:137,6
DA:138,6
DA:139,6
DA:141,6
DA:142,6
DA:144,6
DA:145,6
DA:146,6
DA:148,6
DA:149,6
DA:150,6
DA:163,8
DA:176,2
DA:185,35
DA:186,9
DA:188,35
DA:195,6
DA:196,6
DA:197,2
DA:200,6
DA:201,6
DA:202,6
DA:204,6
DA:206,6
DA:214,2
DA:243,1
DA:252,8
DA:254,8
DA:255,8
DA:256,8
DA:258,8
DA:269,7
LF:65
LH:65
BRDA:22,0,0,4
BRDA:22,0,1,9
BRDA:23,1,0,4
BRDA:23,1,1,5
BRDA:24,2,0,2
BRDA:24,2,1,3
BRDA:25,3,0,1
BRDA:25,3,1,1
BRDA:68,4,0,11
BRDA:68,4,1,51
BRDA:72,5,0,7
BRDA:72,5,1,35
BRDA:74,6,0,7
BRDA:74,6,1,28
BRDA:76,7,0,7
BRDA:76,7,1,21
BRDA:133,8,0,10
BRDA:133,8,1,7
BRDA:138,9,0,6
BRDA:138,9,1,2
BRDA:185,10,0,9
BRDA:185,10,1,26
BRDA:196,11,0,2
BRDA:196,11,1,4
BRDA:206,12,0,6
BRDA:206,12,1,6
BRDA:214,13,0,2
BRDA:214,13,1,2
BRDA:243,14,0,1
BRDA:243,14,1,1
BRF:30
BRH:30
end_of_record
TN:
SF:src\component\Globals.js
FN:26,(anonymous_0)
FN:34,(anonymous_1)
FN:45,(anonymous_2)
FN:59,(anonymous_3)
FN:73,(anonymous_4)
FN:93,(anonymous_5)
FN:104,createGlobals
FNF:7
FNH:7
FNDA:28,(anonymous_0)
FNDA:11,(anonymous_1)
FNDA:43,(anonymous_2)
FNDA:8,(anonymous_3)
FNDA:48,(anonymous_4)
FNDA:4,(anonymous_5)
FNDA:28,createGlobals
DA:20,28
DA:27,28
DA:35,11
DA:36,11
DA:45,28
DA:46,43
DA:47,8
DA:49,43
DA:59,28
DA:60,8
DA:61,3
DA:63,8
DA:74,48
DA:75,8
DA:76,40
DA:77,4
DA:78,36
DA:79,1
DA:81,35
DA:82,35
DA:94,4
DA:95,4
DA:105,28
LF:23
LH:23
BRDA:46,0,0,8
BRDA:46,0,1,35
BRDA:60,1,0,3
BRDA:60,1,1,5
BRDA:74,2,0,8
BRDA:74,2,1,40
BRDA:76,3,0,4
BRDA:76,3,1,36
BRDA:78,4,0,1
BRDA:78,4,1,35
BRF:10
BRH:10
end_of_record
TN:
SF:src\component\Module.js
FN:21,(anonymous_0)
FN:36,(anonymous_1)
FN:38,(anonymous_2)
FN:60,(anonymous_3)
FNF:4
FNH:4
FNDA:10,(anonymous_0)
FNDA:16,(anonymous_1)
FNDA:30,(anonymous_2)
FNDA:12,(anonymous_3)
DA:22,10
DA:23,9
DA:25,10
DA:37,16
DA:38,16
DA:39,30
DA:40,30
DA:41,11
DA:42,11
DA:43,19
DA:44,1
DA:45,1
DA:46,18
DA:47,11
DA:48,11
DA:50,7
DA:61,12
DA:62,12
DA:63,12
LF:19
LH:19
BRDA:22,0,0,9
BRDA:22,0,1,1
BRDA:40,1,0,11
BRDA:40,1,1,19
BRDA:40,2,0,30
BRDA:40,2,1,21
BRDA:43,3,0,1
BRDA:43,3,1,18
BRDA:46,4,0,11
BRDA:46,4,1,7
BRDA:62,5,0,2
BRDA:62,5,1,10
BRDA:62,6,0,10
BRDA:62,6,1,2
BRF:14
BRH:14
end_of_record
TN:
SF:src\component\Props.js
FN:31,(anonymous_0)
FN:41,(anonymous_1)
FN:52,(anonymous_2)
FN:54,(anonymous_3)
FN:75,(anonymous_4)
FN:92,createProps
FNF:6
FNH:6
FNDA:24,(anonymous_0)
FNDA:27,(anonymous_1)
FNDA:26,(anonymous_2)
FNDA:9,(anonymous_3)
FNDA:7,(anonymous_4)
FNDA:27,createProps
DA:21,27
DA:26,27
DA:32,24
DA:34,24
DA:42,27
DA:53,26
DA:54,9
DA:55,9
DA:57,17
DA:58,17
DA:59,17
DA:60,13
DA:62,4
DA:63,4
DA:76,7
DA:77,7
DA:78,7
DA:79,6
DA:81,1
DA:82,1
DA:93,27
LF:21
LH:21
BRDA:32,0,0,24
BRDA:32,0,1,2
BRDA:53,1,0,9
BRDA:53,1,1,17
BRDA:58,2,0,17
BRDA:58,2,1,4
BRDA:59,3,0,13
BRDA:59,3,1,4
BRDA:77,4,0,7
BRDA:77,4,1,1
BRDA:78,5,0,6
BRDA:78,5,1,1
BRF:12
BRH:12
end_of_record
TN:
SF:src\filter\Builtin.js
FN:3,(anonymous_0)
FN:4,(anonymous_1)
FN:5,(anonymous_2)
FN:6,(anonymous_3)
FN:7,(anonymous_4)
FN:9,(anonymous_5)
FN:10,(anonymous_6)
FN:11,(anonymous_7)
FN:12,(anonymous_8)
FN:13,(anonymous_9)
FN:14,(anonymous_10)
FN:15,(anonymous_11)
FN:16,(anonymous_12)
FN:17,(anonymous_13)
FN:18,(anonymous_14)
FN:19,(anonymous_15)
FN:23,(anonymous_16)
FN:24,(anonymous_17)
FNF:18
FNH:18
FNDA:2,(anonymous_0)
FNDA:3,(anonymous_1)
FNDA:6,(anonymous_2)
FNDA:2,(anonymous_3)
FNDA:4,(anonymous_4)
FNDA:3,(anonymous_5)
FNDA:3,(anonymous_6)
FNDA:5,(anonymous_7)
FNDA:5,(anonymous_8)
FNDA:5,(anonymous_9)
FNDA:9,(anonymous_10)
FNDA:5,(anonymous_11)
FNDA:5,(anonymous_12)
FNDA:3,(anonymous_13)
FNDA:4,(anonymous_14)
FNDA:2,(anonymous_15)
FNDA:3,(anonymous_16)
FNDA:3,(anonymous_17)
DA:3,28
DA:4,28
DA:5,28
DA:6,28
DA:7,28
DA:8,28
DA:9,28
DA:10,28
DA:11,28
DA:12,28
DA:13,28
DA:14,28
DA:15,28
DA:16,28
DA:17,28
DA:18,28
DA:19,28
DA:23,28
DA:24,28
LF:19
LH:19
BRDA:3,0,0,1
BRDA:3,0,1,1
BRDA:4,1,0,2
BRDA:4,1,1,1
BRDA:4,2,0,2
BRDA:4,2,1,1
BRDA:5,3,0,3
BRDA:5,3,1,3
BRDA:5,4,0,3
BRDA:5,4,1,2
BRDA:6,5,0,1
BRDA:6,5,1,1
BRDA:7,6,0,2
BRDA:7,6,1,2
BRDA:9,7,0,2
BRDA:9,7,1,1
BRDA:10,8,0,2
BRDA:10,8,1,1
BRDA:17,9,0,2
BRDA:17,9,1,1
BRDA:17,10,0,2
BRDA:17,10,1,1
BRDA:18,11,0,2
BRDA:18,11,1,2
BRDA:18,12,0,2
BRDA:18,12,1,1
BRDA:18,13,0,2
BRDA:18,13,1,1
BRDA:19,14,0,1
BRDA:19,14,1,1
BRDA:23,15,0,1
BRDA:23,15,1,2
BRDA:24,16,0,1
BRDA:24,16,1,2
BRF:34
BRH:34
end_of_record
TN:
SF:src\filter\Filter.js
FN:24,(anonymous_0)
FN:25,(anonymous_1)
FN:33,(anonymous_2)
FN:34,(anonymous_3)
FN:42,(anonymous_4)
FNF:5
FNH:5
FNDA:27,(anonymous_0)
FNDA:4,(anonymous_1)
FNDA:187,(anonymous_2)
FNDA:11,(anonymous_3)
FNDA:5,(anonymous_4)
DA:25,27
DA:34,187
DA:43,5
DA:44,4
DA:45,3
DA:46,3
LF:6
LH:6
BRDA:25,0,0,3
BRDA:25,0,1,1
BRDA:34,1,0,9
BRDA:34,1,1,2
BRDA:43,2,0,1
BRDA:43,2,1,4
BRDA:44,3,0,1
BRDA:44,3,1,3
BRDA:45,4,0,3
BRDA:45,4,1,2
BRDA:46,5,0,3
BRDA:46,5,1,2
BRF:12
BRH:12
end_of_record
TN:
SF:src\global\Data.js
FN:17,(anonymous_0)
FN:19,(anonymous_1)
FN:39,(anonymous_2)
FN:58,(anonymous_3)
FNF:4
FNH:4
FNDA:81,(anonymous_0)
FNDA:11,(anonymous_1)
FNDA:8,(anonymous_2)
FNDA:20,(anonymous_3)
DA:9,20
DA:18,81
DA:19,11
DA:20,11
DA:21,11
DA:22,8
DA:24,3
DA:28,70
DA:40,8
DA:41,8
DA:42,8
DA:43,8
DA:44,2
DA:45,2
DA:48,8
DA:59,20
DA:64,20
LF:17
LH:17
BRDA:18,0,0,11
BRDA:18,0,1,70
BRDA:21,1,0,8
BRDA:21,1,1,3
BRDA:43,2,0,2
BRDA:43,2,1,6
BRF:6
BRH:6
end_of_record
TN:
SF:src\node\PropertyInfo.js
FN:29,(anonymous_0)
FNF:1
FNH:1
FNDA:127,(anonymous_0)
DA:7,19
DA:17,127
DA:30,127
DA:31,127
DA:32,127
DA:33,24
DA:34,22
DA:35,22
DA:39,105
DA:40,3
DA:41,3
DA:43,102
DA:44,90
DA:45,5
DA:46,5
DA:47,85
DA:48,3
DA:49,82
DA:50,3
DA:52,79
DA:54,12
DA:55,8
DA:56,3
DA:58,5
DA:60,4
DA:61,3
DA:63,1
DA:65,101
LF:28
LH:28
BRDA:32,0,0,24
BRDA:32,0,1,103
BRDA:33,1,0,22
BRDA:33,1,1,2
BRDA:33,2,0,24
BRDA:33,2,1,21
BRDA:39,3,0,3
BRDA:39,3,1,102
BRDA:39,4,0,105
BRDA:39,4,1,4
BRDA:43,5,0,90
BRDA:43,5,1,12
BRDA:44,6,0,5
BRDA:44,6,1,85
BRDA:47,7,0,3
BRDA:47,7,1,82
BRDA:49,8,0,3
BRDA:49,8,1,79
BRDA:54,9,0,8
BRDA:54,9,1,4
BRDA:55,10,0,3
BRDA:55,10,1,5
BRDA:60,11,0,3
BRDA:60,11,1,1
BRF:24
BRH:24
end_of_record
TN:
SF:src\node\PropertyType.js
FNF:0
FNH:0
DA:4,19
LF:1
LH:1
BRF:0
BRH:0
end_of_record
TN:
SF:src\thread\NodeUpdator.js
FN:25,(anonymous_0)
FN:47,(anonymous_1)
FN:55,(anonymous_2)
FN:56,(anonymous_3)
FN:70,(anonymous_4)
FN:88,(anonymous_5)
FNF:6
FNH:6
FNDA:100,(anonymous_0)
FNDA:29,(anonymous_1)
FNDA:12,(anonymous_2)
FNDA:29,(anonymous_3)
FNDA:17,(anonymous_4)
FNDA:16,(anonymous_5)
DA:26,100
DA:27,100
DA:28,100
DA:29,100
DA:30,100
DA:38,29
DA:48,29
DA:56,12
DA:57,29
DA:58,27
DA:59,26
DA:60,17
DA:61,16
DA:62,14
DA:63,6
DA:65,12
DA:71,17
DA:72,17
DA:73,17
DA:74,10
DA:75,10
DA:76,10
DA:77,20
DA:81,17
DA:89,16
LF:25
LH:25
BRDA:57,0,0,2
BRDA:57,0,1,27
BRDA:57,1,0,29
BRDA:57,1,1,11
BRDA:58,2,0,1
BRDA:58,2,1,26
BRDA:59,3,0,9
BRDA:59,3,1,17
BRDA:60,4,0,1
BRDA:60,4,1,16
BRDA:60,5,0,17
BRDA:60,5,1,5
BRDA:60,5,2,3
BRDA:60,5,3,3
BRDA:61,6,0,2
BRDA:61,6,1,14
BRDA:61,7,0,16
BRDA:61,7,1,4
BRDA:62,8,0,8
BRDA:62,8,1,6
BRDA:62,9,0,14
BRDA:62,9,1,11
BRDA:71,10,0,17
BRDA:71,10,1,8
BRDA:81,11,0,17
BRDA:81,11,1,8
BRF:26
BRH:26
end_of_record
TN:
SF:src\thread\NotifyReceiver.js
FN:24,(anonymous_0)
FN:32,(anonymous_1)
FN:42,(anonymous_2)
FN:54,(anonymous_3)
FNF:4
FNH:4
FNDA:28,(anonymous_0)
FNDA:17,(anonymous_1)
FNDA:14,(anonymous_2)
FNDA:17,(anonymous_3)
DA:8,28
DA:25,28
DA:26,28
DA:33,17
DA:34,17
DA:35,17
DA:36,5
DA:37,5
DA:38,5
DA:39,8
DA:41,5
DA:42,14
DA:44,5
DA:47,17
DA:55,17
LF:15
LH:15
BRDA:33,0,0,17
BRDA:33,0,1,8
BRDA:47,1,0,17
BRDA:47,1,1,8
BRF:4
BRH:4
end_of_record
TN:
SF:src\thread\Thread.js
FN:20,(anonymous_0)
FN:27,(anonymous_1)
FN:36,(anonymous_2)
FN:45,(anonymous_3)
FN:53,(anonymous_4)
FN:57,(anonymous_5)
FNF:6
FNH:6
FNDA:8,(anonymous_0)
FNDA:11,(anonymous_1)
FNDA:21,(anonymous_2)
FNDA:4,(anonymous_3)
FNDA:11,(anonymous_4)
FNDA:11,(anonymous_5)
DA:19,11
DA:21,8
DA:28,11
DA:36,21
DA:37,21
DA:38,21
DA:46,4
DA:54,11
DA:58,11
DA:59,21
DA:60,21
DA:61,11
DA:62,11
DA:63,11
DA:64,11
DA:65,9
DA:66,1
DA:67,1
DA:68,1
DA:69,1
DA:70,1
DA:73,11
DA:76,6
DA:77,4
DA:79,2
DA:80,2
DA:81,1
DA:87,5
LF:28
LH:28
BRDA:62,0,0,11
BRDA:62,0,1,1
BRDA:65,1,0,1
BRDA:65,1,1,8
BRDA:76,2,0,4
BRDA:76,2,1,2
BRDA:80,3,0,1
BRDA:80,3,1,1
BRF:8
BRH:8
end_of_record
TN:
SF:src\thread\UpdateSLotStatus.js
FNF:0
FNH:0
DA:4,28
LF:1
LH:1
BRF:0
BRH:0
end_of_record
TN:
SF:src\thread\UpdateSlot.js
FN:13,(anonymous_0)
FN:20,(anonymous_1)
FN:27,(anonymous_2)
FN:66,(anonymous_3)
FN:71,(anonymous_4)
FN:75,(anonymous_5)
FN:85,(anonymous_6)
FN:89,(anonymous_7)
FN:92,(anonymous_8)
FN:100,(anonymous_9)
FN:104,(anonymous_10)
FN:117,(anonymous_11)
FN:126,(anonymous_12)
FN:135,(anonymous_13)
FN:143,(anonymous_14)
FN:154,(anonymous_15)
FNF:16
FNH:16
FNDA:2,(anonymous_0)
FNDA:2,(anonymous_1)
FNDA:20,(anonymous_2)
FNDA:26,(anonymous_3)
FNDA:26,(anonymous_4)
FNDA:26,(anonymous_5)
FNDA:19,(anonymous_6)
FNDA:2,(anonymous_7)
FNDA:2,(anonymous_8)
FNDA:7,(anonymous_9)
FNDA:16,(anonymous_10)
FNDA:20,(anonymous_11)
FNDA:8,(anonymous_12)
FNDA:17,(anonymous_13)
FNDA:13,(anonymous_14)
FNDA:11,(anonymous_15)
DA:14,2
DA:21,2
DA:28,20
DA:67,26
DA:68,26
DA:69,26
DA:70,26
DA:71,26
DA:72,26
DA:73,26
DA:75,26
DA:76,26
DA:77,26
DA:86,19
DA:90,2
DA:93,2
DA:101,7
DA:105,16
DA:106,16
DA:107,14
DA:108,14
DA:110,14
DA:118,20
DA:119,20
DA:127,8
DA:128,8
DA:136,17
DA:137,17
DA:144,13
DA:155,11
LF:30
LH:30
BRDA:66,0,0,14
BRDA:66,1,0,15
BRDA:109,2,0,14
BRDA:109,2,1,14
BRDA:109,2,2,14
BRDA:144,3,0,13
BRDA:144,3,1,8
BRF:7
BRH:7
end_of_record
TN:
SF:src\thread\ViewModelUpdator.js
FN:23,(anonymous_0)
FN:43,(anonymous_1)
FN:50,(anonymous_2)
FN:67,(anonymous_3)
FNF:4
FNH:4
FNDA:41,(anonymous_0)
FNDA:28,(anonymous_1)
FNDA:20,(anonymous_2)
FNDA:16,(anonymous_3)
DA:24,41
DA:25,41
DA:26,41
DA:34,28
DA:44,28
DA:51,20
DA:52,20
DA:53,20
DA:54,18
DA:55,18
DA:56,25
DA:60,20
DA:68,16
LF:13
LH:13
BRDA:51,0,0,20
BRDA:51,0,1,8
BRDA:60,1,0,20
BRDA:60,1,1,8
BRF:4
BRH:4
end_of_record
TN:
SF:src\view\View.js
FN:13,(anonymous_0)
FNF:1
FNH:1
FNDA:10,(anonymous_0)
DA:14,10
DA:15,10
DA:16,10
DA:17,10
DA:18,10
LF:5
LH:5
BRF:0
BRH:0
end_of_record
TN:
SF:src\viewModel\ArrayProxy.js
FN:10,(anonymous_0)
FN:17,(anonymous_1)
FN:30,(anonymous_2)
FN:45,(anonymous_3)
FN:60,create
FNF:5
FNH:5
FNDA:22,(anonymous_0)
FNDA:35,(anonymous_1)
FNDA:479,(anonymous_2)
FNDA:47,(anonymous_3)
FNDA:34,create
DA:11,22
DA:18,35
DA:31,479
DA:32,472
DA:33,465
DA:46,47
DA:47,47
DA:48,21
DA:50,47
DA:61,34
LF:10
LH:10
BRDA:31,0,0,7
BRDA:31,0,1,472
BRDA:32,1,0,7
BRDA:32,1,1,465
BRDA:47,2,0,21
BRDA:47,2,1,26
BRF:6
BRH:6
end_of_record
TN:
SF:src\viewModel\Cache.js
FN:12,(anonymous_0)
FN:24,(anonymous_1)
FN:37,(anonymous_2)
FNF:3
FNH:3
FNDA:13,(anonymous_0)
FNDA:6,(anonymous_1)
FNDA:10,(anonymous_2)
DA:4,28
DA:13,13
DA:14,13
DA:25,6
DA:26,6
DA:27,4
DA:28,4
DA:30,6
DA:31,6
DA:38,10
LF:10
LH:10
BRDA:14,0,0,7
BRDA:14,0,1,6
BRDA:26,1,0,4
BRDA:26,1,1,2
BRF:4
BRH:4
end_of_record
TN:
SF:src\viewModel\DependentProps.js
FN:10,(anonymous_0)
FN:18,(anonymous_1)
FN:25,(anonymous_2)
FN:41,(anonymous_3)
FNF:4
FNH:4
FNDA:29,(anonymous_0)
FNDA:108,(anonymous_1)
FNDA:25,(anonymous_2)
FNDA:28,(anonymous_3)
DA:5,32
DA:9,32
DA:11,29
DA:19,108
DA:26,25
DA:27,25
DA:28,35
DA:29,35
DA:30,29
DA:31,29
DA:33,35
DA:42,28
DA:43,6
DA:44,8
LF:14
LH:14
BRDA:29,0,0,29
BRDA:29,0,1,6
BRDA:30,1,0,29
BRDA:30,1,1,24
BRDA:44,2,0,8
BRDA:44,2,1,8
BRF:6
BRH:6
end_of_record
TN:
SF:src\viewModel\Proxy.js
FN:84,(anonymous_0)
FN:91,(anonymous_1)
FN:98,(anonymous_2)
FN:105,(anonymous_3)
FN:109,(anonymous_4)
FN:117,(anonymous_5)
FN:125,(anonymous_6)
FN:128,(anonymous_7)
FN:139,(anonymous_8)
FN:158,(anonymous_9)
FN:194,(anonymous_10)
FN:228,(anonymous_11)
FN:232,(anonymous_12)
FN:245,(anonymous_13)
FN:257,(anonymous_14)
FN:276,(anonymous_15)
FN:279,(anonymous_16)
FN:299,(anonymous_17)
FN:302,(anonymous_18)
FN:302,(anonymous_19)
FN:304,(anonymous_20)
FN:304,(anonymous_21)
FN:306,(anonymous_22)
FN:306,(anonymous_23)
FN:310,(anonymous_24)
FN:313,(anonymous_25)
FN:318,(anonymous_26)
FN:320,(anonymous_27)
FN:322,(anonymous_28)
FN:325,(anonymous_29)
FN:341,(anonymous_30)
FN:354,(anonymous_31)
FN:367,(anonymous_32)
FN:384,(anonymous_33)
FN:398,(anonymous_34)
FN:406,(anonymous_35)
FN:417,(anonymous_36)
FN:440,createViewModel
FNF:38
FNH:38
FNDA:31,(anonymous_0)
FNDA:1,(anonymous_1)
FNDA:1,(anonymous_2)
FNDA:2,(anonymous_3)
FNDA:1,(anonymous_4)
FNDA:20,(anonymous_5)
FNDA:27,(anonymous_6)
FNDA:24,(anonymous_7)
FNDA:27,(anonymous_8)
FNDA:214,(anonymous_9)
FNDA:15,(anonymous_10)
FNDA:36,(anonymous_11)
FNDA:1,(anonymous_12)
FNDA:9,(anonymous_13)
FNDA:15,(anonymous_14)
FNDA:107,(anonymous_15)
FNDA:8,(anonymous_16)
FNDA:201,(anonymous_17)
FNDA:4,(anonymous_18)
FNDA:4,(anonymous_19)
FNDA:1,(anonymous_20)
FNDA:7,(anonymous_21)
FNDA:3,(anonymous_22)
FNDA:24,(anonymous_23)
FNDA:2,(anonymous_24)
FNDA:2,(anonymous_25)
FNDA:20,(anonymous_26)
FNDA:3,(anonymous_27)
FNDA:9,(anonymous_28)
FNDA:15,(anonymous_29)
FNDA:12,(anonymous_30)
FNDA:21,(anonymous_31)
FNDA:21,(anonymous_32)
FNDA:10,(anonymous_33)
FNDA:22,(anonymous_34)
FNDA:37,(anonymous_35)
FNDA:7,(anonymous_36)
FNDA:16,createViewModel
DA:10,19
DA:11,19
DA:12,19
DA:13,19
DA:18,19
DA:27,19
DA:37,19
DA:47,19
DA:48,19
DA:49,19
DA:54,19
DA:85,31
DA:90,27
DA:92,1
DA:99,1
DA:106,2
DA:110,1
DA:116,27
DA:118,20
DA:124,27
DA:126,27
DA:129,24
DA:140,27
DA:141,27
DA:142,27
DA:143,27
DA:144,27
DA:145,27
DA:149,9
DA:159,214
DA:160,96
DA:163,214
DA:164,31
DA:165,6
DA:166,25
DA:167,24
DA:170,1
DA:173,183
DA:175,6
DA:176,6
DA:177,6
DA:178,3
DA:179,3
DA:182,177
DA:185,183
DA:195,15
DA:196,11
DA:198,15
DA:199,15
DA:200,15
DA:201,15
DA:202,15
DA:204,15
DA:208,3
DA:218,26
DA:229,36
DA:230,36
DA:231,15
DA:232,15
DA:233,1
DA:236,36
DA:246,9
DA:247,9
DA:248,9
DA:258,15
DA:259,15
DA:268,2
DA:269,2
DA:270,2
DA:272,2
DA:277,107
DA:278,18
DA:279,18
DA:280,8
DA:281,8
DA:282,2
DA:283,1
DA:286,8
DA:289,107
DA:300,201
DA:301,43
DA:302,43
DA:303,43
DA:304,10
DA:306,33
DA:308,158
DA:309,51
DA:310,2
DA:311,2
DA:312,49
DA:313,2
DA:314,2
DA:315,2
DA:317,47
DA:318,20
DA:319,27
DA:320,3
DA:321,24
DA:322,9
DA:325,15
DA:328,107
DA:329,107
DA:342,12
DA:343,12
DA:355,21
DA:356,21
DA:357,21
DA:358,19
DA:359,19
DA:360,19
DA:361,19
DA:362,19
DA:363,9
DA:364,9
DA:365,9
DA:366,4
DA:367,21
DA:369,5
DA:370,5
DA:372,9
DA:374,9
DA:385,10
DA:386,10
DA:387,2
DA:388,8
DA:389,1
DA:398,7
DA:399,22
DA:400,22
DA:401,22
DA:402,22
DA:404,22
DA:405,11
DA:406,10
DA:407,37
DA:410,1
DA:413,11
DA:414,4
DA:415,1
DA:417,3
DA:418,7
DA:422,7
DA:426,22
DA:428,7
DA:429,7
DA:441,16
DA:442,16
DA:443,16
LF:148
LH:148
BRDA:145,0,0,27
BRDA:145,0,1,23
BRDA:159,1,0,96
BRDA:159,1,1,118
BRDA:160,2,0,96
BRDA:160,2,1,19
BRDA:163,3,0,31
BRDA:163,3,1,183
BRDA:164,4,0,6
BRDA:164,4,1,25
BRDA:166,5,0,24
BRDA:166,5,1,1
BRDA:173,6,0,6
BRDA:173,6,1,177
BRDA:173,7,0,183
BRDA:173,7,1,10
BRDA:175,8,0,2
BRDA:175,8,1,4
BRDA:177,9,0,3
BRDA:177,9,1,3
BRDA:195,10,0,11
BRDA:195,10,1,4
BRDA:196,11,0,11
BRDA:196,11,1,1
BRDA:230,12,0,15
BRDA:230,12,1,21
BRDA:277,13,0,18
BRDA:277,13,1,89
BRDA:281,14,0,2
BRDA:281,14,1,6
BRDA:282,15,0,1
BRDA:282,15,1,1
BRDA:300,16,0,43
BRDA:300,16,1,158
BRDA:303,17,0,10
BRDA:303,17,1,33
BRDA:304,18,0,2
BRDA:304,18,1,8
BRDA:306,19,0,6
BRDA:306,19,1,27
BRDA:308,20,0,51
BRDA:308,20,1,107
BRDA:309,21,0,2
BRDA:309,21,1,49
BRDA:312,22,0,2
BRDA:312,22,1,47
BRDA:317,23,0,20
BRDA:317,23,1,27
BRDA:319,24,0,3
BRDA:319,24,1,24
BRDA:321,25,0,9
BRDA:321,25,1,15
BRDA:342,26,0,1
BRDA:342,26,1,11
BRDA:354,27,0,12
BRDA:357,28,0,2
BRDA:357,28,1,19
BRDA:362,29,0,10
BRDA:362,29,1,9
BRDA:365,30,0,4
BRDA:365,30,1,5
BRDA:386,31,0,2
BRDA:386,31,1,8
BRDA:388,32,0,1
BRDA:388,32,1,7
BRDA:399,33,0,15
BRDA:399,33,1,7
BRDA:404,34,0,11
BRDA:404,34,1,11
BRDA:405,35,0,10
BRDA:405,35,1,1
BRDA:413,36,0,4
BRDA:413,36,1,7
BRDA:414,37,0,1
BRDA:414,37,1,3
BRF:75
BRH:75
end_of_record
TN:
SF:src\viewModel\Symbols.js
FNF:0
FNH:0
DA:3,29
DA:8,29
LF:2
LH:2
BRF:0
BRH:0
end_of_record
TN:
SF:src\viewModel\ViewModelize.js
FN:19,(anonymous_0)
FN:42,(anonymous_1)
FN:43,(anonymous_2)
FN:51,(anonymous_3)
FN:52,(anonymous_4)
FN:61,(anonymous_5)
FN:70,(anonymous_6)
FN:71,(anonymous_7)
FN:86,(anonymous_8)
FNF:9
FNH:9
FNDA:18,(anonymous_0)
FNDA:18,(anonymous_1)
FNDA:61,(anonymous_2)
FNDA:18,(anonymous_3)
FNDA:61,(anonymous_4)
FNDA:18,(anonymous_5)
FNDA:1,(anonymous_6)
FNDA:37,(anonymous_7)
FNDA:4,(anonymous_8)
DA:23,18
DA:24,18
DA:25,18
DA:26,37
DA:27,37
DA:28,62
DA:29,61
DA:31,37
DA:33,18
DA:43,61
DA:52,61
DA:62,18
DA:63,18
DA:64,18
DA:65,17
DA:66,17
DA:67,17
DA:68,17
DA:69,17
DA:70,17
DA:71,17
DA:72,37
DA:73,37
DA:74,37
DA:75,4
DA:76,2
DA:79,37
DA:80,7
DA:83,17
DA:84,17
DA:86,18
DA:87,18
DA:98,20
LF:33
LH:33
BRDA:28,0,0,1
BRDA:28,0,1,61
BRDA:43,1,0,61
BRDA:43,1,1,43
BRDA:52,2,0,61
BRDA:52,2,1,43
BRDA:64,3,0,17
BRDA:64,3,1,1
BRDA:74,4,0,4
BRDA:74,4,1,33
BRDA:75,5,0,2
BRDA:75,5,1,2
BRDA:75,6,0,4
BRDA:75,6,1,2
BRDA:79,7,0,7
BRDA:79,7,1,30
BRDA:79,8,0,37
BRDA:79,8,1,7
BRF:18
BRH:18
end_of_record
